<?xml version="1.0" encoding="UTF-8"?>
<coverage generated="1754962542746" clover="3.2.0">
  <project timestamp="1754962542747" name="All files">
    <metrics statements="623" coveredstatements="38" conditionals="301" coveredconditionals="7" methods="178" coveredmethods="23" elements="1102" coveredelements="68" complexity="0" loc="623" ncloc="623" packages="6" files="13" classes="13"/>
    <package name="components.cases">
      <metrics statements="334" coveredstatements="0" conditionals="192" coveredconditionals="0" methods="70" coveredmethods="0"/>
      <file name="case-form.tsx" path="/mnt/c/work/git2/process-todo/web/app/components/cases/case-form.tsx">
        <metrics statements="114" coveredstatements="0" conditionals="63" coveredconditionals="0" methods="17" coveredmethods="0"/>
        <line num="3" count="0" type="stmt"/>
        <line num="4" count="0" type="stmt"/>
        <line num="6" count="0" type="stmt"/>
        <line num="7" count="0" type="stmt"/>
        <line num="8" count="0" type="stmt"/>
        <line num="9" count="0" type="stmt"/>
        <line num="10" count="0" type="stmt"/>
        <line num="17" count="0" type="stmt"/>
        <line num="18" count="0" type="stmt"/>
        <line num="19" count="0" type="stmt"/>
        <line num="20" count="0" type="stmt"/>
        <line num="21" count="0" type="stmt"/>
        <line num="23" count="0" type="stmt"/>
        <line num="27" count="0" type="stmt"/>
        <line num="33" count="0" type="stmt"/>
        <line num="35" count="0" type="stmt"/>
        <line num="36" count="0" type="stmt"/>
        <line num="37" count="0" type="cond" truecount="0" falsecount="2"/>
        <line num="38" count="0" type="stmt"/>
        <line num="42" count="0" type="stmt"/>
        <line num="43" count="0" type="stmt"/>
        <line num="44" count="0" type="stmt"/>
        <line num="45" count="0" type="stmt"/>
        <line num="47" count="0" type="stmt"/>
        <line num="51" count="0" type="stmt"/>
        <line num="52" count="0" type="cond" truecount="0" falsecount="2"/>
        <line num="54" count="0" type="stmt"/>
        <line num="55" count="0" type="stmt"/>
        <line num="56" count="0" type="stmt"/>
        <line num="57" count="0" type="stmt"/>
        <line num="59" count="0" type="stmt"/>
        <line num="60" count="0" type="stmt"/>
        <line num="62" count="0" type="stmt"/>
        <line num="66" count="0" type="stmt"/>
        <line num="67" count="0" type="stmt"/>
        <line num="69" count="0" type="cond" truecount="0" falsecount="2"/>
        <line num="70" count="0" type="stmt"/>
        <line num="73" count="0" type="stmt"/>
        <line num="74" count="0" type="cond" truecount="0" falsecount="5"/>
        <line num="75" count="0" type="stmt"/>
        <line num="78" count="0" type="cond" truecount="0" falsecount="2"/>
        <line num="79" count="0" type="stmt"/>
        <line num="81" count="0" type="stmt"/>
        <line num="82" count="0" type="stmt"/>
        <line num="83" count="0" type="stmt"/>
        <line num="84" count="0" type="cond" truecount="0" falsecount="2"/>
        <line num="85" count="0" type="stmt"/>
        <line num="89" count="0" type="stmt"/>
        <line num="90" count="0" type="stmt"/>
        <line num="93" count="0" type="stmt"/>
        <line num="94" count="0" type="stmt"/>
        <line num="96" count="0" type="cond" truecount="0" falsecount="2"/>
        <line num="97" count="0" type="stmt"/>
        <line num="100" count="0" type="stmt"/>
        <line num="101" count="0" type="stmt"/>
        <line num="103" count="0" type="cond" truecount="0" falsecount="2"/>
        <line num="108" count="0" type="stmt"/>
        <line num="111" count="0" type="stmt"/>
        <line num="112" count="0" type="stmt"/>
        <line num="113" count="0" type="stmt"/>
        <line num="114" count="0" type="stmt"/>
        <line num="121" count="0" type="stmt"/>
        <line num="128" count="0" type="stmt"/>
        <line num="133" count="0" type="cond" truecount="0" falsecount="2"/>
        <line num="134" count="0" type="stmt"/>
        <line num="135" count="0" type="stmt"/>
        <line num="136" count="0" type="stmt"/>
        <line num="138" count="0" type="stmt"/>
        <line num="139" count="0" type="stmt"/>
        <line num="140" count="0" type="stmt"/>
        <line num="141" count="0" type="stmt"/>
        <line num="144" count="0" type="stmt"/>
        <line num="145" count="0" type="stmt"/>
        <line num="153" count="0" type="stmt"/>
        <line num="154" count="0" type="stmt"/>
        <line num="155" count="0" type="stmt"/>
        <line num="157" count="0" type="cond" truecount="0" falsecount="2"/>
        <line num="158" count="0" type="stmt"/>
        <line num="159" count="0" type="stmt"/>
        <line num="161" count="0" type="stmt"/>
        <line num="162" count="0" type="stmt"/>
        <line num="165" count="0" type="stmt"/>
        <line num="166" count="0" type="stmt"/>
        <line num="170" count="0" type="stmt"/>
        <line num="171" count="0" type="stmt"/>
        <line num="172" count="0" type="stmt"/>
        <line num="174" count="0" type="cond" truecount="0" falsecount="2"/>
        <line num="175" count="0" type="cond" truecount="0" falsecount="4"/>
        <line num="179" count="0" type="stmt"/>
        <line num="180" count="0" type="cond" truecount="0" falsecount="2"/>
        <line num="181" count="0" type="stmt"/>
        <line num="183" count="0" type="stmt"/>
        <line num="186" count="0" type="stmt"/>
        <line num="190" count="0" type="cond" truecount="0" falsecount="2"/>
        <line num="206" count="0" type="stmt"/>
        <line num="239" count="0" type="stmt"/>
        <line num="247" count="0" type="stmt"/>
        <line num="252" count="0" type="stmt"/>
        <line num="267" count="0" type="stmt"/>
        <line num="283" count="0" type="stmt"/>
        <line num="304" count="0" type="stmt"/>
        <line num="305" count="0" type="stmt"/>
        <line num="307" count="0" type="stmt"/>
        <line num="308" count="0" type="stmt"/>
        <line num="311" count="0" type="stmt"/>
        <line num="312" count="0" type="stmt"/>
        <line num="313" count="0" type="stmt"/>
        <line num="314" count="0" type="stmt"/>
        <line num="315" count="0" type="stmt"/>
        <line num="317" count="0" type="stmt"/>
        <line num="319" count="0" type="stmt"/>
        <line num="323" count="0" type="cond" truecount="0" falsecount="2"/>
        <line num="333" count="0" type="cond" truecount="0" falsecount="2"/>
        <line num="359" count="0" type="cond" truecount="0" falsecount="2"/>
      </file>
      <file name="replan-dialog.tsx" path="/mnt/c/work/git2/process-todo/web/app/components/cases/replan-dialog.tsx">
        <metrics statements="49" coveredstatements="0" conditionals="28" coveredconditionals="0" methods="16" coveredmethods="0"/>
        <line num="3" count="0" type="stmt"/>
        <line num="5" count="0" type="stmt"/>
        <line num="6" count="0" type="stmt"/>
        <line num="7" count="0" type="stmt"/>
        <line num="16" count="0" type="stmt"/>
        <line num="17" count="0" type="stmt"/>
        <line num="18" count="0" type="stmt"/>
        <line num="19" count="0" type="stmt"/>
        <line num="21" count="0" type="stmt"/>
        <line num="22" count="0" type="stmt"/>
        <line num="23" count="0" type="stmt"/>
        <line num="25" count="0" type="stmt"/>
        <line num="26" count="0" type="cond" truecount="0" falsecount="2"/>
        <line num="28" count="0" type="stmt"/>
        <line num="29" count="0" type="stmt"/>
        <line num="30" count="0" type="stmt"/>
        <line num="34" count="0" type="stmt"/>
        <line num="36" count="0" type="stmt"/>
        <line num="37" count="0" type="stmt"/>
        <line num="39" count="0" type="stmt"/>
        <line num="43" count="0" type="stmt"/>
        <line num="44" count="0" type="cond" truecount="0" falsecount="2"/>
        <line num="46" count="0" type="stmt"/>
        <line num="47" count="0" type="stmt"/>
        <line num="48" count="0" type="stmt"/>
        <line num="52" count="0" type="stmt"/>
        <line num="53" count="0" type="stmt"/>
        <line num="54" count="0" type="stmt"/>
        <line num="56" count="0" type="stmt"/>
        <line num="57" count="0" type="stmt"/>
        <line num="59" count="0" type="stmt"/>
        <line num="63" count="0" type="stmt"/>
        <line num="64" count="0" type="cond" truecount="0" falsecount="2"/>
        <line num="65" count="0" type="stmt"/>
        <line num="68" count="0" type="stmt"/>
        <line num="69" count="0" type="cond" truecount="0" falsecount="4"/>
        <line num="70" count="0" type="stmt"/>
        <line num="71" count="0" type="stmt"/>
        <line num="97" count="0" type="stmt"/>
        <line num="123" count="0" type="stmt"/>
        <line num="128" count="0" type="cond" truecount="0" falsecount="2"/>
        <line num="129" count="0" type="stmt"/>
        <line num="131" count="0" type="stmt"/>
        <line num="155" count="0" type="stmt"/>
        <line num="156" count="0" type="stmt"/>
        <line num="172" count="0" type="stmt"/>
        <line num="173" count="0" type="stmt"/>
        <line num="210" count="0" type="stmt"/>
        <line num="211" count="0" type="stmt"/>
      </file>
      <file name="step-comments.tsx" path="/mnt/c/work/git2/process-todo/web/app/components/cases/step-comments.tsx">
        <metrics statements="103" coveredstatements="0" conditionals="51" coveredconditionals="0" methods="24" coveredmethods="0"/>
        <line num="3" count="0" type="stmt"/>
        <line num="4" count="0" type="stmt"/>
        <line num="5" count="0" type="stmt"/>
        <line num="6" count="0" type="stmt"/>
        <line num="7" count="0" type="stmt"/>
        <line num="26" count="0" type="stmt"/>
        <line num="27" count="0" type="stmt"/>
        <line num="28" count="0" type="stmt"/>
        <line num="29" count="0" type="stmt"/>
        <line num="30" count="0" type="stmt"/>
        <line num="31" count="0" type="stmt"/>
        <line num="32" count="0" type="stmt"/>
        <line num="33" count="0" type="stmt"/>
        <line num="34" count="0" type="stmt"/>
        <line num="36" count="0" type="stmt"/>
        <line num="37" count="0" type="cond" truecount="0" falsecount="2"/>
        <line num="38" count="0" type="stmt"/>
        <line num="39" count="0" type="stmt"/>
        <line num="43" count="0" type="stmt"/>
        <line num="44" count="0" type="stmt"/>
        <line num="45" count="0" type="stmt"/>
        <line num="46" count="0" type="stmt"/>
        <line num="48" count="0" type="stmt"/>
        <line num="52" count="0" type="stmt"/>
        <line num="53" count="0" type="stmt"/>
        <line num="54" count="0" type="stmt"/>
        <line num="55" count="0" type="stmt"/>
        <line num="56" count="0" type="cond" truecount="0" falsecount="2"/>
        <line num="59" count="0" type="stmt"/>
        <line num="60" count="0" type="stmt"/>
        <line num="63" count="0" type="stmt"/>
        <line num="64" count="0" type="stmt"/>
        <line num="68" count="0" type="stmt"/>
        <line num="69" count="0" type="stmt"/>
        <line num="70" count="0" type="cond" truecount="0" falsecount="4"/>
        <line num="71" count="0" type="stmt"/>
        <line num="72" count="0" type="stmt"/>
        <line num="73" count="0" type="cond" truecount="0" falsecount="2"/>
        <line num="74" count="0" type="stmt"/>
        <line num="79" count="0" type="stmt"/>
        <line num="80" count="0" type="stmt"/>
        <line num="83" count="0" type="stmt"/>
        <line num="85" count="0" type="stmt"/>
        <line num="87" count="0" type="stmt"/>
        <line num="91" count="0" type="stmt"/>
        <line num="92" count="0" type="stmt"/>
        <line num="93" count="0" type="cond" truecount="0" falsecount="2"/>
        <line num="94" count="0" type="cond" truecount="0" falsecount="2"/>
        <line num="95" count="0" type="stmt"/>
        <line num="99" count="0" type="stmt"/>
        <line num="100" count="0" type="cond" truecount="0" falsecount="2"/>
        <line num="102" count="0" type="stmt"/>
        <line num="103" count="0" type="stmt"/>
        <line num="104" count="0" type="stmt"/>
        <line num="109" count="0" type="stmt"/>
        <line num="110" count="0" type="stmt"/>
        <line num="111" count="0" type="cond" truecount="0" falsecount="2"/>
        <line num="113" count="0" type="stmt"/>
        <line num="114" count="0" type="stmt"/>
        <line num="116" count="0" type="stmt"/>
        <line num="120" count="0" type="stmt"/>
        <line num="121" count="0" type="cond" truecount="0" falsecount="2"/>
        <line num="123" count="0" type="stmt"/>
        <line num="124" count="0" type="stmt"/>
        <line num="125" count="0" type="stmt"/>
        <line num="130" count="0" type="stmt"/>
        <line num="131" count="0" type="stmt"/>
        <line num="132" count="0" type="stmt"/>
        <line num="133" count="0" type="cond" truecount="0" falsecount="2"/>
        <line num="135" count="0" type="stmt"/>
        <line num="136" count="0" type="stmt"/>
        <line num="138" count="0" type="stmt"/>
        <line num="142" count="0" type="stmt"/>
        <line num="143" count="0" type="cond" truecount="0" falsecount="2"/>
        <line num="145" count="0" type="stmt"/>
        <line num="146" count="0" type="stmt"/>
        <line num="147" count="0" type="stmt"/>
        <line num="149" count="0" type="stmt"/>
        <line num="150" count="0" type="stmt"/>
        <line num="154" count="0" type="stmt"/>
        <line num="155" count="0" type="stmt"/>
        <line num="156" count="0" type="stmt"/>
        <line num="157" count="0" type="stmt"/>
        <line num="158" count="0" type="stmt"/>
        <line num="159" count="0" type="stmt"/>
        <line num="160" count="0" type="stmt"/>
        <line num="162" count="0" type="cond" truecount="0" falsecount="2"/>
        <line num="163" count="0" type="cond" truecount="0" falsecount="2"/>
        <line num="164" count="0" type="cond" truecount="0" falsecount="2"/>
        <line num="165" count="0" type="cond" truecount="0" falsecount="2"/>
        <line num="167" count="0" type="stmt"/>
        <line num="196" count="0" type="stmt"/>
        <line num="197" count="0" type="stmt"/>
        <line num="207" count="0" type="stmt"/>
        <line num="217" count="0" type="stmt"/>
        <line num="225" count="0" type="stmt"/>
        <line num="233" count="0" type="stmt"/>
        <line num="244" count="0" type="stmt"/>
        <line num="254" count="0" type="stmt"/>
        <line num="255" count="0" type="cond" truecount="0" falsecount="2"/>
        <line num="261" count="0" type="stmt"/>
        <line num="278" count="0" type="stmt"/>
        <line num="290" count="0" type="stmt"/>
      </file>
      <file name="step-instance-list.tsx" path="/mnt/c/work/git2/process-todo/web/app/components/cases/step-instance-list.tsx">
        <metrics statements="68" coveredstatements="0" conditionals="50" coveredconditionals="0" methods="13" coveredmethods="0"/>
        <line num="3" count="0" type="stmt"/>
        <line num="5" count="0" type="stmt"/>
        <line num="6" count="0" type="stmt"/>
        <line num="7" count="0" type="stmt"/>
        <line num="8" count="0" type="stmt"/>
        <line num="15" count="0" type="stmt"/>
        <line num="16" count="0" type="stmt"/>
        <line num="18" count="0" type="stmt"/>
        <line num="19" count="0" type="stmt"/>
        <line num="33" count="0" type="stmt"/>
        <line num="34" count="0" type="cond" truecount="0" falsecount="5"/>
        <line num="36" count="0" type="stmt"/>
        <line num="38" count="0" type="stmt"/>
        <line num="40" count="0" type="stmt"/>
        <line num="42" count="0" type="stmt"/>
        <line num="44" count="0" type="stmt"/>
        <line num="48" count="0" type="stmt"/>
        <line num="49" count="0" type="cond" truecount="0" falsecount="5"/>
        <line num="51" count="0" type="stmt"/>
        <line num="53" count="0" type="stmt"/>
        <line num="55" count="0" type="stmt"/>
        <line num="57" count="0" type="stmt"/>
        <line num="59" count="0" type="stmt"/>
        <line num="63" count="0" type="stmt"/>
        <line num="64" count="0" type="stmt"/>
        <line num="65" count="0" type="stmt"/>
        <line num="66" count="0" type="stmt"/>
        <line num="67" count="0" type="stmt"/>
        <line num="69" count="0" type="stmt"/>
        <line num="70" count="0" type="stmt"/>
        <line num="72" count="0" type="stmt"/>
        <line num="76" count="0" type="stmt"/>
        <line num="77" count="0" type="stmt"/>
        <line num="78" count="0" type="stmt"/>
        <line num="79" count="0" type="cond" truecount="0" falsecount="2"/>
        <line num="80" count="0" type="stmt"/>
        <line num="82" count="0" type="stmt"/>
        <line num="84" count="0" type="stmt"/>
        <line num="86" count="0" type="stmt"/>
        <line num="87" count="0" type="stmt"/>
        <line num="89" count="0" type="stmt"/>
        <line num="93" count="0" type="stmt"/>
        <line num="94" count="0" type="cond" truecount="0" falsecount="2"/>
        <line num="95" count="0" type="stmt"/>
        <line num="96" count="0" type="stmt"/>
        <line num="97" count="0" type="stmt"/>
        <line num="99" count="0" type="stmt"/>
        <line num="100" count="0" type="stmt"/>
        <line num="102" count="0" type="stmt"/>
        <line num="108" count="0" type="cond" truecount="0" falsecount="2"/>
        <line num="109" count="0" type="stmt"/>
        <line num="110" count="0" type="cond" truecount="0" falsecount="2"/>
        <line num="111" count="0" type="stmt"/>
        <line num="112" count="0" type="cond" truecount="0" falsecount="2"/>
        <line num="113" count="0" type="stmt"/>
        <line num="114" count="0" type="cond" truecount="0" falsecount="2"/>
        <line num="115" count="0" type="stmt"/>
        <line num="117" count="0" type="stmt"/>
        <line num="121" count="0" type="stmt"/>
        <line num="123" count="0" type="cond" truecount="0" falsecount="4"/>
        <line num="124" count="0" type="cond" truecount="0" falsecount="2"/>
        <line num="125" count="0" type="cond" truecount="0" falsecount="2"/>
        <line num="126" count="0" type="stmt"/>
        <line num="132" count="0" type="stmt"/>
        <line num="182" count="0" type="stmt"/>
        <line num="192" count="0" type="stmt"/>
        <line num="202" count="0" type="stmt"/>
        <line num="214" count="0" type="stmt"/>
      </file>
    </package>
    <package name="components.layout">
      <metrics statements="8" coveredstatements="0" conditionals="0" coveredconditionals="0" methods="1" coveredmethods="0"/>
      <file name="header.tsx" path="/mnt/c/work/git2/process-todo/web/app/components/layout/header.tsx">
        <metrics statements="8" coveredstatements="0" conditionals="0" coveredconditionals="0" methods="1" coveredmethods="0"/>
        <line num="3" count="0" type="stmt"/>
        <line num="4" count="0" type="stmt"/>
        <line num="5" count="0" type="stmt"/>
        <line num="7" count="0" type="stmt"/>
        <line num="9" count="0" type="stmt"/>
        <line num="10" count="0" type="stmt"/>
        <line num="13" count="0" type="stmt"/>
        <line num="14" count="0" type="stmt"/>
      </file>
    </package>
    <package name="components.notifications">
      <metrics statements="63" coveredstatements="0" conditionals="23" coveredconditionals="0" methods="21" coveredmethods="0"/>
      <file name="notification-bell.tsx" path="/mnt/c/work/git2/process-todo/web/app/components/notifications/notification-bell.tsx">
        <metrics statements="63" coveredstatements="0" conditionals="23" coveredconditionals="0" methods="21" coveredmethods="0"/>
        <line num="3" count="0" type="stmt"/>
        <line num="4" count="0" type="stmt"/>
        <line num="5" count="0" type="stmt"/>
        <line num="6" count="0" type="stmt"/>
        <line num="24" count="0" type="stmt"/>
        <line num="25" count="0" type="stmt"/>
        <line num="26" count="0" type="stmt"/>
        <line num="27" count="0" type="stmt"/>
        <line num="28" count="0" type="stmt"/>
        <line num="30" count="0" type="stmt"/>
        <line num="31" count="0" type="stmt"/>
        <line num="33" count="0" type="stmt"/>
        <line num="34" count="0" type="stmt"/>
        <line num="37" count="0" type="stmt"/>
        <line num="38" count="0" type="stmt"/>
        <line num="39" count="0" type="stmt"/>
        <line num="40" count="0" type="cond" truecount="0" falsecount="2"/>
        <line num="41" count="0" type="stmt"/>
        <line num="42" count="0" type="stmt"/>
        <line num="44" count="0" type="stmt"/>
        <line num="48" count="0" type="stmt"/>
        <line num="49" count="0" type="stmt"/>
        <line num="50" count="0" type="stmt"/>
        <line num="51" count="0" type="stmt"/>
        <line num="52" count="0" type="cond" truecount="0" falsecount="2"/>
        <line num="54" count="0" type="stmt"/>
        <line num="56" count="0" type="stmt"/>
        <line num="60" count="0" type="stmt"/>
        <line num="61" count="0" type="stmt"/>
        <line num="62" count="0" type="stmt"/>
        <line num="63" count="0" type="stmt"/>
        <line num="64" count="0" type="stmt"/>
        <line num="65" count="0" type="stmt"/>
        <line num="67" count="0" type="stmt"/>
        <line num="71" count="0" type="stmt"/>
        <line num="72" count="0" type="stmt"/>
        <line num="73" count="0" type="stmt"/>
        <line num="74" count="0" type="stmt"/>
        <line num="75" count="0" type="cond" truecount="0" falsecount="2"/>
        <line num="76" count="0" type="stmt"/>
        <line num="79" count="0" type="stmt"/>
        <line num="83" count="0" type="stmt"/>
        <line num="84" count="0" type="stmt"/>
        <line num="98" count="0" type="stmt"/>
        <line num="99" count="0" type="stmt"/>
        <line num="100" count="0" type="stmt"/>
        <line num="101" count="0" type="stmt"/>
        <line num="102" count="0" type="stmt"/>
        <line num="103" count="0" type="stmt"/>
        <line num="104" count="0" type="stmt"/>
        <line num="106" count="0" type="cond" truecount="0" falsecount="2"/>
        <line num="107" count="0" type="cond" truecount="0" falsecount="2"/>
        <line num="108" count="0" type="cond" truecount="0" falsecount="2"/>
        <line num="109" count="0" type="cond" truecount="0" falsecount="2"/>
        <line num="111" count="0" type="stmt"/>
        <line num="119" count="0" type="stmt"/>
        <line num="134" count="0" type="stmt"/>
        <line num="153" count="0" type="stmt"/>
        <line num="163" count="0" type="stmt"/>
        <line num="188" count="0" type="stmt"/>
        <line num="197" count="0" type="stmt"/>
        <line num="221" count="0" type="stmt"/>
        <line num="222" count="0" type="stmt"/>
      </file>
    </package>
    <package name="components.templates">
      <metrics statements="140" coveredstatements="0" conditionals="67" coveredconditionals="0" methods="40" coveredmethods="0"/>
      <file name="process-template-form.tsx" path="/mnt/c/work/git2/process-todo/web/app/components/templates/process-template-form.tsx">
        <metrics statements="75" coveredstatements="0" conditionals="55" coveredconditionals="0" methods="16" coveredmethods="0"/>
        <line num="3" count="0" type="stmt"/>
        <line num="4" count="0" type="stmt"/>
        <line num="6" count="0" type="stmt"/>
        <line num="7" count="0" type="stmt"/>
        <line num="8" count="0" type="stmt"/>
        <line num="9" count="0" type="stmt"/>
        <line num="10" count="0" type="stmt"/>
        <line num="16" count="0" type="stmt"/>
        <line num="17" count="0" type="stmt"/>
        <line num="18" count="0" type="stmt"/>
        <line num="19" count="0" type="stmt"/>
        <line num="20" count="0" type="stmt"/>
        <line num="26" count="0" type="stmt"/>
        <line num="28" count="0" type="stmt"/>
        <line num="29" count="0" type="cond" truecount="0" falsecount="2"/>
        <line num="30" count="0" type="stmt"/>
        <line num="34" count="0" type="stmt"/>
        <line num="35" count="0" type="cond" truecount="0" falsecount="2"/>
        <line num="37" count="0" type="stmt"/>
        <line num="38" count="0" type="stmt"/>
        <line num="39" count="0" type="stmt"/>
        <line num="40" count="0" type="stmt"/>
        <line num="42" count="0" type="stmt"/>
        <line num="43" count="0" type="stmt"/>
        <line num="45" count="0" type="stmt"/>
        <line num="49" count="0" type="stmt"/>
        <line num="50" count="0" type="stmt"/>
        <line num="52" count="0" type="cond" truecount="0" falsecount="2"/>
        <line num="53" count="0" type="stmt"/>
        <line num="56" count="0" type="cond" truecount="0" falsecount="4"/>
        <line num="57" count="0" type="stmt"/>
        <line num="61" count="0" type="stmt"/>
        <line num="62" count="0" type="cond" truecount="0" falsecount="2"/>
        <line num="63" count="0" type="stmt"/>
        <line num="67" count="0" type="cond" truecount="0" falsecount="4"/>
        <line num="68" count="0" type="stmt"/>
        <line num="72" count="0" type="stmt"/>
        <line num="73" count="0" type="stmt"/>
        <line num="76" count="0" type="stmt"/>
        <line num="77" count="0" type="stmt"/>
        <line num="79" count="0" type="cond" truecount="0" falsecount="2"/>
        <line num="80" count="0" type="stmt"/>
        <line num="83" count="0" type="stmt"/>
        <line num="84" count="0" type="stmt"/>
        <line num="86" count="0" type="stmt"/>
        <line num="88" count="0" type="cond" truecount="0" falsecount="2"/>
        <line num="93" count="0" type="cond" truecount="0" falsecount="2"/>
        <line num="102" count="0" type="stmt"/>
        <line num="108" count="0" type="cond" truecount="0" falsecount="2"/>
        <line num="110" count="0" type="cond" truecount="0" falsecount="2"/>
        <line num="111" count="0" type="stmt"/>
        <line num="112" count="0" type="stmt"/>
        <line num="114" count="0" type="stmt"/>
        <line num="115" count="0" type="stmt"/>
        <line num="116" count="0" type="stmt"/>
        <line num="119" count="0" type="stmt"/>
        <line num="120" count="0" type="cond" truecount="0" falsecount="2"/>
        <line num="121" count="0" type="cond" truecount="0" falsecount="2"/>
        <line num="122" count="0" type="stmt"/>
        <line num="124" count="0" type="stmt"/>
        <line num="127" count="0" type="stmt"/>
        <line num="131" count="0" type="stmt"/>
        <line num="132" count="0" type="stmt"/>
        <line num="134" count="0" type="stmt"/>
        <line num="135" count="0" type="stmt"/>
        <line num="136" count="0" type="cond" truecount="0" falsecount="4"/>
        <line num="137" count="0" type="stmt"/>
        <line num="140" count="0" type="stmt"/>
        <line num="143" count="0" type="cond" truecount="0" falsecount="2"/>
        <line num="159" count="0" type="stmt"/>
        <line num="192" count="0" type="stmt"/>
        <line num="201" count="0" type="stmt"/>
        <line num="211" count="0" type="stmt"/>
        <line num="245" count="0" type="cond" truecount="0" falsecount="2"/>
        <line num="257" count="0" type="stmt"/>
      </file>
      <file name="step-template-editor.tsx" path="/mnt/c/work/git2/process-todo/web/app/components/templates/step-template-editor.tsx">
        <metrics statements="65" coveredstatements="0" conditionals="12" coveredconditionals="0" methods="24" coveredmethods="0"/>
        <line num="3" count="0" type="stmt"/>
        <line num="5" count="0" type="stmt"/>
        <line num="6" count="0" type="stmt"/>
        <line num="7" count="0" type="stmt"/>
        <line num="8" count="0" type="stmt"/>
        <line num="15" count="0" type="stmt"/>
        <line num="16" count="0" type="stmt"/>
        <line num="17" count="0" type="stmt"/>
        <line num="19" count="0" type="stmt"/>
        <line num="20" count="0" type="stmt"/>
        <line num="23" count="0" type="stmt"/>
        <line num="24" count="0" type="stmt"/>
        <line num="32" count="0" type="stmt"/>
        <line num="33" count="0" type="stmt"/>
        <line num="34" count="0" type="stmt"/>
        <line num="37" count="0" type="stmt"/>
        <line num="38" count="0" type="stmt"/>
        <line num="39" count="0" type="stmt"/>
        <line num="42" count="0" type="cond" truecount="0" falsecount="2"/>
        <line num="43" count="0" type="stmt"/>
        <line num="44" count="0" type="stmt"/>
        <line num="45" count="0" type="stmt"/>
        <line num="49" count="0" type="stmt"/>
        <line num="50" count="0" type="stmt"/>
        <line num="53" count="0" type="stmt"/>
        <line num="54" count="0" type="stmt"/>
        <line num="56" count="0" type="stmt"/>
        <line num="57" count="0" type="stmt"/>
        <line num="59" count="0" type="stmt"/>
        <line num="60" count="0" type="stmt"/>
        <line num="63" count="0" type="stmt"/>
        <line num="64" count="0" type="stmt"/>
        <line num="65" count="0" type="stmt"/>
        <line num="67" count="0" type="cond" truecount="0" falsecount="2"/>
        <line num="68" count="0" type="stmt"/>
        <line num="71" count="0" type="cond" truecount="0" falsecount="2"/>
        <line num="72" count="0" type="stmt"/>
        <line num="74" count="0" type="stmt"/>
        <line num="77" count="0" type="stmt"/>
        <line num="78" count="0" type="stmt"/>
        <line num="81" count="0" type="stmt"/>
        <line num="82" count="0" type="stmt"/>
        <line num="85" count="0" type="stmt"/>
        <line num="86" count="0" type="stmt"/>
        <line num="89" count="0" type="stmt"/>
        <line num="90" count="0" type="stmt"/>
        <line num="91" count="0" type="cond" truecount="0" falsecount="2"/>
        <line num="93" count="0" type="stmt"/>
        <line num="94" count="0" type="stmt"/>
        <line num="97" count="0" type="stmt"/>
        <line num="100" count="0" type="stmt"/>
        <line num="103" count="0" type="stmt"/>
        <line num="104" count="0" type="stmt"/>
        <line num="107" count="0" type="stmt"/>
        <line num="108" count="0" type="stmt"/>
        <line num="109" count="0" type="stmt"/>
        <line num="124" count="0" type="stmt"/>
        <line num="128" count="0" type="stmt"/>
        <line num="130" count="0" type="stmt"/>
        <line num="142" count="0" type="stmt"/>
        <line num="148" count="0" type="stmt"/>
        <line num="159" count="0" type="stmt"/>
        <line num="171" count="0" type="stmt"/>
        <line num="176" count="0" type="stmt"/>
        <line num="189" count="0" type="stmt"/>
      </file>
    </package>
    <package name="components.ui">
      <metrics statements="19" coveredstatements="11" conditionals="13" coveredconditionals="6" methods="5" coveredmethods="2"/>
      <file name="button.tsx" path="/mnt/c/work/git2/process-todo/web/app/components/ui/button.tsx">
        <metrics statements="7" coveredstatements="7" conditionals="2" coveredconditionals="2" methods="1" coveredmethods="1"/>
        <line num="1" count="1" type="stmt"/>
        <line num="2" count="1" type="stmt"/>
        <line num="9" count="15" type="stmt"/>
        <line num="11" count="15" type="stmt"/>
        <line num="13" count="15" type="stmt"/>
        <line num="21" count="15" type="stmt"/>
        <line num="38" count="1" type="stmt"/>
      </file>
      <file name="input.tsx" path="/mnt/c/work/git2/process-todo/web/app/components/ui/input.tsx">
        <metrics statements="4" coveredstatements="4" conditionals="4" coveredconditionals="4" methods="1" coveredmethods="1"/>
        <line num="1" count="1" type="stmt"/>
        <line num="2" count="1" type="stmt"/>
        <line num="9" count="16" type="stmt"/>
        <line num="35" count="1" type="stmt"/>
      </file>
      <file name="select.tsx" path="/mnt/c/work/git2/process-todo/web/app/components/ui/select.tsx">
        <metrics statements="5" coveredstatements="0" conditionals="6" coveredconditionals="0" methods="2" coveredmethods="0"/>
        <line num="1" count="0" type="stmt"/>
        <line num="2" count="0" type="stmt"/>
        <line num="10" count="0" type="stmt"/>
        <line num="29" count="0" type="stmt"/>
        <line num="42" count="0" type="stmt"/>
      </file>
      <file name="textarea.tsx" path="/mnt/c/work/git2/process-todo/web/app/components/ui/textarea.tsx">
        <metrics statements="3" coveredstatements="0" conditionals="1" coveredconditionals="0" methods="1" coveredmethods="0"/>
        <line num="1" count="0" type="stmt"/>
        <line num="5" count="0" type="stmt"/>
        <line num="22" count="0" type="stmt"/>
      </file>
    </package>
    <package name="lib">
      <metrics statements="59" coveredstatements="27" conditionals="6" coveredconditionals="1" methods="41" coveredmethods="21"/>
      <file name="api-client.ts" path="/mnt/c/work/git2/process-todo/web/app/lib/api-client.ts">
        <metrics statements="59" coveredstatements="27" conditionals="6" coveredconditionals="1" methods="41" coveredmethods="21"/>
        <line num="1" count="1" type="stmt"/>
        <line num="3" count="1" type="cond" truecount="1" falsecount="1"/>
        <line num="5" count="4" type="stmt"/>
        <line num="13" count="1" type="stmt"/>
        <line num="16" count="0" type="stmt"/>
        <line num="17" count="0" type="cond" truecount="0" falsecount="2"/>
        <line num="18" count="0" type="stmt"/>
        <line num="22" count="0" type="stmt"/>
        <line num="29" count="0" type="stmt"/>
        <line num="32" count="0" type="stmt"/>
        <line num="33" count="0" type="stmt"/>
        <line num="38" count="1" type="stmt"/>
        <line num="40" count="0" type="stmt"/>
        <line num="45" count="0" type="stmt"/>
        <line num="48" count="0" type="stmt"/>
        <line num="55" count="0" type="cond" truecount="0" falsecount="2"/>
        <line num="57" count="0" type="stmt"/>
        <line num="58" count="0" type="stmt"/>
        <line num="60" count="0" type="stmt"/>
        <line num="65" count="21" type="stmt"/>
        <line num="67" count="1" type="stmt"/>
        <line num="68" count="1" type="stmt"/>
        <line num="69" count="1" type="stmt"/>
        <line num="70" count="1" type="stmt"/>
        <line num="71" count="1" type="stmt"/>
        <line num="74" count="1" type="stmt"/>
        <line num="75" count="1" type="stmt"/>
        <line num="76" count="1" type="stmt"/>
        <line num="77" count="1" type="stmt"/>
        <line num="78" count="1" type="stmt"/>
        <line num="81" count="1" type="stmt"/>
        <line num="82" count="1" type="stmt"/>
        <line num="85" count="1" type="stmt"/>
        <line num="86" count="1" type="stmt"/>
        <line num="87" count="1" type="stmt"/>
        <line num="88" count="1" type="stmt"/>
        <line num="89" count="1" type="stmt"/>
        <line num="92" count="1" type="stmt"/>
        <line num="93" count="1" type="stmt"/>
        <line num="94" count="1" type="stmt"/>
        <line num="95" count="1" type="stmt"/>
        <line num="99" count="0" type="stmt"/>
        <line num="100" count="0" type="stmt"/>
        <line num="101" count="0" type="stmt"/>
        <line num="105" count="0" type="stmt"/>
        <line num="106" count="0" type="stmt"/>
        <line num="109" count="0" type="stmt"/>
        <line num="110" count="0" type="stmt"/>
        <line num="111" count="0" type="stmt"/>
        <line num="112" count="0" type="stmt"/>
        <line num="113" count="0" type="stmt"/>
        <line num="116" count="0" type="stmt"/>
        <line num="118" count="0" type="stmt"/>
        <line num="119" count="0" type="stmt"/>
        <line num="120" count="0" type="stmt"/>
        <line num="121" count="0" type="stmt"/>
        <line num="125" count="0" type="stmt"/>
        <line num="128" count="0" type="stmt"/>
        <line num="129" count="0" type="stmt"/>
      </file>
    </package>
  </project>
</coverage>
