{"/mnt/c/work/git2/process-todo/web/app/components/calendar/calendar-view.tsx": {"path":"/mnt/c/work/git2/process-todo/web/app/components/calendar/calendar-view.tsx","statementMap":{"0":{"start":{"line":38,"column":16},"end":{"line":38,"column":29}},"1":{"start":{"line":3,"column":36},"end":{"line":3,"column":null}},"2":{"start":{"line":4,"column":25},"end":{"line":4,"column":null}},"3":{"start":{"line":5,"column":26},"end":{"line":5,"column":null}},"4":{"start":{"line":6,"column":27},"end":{"line":6,"column":null}},"5":{"start":{"line":7,"column":30},"end":{"line":7,"column":null}},"6":{"start":{"line":8,"column":23},"end":{"line":8,"column":null}},"7":{"start":{"line":9,"column":21},"end":{"line":9,"column":null}},"8":{"start":{"line":46,"column":40},"end":{"line":46,"column":null}},"9":{"start":{"line":47,"column":46},"end":{"line":47,"column":null}},"10":{"start":{"line":49,"column":2},"end":{"line":60,"column":null}},"11":{"start":{"line":51,"column":28},"end":{"line":58,"column":null}},"12":{"start":{"line":52,"column":20},"end":{"line":52,"column":null}},"13":{"start":{"line":53,"column":6},"end":{"line":57,"column":null}},"14":{"start":{"line":59,"column":4},"end":{"line":59,"column":null}},"15":{"start":{"line":62,"column":24},"end":{"line":75,"column":null}},"16":{"start":{"line":63,"column":4},"end":{"line":74,"column":null}},"17":{"start":{"line":65,"column":8},"end":{"line":65,"column":26}},"18":{"start":{"line":67,"column":8},"end":{"line":67,"column":26}},"19":{"start":{"line":69,"column":8},"end":{"line":69,"column":26}},"20":{"start":{"line":71,"column":8},"end":{"line":71,"column":26}},"21":{"start":{"line":73,"column":8},"end":{"line":73,"column":26}},"22":{"start":{"line":77,"column":27},"end":{"line":86,"column":null}},"23":{"start":{"line":78,"column":33},"end":{"line":84,"column":null}},"24":{"start":{"line":85,"column":4},"end":{"line":85,"column":null}},"25":{"start":{"line":88,"column":26},"end":{"line":99,"column":null}},"26":{"start":{"line":89,"column":33},"end":{"line":95,"column":null}},"27":{"start":{"line":96,"column":20},"end":{"line":96,"column":null}},"28":{"start":{"line":97,"column":20},"end":{"line":97,"column":null}},"29":{"start":{"line":98,"column":4},"end":{"line":98,"column":null}},"30":{"start":{"line":101,"column":27},"end":{"line":103,"column":null}},"31":{"start":{"line":102,"column":4},"end":{"line":102,"column":null}},"32":{"start":{"line":105,"column":24},"end":{"line":112,"column":null}},"33":{"start":{"line":266,"column":28},"end":{"line":266,"column":null}},"34":{"start":{"line":279,"column":10},"end":{"line":279,"column":null}}},"fnMap":{"0":{"name":"CalendarView","decl":{"start":{"line":38,"column":16},"end":{"line":38,"column":29}},"loc":{"start":{"line":45,"column":20},"end":{"line":286,"column":null}}},"1":{"name":"(anonymous_3)","decl":{"start":{"line":49,"column":12},"end":{"line":49,"column":null}},"loc":{"start":{"line":49,"column":12},"end":{"line":60,"column":5}}},"2":{"name":"(anonymous_4)","decl":{"start":{"line":51,"column":39},"end":{"line":51,"column":40}},"loc":{"start":{"line":51,"column":40},"end":{"line":58,"column":null}}},"3":{"name":"(anonymous_5)","decl":{"start":{"line":62,"column":24},"end":{"line":62,"column":25}},"loc":{"start":{"line":62,"column":25},"end":{"line":75,"column":null}}},"4":{"name":"(anonymous_6)","decl":{"start":{"line":77,"column":27},"end":{"line":77,"column":28}},"loc":{"start":{"line":77,"column":28},"end":{"line":86,"column":null}}},"5":{"name":"(anonymous_7)","decl":{"start":{"line":88,"column":26},"end":{"line":88,"column":27}},"loc":{"start":{"line":88,"column":27},"end":{"line":99,"column":null}}},"6":{"name":"(anonymous_8)","decl":{"start":{"line":101,"column":27},"end":{"line":101,"column":28}},"loc":{"start":{"line":101,"column":28},"end":{"line":103,"column":null}}},"7":{"name":"(anonymous_9)","decl":{"start":{"line":108,"column":13},"end":{"line":108,"column":null}},"loc":{"start":{"line":108,"column":13},"end":{"line":110,"column":null}}},"8":{"name":"(anonymous_10)","decl":{"start":{"line":265,"column":22},"end":{"line":265,"column":23}},"loc":{"start":{"line":265,"column":23},"end":{"line":277,"column":null}}},"9":{"name":"(anonymous_11)","decl":{"start":{"line":278,"column":25},"end":{"line":278,"column":26}},"loc":{"start":{"line":278,"column":26},"end":{"line":280,"column":null}}}},"branchMap":{"0":{"loc":{"start":{"line":39,"column":2},"end":{"line":39,"column":13}},"type":"default-arg","locations":[{"start":{"line":39,"column":11},"end":{"line":39,"column":13}}]},"1":{"loc":{"start":{"line":43,"column":2},"end":{"line":43,"column":30}},"type":"default-arg","locations":[{"start":{"line":43,"column":16},"end":{"line":43,"column":30}}]},"2":{"loc":{"start":{"line":44,"column":2},"end":{"line":44,"column":18}},"type":"default-arg","locations":[{"start":{"line":44,"column":11},"end":{"line":44,"column":18}}]},"3":{"loc":{"start":{"line":56,"column":37},"end":{"line":56,"column":76}},"type":"binary-expr","locations":[{"start":{"line":56,"column":37},"end":{"line":56,"column":66}},{"start":{"line":56,"column":66},"end":{"line":56,"column":76}}]},"4":{"loc":{"start":{"line":63,"column":4},"end":{"line":74,"column":null}},"type":"switch","locations":[{"start":{"line":64,"column":6},"end":{"line":65,"column":26}},{"start":{"line":66,"column":6},"end":{"line":67,"column":26}},{"start":{"line":68,"column":6},"end":{"line":69,"column":26}},{"start":{"line":70,"column":6},"end":{"line":71,"column":26}},{"start":{"line":72,"column":6},"end":{"line":73,"column":26}}]},"5":{"loc":{"start":{"line":81,"column":13},"end":{"line":81,"column":null}},"type":"binary-expr","locations":[{"start":{"line":81,"column":13},"end":{"line":81,"column":34}},{"start":{"line":81,"column":38},"end":{"line":81,"column":null}}]},"6":{"loc":{"start":{"line":82,"column":11},"end":{"line":82,"column":null}},"type":"binary-expr","locations":[{"start":{"line":82,"column":11},"end":{"line":82,"column":30}},{"start":{"line":82,"column":34},"end":{"line":82,"column":null}}]},"7":{"loc":{"start":{"line":92,"column":13},"end":{"line":92,"column":null}},"type":"binary-expr","locations":[{"start":{"line":92,"column":13},"end":{"line":92,"column":33}},{"start":{"line":92,"column":37},"end":{"line":92,"column":null}}]},"8":{"loc":{"start":{"line":93,"column":11},"end":{"line":93,"column":null}},"type":"binary-expr","locations":[{"start":{"line":93,"column":11},"end":{"line":93,"column":29}},{"start":{"line":93,"column":33},"end":{"line":93,"column":null}}]},"9":{"loc":{"start":{"line":96,"column":20},"end":{"line":96,"column":null}},"type":"binary-expr","locations":[{"start":{"line":96,"column":20},"end":{"line":96,"column":43}},{"start":{"line":96,"column":47},"end":{"line":96,"column":null}}]},"10":{"loc":{"start":{"line":97,"column":20},"end":{"line":97,"column":null}},"type":"binary-expr","locations":[{"start":{"line":97,"column":20},"end":{"line":97,"column":40}},{"start":{"line":97,"column":44},"end":{"line":97,"column":null}}]},"11":{"loc":{"start":{"line":270,"column":15},"end":{"line":270,"column":43}},"type":"binary-expr","locations":[{"start":{"line":270,"column":15},"end":{"line":270,"column":43}}]}},"s":{"0":11,"1":1,"2":1,"3":1,"4":1,"5":1,"6":1,"7":1,"8":22,"9":22,"10":22,"11":11,"12":22,"13":22,"14":11,"15":22,"16":22,"17":1,"18":10,"19":10,"20":1,"21":0,"22":22,"23":1,"24":1,"25":22,"26":0,"27":0,"28":0,"29":0,"30":22,"31":1,"32":22,"33":0,"34":0},"f":{"0":22,"1":11,"2":22,"3":22,"4":1,"5":0,"6":1,"7":0,"8":0,"9":0},"b":{"0":[0],"1":[20],"2":[20],"3":[22,0],"4":[1,10,10,1,0],"5":[1,0],"6":[1,1],"7":[0,0],"8":[0,0],"9":[0,0],"10":[0,0],"11":[0]}}
,"/mnt/c/work/git2/process-todo/web/app/components/calendar/draggable-calendar.tsx": {"path":"/mnt/c/work/git2/process-todo/web/app/components/calendar/draggable-calendar.tsx","statementMap":{"0":{"start":{"line":119,"column":16},"end":{"line":119,"column":34}},"1":{"start":{"line":3,"column":45},"end":{"line":3,"column":null}},"2":{"start":{"line":14,"column":7},"end":{"line":14,"column":null}},"3":{"start":{"line":20,"column":7},"end":{"line":20,"column":null}},"4":{"start":{"line":22,"column":20},"end":{"line":22,"column":null}},"5":{"start":{"line":23,"column":60},"end":{"line":23,"column":null}},"6":{"start":{"line":24,"column":26},"end":{"line":24,"column":null}},"7":{"start":{"line":25,"column":28},"end":{"line":25,"column":null}},"8":{"start":{"line":26,"column":23},"end":{"line":26,"column":null}},"9":{"start":{"line":27,"column":44},"end":{"line":27,"column":null}},"10":{"start":{"line":68,"column":6},"end":{"line":68,"column":null}},"11":{"start":{"line":70,"column":16},"end":{"line":74,"column":null}},"12":{"start":{"line":76,"column":24},"end":{"line":89,"column":null}},"13":{"start":{"line":77,"column":4},"end":{"line":88,"column":null}},"14":{"start":{"line":79,"column":8},"end":{"line":79,"column":null}},"15":{"start":{"line":81,"column":8},"end":{"line":81,"column":null}},"16":{"start":{"line":83,"column":8},"end":{"line":83,"column":null}},"17":{"start":{"line":85,"column":8},"end":{"line":85,"column":null}},"18":{"start":{"line":87,"column":8},"end":{"line":87,"column":null}},"19":{"start":{"line":127,"column":34},"end":{"line":127,"column":null}},"20":{"start":{"line":128,"column":42},"end":{"line":128,"column":null}},"21":{"start":{"line":129,"column":44},"end":{"line":129,"column":null}},"22":{"start":{"line":131,"column":18},"end":{"line":139,"column":null}},"23":{"start":{"line":142,"column":26},"end":{"line":144,"column":null}},"24":{"start":{"line":143,"column":4},"end":{"line":143,"column":null}},"25":{"start":{"line":146,"column":24},"end":{"line":185,"column":null}},"26":{"start":{"line":147,"column":29},"end":{"line":147,"column":null}},"27":{"start":{"line":148,"column":4},"end":{"line":148,"column":null}},"28":{"start":{"line":150,"column":4},"end":{"line":152,"column":null}},"29":{"start":{"line":151,"column":6},"end":{"line":151,"column":null}},"30":{"start":{"line":155,"column":26},"end":{"line":155,"column":33}},"31":{"start":{"line":156,"column":4},"end":{"line":158,"column":null}},"32":{"start":{"line":157,"column":6},"end":{"line":157,"column":null}},"33":{"start":{"line":160,"column":23},"end":{"line":160,"column":null}},"34":{"start":{"line":161,"column":24},"end":{"line":161,"column":null}},"35":{"start":{"line":161,"column":41},"end":{"line":161,"column":59}},"36":{"start":{"line":163,"column":4},"end":{"line":165,"column":null}},"37":{"start":{"line":164,"column":6},"end":{"line":164,"column":null}},"38":{"start":{"line":168,"column":25},"end":{"line":170,"column":25}},"39":{"start":{"line":172,"column":21},"end":{"line":172,"column":null}},"40":{"start":{"line":174,"column":4},"end":{"line":176,"column":null}},"41":{"start":{"line":175,"column":6},"end":{"line":175,"column":14}},"42":{"start":{"line":178,"column":21},"end":{"line":178,"column":null}},"43":{"start":{"line":180,"column":4},"end":{"line":184,"column":null}},"44":{"start":{"line":181,"column":6},"end":{"line":181,"column":null}},"45":{"start":{"line":183,"column":6},"end":{"line":183,"column":null}},"46":{"start":{"line":187,"column":22},"end":{"line":187,"column":null}},"47":{"start":{"line":187,"column":50},"end":{"line":187,"column":71}},"48":{"start":{"line":189,"column":21},"end":{"line":253,"column":null}},"49":{"start":{"line":190,"column":4},"end":{"line":214,"column":null}},"50":{"start":{"line":192,"column":6},"end":{"line":213,"column":null}},"51":{"start":{"line":225,"column":33},"end":{"line":225,"column":37}},"52":{"start":{"line":263,"column":27},"end":{"line":263,"column":null}},"53":{"start":{"line":271,"column":27},"end":{"line":271,"column":null}},"54":{"start":{"line":279,"column":27},"end":{"line":279,"column":null}},"55":{"start":{"line":291,"column":31},"end":{"line":291,"column":null}}},"fnMap":{"0":{"name":"DraggableEventCard","decl":{"start":{"line":54,"column":9},"end":{"line":54,"column":28}},"loc":{"start":{"line":60,"column":1},"end":{"line":117,"column":null}}},"1":{"name":"(anonymous_5)","decl":{"start":{"line":76,"column":24},"end":{"line":76,"column":25}},"loc":{"start":{"line":76,"column":25},"end":{"line":89,"column":null}}},"2":{"name":"DraggableCalendar","decl":{"start":{"line":119,"column":16},"end":{"line":119,"column":34}},"loc":{"start":{"line":126,"column":25},"end":{"line":313,"column":null}}},"3":{"name":"(anonymous_7)","decl":{"start":{"line":142,"column":26},"end":{"line":142,"column":27}},"loc":{"start":{"line":142,"column":27},"end":{"line":144,"column":null}}},"4":{"name":"(anonymous_8)","decl":{"start":{"line":146,"column":24},"end":{"line":146,"column":31}},"loc":{"start":{"line":146,"column":31},"end":{"line":185,"column":null}}},"5":{"name":"(anonymous_9)","decl":{"start":{"line":161,"column":36},"end":{"line":161,"column":41}},"loc":{"start":{"line":161,"column":41},"end":{"line":161,"column":59}}},"6":{"name":"(anonymous_10)","decl":{"start":{"line":187,"column":45},"end":{"line":187,"column":50}},"loc":{"start":{"line":187,"column":50},"end":{"line":187,"column":71}}},"7":{"name":"(anonymous_11)","decl":{"start":{"line":189,"column":21},"end":{"line":189,"column":null}},"loc":{"start":{"line":189,"column":21},"end":{"line":253,"column":null}}},"8":{"name":"(anonymous_12)","decl":{"start":{"line":225,"column":28},"end":{"line":225,"column":33}},"loc":{"start":{"line":225,"column":33},"end":{"line":225,"column":37}}},"9":{"name":"(anonymous_13)","decl":{"start":{"line":263,"column":21},"end":{"line":263,"column":27}},"loc":{"start":{"line":263,"column":27},"end":{"line":263,"column":null}}},"10":{"name":"(anonymous_14)","decl":{"start":{"line":271,"column":21},"end":{"line":271,"column":27}},"loc":{"start":{"line":271,"column":27},"end":{"line":271,"column":null}}},"11":{"name":"(anonymous_15)","decl":{"start":{"line":279,"column":21},"end":{"line":279,"column":27}},"loc":{"start":{"line":279,"column":27},"end":{"line":279,"column":null}}},"12":{"name":"(anonymous_16)","decl":{"start":{"line":291,"column":24},"end":{"line":291,"column":25}},"loc":{"start":{"line":291,"column":31},"end":{"line":291,"column":null}}}},"branchMap":{"0":{"loc":{"start":{"line":73,"column":13},"end":{"line":73,"column":null}},"type":"cond-expr","locations":[{"start":{"line":73,"column":48},"end":{"line":73,"column":54}},{"start":{"line":73,"column":54},"end":{"line":73,"column":null}}]},"1":{"loc":{"start":{"line":73,"column":13},"end":{"line":73,"column":48}},"type":"binary-expr","locations":[{"start":{"line":73,"column":13},"end":{"line":73,"column":27}},{"start":{"line":73,"column":27},"end":{"line":73,"column":48}}]},"2":{"loc":{"start":{"line":77,"column":4},"end":{"line":88,"column":null}},"type":"switch","locations":[{"start":{"line":78,"column":6},"end":{"line":79,"column":null}},{"start":{"line":80,"column":6},"end":{"line":81,"column":null}},{"start":{"line":82,"column":6},"end":{"line":83,"column":null}},{"start":{"line":84,"column":6},"end":{"line":85,"column":null}},{"start":{"line":86,"column":6},"end":{"line":87,"column":null}}]},"3":{"loc":{"start":{"line":109,"column":11},"end":{"line":109,"column":61}},"type":"cond-expr","locations":[{"start":{"line":109,"column":50},"end":{"line":109,"column":57}},{"start":{"line":109,"column":57},"end":{"line":109,"column":61}}]},"4":{"loc":{"start":{"line":112,"column":7},"end":{"line":112,"column":null}},"type":"binary-expr","locations":[{"start":{"line":112,"column":7},"end":{"line":112,"column":null}}]},"5":{"loc":{"start":{"line":121,"column":2},"end":{"line":121,"column":20}},"type":"default-arg","locations":[{"start":{"line":121,"column":13},"end":{"line":121,"column":20}}]},"6":{"loc":{"start":{"line":125,"column":2},"end":{"line":125,"column":18}},"type":"default-arg","locations":[{"start":{"line":125,"column":11},"end":{"line":125,"column":18}}]},"7":{"loc":{"start":{"line":150,"column":4},"end":{"line":152,"column":null}},"type":"if","locations":[{"start":{"line":150,"column":4},"end":{"line":152,"column":null}},{"start":{},"end":{}}]},"8":{"loc":{"start":{"line":150,"column":8},"end":{"line":150,"column":49}},"type":"binary-expr","locations":[{"start":{"line":150,"column":8},"end":{"line":150,"column":17}},{"start":{"line":150,"column":17},"end":{"line":150,"column":28}},{"start":{"line":150,"column":28},"end":{"line":150,"column":49}}]},"9":{"loc":{"start":{"line":156,"column":4},"end":{"line":158,"column":null}},"type":"if","locations":[{"start":{"line":156,"column":4},"end":{"line":158,"column":null}},{"start":{},"end":{}}]},"10":{"loc":{"start":{"line":163,"column":4},"end":{"line":165,"column":null}},"type":"if","locations":[{"start":{"line":163,"column":4},"end":{"line":165,"column":null}},{"start":{},"end":{}}]},"11":{"loc":{"start":{"line":163,"column":8},"end":{"line":163,"column":40}},"type":"binary-expr","locations":[{"start":{"line":163,"column":8},"end":{"line":163,"column":24}},{"start":{"line":163,"column":24},"end":{"line":163,"column":40}}]},"12":{"loc":{"start":{"line":168,"column":25},"end":{"line":170,"column":25}},"type":"cond-expr","locations":[{"start":{"line":169,"column":8},"end":{"line":169,"column":null}},{"start":{"line":170,"column":8},"end":{"line":170,"column":25}}]},"13":{"loc":{"start":{"line":174,"column":4},"end":{"line":176,"column":null}},"type":"if","locations":[{"start":{"line":174,"column":4},"end":{"line":176,"column":null}},{"start":{},"end":{}}]},"14":{"loc":{"start":{"line":187,"column":22},"end":{"line":187,"column":null}},"type":"cond-expr","locations":[{"start":{"line":187,"column":33},"end":{"line":187,"column":71}},{"start":{"line":187,"column":71},"end":{"line":187,"column":null}}]},"15":{"loc":{"start":{"line":190,"column":4},"end":{"line":214,"column":null}},"type":"if","locations":[{"start":{"line":190,"column":4},"end":{"line":214,"column":null}},{"start":{},"end":{}}]},"16":{"loc":{"start":{"line":192,"column":6},"end":{"line":213,"column":null}},"type":"switch","locations":[{"start":{"line":193,"column":8},"end":{"line":193,"column":null}}]},"17":{"loc":{"start":{"line":229,"column":12},"end":{"line":236,"column":13}},"type":"cond-expr","locations":[{"start":{"line":229,"column":12},"end":{"line":236,"column":13}}]},"18":{"loc":{"start":{"line":247,"column":11},"end":{"line":249,"column":null}},"type":"cond-expr","locations":[{"start":{"line":248,"column":12},"end":{"line":249,"column":null}},{"start":{"line":249,"column":14},"end":{"line":249,"column":null}}]},"19":{"loc":{"start":{"line":261,"column":21},"end":{"line":261,"column":null}},"type":"cond-expr","locations":[{"start":{"line":261,"column":48},"end":{"line":261,"column":60}},{"start":{"line":261,"column":60},"end":{"line":261,"column":null}}]},"20":{"loc":{"start":{"line":269,"column":21},"end":{"line":269,"column":null}},"type":"cond-expr","locations":[{"start":{"line":269,"column":47},"end":{"line":269,"column":59}},{"start":{"line":269,"column":59},"end":{"line":269,"column":null}}]},"21":{"loc":{"start":{"line":277,"column":21},"end":{"line":277,"column":null}},"type":"cond-expr","locations":[{"start":{"line":277,"column":46},"end":{"line":277,"column":58}},{"start":{"line":277,"column":58},"end":{"line":277,"column":null}}]},"22":{"loc":{"start":{"line":300,"column":7},"end":{"line":300,"column":null}},"type":"binary-expr","locations":[{"start":{"line":300,"column":7},"end":{"line":300,"column":null}}]}},"s":{"0":0,"1":0,"2":0,"3":0,"4":0,"5":0,"6":0,"7":0,"8":0,"9":0,"10":0,"11":0,"12":0,"13":0,"14":0,"15":0,"16":0,"17":0,"18":0,"19":0,"20":0,"21":0,"22":0,"23":0,"24":0,"25":0,"26":0,"27":0,"28":0,"29":0,"30":0,"31":0,"32":0,"33":0,"34":0,"35":0,"36":0,"37":0,"38":0,"39":0,"40":0,"41":0,"42":0,"43":0,"44":0,"45":0,"46":0,"47":0,"48":0,"49":0,"50":0,"51":0,"52":0,"53":0,"54":0,"55":0},"f":{"0":0,"1":0,"2":0,"3":0,"4":0,"5":0,"6":0,"7":0,"8":0,"9":0,"10":0,"11":0,"12":0},"b":{"0":[0,0],"1":[0,0],"2":[0,0,0,0,0],"3":[0,0],"4":[0],"5":[0],"6":[0],"7":[0,0],"8":[0,0,0],"9":[0,0],"10":[0,0],"11":[0,0],"12":[0,0],"13":[0,0],"14":[0,0],"15":[0,0],"16":[0],"17":[0],"18":[0,0],"19":[0,0],"20":[0,0],"21":[0,0],"22":[0]}}
,"/mnt/c/work/git2/process-todo/web/app/components/calendar/month-view.tsx": {"path":"/mnt/c/work/git2/process-todo/web/app/components/calendar/month-view.tsx","statementMap":{"0":{"start":{"line":32,"column":16},"end":{"line":32,"column":26}},"1":{"start":{"line":3,"column":45},"end":{"line":3,"column":null}},"2":{"start":{"line":4,"column":123},"end":{"line":4,"column":null}},"3":{"start":{"line":5,"column":19},"end":{"line":5,"column":null}},"4":{"start":{"line":6,"column":52},"end":{"line":6,"column":null}},"5":{"start":{"line":7,"column":23},"end":{"line":7,"column":null}},"6":{"start":{"line":39,"column":42},"end":{"line":39,"column":null}},"7":{"start":{"line":40,"column":42},"end":{"line":40,"column":null}},"8":{"start":{"line":43,"column":20},"end":{"line":47,"column":null}},"9":{"start":{"line":44,"column":18},"end":{"line":44,"column":null}},"10":{"start":{"line":45,"column":16},"end":{"line":45,"column":null}},"11":{"start":{"line":46,"column":4},"end":{"line":46,"column":null}},"12":{"start":{"line":50,"column":19},"end":{"line":50,"column":null}},"13":{"start":{"line":53,"column":25},"end":{"line":53,"column":null}},"14":{"start":{"line":54,"column":22},"end":{"line":54,"column":null}},"15":{"start":{"line":57,"column":23},"end":{"line":71,"column":null}},"16":{"start":{"line":58,"column":53},"end":{"line":58,"column":null}},"17":{"start":{"line":60,"column":4},"end":{"line":68,"column":null}},"18":{"start":{"line":61,"column":24},"end":{"line":61,"column":null}},"19":{"start":{"line":62,"column":22},"end":{"line":62,"column":null}},"20":{"start":{"line":64,"column":6},"end":{"line":66,"column":null}},"21":{"start":{"line":65,"column":8},"end":{"line":65,"column":null}},"22":{"start":{"line":67,"column":6},"end":{"line":67,"column":null}},"23":{"start":{"line":70,"column":4},"end":{"line":70,"column":null}},"24":{"start":{"line":74,"column":24},"end":{"line":87,"column":null}},"25":{"start":{"line":75,"column":4},"end":{"line":86,"column":null}},"26":{"start":{"line":77,"column":8},"end":{"line":77,"column":null}},"27":{"start":{"line":79,"column":8},"end":{"line":79,"column":null}},"28":{"start":{"line":81,"column":8},"end":{"line":81,"column":null}},"29":{"start":{"line":83,"column":8},"end":{"line":83,"column":null}},"30":{"start":{"line":85,"column":8},"end":{"line":85,"column":null}},"31":{"start":{"line":90,"column":28},"end":{"line":92,"column":null}},"32":{"start":{"line":91,"column":4},"end":{"line":91,"column":null}},"33":{"start":{"line":95,"column":24},"end":{"line":97,"column":null}},"34":{"start":{"line":96,"column":4},"end":{"line":96,"column":null}},"35":{"start":{"line":100,"column":20},"end":{"line":102,"column":null}},"36":{"start":{"line":101,"column":4},"end":{"line":101,"column":null}},"37":{"start":{"line":105,"column":27},"end":{"line":114,"column":null}},"38":{"start":{"line":106,"column":4},"end":{"line":108,"column":null}},"39":{"start":{"line":107,"column":6},"end":{"line":107,"column":null}},"40":{"start":{"line":109,"column":4},"end":{"line":113,"column":null}},"41":{"start":{"line":157,"column":10},"end":{"line":158,"column":null}},"42":{"start":{"line":171,"column":10},"end":{"line":171,"column":40}},"43":{"start":{"line":176,"column":26},"end":{"line":176,"column":null}},"44":{"start":{"line":177,"column":28},"end":{"line":177,"column":55}},"45":{"start":{"line":178,"column":50},"end":{"line":178,"column":null}},"46":{"start":{"line":179,"column":31},"end":{"line":179,"column":null}},"47":{"start":{"line":180,"column":29},"end":{"line":180,"column":null}},"48":{"start":{"line":181,"column":28},"end":{"line":181,"column":null}},"49":{"start":{"line":183,"column":10},"end":{"line":185,"column":null}},"50":{"start":{"line":193,"column":29},"end":{"line":193,"column":null}},"51":{"start":{"line":208,"column":18},"end":{"line":209,"column":null}},"52":{"start":{"line":217,"column":22},"end":{"line":217,"column":null}},"53":{"start":{"line":218,"column":22},"end":{"line":218,"column":null}},"54":{"start":{"line":220,"column":40},"end":{"line":220,"column":null}},"55":{"start":{"line":221,"column":40},"end":{"line":221,"column":null}},"56":{"start":{"line":234,"column":22},"end":{"line":234,"column":null}},"57":{"start":{"line":236,"column":22},"end":{"line":236,"column":null}},"58":{"start":{"line":258,"column":28},"end":{"line":258,"column":52}}},"fnMap":{"0":{"name":"MonthView","decl":{"start":{"line":32,"column":16},"end":{"line":32,"column":26}},"loc":{"start":{"line":38,"column":17},"end":{"line":263,"column":null}}},"1":{"name":"(anonymous_2)","decl":{"start":{"line":43,"column":28},"end":{"line":43,"column":null}},"loc":{"start":{"line":43,"column":28},"end":{"line":47,"column":5}}},"2":{"name":"(anonymous_3)","decl":{"start":{"line":57,"column":31},"end":{"line":57,"column":null}},"loc":{"start":{"line":57,"column":31},"end":{"line":71,"column":5}}},"3":{"name":"(anonymous_4)","decl":{"start":{"line":60,"column":19},"end":{"line":60,"column":null}},"loc":{"start":{"line":60,"column":19},"end":{"line":68,"column":null}}},"4":{"name":"(anonymous_5)","decl":{"start":{"line":74,"column":24},"end":{"line":74,"column":25}},"loc":{"start":{"line":74,"column":25},"end":{"line":87,"column":null}}},"5":{"name":"(anonymous_6)","decl":{"start":{"line":90,"column":28},"end":{"line":90,"column":null}},"loc":{"start":{"line":90,"column":28},"end":{"line":92,"column":null}}},"6":{"name":"(anonymous_7)","decl":{"start":{"line":95,"column":24},"end":{"line":95,"column":null}},"loc":{"start":{"line":95,"column":24},"end":{"line":97,"column":null}}},"7":{"name":"(anonymous_8)","decl":{"start":{"line":100,"column":20},"end":{"line":100,"column":null}},"loc":{"start":{"line":100,"column":20},"end":{"line":102,"column":null}}},"8":{"name":"(anonymous_9)","decl":{"start":{"line":105,"column":27},"end":{"line":105,"column":28}},"loc":{"start":{"line":105,"column":73},"end":{"line":114,"column":null}}},"9":{"name":"(anonymous_10)","decl":{"start":{"line":156,"column":22},"end":{"line":156,"column":23}},"loc":{"start":{"line":157,"column":10},"end":{"line":158,"column":null}}},"10":{"name":"(anonymous_11)","decl":{"start":{"line":170,"column":25},"end":{"line":170,"column":26}},"loc":{"start":{"line":171,"column":10},"end":{"line":171,"column":40}}},"11":{"name":"(anonymous_12)","decl":{"start":{"line":175,"column":23},"end":{"line":175,"column":24}},"loc":{"start":{"line":175,"column":24},"end":{"line":246,"column":null}}},"12":{"name":"(anonymous_13)","decl":{"start":{"line":193,"column":23},"end":{"line":193,"column":29}},"loc":{"start":{"line":193,"column":29},"end":{"line":193,"column":null}}},"13":{"name":"(anonymous_14)","decl":{"start":{"line":207,"column":29},"end":{"line":207,"column":30}},"loc":{"start":{"line":208,"column":18},"end":{"line":209,"column":null}}},"14":{"name":"(anonymous_15)","decl":{"start":{"line":216,"column":29},"end":{"line":216,"column":30}},"loc":{"start":{"line":216,"column":30},"end":{"line":219,"column":null}}},"15":{"name":"(anonymous_16)","decl":{"start":{"line":220,"column":34},"end":{"line":220,"column":40}},"loc":{"start":{"line":220,"column":40},"end":{"line":220,"column":null}}},"16":{"name":"(anonymous_17)","decl":{"start":{"line":221,"column":34},"end":{"line":221,"column":40}},"loc":{"start":{"line":221,"column":40},"end":{"line":221,"column":null}}},"17":{"name":"(anonymous_18)","decl":{"start":{"line":233,"column":29},"end":{"line":233,"column":30}},"loc":{"start":{"line":233,"column":30},"end":{"line":237,"column":null}}},"18":{"name":"(anonymous_19)","decl":{"start":{"line":258,"column":23},"end":{"line":258,"column":28}},"loc":{"start":{"line":258,"column":28},"end":{"line":258,"column":52}}}},"branchMap":{"0":{"loc":{"start":{"line":33,"column":2},"end":{"line":33,"column":13}},"type":"default-arg","locations":[{"start":{"line":33,"column":11},"end":{"line":33,"column":13}}]},"1":{"loc":{"start":{"line":36,"column":2},"end":{"line":36,"column":27}},"type":"default-arg","locations":[{"start":{"line":36,"column":17},"end":{"line":36,"column":27}}]},"2":{"loc":{"start":{"line":37,"column":2},"end":{"line":37,"column":18}},"type":"default-arg","locations":[{"start":{"line":37,"column":11},"end":{"line":37,"column":18}}]},"3":{"loc":{"start":{"line":64,"column":6},"end":{"line":66,"column":null}},"type":"if","locations":[{"start":{"line":64,"column":6},"end":{"line":66,"column":null}},{"start":{},"end":{}}]},"4":{"loc":{"start":{"line":75,"column":4},"end":{"line":86,"column":null}},"type":"switch","locations":[{"start":{"line":76,"column":6},"end":{"line":77,"column":null}},{"start":{"line":78,"column":6},"end":{"line":79,"column":null}},{"start":{"line":80,"column":6},"end":{"line":81,"column":null}},{"start":{"line":82,"column":6},"end":{"line":83,"column":null}},{"start":{"line":84,"column":6},"end":{"line":85,"column":null}}]},"5":{"loc":{"start":{"line":105,"column":56},"end":{"line":105,"column":73}},"type":"default-arg","locations":[{"start":{"line":105,"column":72},"end":{"line":105,"column":73}}]},"6":{"loc":{"start":{"line":106,"column":4},"end":{"line":108,"column":null}},"type":"if","locations":[{"start":{"line":106,"column":4},"end":{"line":108,"column":null}},{"start":{},"end":{}}]},"7":{"loc":{"start":{"line":161,"column":16},"end":{"line":161,"column":50}},"type":"cond-expr","locations":[{"start":{"line":161,"column":30},"end":{"line":161,"column":47}},{"start":{"line":161,"column":47},"end":{"line":161,"column":50}}]},"8":{"loc":{"start":{"line":162,"column":16},"end":{"line":162,"column":51}},"type":"cond-expr","locations":[{"start":{"line":162,"column":30},"end":{"line":162,"column":48}},{"start":{"line":162,"column":48},"end":{"line":162,"column":51}}]},"9":{"loc":{"start":{"line":177,"column":28},"end":{"line":177,"column":55}},"type":"binary-expr","locations":[{"start":{"line":177,"column":28},"end":{"line":177,"column":49}},{"start":{"line":177,"column":53},"end":{"line":177,"column":55}}]},"10":{"loc":{"start":{"line":180,"column":29},"end":{"line":180,"column":null}},"type":"binary-expr","locations":[{"start":{"line":180,"column":29},"end":{"line":180,"column":45}},{"start":{"line":180,"column":45},"end":{"line":180,"column":null}}]},"11":{"loc":{"start":{"line":189,"column":18},"end":{"line":189,"column":72}},"type":"cond-expr","locations":[{"start":{"line":189,"column":33},"end":{"line":189,"column":69}},{"start":{"line":189,"column":69},"end":{"line":189,"column":72}}]},"12":{"loc":{"start":{"line":190,"column":18},"end":{"line":190,"column":50}},"type":"cond-expr","locations":[{"start":{"line":190,"column":31},"end":{"line":190,"column":47}},{"start":{"line":190,"column":47},"end":{"line":190,"column":50}}]},"13":{"loc":{"start":{"line":198,"column":18},"end":{"line":198,"column":56}},"type":"cond-expr","locations":[{"start":{"line":198,"column":36},"end":{"line":198,"column":53}},{"start":{"line":198,"column":53},"end":{"line":198,"column":56}}]},"14":{"loc":{"start":{"line":199,"column":18},"end":{"line":199,"column":57}},"type":"cond-expr","locations":[{"start":{"line":199,"column":36},"end":{"line":199,"column":54}},{"start":{"line":199,"column":54},"end":{"line":199,"column":57}}]},"15":{"loc":{"start":{"line":200,"column":18},"end":{"line":200,"column":50}},"type":"cond-expr","locations":[{"start":{"line":200,"column":33},"end":{"line":200,"column":47}},{"start":{"line":200,"column":47},"end":{"line":200,"column":50}}]},"16":{"loc":{"start":{"line":214,"column":24},"end":{"line":214,"column":94}},"type":"cond-expr","locations":[{"start":{"line":214,"column":52},"end":{"line":214,"column":91}},{"start":{"line":214,"column":91},"end":{"line":214,"column":94}}]},"17":{"loc":{"start":{"line":222,"column":44},"end":{"line":222,"column":118}},"type":"cond-expr","locations":[{"start":{"line":222,"column":76},"end":{"line":222,"column":112}},{"start":{"line":222,"column":115},"end":{"line":222,"column":118}}]},"18":{"loc":{"start":{"line":225,"column":21},"end":{"line":225,"column":71}},"type":"cond-expr","locations":[{"start":{"line":225,"column":60},"end":{"line":225,"column":67}},{"start":{"line":225,"column":67},"end":{"line":225,"column":71}}]},"19":{"loc":{"start":{"line":230,"column":17},"end":{"line":230,"column":null}},"type":"binary-expr","locations":[{"start":{"line":230,"column":17},"end":{"line":230,"column":null}}]},"20":{"loc":{"start":{"line":250,"column":7},"end":{"line":250,"column":null}},"type":"binary-expr","locations":[{"start":{"line":250,"column":7},"end":{"line":250,"column":null}}]}},"s":{"0":14,"1":1,"2":1,"3":1,"4":1,"5":1,"6":22,"7":22,"8":22,"9":20,"10":20,"11":20,"12":22,"13":22,"14":22,"15":22,"16":14,"17":14,"18":41,"19":41,"20":41,"21":26,"22":41,"23":14,"24":22,"25":51,"26":17,"27":17,"28":17,"29":0,"30":0,"31":22,"32":2,"33":22,"34":3,"35":22,"36":1,"37":22,"38":680,"39":679,"40":1,"41":154,"42":97,"43":680,"44":680,"45":680,"46":680,"47":680,"48":680,"49":680,"50":1,"51":51,"52":1,"53":1,"54":1,"55":1,"56":0,"57":0,"58":1},"f":{"0":22,"1":20,"2":14,"3":41,"4":51,"5":2,"6":3,"7":1,"8":680,"9":154,"10":97,"11":680,"12":1,"13":51,"14":1,"15":1,"16":1,"17":0,"18":1},"b":{"0":[0],"1":[21],"2":[22],"3":[26,15],"4":[17,17,17,0,0],"5":[680],"6":[679,1],"7":[22,132],"8":[22,132],"9":[680,646],"10":[680,680],"11":[18,662],"12":[18,662],"13":[106,574],"14":[106,574],"15":[18,662],"16":[1,50],"17":[17,34],"18":[17,34],"19":[680],"20":[22]}}
,"/mnt/c/work/git2/process-todo/web/app/components/calendar/week-day-view.tsx": {"path":"/mnt/c/work/git2/process-todo/web/app/components/calendar/week-day-view.tsx","statementMap":{"0":{"start":{"line":55,"column":16},"end":{"line":55,"column":28}},"1":{"start":{"line":3,"column":52},"end":{"line":3,"column":null}},"2":{"start":{"line":22,"column":7},"end":{"line":22,"column":null}},"3":{"start":{"line":23,"column":19},"end":{"line":23,"column":null}},"4":{"start":{"line":24,"column":59},"end":{"line":24,"column":null}},"5":{"start":{"line":25,"column":23},"end":{"line":25,"column":null}},"6":{"start":{"line":64,"column":40},"end":{"line":64,"column":null}},"7":{"start":{"line":65,"column":42},"end":{"line":65,"column":null}},"8":{"start":{"line":68,"column":20},"end":{"line":74,"column":null}},"9":{"start":{"line":69,"column":18},"end":{"line":69,"column":20}},"10":{"start":{"line":70,"column":4},"end":{"line":72,"column":null}},"11":{"start":{"line":70,"column":20},"end":{"line":70,"column":23}},"12":{"start":{"line":71,"column":6},"end":{"line":71,"column":null}},"13":{"start":{"line":73,"column":4},"end":{"line":73,"column":null}},"14":{"start":{"line":77,"column":19},"end":{"line":84,"column":null}},"15":{"start":{"line":78,"column":4},"end":{"line":80,"column":null}},"16":{"start":{"line":79,"column":6},"end":{"line":79,"column":null}},"17":{"start":{"line":81,"column":18},"end":{"line":81,"column":null}},"18":{"start":{"line":82,"column":16},"end":{"line":82,"column":null}},"19":{"start":{"line":83,"column":4},"end":{"line":83,"column":null}},"20":{"start":{"line":87,"column":27},"end":{"line":103,"column":null}},"21":{"start":{"line":88,"column":53},"end":{"line":88,"column":null}},"22":{"start":{"line":90,"column":4},"end":{"line":100,"column":null}},"23":{"start":{"line":91,"column":24},"end":{"line":91,"column":93}},"24":{"start":{"line":92,"column":22},"end":{"line":92,"column":null}},"25":{"start":{"line":93,"column":19},"end":{"line":93,"column":null}},"26":{"start":{"line":94,"column":22},"end":{"line":94,"column":42}},"27":{"start":{"line":96,"column":6},"end":{"line":98,"column":null}},"28":{"start":{"line":97,"column":8},"end":{"line":97,"column":null}},"29":{"start":{"line":99,"column":6},"end":{"line":99,"column":null}},"30":{"start":{"line":102,"column":4},"end":{"line":102,"column":null}},"31":{"start":{"line":106,"column":24},"end":{"line":119,"column":null}},"32":{"start":{"line":107,"column":4},"end":{"line":118,"column":null}},"33":{"start":{"line":109,"column":8},"end":{"line":109,"column":null}},"34":{"start":{"line":111,"column":8},"end":{"line":111,"column":null}},"35":{"start":{"line":113,"column":8},"end":{"line":113,"column":null}},"36":{"start":{"line":115,"column":8},"end":{"line":115,"column":null}},"37":{"start":{"line":117,"column":8},"end":{"line":117,"column":null}},"38":{"start":{"line":122,"column":27},"end":{"line":128,"column":null}},"39":{"start":{"line":123,"column":4},"end":{"line":127,"column":null}},"40":{"start":{"line":124,"column":6},"end":{"line":124,"column":null}},"41":{"start":{"line":126,"column":6},"end":{"line":126,"column":null}},"42":{"start":{"line":130,"column":23},"end":{"line":136,"column":null}},"43":{"start":{"line":131,"column":4},"end":{"line":135,"column":null}},"44":{"start":{"line":132,"column":6},"end":{"line":132,"column":null}},"45":{"start":{"line":134,"column":6},"end":{"line":134,"column":null}},"46":{"start":{"line":138,"column":24},"end":{"line":140,"column":null}},"47":{"start":{"line":139,"column":4},"end":{"line":139,"column":null}},"48":{"start":{"line":143,"column":24},"end":{"line":157,"column":null}},"49":{"start":{"line":144,"column":22},"end":{"line":144,"column":91}},"50":{"start":{"line":145,"column":20},"end":{"line":145,"column":null}},"51":{"start":{"line":146,"column":16},"end":{"line":146,"column":42}},"52":{"start":{"line":149,"column":19},"end":{"line":149,"column":23}},"53":{"start":{"line":150,"column":4},"end":{"line":153,"column":null}},"54":{"start":{"line":151,"column":22},"end":{"line":151,"column":85}},"55":{"start":{"line":152,"column":6},"end":{"line":152,"column":null}},"56":{"start":{"line":154,"column":19},"end":{"line":154,"column":46}},"57":{"start":{"line":156,"column":4},"end":{"line":156,"column":null}},"58":{"start":{"line":214,"column":12},"end":{"line":215,"column":null}},"59":{"start":{"line":232,"column":12},"end":{"line":232,"column":null}},"60":{"start":{"line":243,"column":32},"end":{"line":243,"column":null}},"61":{"start":{"line":244,"column":32},"end":{"line":244,"column":52}},"62":{"start":{"line":245,"column":35},"end":{"line":245,"column":66}},"63":{"start":{"line":246,"column":39},"end":{"line":246,"column":94}},"64":{"start":{"line":247,"column":38},"end":{"line":247,"column":null}},"65":{"start":{"line":249,"column":16},"end":{"line":251,"column":null}},"66":{"start":{"line":260,"column":42},"end":{"line":260,"column":null}},"67":{"start":{"line":261,"column":22},"end":{"line":261,"column":null}},"68":{"start":{"line":262,"column":22},"end":{"line":262,"column":null}},"69":{"start":{"line":268,"column":36},"end":{"line":268,"column":null}},"70":{"start":{"line":269,"column":22},"end":{"line":271,"column":null}},"71":{"start":{"line":285,"column":28},"end":{"line":285,"column":null}},"72":{"start":{"line":286,"column":28},"end":{"line":286,"column":null}},"73":{"start":{"line":288,"column":46},"end":{"line":288,"column":null}},"74":{"start":{"line":289,"column":46},"end":{"line":289,"column":null}},"75":{"start":{"line":312,"column":30},"end":{"line":312,"column":null}},"76":{"start":{"line":335,"column":28},"end":{"line":335,"column":52}}},"fnMap":{"0":{"name":"WeekDayView","decl":{"start":{"line":55,"column":16},"end":{"line":55,"column":28}},"loc":{"start":{"line":63,"column":19},"end":{"line":340,"column":null}}},"1":{"name":"(anonymous_5)","decl":{"start":{"line":68,"column":28},"end":{"line":68,"column":null}},"loc":{"start":{"line":68,"column":28},"end":{"line":74,"column":5}}},"2":{"name":"(anonymous_6)","decl":{"start":{"line":77,"column":27},"end":{"line":77,"column":null}},"loc":{"start":{"line":77,"column":27},"end":{"line":84,"column":5}}},"3":{"name":"(anonymous_7)","decl":{"start":{"line":87,"column":35},"end":{"line":87,"column":null}},"loc":{"start":{"line":87,"column":35},"end":{"line":103,"column":5}}},"4":{"name":"(anonymous_8)","decl":{"start":{"line":90,"column":19},"end":{"line":90,"column":null}},"loc":{"start":{"line":90,"column":19},"end":{"line":100,"column":null}}},"5":{"name":"(anonymous_9)","decl":{"start":{"line":106,"column":24},"end":{"line":106,"column":25}},"loc":{"start":{"line":106,"column":25},"end":{"line":119,"column":null}}},"6":{"name":"(anonymous_10)","decl":{"start":{"line":122,"column":27},"end":{"line":122,"column":null}},"loc":{"start":{"line":122,"column":27},"end":{"line":128,"column":null}}},"7":{"name":"(anonymous_11)","decl":{"start":{"line":130,"column":23},"end":{"line":130,"column":null}},"loc":{"start":{"line":130,"column":23},"end":{"line":136,"column":null}}},"8":{"name":"(anonymous_12)","decl":{"start":{"line":138,"column":24},"end":{"line":138,"column":null}},"loc":{"start":{"line":138,"column":24},"end":{"line":140,"column":null}}},"9":{"name":"(anonymous_13)","decl":{"start":{"line":143,"column":24},"end":{"line":143,"column":25}},"loc":{"start":{"line":143,"column":25},"end":{"line":157,"column":null}}},"10":{"name":"(anonymous_14)","decl":{"start":{"line":213,"column":24},"end":{"line":213,"column":25}},"loc":{"start":{"line":214,"column":12},"end":{"line":215,"column":null}}},"11":{"name":"(anonymous_15)","decl":{"start":{"line":231,"column":25},"end":{"line":231,"column":26}},"loc":{"start":{"line":232,"column":12},"end":{"line":232,"column":null}}},"12":{"name":"(anonymous_16)","decl":{"start":{"line":242,"column":28},"end":{"line":242,"column":29}},"loc":{"start":{"line":242,"column":29},"end":{"line":306,"column":null}}},"13":{"name":"(anonymous_17)","decl":{"start":{"line":259,"column":29},"end":{"line":259,"column":null}},"loc":{"start":{"line":259,"column":29},"end":{"line":263,"column":null}}},"14":{"name":"(anonymous_18)","decl":{"start":{"line":267,"column":36},"end":{"line":267,"column":37}},"loc":{"start":{"line":267,"column":44},"end":{"line":303,"column":null}}},"15":{"name":"(anonymous_19)","decl":{"start":{"line":284,"column":35},"end":{"line":284,"column":36}},"loc":{"start":{"line":284,"column":36},"end":{"line":287,"column":null}}},"16":{"name":"(anonymous_20)","decl":{"start":{"line":288,"column":40},"end":{"line":288,"column":46}},"loc":{"start":{"line":288,"column":46},"end":{"line":288,"column":null}}},"17":{"name":"(anonymous_21)","decl":{"start":{"line":289,"column":40},"end":{"line":289,"column":46}},"loc":{"start":{"line":289,"column":46},"end":{"line":289,"column":null}}},"18":{"name":"(anonymous_22)","decl":{"start":{"line":312,"column":23},"end":{"line":312,"column":30}},"loc":{"start":{"line":312,"column":30},"end":{"line":312,"column":null}}},"19":{"name":"(anonymous_23)","decl":{"start":{"line":335,"column":23},"end":{"line":335,"column":28}},"loc":{"start":{"line":335,"column":28},"end":{"line":335,"column":52}}}},"branchMap":{"0":{"loc":{"start":{"line":56,"column":2},"end":{"line":56,"column":13}},"type":"default-arg","locations":[{"start":{"line":56,"column":11},"end":{"line":56,"column":13}}]},"1":{"loc":{"start":{"line":57,"column":2},"end":{"line":57,"column":19}},"type":"default-arg","locations":[{"start":{"line":57,"column":13},"end":{"line":57,"column":19}}]},"2":{"loc":{"start":{"line":60,"column":2},"end":{"line":60,"column":27}},"type":"default-arg","locations":[{"start":{"line":60,"column":17},"end":{"line":60,"column":27}}]},"3":{"loc":{"start":{"line":61,"column":2},"end":{"line":61,"column":39}},"type":"default-arg","locations":[{"start":{"line":61,"column":18},"end":{"line":61,"column":39}}]},"4":{"loc":{"start":{"line":62,"column":2},"end":{"line":62,"column":18}},"type":"default-arg","locations":[{"start":{"line":62,"column":11},"end":{"line":62,"column":18}}]},"5":{"loc":{"start":{"line":78,"column":4},"end":{"line":80,"column":null}},"type":"if","locations":[{"start":{"line":78,"column":4},"end":{"line":80,"column":null}},{"start":{},"end":{}}]},"6":{"loc":{"start":{"line":91,"column":24},"end":{"line":91,"column":93}},"type":"cond-expr","locations":[{"start":{"line":91,"column":58},"end":{"line":91,"column":82}},{"start":{"line":91,"column":82},"end":{"line":91,"column":93}}]},"7":{"loc":{"start":{"line":96,"column":6},"end":{"line":98,"column":null}},"type":"if","locations":[{"start":{"line":96,"column":6},"end":{"line":98,"column":null}},{"start":{},"end":{}}]},"8":{"loc":{"start":{"line":107,"column":4},"end":{"line":118,"column":null}},"type":"switch","locations":[{"start":{"line":108,"column":6},"end":{"line":109,"column":null}},{"start":{"line":110,"column":6},"end":{"line":111,"column":null}},{"start":{"line":112,"column":6},"end":{"line":113,"column":null}},{"start":{"line":114,"column":6},"end":{"line":115,"column":null}},{"start":{"line":116,"column":6},"end":{"line":117,"column":null}}]},"9":{"loc":{"start":{"line":123,"column":4},"end":{"line":127,"column":null}},"type":"if","locations":[{"start":{"line":123,"column":4},"end":{"line":127,"column":null}},{"start":{"line":125,"column":11},"end":{"line":127,"column":null}}]},"10":{"loc":{"start":{"line":131,"column":4},"end":{"line":135,"column":null}},"type":"if","locations":[{"start":{"line":131,"column":4},"end":{"line":135,"column":null}},{"start":{"line":133,"column":11},"end":{"line":135,"column":null}}]},"11":{"loc":{"start":{"line":144,"column":22},"end":{"line":144,"column":91}},"type":"cond-expr","locations":[{"start":{"line":144,"column":56},"end":{"line":144,"column":80}},{"start":{"line":144,"column":80},"end":{"line":144,"column":91}}]},"12":{"loc":{"start":{"line":150,"column":4},"end":{"line":153,"column":null}},"type":"if","locations":[{"start":{"line":150,"column":4},"end":{"line":153,"column":null}},{"start":{},"end":{}}]},"13":{"loc":{"start":{"line":151,"column":22},"end":{"line":151,"column":85}},"type":"cond-expr","locations":[{"start":{"line":151,"column":54},"end":{"line":151,"column":76}},{"start":{"line":151,"column":76},"end":{"line":151,"column":85}}]},"14":{"loc":{"start":{"line":156,"column":26},"end":{"line":156,"column":43}},"type":"binary-expr","locations":[{"start":{"line":156,"column":26},"end":{"line":156,"column":36}},{"start":{"line":156,"column":36},"end":{"line":156,"column":43}}]},"15":{"loc":{"start":{"line":168,"column":24},"end":{"line":168,"column":null}},"type":"cond-expr","locations":[{"start":{"line":168,"column":46},"end":{"line":168,"column":53}},{"start":{"line":168,"column":53},"end":{"line":168,"column":null}}]},"16":{"loc":{"start":{"line":176,"column":24},"end":{"line":176,"column":null}},"type":"cond-expr","locations":[{"start":{"line":176,"column":46},"end":{"line":176,"column":53}},{"start":{"line":176,"column":53},"end":{"line":176,"column":null}}]},"17":{"loc":{"start":{"line":191,"column":12},"end":{"line":196,"column":null}},"type":"cond-expr","locations":[{"start":{"line":191,"column":12},"end":{"line":196,"column":null}}]},"18":{"loc":{"start":{"line":207,"column":31},"end":{"line":209,"column":null}},"type":"cond-expr","locations":[{"start":{"line":208,"column":14},"end":{"line":208,"column":null}},{"start":{"line":209,"column":14},"end":{"line":209,"column":null}}]},"19":{"loc":{"start":{"line":218,"column":18},"end":{"line":218,"column":61}},"type":"cond-expr","locations":[{"start":{"line":218,"column":33},"end":{"line":218,"column":58}},{"start":{"line":218,"column":58},"end":{"line":218,"column":61}}]},"20":{"loc":{"start":{"line":222,"column":29},"end":{"line":222,"column":65}},"type":"cond-expr","locations":[{"start":{"line":222,"column":51},"end":{"line":222,"column":57}},{"start":{"line":222,"column":57},"end":{"line":222,"column":65}}]},"21":{"loc":{"start":{"line":224,"column":41},"end":{"line":224,"column":121}},"type":"cond-expr","locations":[{"start":{"line":224,"column":62},"end":{"line":224,"column":79}},{"start":{"line":224,"column":79},"end":{"line":224,"column":121}}]},"22":{"loc":{"start":{"line":224,"column":79},"end":{"line":224,"column":121}},"type":"cond-expr","locations":[{"start":{"line":224,"column":100},"end":{"line":224,"column":118}},{"start":{"line":224,"column":118},"end":{"line":224,"column":121}}]},"23":{"loc":{"start":{"line":245,"column":35},"end":{"line":245,"column":66}},"type":"binary-expr","locations":[{"start":{"line":245,"column":35},"end":{"line":245,"column":60}},{"start":{"line":245,"column":64},"end":{"line":245,"column":66}}]},"24":{"loc":{"start":{"line":246,"column":39},"end":{"line":246,"column":94}},"type":"binary-expr","locations":[{"start":{"line":246,"column":39},"end":{"line":246,"column":66}},{"start":{"line":246,"column":70},"end":{"line":246,"column":94}}]},"25":{"loc":{"start":{"line":247,"column":38},"end":{"line":247,"column":null}},"type":"binary-expr","locations":[{"start":{"line":247,"column":38},"end":{"line":247,"column":54}},{"start":{"line":247,"column":54},"end":{"line":247,"column":null}}]},"26":{"loc":{"start":{"line":254,"column":24},"end":{"line":254,"column":67}},"type":"cond-expr","locations":[{"start":{"line":254,"column":41},"end":{"line":254,"column":54}},{"start":{"line":254,"column":54},"end":{"line":254,"column":67}}]},"27":{"loc":{"start":{"line":255,"column":24},"end":{"line":255,"column":60}},"type":"cond-expr","locations":[{"start":{"line":255,"column":40},"end":{"line":255,"column":57}},{"start":{"line":255,"column":57},"end":{"line":255,"column":60}}]},"28":{"loc":{"start":{"line":275,"column":30},"end":{"line":275,"column":105}},"type":"cond-expr","locations":[{"start":{"line":275,"column":58},"end":{"line":275,"column":102}},{"start":{"line":275,"column":102},"end":{"line":275,"column":105}}]},"29":{"loc":{"start":{"line":282,"column":36},"end":{"line":282,"column":null}},"type":"cond-expr","locations":[{"start":{"line":282,"column":64},"end":{"line":282,"column":69}},{"start":{"line":282,"column":69},"end":{"line":282,"column":null}}]},"30":{"loc":{"start":{"line":290,"column":50},"end":{"line":290,"column":124}},"type":"cond-expr","locations":[{"start":{"line":290,"column":82},"end":{"line":290,"column":118}},{"start":{"line":290,"column":121},"end":{"line":290,"column":124}}]},"31":{"loc":{"start":{"line":294,"column":36},"end":{"line":294,"column":105}},"type":"cond-expr","locations":[{"start":{"line":294,"column":70},"end":{"line":294,"column":94}},{"start":{"line":294,"column":94},"end":{"line":294,"column":105}}]},"32":{"loc":{"start":{"line":296,"column":27},"end":{"line":296,"column":null}},"type":"binary-expr","locations":[{"start":{"line":296,"column":27},"end":{"line":296,"column":null}}]},"33":{"loc":{"start":{"line":312,"column":9},"end":{"line":312,"column":null}},"type":"binary-expr","locations":[{"start":{"line":312,"column":9},"end":{"line":312,"column":null}}]},"34":{"loc":{"start":{"line":327,"column":7},"end":{"line":327,"column":null}},"type":"binary-expr","locations":[{"start":{"line":327,"column":7},"end":{"line":327,"column":null}}]}},"s":{"0":19,"1":1,"2":1,"3":1,"4":1,"5":1,"6":28,"7":28,"8":28,"9":19,"10":19,"11":19,"12":285,"13":19,"14":28,"15":26,"16":5,"17":21,"18":21,"19":21,"20":28,"21":19,"22":19,"23":46,"24":46,"25":46,"26":46,"27":46,"28":46,"29":46,"30":19,"31":28,"32":49,"33":16,"34":16,"35":16,"36":1,"37":0,"38":28,"39":2,"40":1,"41":1,"42":28,"43":4,"44":3,"45":1,"46":28,"47":1,"48":28,"49":49,"50":49,"51":49,"52":49,"53":49,"54":16,"55":16,"56":49,"57":49,"58":166,"59":420,"60":2490,"61":2490,"62":2490,"63":2490,"64":2490,"65":2490,"66":1,"67":1,"68":1,"69":49,"70":49,"71":1,"72":1,"73":1,"74":1,"75":126,"76":1},"f":{"0":28,"1":19,"2":26,"3":19,"4":46,"5":49,"6":2,"7":4,"8":1,"9":49,"10":166,"11":420,"12":2490,"13":1,"14":49,"15":1,"16":1,"17":1,"18":126,"19":1},"b":{"0":[0],"1":[0],"2":[28],"3":[26],"4":[28],"5":[5,21],"6":[0,46],"7":[46,0],"8":[16,16,16,1,0],"9":[1,1],"10":[3,1],"11":[0,49],"12":[16,33],"13":[0,16],"14":[49,0],"15":[23,5],"16":[23,5],"17":[23],"18":[23,5],"19":[24,142],"20":[161,5],"21":[23,143],"22":[23,120],"23":[2490,2441],"24":[2490,2151],"25":[2490,360],"26":[1480,1010],"27":[24,2466],"28":[1,48],"29":[1,48],"30":[16,33],"31":[0,49],"32":[49],"33":[28],"34":[28]}}
,"/mnt/c/work/git2/process-todo/web/app/components/cases/case-form.tsx": {"path":"/mnt/c/work/git2/process-todo/web/app/components/cases/case-form.tsx","statementMap":{"0":{"start":{"line":17,"column":16},"end":{"line":17,"column":25}},"1":{"start":{"line":3,"column":36},"end":{"line":3,"column":null}},"2":{"start":{"line":4,"column":26},"end":{"line":4,"column":null}},"3":{"start":{"line":6,"column":20},"end":{"line":6,"column":null}},"4":{"start":{"line":7,"column":23},"end":{"line":7,"column":null}},"5":{"start":{"line":8,"column":22},"end":{"line":8,"column":null}},"6":{"start":{"line":9,"column":23},"end":{"line":9,"column":null}},"7":{"start":{"line":10,"column":51},"end":{"line":10,"column":null}},"8":{"start":{"line":18,"column":17},"end":{"line":18,"column":null}},"9":{"start":{"line":19,"column":32},"end":{"line":19,"column":null}},"10":{"start":{"line":20,"column":30},"end":{"line":20,"column":null}},"11":{"start":{"line":21,"column":36},"end":{"line":21,"column":null}},"12":{"start":{"line":23,"column":26},"end":{"line":25,"column":18}},"13":{"start":{"line":27,"column":34},"end":{"line":32,"column":null}},"14":{"start":{"line":33,"column":30},"end":{"line":33,"column":null}},"15":{"start":{"line":35,"column":2},"end":{"line":40,"column":null}},"16":{"start":{"line":36,"column":4},"end":{"line":36,"column":null}},"17":{"start":{"line":37,"column":4},"end":{"line":39,"column":null}},"18":{"start":{"line":38,"column":6},"end":{"line":38,"column":null}},"19":{"start":{"line":42,"column":25},"end":{"line":49,"column":null}},"20":{"start":{"line":43,"column":4},"end":{"line":48,"column":null}},"21":{"start":{"line":44,"column":23},"end":{"line":44,"column":null}},"22":{"start":{"line":45,"column":6},"end":{"line":45,"column":null}},"23":{"start":{"line":45,"column":64},"end":{"line":45,"column":74}},"24":{"start":{"line":47,"column":6},"end":{"line":47,"column":null}},"25":{"start":{"line":51,"column":20},"end":{"line":64,"column":null}},"26":{"start":{"line":52,"column":4},"end":{"line":52,"column":null}},"27":{"start":{"line":52,"column":17},"end":{"line":52,"column":null}},"28":{"start":{"line":54,"column":4},"end":{"line":54,"column":null}},"29":{"start":{"line":55,"column":4},"end":{"line":63,"column":null}},"30":{"start":{"line":56,"column":23},"end":{"line":56,"column":null}},"31":{"start":{"line":57,"column":6},"end":{"line":57,"column":null}},"32":{"start":{"line":59,"column":6},"end":{"line":59,"column":null}},"33":{"start":{"line":60,"column":6},"end":{"line":60,"column":null}},"34":{"start":{"line":62,"column":6},"end":{"line":62,"column":null}},"35":{"start":{"line":66,"column":23},"end":{"line":91,"column":null}},"36":{"start":{"line":67,"column":46},"end":{"line":67,"column":null}},"37":{"start":{"line":69,"column":4},"end":{"line":71,"column":null}},"38":{"start":{"line":70,"column":6},"end":{"line":70,"column":null}},"39":{"start":{"line":73,"column":25},"end":{"line":73,"column":null}},"40":{"start":{"line":74,"column":4},"end":{"line":76,"column":null}},"41":{"start":{"line":75,"column":6},"end":{"line":75,"column":null}},"42":{"start":{"line":78,"column":4},"end":{"line":87,"column":null}},"43":{"start":{"line":79,"column":6},"end":{"line":79,"column":null}},"44":{"start":{"line":81,"column":23},"end":{"line":81,"column":null}},"45":{"start":{"line":82,"column":20},"end":{"line":82,"column":null}},"46":{"start":{"line":83,"column":6},"end":{"line":83,"column":null}},"47":{"start":{"line":84,"column":6},"end":{"line":86,"column":null}},"48":{"start":{"line":85,"column":8},"end":{"line":85,"column":null}},"49":{"start":{"line":89,"column":4},"end":{"line":89,"column":null}},"50":{"start":{"line":90,"column":4},"end":{"line":90,"column":null}},"51":{"start":{"line":93,"column":23},"end":{"line":188,"column":null}},"52":{"start":{"line":94,"column":4},"end":{"line":94,"column":null}},"53":{"start":{"line":96,"column":4},"end":{"line":98,"column":null}},"54":{"start":{"line":97,"column":6},"end":{"line":97,"column":null}},"55":{"start":{"line":100,"column":4},"end":{"line":100,"column":null}},"56":{"start":{"line":101,"column":4},"end":{"line":187,"column":null}},"57":{"start":{"line":103,"column":26},"end":{"line":105,"column":null}},"58":{"start":{"line":108,"column":27},"end":{"line":108,"column":null}},"59":{"start":{"line":111,"column":6},"end":{"line":111,"column":null}},"60":{"start":{"line":112,"column":6},"end":{"line":112,"column":null}},"61":{"start":{"line":113,"column":6},"end":{"line":113,"column":null}},"62":{"start":{"line":114,"column":6},"end":{"line":118,"column":null}},"63":{"start":{"line":121,"column":28},"end":{"line":125,"column":null}},"64":{"start":{"line":128,"column":28},"end":{"line":131,"column":null}},"65":{"start":{"line":133,"column":6},"end":{"line":168,"column":null}},"66":{"start":{"line":134,"column":8},"end":{"line":134,"column":null}},"67":{"start":{"line":135,"column":8},"end":{"line":135,"column":null}},"68":{"start":{"line":136,"column":8},"end":{"line":136,"column":null}},"69":{"start":{"line":138,"column":8},"end":{"line":138,"column":null}},"70":{"start":{"line":139,"column":8},"end":{"line":139,"column":null}},"71":{"start":{"line":140,"column":8},"end":{"line":140,"column":null}},"72":{"start":{"line":141,"column":8},"end":{"line":141,"column":null}},"73":{"start":{"line":144,"column":8},"end":{"line":167,"column":null}},"74":{"start":{"line":145,"column":32},"end":{"line":151,"column":null}},"75":{"start":{"line":153,"column":10},"end":{"line":153,"column":null}},"76":{"start":{"line":154,"column":28},"end":{"line":154,"column":null}},"77":{"start":{"line":155,"column":10},"end":{"line":155,"column":null}},"78":{"start":{"line":157,"column":10},"end":{"line":163,"column":null}},"79":{"start":{"line":158,"column":12},"end":{"line":158,"column":null}},"80":{"start":{"line":159,"column":12},"end":{"line":159,"column":null}},"81":{"start":{"line":161,"column":12},"end":{"line":161,"column":null}},"82":{"start":{"line":162,"column":12},"end":{"line":162,"column":null}},"83":{"start":{"line":165,"column":10},"end":{"line":165,"column":null}},"84":{"start":{"line":166,"column":10},"end":{"line":166,"column":null}},"85":{"start":{"line":170,"column":6},"end":{"line":170,"column":null}},"86":{"start":{"line":171,"column":6},"end":{"line":171,"column":null}},"87":{"start":{"line":172,"column":6},"end":{"line":172,"column":null}},"88":{"start":{"line":174,"column":6},"end":{"line":184,"column":null}},"89":{"start":{"line":175,"column":24},"end":{"line":178,"column":null}},"90":{"start":{"line":179,"column":8},"end":{"line":179,"column":null}},"91":{"start":{"line":180,"column":13},"end":{"line":184,"column":null}},"92":{"start":{"line":181,"column":8},"end":{"line":181,"column":null}},"93":{"start":{"line":183,"column":8},"end":{"line":183,"column":null}},"94":{"start":{"line":186,"column":6},"end":{"line":186,"column":null}},"95":{"start":{"line":190,"column":2},"end":{"line":196,"column":null}},"96":{"start":{"line":206,"column":27},"end":{"line":206,"column":null}},"97":{"start":{"line":240,"column":29},"end":{"line":240,"column":null}},"98":{"start":{"line":249,"column":29},"end":{"line":249,"column":null}},"99":{"start":{"line":254,"column":37},"end":{"line":257,"column":null}},"100":{"start":{"line":269,"column":33},"end":{"line":269,"column":null}},"101":{"start":{"line":285,"column":29},"end":{"line":285,"column":null}},"102":{"start":{"line":306,"column":34},"end":{"line":306,"column":null}},"103":{"start":{"line":307,"column":32},"end":{"line":307,"column":null}},"104":{"start":{"line":309,"column":2},"end":{"line":311,"column":null}},"105":{"start":{"line":310,"column":4},"end":{"line":310,"column":null}},"106":{"start":{"line":313,"column":24},"end":{"line":323,"column":null}},"107":{"start":{"line":314,"column":4},"end":{"line":314,"column":null}},"108":{"start":{"line":315,"column":4},"end":{"line":322,"column":null}},"109":{"start":{"line":316,"column":23},"end":{"line":316,"column":null}},"110":{"start":{"line":317,"column":6},"end":{"line":317,"column":null}},"111":{"start":{"line":319,"column":6},"end":{"line":319,"column":null}},"112":{"start":{"line":321,"column":6},"end":{"line":321,"column":null}},"113":{"start":{"line":325,"column":2},"end":{"line":333,"column":null}},"114":{"start":{"line":335,"column":2},"end":{"line":335,"column":null}},"115":{"start":{"line":335,"column":17},"end":{"line":335,"column":null}},"116":{"start":{"line":361,"column":18},"end":{"line":361,"column":null}}},"fnMap":{"0":{"name":"CaseForm","decl":{"start":{"line":17,"column":16},"end":{"line":17,"column":25}},"loc":{"start":{"line":17,"column":62},"end":{"line":302,"column":null}}},"1":{"name":"(anonymous_2)","decl":{"start":{"line":35,"column":12},"end":{"line":35,"column":null}},"loc":{"start":{"line":35,"column":12},"end":{"line":40,"column":5}}},"2":{"name":"(anonymous_3)","decl":{"start":{"line":42,"column":25},"end":{"line":42,"column":null}},"loc":{"start":{"line":42,"column":25},"end":{"line":49,"column":null}}},"3":{"name":"(anonymous_4)","decl":{"start":{"line":45,"column":40},"end":{"line":45,"column":41}},"loc":{"start":{"line":45,"column":64},"end":{"line":45,"column":74}}},"4":{"name":"(anonymous_5)","decl":{"start":{"line":51,"column":20},"end":{"line":51,"column":null}},"loc":{"start":{"line":51,"column":20},"end":{"line":64,"column":null}}},"5":{"name":"(anonymous_6)","decl":{"start":{"line":66,"column":23},"end":{"line":66,"column":null}},"loc":{"start":{"line":66,"column":23},"end":{"line":91,"column":null}}},"6":{"name":"(anonymous_7)","decl":{"start":{"line":93,"column":23},"end":{"line":93,"column":30}},"loc":{"start":{"line":93,"column":30},"end":{"line":188,"column":null}}},"7":{"name":"(anonymous_8)","decl":{"start":{"line":206,"column":21},"end":{"line":206,"column":27}},"loc":{"start":{"line":206,"column":27},"end":{"line":206,"column":null}}},"8":{"name":"(anonymous_9)","decl":{"start":{"line":240,"column":22},"end":{"line":240,"column":23}},"loc":{"start":{"line":240,"column":29},"end":{"line":240,"column":null}}},"9":{"name":"(anonymous_10)","decl":{"start":{"line":249,"column":22},"end":{"line":249,"column":23}},"loc":{"start":{"line":249,"column":29},"end":{"line":249,"column":null}}},"10":{"name":"(anonymous_11)","decl":{"start":{"line":254,"column":31},"end":{"line":254,"column":37}},"loc":{"start":{"line":254,"column":37},"end":{"line":257,"column":null}}},"11":{"name":"(anonymous_12)","decl":{"start":{"line":269,"column":26},"end":{"line":269,"column":27}},"loc":{"start":{"line":269,"column":33},"end":{"line":269,"column":null}}},"12":{"name":"(anonymous_13)","decl":{"start":{"line":285,"column":22},"end":{"line":285,"column":23}},"loc":{"start":{"line":285,"column":29},"end":{"line":285,"column":null}}},"13":{"name":"TemplatePreview","decl":{"start":{"line":305,"column":9},"end":{"line":305,"column":25}},"loc":{"start":{"line":305,"column":92},"end":{"line":379,"column":1}}},"14":{"name":"(anonymous_15)","decl":{"start":{"line":309,"column":12},"end":{"line":309,"column":null}},"loc":{"start":{"line":309,"column":12},"end":{"line":311,"column":5}}},"15":{"name":"(anonymous_16)","decl":{"start":{"line":313,"column":24},"end":{"line":313,"column":null}},"loc":{"start":{"line":313,"column":24},"end":{"line":323,"column":null}}},"16":{"name":"(anonymous_17)","decl":{"start":{"line":360,"column":44},"end":{"line":360,"column":45}},"loc":{"start":{"line":361,"column":18},"end":{"line":361,"column":null}}}},"branchMap":{"0":{"loc":{"start":{"line":29,"column":15},"end":{"line":29,"column":null}},"type":"binary-expr","locations":[{"start":{"line":29,"column":15},"end":{"line":29,"column":29}},{"start":{"line":29,"column":29},"end":{"line":29,"column":null}}]},"1":{"loc":{"start":{"line":37,"column":4},"end":{"line":39,"column":null}},"type":"if","locations":[{"start":{"line":37,"column":4},"end":{"line":39,"column":null}},{"start":{},"end":{}}]},"2":{"loc":{"start":{"line":52,"column":4},"end":{"line":52,"column":null}},"type":"if","locations":[{"start":{"line":52,"column":4},"end":{"line":52,"column":null}},{"start":{},"end":{}}]},"3":{"loc":{"start":{"line":69,"column":4},"end":{"line":71,"column":null}},"type":"if","locations":[{"start":{"line":69,"column":4},"end":{"line":71,"column":null}},{"start":{},"end":{}}]},"4":{"loc":{"start":{"line":74,"column":4},"end":{"line":76,"column":null}},"type":"if","locations":[{"start":{"line":74,"column":4},"end":{"line":76,"column":null}},{"start":{},"end":{}}]},"5":{"loc":{"start":{"line":74,"column":8},"end":{"line":74,"column":68}},"type":"binary-expr","locations":[{"start":{"line":74,"column":8},"end":{"line":74,"column":25}},{"start":{"line":74,"column":25},"end":{"line":74,"column":47}},{"start":{"line":74,"column":47},"end":{"line":74,"column":68}}]},"6":{"loc":{"start":{"line":78,"column":4},"end":{"line":87,"column":null}},"type":"if","locations":[{"start":{"line":78,"column":4},"end":{"line":87,"column":null}},{"start":{"line":80,"column":11},"end":{"line":87,"column":null}}]},"7":{"loc":{"start":{"line":84,"column":6},"end":{"line":86,"column":null}},"type":"if","locations":[{"start":{"line":84,"column":6},"end":{"line":86,"column":null}},{"start":{},"end":{}}]},"8":{"loc":{"start":{"line":96,"column":4},"end":{"line":98,"column":null}},"type":"if","locations":[{"start":{"line":96,"column":4},"end":{"line":98,"column":null}},{"start":{},"end":{}}]},"9":{"loc":{"start":{"line":103,"column":26},"end":{"line":105,"column":null}},"type":"cond-expr","locations":[{"start":{"line":104,"column":8},"end":{"line":104,"column":null}},{"start":{"line":105,"column":8},"end":{"line":105,"column":null}}]},"10":{"loc":{"start":{"line":133,"column":6},"end":{"line":168,"column":null}},"type":"if","locations":[{"start":{"line":133,"column":6},"end":{"line":168,"column":null}},{"start":{"line":137,"column":13},"end":{"line":168,"column":null}}]},"11":{"loc":{"start":{"line":157,"column":10},"end":{"line":163,"column":null}},"type":"if","locations":[{"start":{"line":157,"column":10},"end":{"line":163,"column":null}},{"start":{"line":160,"column":17},"end":{"line":163,"column":null}}]},"12":{"loc":{"start":{"line":174,"column":6},"end":{"line":184,"column":null}},"type":"if","locations":[{"start":{"line":174,"column":6},"end":{"line":184,"column":null}},{"start":{"line":180,"column":13},"end":{"line":184,"column":null}}]},"13":{"loc":{"start":{"line":175,"column":24},"end":{"line":178,"column":null}},"type":"binary-expr","locations":[{"start":{"line":175,"column":24},"end":{"line":175,"column":null}},{"start":{"line":176,"column":23},"end":{"line":176,"column":null}},{"start":{"line":177,"column":23},"end":{"line":177,"column":null}},{"start":{"line":178,"column":23},"end":{"line":178,"column":null}}]},"14":{"loc":{"start":{"line":180,"column":13},"end":{"line":184,"column":null}},"type":"if","locations":[{"start":{"line":180,"column":13},"end":{"line":184,"column":null}},{"start":{"line":182,"column":13},"end":{"line":184,"column":null}}]},"15":{"loc":{"start":{"line":190,"column":2},"end":{"line":196,"column":null}},"type":"if","locations":[{"start":{"line":190,"column":2},"end":{"line":196,"column":null}},{"start":{},"end":{}}]},"16":{"loc":{"start":{"line":212,"column":13},"end":{"line":212,"column":null}},"type":"cond-expr","locations":[{"start":{"line":212,"column":22},"end":{"line":212,"column":31}},{"start":{"line":212,"column":31},"end":{"line":212,"column":null}}]},"17":{"loc":{"start":{"line":218,"column":12},"end":{"line":223,"column":null}},"type":"cond-expr","locations":[{"start":{"line":218,"column":12},"end":{"line":223,"column":null}}]},"18":{"loc":{"start":{"line":239,"column":19},"end":{"line":239,"column":null}},"type":"binary-expr","locations":[{"start":{"line":239,"column":19},"end":{"line":239,"column":33}},{"start":{"line":239,"column":37},"end":{"line":239,"column":null}}]},"19":{"loc":{"start":{"line":248,"column":19},"end":{"line":248,"column":null}},"type":"binary-expr","locations":[{"start":{"line":248,"column":19},"end":{"line":248,"column":53}},{"start":{"line":248,"column":53},"end":{"line":248,"column":null}}]},"20":{"loc":{"start":{"line":268,"column":23},"end":{"line":268,"column":null}},"type":"binary-expr","locations":[{"start":{"line":268,"column":23},"end":{"line":268,"column":43}},{"start":{"line":268,"column":47},"end":{"line":268,"column":null}}]},"21":{"loc":{"start":{"line":271,"column":18},"end":{"line":271,"column":null}},"type":"cond-expr","locations":[{"start":{"line":271,"column":39},"end":{"line":271,"column":58}},{"start":{"line":271,"column":58},"end":{"line":271,"column":null}}]},"22":{"loc":{"start":{"line":277,"column":13},"end":{"line":277,"column":31}},"type":"binary-expr","locations":[{"start":{"line":277,"column":13},"end":{"line":277,"column":31}}]},"23":{"loc":{"start":{"line":284,"column":19},"end":{"line":284,"column":null}},"type":"binary-expr","locations":[{"start":{"line":284,"column":19},"end":{"line":284,"column":34}},{"start":{"line":284,"column":38},"end":{"line":284,"column":null}}]},"24":{"loc":{"start":{"line":297,"column":7},"end":{"line":297,"column":25}},"type":"binary-expr","locations":[{"start":{"line":297,"column":7},"end":{"line":297,"column":25}},{"start":{"line":297,"column":29},"end":{"line":297,"column":null}}]},"25":{"loc":{"start":{"line":325,"column":2},"end":{"line":333,"column":null}},"type":"if","locations":[{"start":{"line":325,"column":2},"end":{"line":333,"column":null}},{"start":{},"end":{}}]},"26":{"loc":{"start":{"line":335,"column":2},"end":{"line":335,"column":null}},"type":"if","locations":[{"start":{"line":335,"column":2},"end":{"line":335,"column":null}},{"start":{},"end":{}}]},"27":{"loc":{"start":{"line":343,"column":7},"end":{"line":343,"column":29}},"type":"binary-expr","locations":[{"start":{"line":343,"column":7},"end":{"line":343,"column":29}},{"start":{"line":343,"column":33},"end":{"line":343,"column":null}}]},"28":{"loc":{"start":{"line":365,"column":23},"end":{"line":365,"column":null}},"type":"cond-expr","locations":[{"start":{"line":365,"column":47},"end":{"line":365,"column":57}},{"start":{"line":365,"column":57},"end":{"line":365,"column":null}}]},"29":{"loc":{"start":{"line":368,"column":23},"end":{"line":368,"column":55}},"type":"cond-expr","locations":[{"start":{"line":368,"column":45},"end":{"line":368,"column":51}},{"start":{"line":368,"column":51},"end":{"line":368,"column":55}}]},"30":{"loc":{"start":{"line":361,"column":27},"end":{"line":361,"column":46}},"type":"binary-expr","locations":[{"start":{"line":361,"column":27},"end":{"line":361,"column":34}},{"start":{"line":361,"column":38},"end":{"line":361,"column":46}}]}},"s":{"0":12,"1":1,"2":1,"3":1,"4":1,"5":1,"6":1,"7":1,"8":83,"9":83,"10":83,"11":83,"12":83,"13":83,"14":83,"15":83,"16":12,"17":12,"18":2,"19":83,"20":12,"21":12,"22":11,"23":22,"24":1,"25":83,"26":2,"27":0,"28":2,"29":2,"30":2,"31":2,"32":0,"33":0,"34":2,"35":83,"36":3,"37":3,"38":0,"39":3,"40":3,"41":0,"42":3,"43":0,"44":3,"45":3,"46":3,"47":3,"48":1,"49":3,"50":3,"51":83,"52":3,"53":3,"54":1,"55":2,"56":2,"57":2,"58":2,"59":2,"60":2,"61":2,"62":2,"63":2,"64":2,"65":2,"66":0,"67":0,"68":0,"69":2,"70":2,"71":2,"72":2,"73":2,"74":2,"75":2,"76":0,"77":0,"78":0,"79":0,"80":0,"81":0,"82":0,"83":2,"84":2,"85":2,"86":2,"87":2,"88":2,"89":0,"90":0,"91":2,"92":0,"93":2,"94":2,"95":83,"96":1,"97":49,"98":4,"99":138,"100":0,"101":0,"102":33,"103":33,"104":33,"105":7,"106":33,"107":7,"108":7,"109":7,"110":0,"111":7,"112":7,"113":33,"114":26,"115":26,"116":0},"f":{"0":83,"1":12,"2":12,"3":22,"4":2,"5":3,"6":3,"7":1,"8":49,"9":4,"10":138,"11":0,"12":0,"13":33,"14":7,"15":7,"16":0},"b":{"0":[83,81],"1":[2,10],"2":[0,2],"3":[0,3],"4":[0,3],"5":[3,3,3],"6":[0,3],"7":[1,2],"8":[1,2],"9":[2,0],"10":[0,2],"11":[0,0],"12":[0,2],"13":[0,0,0,0],"14":[0,2],"15":[2,81],"16":[18,63],"17":[2],"18":[81,22],"19":[81,0],"20":[81,0],"21":[1,80],"22":[81],"23":[81,0],"24":[81,26],"25":[7,26],"26":[26,0],"27":[0,0],"28":[0,0],"29":[0,0],"30":[0,0]}}
,"/mnt/c/work/git2/process-todo/web/app/components/cases/replan-dialog.tsx": {"path":"/mnt/c/work/git2/process-todo/web/app/components/cases/replan-dialog.tsx","statementMap":{"0":{"start":{"line":16,"column":16},"end":{"line":16,"column":29}},"1":{"start":{"line":3,"column":25},"end":{"line":3,"column":null}},"2":{"start":{"line":5,"column":20},"end":{"line":5,"column":null}},"3":{"start":{"line":6,"column":23},"end":{"line":6,"column":null}},"4":{"start":{"line":7,"column":52},"end":{"line":7,"column":null}},"5":{"start":{"line":17,"column":40},"end":{"line":17,"column":null}},"6":{"start":{"line":18,"column":44},"end":{"line":19,"column":null}},"7":{"start":{"line":19,"column":22},"end":{"line":19,"column":30}},"8":{"start":{"line":19,"column":41},"end":{"line":19,"column":45}},"9":{"start":{"line":21,"column":32},"end":{"line":21,"column":null}},"10":{"start":{"line":22,"column":32},"end":{"line":22,"column":null}},"11":{"start":{"line":23,"column":34},"end":{"line":23,"column":null}},"12":{"start":{"line":25,"column":24},"end":{"line":41,"column":null}},"13":{"start":{"line":26,"column":4},"end":{"line":26,"column":null}},"14":{"start":{"line":26,"column":22},"end":{"line":26,"column":null}},"15":{"start":{"line":28,"column":4},"end":{"line":28,"column":null}},"16":{"start":{"line":29,"column":4},"end":{"line":40,"column":null}},"17":{"start":{"line":30,"column":23},"end":{"line":33,"column":null}},"18":{"start":{"line":34,"column":6},"end":{"line":34,"column":null}},"19":{"start":{"line":36,"column":6},"end":{"line":36,"column":null}},"20":{"start":{"line":37,"column":6},"end":{"line":37,"column":null}},"21":{"start":{"line":39,"column":6},"end":{"line":39,"column":null}},"22":{"start":{"line":43,"column":22},"end":{"line":61,"column":null}},"23":{"start":{"line":44,"column":4},"end":{"line":44,"column":null}},"24":{"start":{"line":44,"column":18},"end":{"line":44,"column":null}},"25":{"start":{"line":46,"column":4},"end":{"line":46,"column":null}},"26":{"start":{"line":47,"column":4},"end":{"line":60,"column":null}},"27":{"start":{"line":48,"column":6},"end":{"line":51,"column":null}},"28":{"start":{"line":52,"column":6},"end":{"line":52,"column":null}},"29":{"start":{"line":53,"column":6},"end":{"line":53,"column":null}},"30":{"start":{"line":54,"column":6},"end":{"line":54,"column":null}},"31":{"start":{"line":56,"column":6},"end":{"line":56,"column":null}},"32":{"start":{"line":57,"column":6},"end":{"line":57,"column":null}},"33":{"start":{"line":59,"column":6},"end":{"line":59,"column":null}},"34":{"start":{"line":63,"column":21},"end":{"line":66,"column":null}},"35":{"start":{"line":64,"column":4},"end":{"line":64,"column":null}},"36":{"start":{"line":64,"column":21},"end":{"line":64,"column":null}},"37":{"start":{"line":65,"column":4},"end":{"line":65,"column":null}},"38":{"start":{"line":68,"column":22},"end":{"line":72,"column":null}},"39":{"start":{"line":69,"column":4},"end":{"line":69,"column":null}},"40":{"start":{"line":69,"column":30},"end":{"line":69,"column":null}},"41":{"start":{"line":70,"column":17},"end":{"line":70,"column":null}},"42":{"start":{"line":71,"column":4},"end":{"line":71,"column":null}},"43":{"start":{"line":97,"column":35},"end":{"line":97,"column":null}},"44":{"start":{"line":123,"column":18},"end":{"line":123,"column":39}},"45":{"start":{"line":128,"column":24},"end":{"line":132,"column":null}},"46":{"start":{"line":129,"column":26},"end":{"line":129,"column":null}},"47":{"start":{"line":131,"column":26},"end":{"line":131,"column":null}},"48":{"start":{"line":131,"column":70},"end":{"line":131,"column":84}},"49":{"start":{"line":155,"column":59},"end":{"line":155,"column":70}},"50":{"start":{"line":156,"column":59},"end":{"line":156,"column":69}},"51":{"start":{"line":172,"column":35},"end":{"line":172,"column":null}},"52":{"start":{"line":172,"column":59},"end":{"line":172,"column":null}},"53":{"start":{"line":173,"column":22},"end":{"line":174,"column":null}},"54":{"start":{"line":210,"column":41},"end":{"line":210,"column":null}},"55":{"start":{"line":211,"column":24},"end":{"line":212,"column":48}}},"fnMap":{"0":{"name":"ReplanDialog","decl":{"start":{"line":16,"column":16},"end":{"line":16,"column":29}},"loc":{"start":{"line":16,"column":86},"end":{"line":270,"column":null}}},"1":{"name":"(anonymous_2)","decl":{"start":{"line":19,"column":17},"end":{"line":19,"column":22}},"loc":{"start":{"line":19,"column":22},"end":{"line":19,"column":30}}},"2":{"name":"(anonymous_3)","decl":{"start":{"line":19,"column":36},"end":{"line":19,"column":41}},"loc":{"start":{"line":19,"column":41},"end":{"line":19,"column":45}}},"3":{"name":"(anonymous_4)","decl":{"start":{"line":25,"column":24},"end":{"line":25,"column":null}},"loc":{"start":{"line":25,"column":24},"end":{"line":41,"column":null}}},"4":{"name":"(anonymous_5)","decl":{"start":{"line":43,"column":22},"end":{"line":43,"column":null}},"loc":{"start":{"line":43,"column":22},"end":{"line":61,"column":null}}},"5":{"name":"(anonymous_6)","decl":{"start":{"line":63,"column":21},"end":{"line":63,"column":22}},"loc":{"start":{"line":63,"column":22},"end":{"line":66,"column":null}}},"6":{"name":"(anonymous_7)","decl":{"start":{"line":68,"column":22},"end":{"line":68,"column":23}},"loc":{"start":{"line":68,"column":47},"end":{"line":72,"column":null}}},"7":{"name":"(anonymous_8)","decl":{"start":{"line":97,"column":28},"end":{"line":97,"column":29}},"loc":{"start":{"line":97,"column":35},"end":{"line":97,"column":null}}},"8":{"name":"(anonymous_9)","decl":{"start":{"line":122,"column":27},"end":{"line":122,"column":28}},"loc":{"start":{"line":123,"column":18},"end":{"line":123,"column":39}}},"9":{"name":"(anonymous_10)","decl":{"start":{"line":127,"column":32},"end":{"line":127,"column":33}},"loc":{"start":{"line":127,"column":33},"end":{"line":133,"column":null}}},"10":{"name":"(anonymous_11)","decl":{"start":{"line":131,"column":64},"end":{"line":131,"column":70}},"loc":{"start":{"line":131,"column":70},"end":{"line":131,"column":84}}},"11":{"name":"(anonymous_12)","decl":{"start":{"line":155,"column":54},"end":{"line":155,"column":59}},"loc":{"start":{"line":155,"column":59},"end":{"line":155,"column":70}}},"12":{"name":"(anonymous_13)","decl":{"start":{"line":156,"column":54},"end":{"line":156,"column":59}},"loc":{"start":{"line":156,"column":59},"end":{"line":156,"column":69}}},"13":{"name":"(anonymous_14)","decl":{"start":{"line":171,"column":46},"end":{"line":171,"column":47}},"loc":{"start":{"line":171,"column":55},"end":{"line":179,"column":null}}},"14":{"name":"(anonymous_15)","decl":{"start":{"line":172,"column":54},"end":{"line":172,"column":59}},"loc":{"start":{"line":172,"column":59},"end":{"line":172,"column":null}}},"15":{"name":"(anonymous_16)","decl":{"start":{"line":209,"column":41},"end":{"line":209,"column":42}},"loc":{"start":{"line":209,"column":42},"end":{"line":240,"column":null}}}},"branchMap":{"0":{"loc":{"start":{"line":26,"column":4},"end":{"line":26,"column":null}},"type":"if","locations":[{"start":{"line":26,"column":4},"end":{"line":26,"column":null}},{"start":{},"end":{}}]},"1":{"loc":{"start":{"line":44,"column":4},"end":{"line":44,"column":null}},"type":"if","locations":[{"start":{"line":44,"column":4},"end":{"line":44,"column":null}},{"start":{},"end":{}}]},"2":{"loc":{"start":{"line":64,"column":4},"end":{"line":64,"column":null}},"type":"if","locations":[{"start":{"line":64,"column":4},"end":{"line":64,"column":null}},{"start":{},"end":{}}]},"3":{"loc":{"start":{"line":69,"column":4},"end":{"line":69,"column":null}},"type":"if","locations":[{"start":{"line":69,"column":4},"end":{"line":69,"column":null}},{"start":{},"end":{}}]},"4":{"loc":{"start":{"line":69,"column":8},"end":{"line":69,"column":30}},"type":"binary-expr","locations":[{"start":{"line":69,"column":8},"end":{"line":69,"column":20}},{"start":{"line":69,"column":20},"end":{"line":69,"colum
[...]
,"/mnt/c/work/git2/process-todo/web/app/services/kpi-calculator.ts": {"path":"/mnt/c/work/git2/process-todo/web/app/services/kpi-calculator.ts","statementMap":{"0":{"start":{"line":57,"column":13},"end":{"line":57,"column":null}},"1":{"start":{"line":33,"column":18},"end":{"line":33,"column":null}},"2":{"start":{"line":34,"column":4},"end":{"line":34,"column":null}},"3":{"start":{"line":34,"column":16},"end":{"line":34,"column":null}},"4":{"start":{"line":36,"column":16},"end":{"line":36,"column":null}},"5":{"start":{"line":37,"column":4},"end":{"line":40,"column":null}},"6":{"start":{"line":38,"column":6},"end":{"line":38,"column":null}},"7":{"start":{"line":39,"column":6},"end":{"line":39,"column":null}},"8":{"start":{"line":42,"column":4},"end":{"line":42,"column":null}},"9":{"start":{"line":46,"column":4},"end":{"line":49,"column":null}},"10":{"start":{"line":53,"column":4},"end":{"line":53,"column":null}},"11":{"start":{"line":29,"column":10},"end":{"line":29,"column":null}},"12":{"start":{"line":64,"column":4},"end":{"line":64,"column":null}},"13":{"start":{"line":64,"column":28},"end":{"line":64,"column":null}},"14":{"start":{"line":66,"column":26},"end":{"line":69,"column":null}},"15":{"start":{"line":67,"column":27},"end":{"line":67,"column":null}},"16":{"start":{"line":68,"column":6},"end":{"line":68,"column":null}},"17":{"start":{"line":71,"column":4},"end":{"line":71,"column":null}},"18":{"start":{"line":78,"column":4},"end":{"line":80,"column":null}},"19":{"start":{"line":79,"column":6},"end":{"line":79,"column":null}},"20":{"start":{"line":82,"column":27},"end":{"line":84,"column":12}},"21":{"start":{"line":83,"column":14},"end":{"line":83,"column":null}},"22":{"start":{"line":86,"column":4},"end":{"line":86,"column":null}},"23":{"start":{"line":93,"column":27},"end":{"line":93,"column":null}},"24":{"start":{"line":93,"column":45},"end":{"line":93,"column":null}},"25":{"start":{"line":94,"column":4},"end":{"line":94,"column":49}},"26":{"start":{"line":94,"column":37},"end":{"line":94,"column":49}},"27":{"start":{"line":96,"column":24},"end":{"line":110,"column":null}},"28":{"start":{"line":98,"column":6},"end":{"line":98,"column":null}},"29":{"start":{"line":98,"column":35},"end":{"line":98,"column":null}},"30":{"start":{"line":100,"column":6},"end":{"line":109,"column":null}},"31":{"start":{"line":101,"column":8},"end":{"line":101,"column":null}},"32":{"start":{"line":101,"column":36},"end":{"line":101,"column":null}},"33":{"start":{"line":102,"column":8},"end":{"line":102,"column":null}},"34":{"start":{"line":102,"column":30},"end":{"line":102,"column":null}},"35":{"start":{"line":106,"column":24},"end":{"line":106,"column":null}},"36":{"start":{"line":107,"column":20},"end":{"line":107,"column":null}},"37":{"start":{"line":108,"column":8},"end":{"line":108,"column":null}},"38":{"start":{"line":112,"column":4},"end":{"line":112,"column":null}},"39":{"start":{"line":123,"column":4},"end":{"line":123,"column":null}},"40":{"start":{"line":123,"column":28},"end":{"line":123,"column":null}},"41":{"start":{"line":125,"column":32},"end":{"line":125,"column":null}},"42":{"start":{"line":127,"column":4},"end":{"line":132,"column":null}},"43":{"start":{"line":128,"column":6},"end":{"line":131,"column":null}},"44":{"start":{"line":129,"column":22},"end":{"line":129,"column":null}},"45":{"start":{"line":130,"column":8},"end":{"line":130,"column":null}},"46":{"start":{"line":134,"column":26},"end":{"line":134,"column":null}},"47":{"start":{"line":135,"column":26},"end":{"line":137,"column":null}},"48":{"start":{"line":136,"column":22},"end":{"line":136,"column":null}},"49":{"start":{"line":140,"column":4},"end":{"line":140,"column":null}},"50":{"start":{"line":147,"column":27},"end":{"line":147,"column":null}},"51":{"start":{"line":147,"column":45},"end":{"line":147,"column":null}},"52":{"start":{"line":148,"column":4},"end":{"line":148,"column":null}},"53":{"start":{"line":148,"column":37},"end":{"line":148,"column":null}},"54":{"start":{"line":150,"column":22},"end":{"line":156,"column":null}},"55":{"start":{"line":151,"column":26},"end":{"line":151,"column":null}},"56":{"start":{"line":152,"column":28},"end":{"line":152,"column":null}},"57":{"start":{"line":153,"column":23},"end":{"line":153,"column":null}},"58":{"start":{"line":154,"column":23},"end":{"line":154,"column":null}},"59":{"start":{"line":155,"column":6},"end":{"line":155,"column":null}},"60":{"start":{"line":158,"column":26},"end":{"line":158,"column":null}},"61":{"start":{"line":158,"column":58},"end":{"line":158,"column":70}},"62":{"start":{"line":159,"column":4},"end":{"line":159,"column":null}},"63":{"start":{"line":166,"column":16},"end":{"line":166,"column":null}},"64":{"start":{"line":168,"column":4},"end":{"line":174,"column":null}},"65":{"start":{"line":169,"column":6},"end":{"line":169,"column":null}},"66":{"start":{"line":169,"column":65},"end":{"line":169,"column":null}},"67":{"start":{"line":170,"column":6},"end":{"line":170,"column":null}},"68":{"start":{"line":170,"column":28},"end":{"line":170,"column":null}},"69":{"start":{"line":172,"column":22},"end":{"line":172,"column":null}},"70":{"start":{"line":173,"column":6},"end":{"line":173,"column":null}},"71":{"start":{"line":181,"column":49},"end":{"line":187,"column":null}},"72":{"start":{"line":189,"column":4},"end":{"line":193,"column":null}},"73":{"start":{"line":190,"column":6},"end":{"line":192,"column":null}},"74":{"start":{"line":191,"column":8},"end":{"line":191,"column":null}},"75":{"start":{"line":195,"column":4},"end":{"line":195,"column":null}},"76":{"start":{"line":205,"column":4},"end":{"line":225,"column":null}},"77":{"start":{"line":206,"column":24},"end":{"line":207,"column":null}},"78":{"start":{"line":207,"column":16},"end":{"line":207,"column":43}},"79":{"start":{"line":210,"column":29},"end":{"line":212,"column":14}},"80":{"start":{"line":211,"column":16},"end":{"line":211,"column":null}},"81":{"start":{"line":214,"column":30},"end":{"line":216,"column":null}},"82":{"start":{"line":218,"column":6},"end":{"line":224,"column":null}},"83":{"start":{"line":236,"column":21},"end":{"line":236,"column":null}},"84":{"start":{"line":238,"column":4},"end":{"line":241,"column":null}},"85":{"start":{"line":239,"column":21},"end":{"line":239,"column":null}},"86":{"start":{"line":240,"column":6},"end":{"line":240,"column":null}},"87":{"start":{"line":240,"column":18},"end":{"line":240,"column":null}},"88":{"start":{"line":244,"column":45},"end":{"line":244,"column":47}},"89":{"start":{"line":245,"column":4},"end":{"line":249,"column":null}},"90":{"start":{"line":246,"column":6},"end":{"line":248,"column":null}},"91":{"start":{"line":247,"column":8},"end":{"line":247,"column":null}},"92":{"start":{"line":251,"column":32},"end":{"line":260,"column":null}},"93":{"start":{"line":257,"column":40},"end":{"line":257,"column":66}},"94":{"start":{"line":262,"column":4},"end":{"line":264,"column":null}},"95":{"start":{"line":263,"column":6},"end":{"line":263,"column":null}},"96":{"start":{"line":266,"column":4},"end":{"line":266,"column":null}},"97":{"start":{"line":273,"column":4},"end":{"line":273,"column":null}},"98":{"start":{"line":58,"column":10},"end":{"line":58,"column":null}}},"fnMap":{"0":{"name":"(anonymous_1)","decl":{"start":{"line":32,"column":2},"end":{"line":32,"column":9}},"loc":{"start":{"line":32,"column":32},"end":{"line":43,"column":null}}},"1":{"name":"(anonymous_2)","decl":{"start":{"line":45,"column":2},"end":{"line":45,"column":9}},"loc":{"start":{"line":45,"column":37},"end":{"line":50,"column":null}}},"2":{"name":"(anonymous_3)","decl":{"start":{"line":52,"column":2},"end":{"line":52,"column":16}},"loc":{"start":{"line":52,"column":16},"end":{"line":54,"column":null}}},"3":{"name":"(anonymous_5)","decl":{"start":{"line":63,"column":2},"end":{"line":63,"column":24}},"loc":{"start":{"line":63,"column":47},"end":{"line":72,"column":null}}},"4":{"name":"(anonymous_6)","decl":{"start":{"line":66,"column":39},"end":{"line":66,"column":40}},"loc":{"start":{"line":66,"column":45},"end":{"line":69,"column":7}}},"5":{"name":"(anonymous_7)","decl":{"start":{"line":77,"column":2},"end":{"line":77,"column":24}},"loc":{"start":{"line":77,"column":48},"end":{"line":87,"column":null}}},"6":{"name":"(anonymous_8)","decl":{"start":{"line":83,"column":6},"end":{"line":83,"column":14}},"loc":{"start":{"line":83,"column":14},"end":{"line":83,"column":null}}},"7":{"name":"(anonymous_9)","decl":{"start":{"line":92,"column":2},"end":{"line":92,"column":32}},"loc":{"start":{"line":92,"column":55},"end":{"line":113,"column":null}}},"8":{"name":"(anonymous_10)","decl":{"start":{"line":93,"column":40},"end":{"line":93,"column":45}},"loc":{"start":{"line":93,"column":45},"end":{"line":93,"column":null}}},"9":{"name":"(anonymous_11)","decl":{"start":{"line":96,"column":46},"end":{"line":96,"column":null}},"loc":{"start":{"line":96,"column":46},"end":{"line":110,"column":null}}},"10":{"name":"(anonymous_12)","decl":{"start":{"line":100,"column":42},"end":{"line":100,"column":null}},"loc":{"start":{"line":100,"column":42},"end":{"line":109,"column":null}}},"11":{"name":"(anonymous_13)","decl":{"start":{"line":118,"column":2},"end":{"line":118,"column":null}},"loc":{"start":{"line":122,"column":12},"end":{"line":141,"column":null}}},"12":{"name":"(anonymous_14)","decl":{"start":{"line":127,"column":26},"end":{"line":127,"column":null}},"loc":{"start":{"line":127,"column":26},"end":{"line":132,"column":null}}},"13":{"name":"(anonymous_15)","decl":{"start":{"line":136,"column":6},"end":{"line":136,"column":7}},"loc":{"start":{"line":136,"column":22},"end":{"line":136,"column":null}}},"14":{"name":"(anonymous_16)","decl":{"start":{"line":146,"column":2},"end":{"line":146,"column":27}},"loc":{"start":{"line":146,"column":50},"end":{"line":160,"column":null}}},"15":{"name":"(anonymous_17)","decl":{"start":{"line":147,"column":40},"end":{"line":147,"column":45}},"loc":{"start":{"line":147,"column":45},"end":{"line":147,"column":null}}},"16":{"name":"(anonymous_18)","decl":{"start":{"line":150,"column":41},"end":{"line":150,"column":null}},"loc":{"start":{"line":150,"column":41},"end":{"line":156,"column":null}}},"17":{"name":"(anonymous_19)","decl":{"start":{"line":158,"column":43},"end":{"line":158,"column":44}},"loc":{"start":{"line":158,"column":58},"end":{"line":158,"column":70}}},"18":{"name":"(anonymous_20)","decl":{"start":{"line":165,"column":2},"end":{"line":165,"column":20}},"loc":{"start":{"line":165,"column":59},"end":{"line":175,"column":null}}},"19":{"name":"(anonymous_21)","decl":{"start":{"line":168,"column":32},"end":{"line":168,"column":null}},"loc":{"start":{"line":168,"column":32},"end":{"line":174,"column":7}}},"20":{"name":"(anonymous_22)","decl":{"start":{"line":180,"column":2},"end":{"line":180,"column":21}},"loc":{"start":{"line":180,"column":76},"end":{"line":196,"column":null}}},"21":{"name":"(anonymous_23)","decl":{"start":{"line":189,"column":26},"end":{"line":189,"column":null}},"loc":{"start":{"line":189,"column":26},"end":{"line":193,"column":null}}},"22":{"name":"(anonymous_24)","decl":{"start":{"line":201,"column":2},"end":{"line":201,"column":null}},"loc":{"start":{"line":204,"column":23},"end":{"line":226,"column":null}}},"23":{"name":"(anonymous_25)","decl":{"start":{"line":205,"column":21},"end":{"line":205,"column":null}},"loc":{"start":{"line":205,"column":21},"end":{"line":225,"column":null}}},"24":{"name":"(anonymous_26)","decl":{"start":{"line":207,"column":8},"end":{"line":207,"column":16}},"loc":{"start":{"line":207,"column":16},"end":{"line":207,"column":43}}},"25":{"name":"(anonymous_27)","decl":{"start":{"line":211,"column":8},"end":{"line":211,"column":16}},"loc":{"start":{"line":211,"column":16},"end":{"line":211,"column":null}}},"26":{"name":"(anonymous_28)","decl":{"start":{"line":231,"column":2},"end":{"line":231,"column":null}},"loc":{"start":{"line":235,"column":16},"end":{"line":267,"column":null}}},"27":{"name":"(anonymous_29)","decl":{"start":{"line":245,"column":18},"end":{"line":245,"column":null}},"loc":{"start":{"line":245,"column":18},"end":{"line":249,"column":null}}},"28":{"name":"(anonymous_30)","decl":{"start":{"line":257,"column":35},"end":{"line":257,"column":40}},"loc":{"start":{"line":257,"column":40},"end":{"line":257,"column":66}}},"29":{"name":"(anonymous_31)","decl":{"start":{"line":272,"column":2},"end":{"line":272,"column":21}},"loc":{"start":{"line":272,"column":21},"end":{"line":274,"column":null}}}},"branchMap":{"0":{"loc":{"start":{"line":34,"column":4},"end":{"line":34,"column":null}},"type":"if","locations":[{"start":{"line":34,"column":4},"end":{"line":34,"column":null}},{"start":{},"end":{}}]},"1":{"loc":{"start":{"line":37,"column":4},"end":{"line":40,"column":null}},"type":"if","locations":[{"start":{"line":37,"column":4},"end":{"line":40,"column":null}},{"start":{},"end":{}}]},"2":{"loc":{"start":{"line":64,"column":4},"end":{"line":64,"column":null}},"type":"if","locations":[{"start":{"line":64,"column":4},"end":{"line":64,"column":null}},{"start":{},"end":{}}]},"3":{"loc":{"start":{"line":78,"column":4},"end":{"line":80,"column":null}},"type":"if","locations":[{"start":{"line":78,"column":4},"end":{"line":80,"column":null}},{"start":{},"end":{}}]},"4":{"loc":{"start":{"line":78,"column":8},"end":{"line":78,"column":72}},"type":"binary-expr","locations":[{"start":{"line":78,"column":8},"end":{"line":78,"column":31}},{"start":{"line":78,"column":35},"end":{"line":78,"column":72}}]},"5":{"loc":{"start":{"line":94,"column":4},"end":{"line":94,"column":49}},"type":"if","locations":[{"start":{"line":94,"column":4},"end":{"line":94,"column":49}},{"start":{},"end":{}}]},"6":{"loc":{"start":{"line":98,"column":6},"end":{"line":98,"column":null}},"type":"if","locations":[{"start":{"line":98,"column":6},"end":{"line":98,"column":null}},{"start":{},"end":{}}]},"7":{"loc":{"start":{"line":101,"column":8},"end":{"line":101,"column":null}},"type":"if","locations":[{"start":{"line":101,"column":8},"end":{"line":101,"column":null}},{"start":{},"end":{}}]},"8":{"loc":{"start":{"line":102,"column":8},"end":{"line":102,"column":null}},"type":"if","locations":[{"start":{"line":102,"column":8},"end":{"line":102,"column":null}},{"start":{},"end":{}}]},"9":{"loc":{"start":{"line":121,"column":4},"end":{"line":121,"column":32}},"type":"default-arg","locations":[{"start":{"line":121,"column":30},"end":{"line":121,"column":32}}]},"10":{"loc":{"start":{"line":123,"column":4},"end":{"line":123,"column":null}},"type":"if","locations":[{"start":{"line":123,"column":4},"end":{"line":123,"column":null}},{"start":{},"end":{}}]},"11":{"loc":{"start":{"line":128,"column":6},"end":{"line":131,"column":null}},"type":"if","locations":[{"start":{"line":128,"column":6},"end":{"line":131,"column":null}},{"start":{},"end":{}}]},"12":{"loc":{"start":{"line":128,"column":10},"end":{"line":128,"column":53}},"type":"binary-expr","locations":[{"start":{"line":128,"column":10},"end":{"line":128,"column":25}},{"start":{"line":128,"column":29},"end":{"line":128,"column":53}}]},"13":{"loc":{"start":{"line":129,"column":22},"end":{"line":129,"column":null}},"type":"binary-expr","locations":[{"start":{"line":129,"column":22},"end":{"line":129,"column":66}},{"start":{"line":129,"column":66},"end":{"line":129,"column":null}}]},"14":{"loc":{"start":{"line":148,"column":4},"end":{"line":148,"column":null}},"type":"if","locations":[{"start":{"line":148,"column":4},"end":{"line":148,"column":null}},{"start":{},"end":{}}]},"15":{"loc":{"start":{"line":151,"column":35},"end":{"line":151,"column":null}},"type":"binary-expr","locations":[{"start":{"line":151,"column":35},"end":{"line":151,"column":53}},{"start":{"line":151,"column":57},"end":{"line":151,"column":null}}]},"16":{"loc":{"start":{"line":152,"column":37},"end":{"line":152,"column":null}},"type":"binary-expr","locations":[{"start":{"line":152,"column":37},"end":{"line":152,"column":55}},{"start":{"line":152,"column":59},"end":{"line":152,"column":null}}]},"17":{"loc":{"start":{"line":169,"column":6},"end":{"line":169,"column":null}},"type":"if","locations":[{"start":{"line":169,"column":6},"end":{"line":169,"column":null}},{"start":{},"end":{}}]},"18":{"loc":{"start":{"line":169,"column":10},"end":{"line":169,"column":65}},"type":"binary-expr","locations":[{"start":{"line":169,"column":10},"end":{"line":169,"column":36}},{"start":{"line":169,"column":36},"end":{"line":169,"column":65}}]},"19":{"loc":{"start":{"line":170,"column":6},"end":{"line":170,"column":null}},"type":"if","locations":[{"start":{"line":170,"column":6},"end":{"line":170,"column":null}},{"start":{},"end":{}}]},"20":{"loc":{"start":{"line":190,"column":6},"end":{"line":192,"column":null}},"type":"if","locations":[{"start":{"line":190,"column":6},"end":{"line":192,"column":null}},{"start":{},"end":{}}]},"21":{"loc":{"start":{"line":214,"column":30},"end":{"line":216,"column":null}},"type":"cond-expr","locations":[{"start":{"line":215,"column":10},"end":{"line":215,"column":null}},{"start":{"line":216,"column":10},"end":{"line":216,"column":null}}]},"22":{"loc":{"start":{"line":234,"column":4},"end":{"line":234,"column":28}},"type":"default-arg","locations":[{"start":{"line":234,"column":24},"end":{"line":234,"column":28}}]},"23":{"loc":{"start":{"line":238,"column":4},"end":{"line":241,"column":null}},"type":"if","locations":[{"start":{"line":238,"column":4},"end":{"line":241,"column":null}},{"start":{},"end":{}}]},"24":{"loc":{"start":{"line":240,"column":6},"end":{"line":240,"column":null}},"type":"if","locations":[{"start":{"line":240,"column":6},"end":{"line":240,"column":null}},{"start":{},"end":{}}]},"25":{"loc":{"start":{"line":246,"column":6},"end":{"line":248,"column":null}},"type":"if","locations":[{"start":{"line":246,"column":6},"end":{"line":248,"column":null}},{"start":{},"end":{}}]},"26":{"loc":{"start":{"line":262,"column":4},"end":{"line":264,"column":null}},"type":"if","locations":[{"start":{"line":262,"column":4},"end":{"line":264,"column":null}},{"start":{},"end":{}}]}},"s":{"0":27,"1":4,"2":4,"3":3,"4":1,"5":1,"6":0,"7":0,"8":1,"9":3,"10":1,"11":27,"12":9,"13":1,"14":8,"15":1013,"16":1013,"17":8,"18":1018,"19":4,"20":1014,"21":3042,"22":1014,"23":8,"24":1013,"25":8,"26":1,"27":7,"28":506,"29":0,"30":506,"31":506,"32":0,"33":506,"34":0,"35":506,"36":506,"37":506,"38":7,"39":9,"40":1,"41":8,"42":8,"43":3042,"44":2021,"45":2021,"46":8,"47":8,"48":23,"49":8,"50":8,"51":1013,"52":8,"53":1,"54":7,"55":506,"56":506,"57":506,"58":506,"59":506,"60":7,"61":506,"62":7,"63":9,"64":9,"65":3039,"66":1021,"67":2018,"68":0,"69":2018,"70":2018,"71":9,"72":9,"73":4036,"74":4036,"75":9,"76":2,"77":4,"78":24,"79":4,"80":6,"81":4,"82":4,"83":7,"84":7,"85":4,"86":4,"87":1,"88":6,"89":6,"90":1010,"91":1010,"92":6,"93":1010,"94":6,"95":3,"96":6,"97":1,"98":27},"f":{"0":4,"1":3,"2":1,"3":9,"4":1013,"5":1018,"6":3042,"7":8,"8":1013,"9":506,"10":506,"11":9,"12":3042,"13":23,"14":8,"15":1013,"16":506,"17":506,"18":9,"19":3039,"20":9,"21":4036,"22":2,"23":4,"24":24,"25":6,"26":7,"27":1010,"28":1010,"29":1},"b":{"0":[3,1],"1":[0,1],"2":[1,8],"3":[4,1014],"4":[1018,1016],"5":[1,7],"6":[0,506],"7":[0,506],"8":[0,506],"9":[6],"10":[1,8],"11":[2021,1021],"12":[3042,3042],"13":[2021,23],"14":[1,7],"15":[506,0],"16":[506,0],"17":[1021,2018],"18":[3039,2019],"19":[0,2018],"20":[4036,0],"21":[3,1],"22":[0],"23":[4,3],"24":[1,3],"25":[1010,0],"26":[3,3]}}
}
