{"/mnt/c/work/git2/process-todo/web/app/components/cases/case-form.tsx": {"path":"/mnt/c/work/git2/process-todo/web/app/components/cases/case-form.tsx","statementMap":{"0":{"start":{"line":17,"column":16},"end":{"line":17,"column":25}},"1":{"start":{"line":3,"column":36},"end":{"line":3,"column":null}},"2":{"start":{"line":4,"column":26},"end":{"line":4,"column":null}},"3":{"start":{"line":6,"column":20},"end":{"line":6,"column":null}},"4":{"start":{"line":7,"column":23},"end":{"line":7,"column":null}},"5":{"start":{"line":8,"column":22},"end":{"line":8,"column":null}},"6":{"start":{"line":9,"column":23},"end":{"line":9,"column":null}},"7":{"start":{"line":10,"column":51},"end":{"line":10,"column":null}},"8":{"start":{"line":18,"column":17},"end":{"line":18,"column":null}},"9":{"start":{"line":19,"column":32},"end":{"line":19,"column":null}},"10":{"start":{"line":20,"column":30},"end":{"line":20,"column":null}},"11":{"start":{"line":21,"column":36},"end":{"line":21,"column":null}},"12":{"start":{"line":23,"column":26},"end":{"line":25,"column":18}},"13":{"start":{"line":27,"column":34},"end":{"line":32,"column":null}},"14":{"start":{"line":33,"column":30},"end":{"line":33,"column":null}},"15":{"start":{"line":35,"column":2},"end":{"line":40,"column":null}},"16":{"start":{"line":36,"column":4},"end":{"line":36,"column":null}},"17":{"start":{"line":37,"column":4},"end":{"line":39,"column":null}},"18":{"start":{"line":38,"column":6},"end":{"line":38,"column":null}},"19":{"start":{"line":42,"column":25},"end":{"line":49,"column":null}},"20":{"start":{"line":43,"column":4},"end":{"line":48,"column":null}},"21":{"start":{"line":44,"column":23},"end":{"line":44,"column":null}},"22":{"start":{"line":45,"column":6},"end":{"line":45,"column":null}},"23":{"start":{"line":45,"column":64},"end":{"line":45,"column":74}},"24":{"start":{"line":47,"column":6},"end":{"line":47,"column":null}},"25":{"start":{"line":51,"column":20},"end":{"line":64,"column":null}},"26":{"start":{"line":52,"column":4},"end":{"line":52,"column":null}},"27":{"start":{"line":52,"column":17},"end":{"line":52,"column":null}},"28":{"start":{"line":54,"column":4},"end":{"line":54,"column":null}},"29":{"start":{"line":55,"column":4},"end":{"line":63,"column":null}},"30":{"start":{"line":56,"column":23},"end":{"line":56,"column":null}},"31":{"start":{"line":57,"column":6},"end":{"line":57,"column":null}},"32":{"start":{"line":59,"column":6},"end":{"line":59,"column":null}},"33":{"start":{"line":60,"column":6},"end":{"line":60,"column":null}},"34":{"start":{"line":62,"column":6},"end":{"line":62,"column":null}},"35":{"start":{"line":66,"column":23},"end":{"line":91,"column":null}},"36":{"start":{"line":67,"column":46},"end":{"line":67,"column":null}},"37":{"start":{"line":69,"column":4},"end":{"line":71,"column":null}},"38":{"start":{"line":70,"column":6},"end":{"line":70,"column":null}},"39":{"start":{"line":73,"column":25},"end":{"line":73,"column":null}},"40":{"start":{"line":74,"column":4},"end":{"line":76,"column":null}},"41":{"start":{"line":75,"column":6},"end":{"line":75,"column":null}},"42":{"start":{"line":78,"column":4},"end":{"line":87,"column":null}},"43":{"start":{"line":79,"column":6},"end":{"line":79,"column":null}},"44":{"start":{"line":81,"column":23},"end":{"line":81,"column":null}},"45":{"start":{"line":82,"column":20},"end":{"line":82,"column":null}},"46":{"start":{"line":83,"column":6},"end":{"line":83,"column":null}},"47":{"start":{"line":84,"column":6},"end":{"line":86,"column":null}},"48":{"start":{"line":85,"column":8},"end":{"line":85,"column":null}},"49":{"start":{"line":89,"column":4},"end":{"line":89,"column":null}},"50":{"start":{"line":90,"column":4},"end":{"line":90,"column":null}},"51":{"start":{"line":93,"column":23},"end":{"line":188,"column":null}},"52":{"start":{"line":94,"column":4},"end":{"line":94,"column":null}},"53":{"start":{"line":96,"column":4},"end":{"line":98,"column":null}},"54":{"start":{"line":97,"column":6},"end":{"line":97,"column":null}},"55":{"start":{"line":100,"column":4},"end":{"line":100,"column":null}},"56":{"start":{"line":101,"column":4},"end":{"line":187,"column":null}},"57":{"start":{"line":103,"column":26},"end":{"line":105,"column":null}},"58":{"start":{"line":108,"column":27},"end":{"line":108,"column":null}},"59":{"start":{"line":111,"column":6},"end":{"line":111,"column":null}},"60":{"start":{"line":112,"column":6},"end":{"line":112,"column":null}},"61":{"start":{"line":113,"column":6},"end":{"line":113,"column":null}},"62":{"start":{"line":114,"column":6},"end":{"line":118,"column":null}},"63":{"start":{"line":121,"column":28},"end":{"line":125,"column":null}},"64":{"start":{"line":128,"column":28},"end":{"line":131,"column":null}},"65":{"start":{"line":133,"column":6},"end":{"line":168,"column":null}},"66":{"start":{"line":134,"column":8},"end":{"line":134,"column":null}},"67":{"start":{"line":135,"column":8},"end":{"line":135,"column":null}},"68":{"start":{"line":136,"column":8},"end":{"line":136,"column":null}},"69":{"start":{"line":138,"column":8},"end":{"line":138,"column":null}},"70":{"start":{"line":139,"column":8},"end":{"line":139,"column":null}},"71":{"start":{"line":140,"column":8},"end":{"line":140,"column":null}},"72":{"start":{"line":141,"column":8},"end":{"line":141,"column":null}},"73":{"start":{"line":144,"column":8},"end":{"line":167,"column":null}},"74":{"start":{"line":145,"column":32},"end":{"line":151,"column":null}},"75":{"start":{"line":153,"column":10},"end":{"line":153,"column":null}},"76":{"start":{"line":154,"column":28},"end":{"line":154,"column":null}},"77":{"start":{"line":155,"column":10},"end":{"line":155,"column":null}},"78":{"start":{"line":157,"column":10},"end":{"line":163,"column":null}},"79":{"start":{"line":158,"column":12},"end":{"line":158,"column":null}},"80":{"start":{"line":159,"column":12},"end":{"line":159,"column":null}},"81":{"start":{"line":161,"column":12},"end":{"line":161,"column":null}},"82":{"start":{"line":162,"column":12},"end":{"line":162,"column":null}},"83":{"start":{"line":165,"column":10},"end":{"line":165,"column":null}},"84":{"start":{"line":166,"column":10},"end":{"line":166,"column":null}},"85":{"start":{"line":170,"column":6},"end":{"line":170,"column":null}},"86":{"start":{"line":171,"column":6},"end":{"line":171,"column":null}},"87":{"start":{"line":172,"column":6},"end":{"line":172,"column":null}},"88":{"start":{"line":174,"column":6},"end":{"line":184,"column":null}},"89":{"start":{"line":175,"column":24},"end":{"line":178,"column":null}},"90":{"start":{"line":179,"column":8},"end":{"line":179,"column":null}},"91":{"start":{"line":180,"column":13},"end":{"line":184,"column":null}},"92":{"start":{"line":181,"column":8},"end":{"line":181,"column":null}},"93":{"start":{"line":183,"column":8},"end":{"line":183,"column":null}},"94":{"start":{"line":186,"column":6},"end":{"line":186,"column":null}},"95":{"start":{"line":190,"column":2},"end":{"line":196,"column":null}},"96":{"start":{"line":206,"column":27},"end":{"line":206,"column":null}},"97":{"start":{"line":239,"column":29},"end":{"line":239,"column":null}},"98":{"start":{"line":247,"column":29},"end":{"line":247,"column":null}},"99":{"start":{"line":252,"column":37},"end":{"line":255,"column":null}},"100":{"start":{"line":267,"column":33},"end":{"line":267,"column":null}},"101":{"start":{"line":283,"column":29},"end":{"line":283,"column":null}},"102":{"start":{"line":304,"column":34},"end":{"line":304,"column":null}},"103":{"start":{"line":305,"column":32},"end":{"line":305,"column":null}},"104":{"start":{"line":307,"column":2},"end":{"line":309,"column":null}},"105":{"start":{"line":308,"column":4},"end":{"line":308,"column":null}},"106":{"start":{"line":311,"column":24},"end":{"line":321,"column":null}},"107":{"start":{"line":312,"column":4},"end":{"line":312,"column":null}},"108":{"start":{"line":313,"column":4},"end":{"line":320,"column":null}},"109":{"start":{"line":314,"column":23},"end":{"line":314,"column":null}},"110":{"start":{"line":315,"column":6},"end":{"line":315,"column":null}},"111":{"start":{"line":317,"column":6},"end":{"line":317,"column":null}},"112":{"start":{"line":319,"column":6},"end":{"line":319,"column":null}},"113":{"start":{"line":323,"column":2},"end":{"line":331,"column":null}},"114":{"start":{"line":333,"column":2},"end":{"line":333,"column":null}},"115":{"start":{"line":333,"column":17},"end":{"line":333,"column":null}},"116":{"start":{"line":359,"column":18},"end":{"line":359,"column":null}}},"fnMap":{"0":{"name":"CaseForm","decl":{"start":{"line":17,"column":16},"end":{"line":17,"column":25}},"loc":{"start":{"line":17,"column":62},"end":{"line":300,"column":null}}},"1":{"name":"(anonymous_2)","decl":{"start":{"line":35,"column":12},"end":{"line":35,"column":null}},"loc":{"start":{"line":35,"column":12},"end":{"line":40,"column":5}}},"2":{"name":"(anonymous_3)","decl":{"start":{"line":42,"column":25},"end":{"line":42,"column":null}},"loc":{"start":{"line":42,"column":25},"end":{"line":49,"column":null}}},"3":{"name":"(anonymous_4)","decl":{"start":{"line":45,"column":40},"end":{"line":45,"column":41}},"loc":{"start":{"line":45,"column":64},"end":{"line":45,"column":74}}},"4":{"name":"(anonymous_5)","decl":{"start":{"line":51,"column":20},"end":{"line":51,"column":null}},"loc":{"start":{"line":51,"column":20},"end":{"line":64,"column":null}}},"5":{"name":"(anonymous_6)","decl":{"start":{"line":66,"column":23},"end":{"line":66,"column":null}},"loc":{"start":{"line":66,"column":23},"end":{"line":91,"column":null}}},"6":{"name":"(anonymous_7)","decl":{"start":{"line":93,"column":23},"end":{"line":93,"column":30}},"loc":{"start":{"line":93,"column":30},"end":{"line":188,"column":null}}},"7":{"name":"(anonymous_8)","decl":{"start":{"line":206,"column":21},"end":{"line":206,"column":27}},"loc":{"start":{"line":206,"column":27},"end":{"line":206,"column":null}}},"8":{"name":"(anonymous_9)","decl":{"start":{"line":239,"column":22},"end":{"line":239,"column":23}},"loc":{"start":{"line":239,"column":29},"end":{"line":239,"column":null}}},"9":{"name":"(anonymous_10)","decl":{"start":{"line":247,"column":22},"end":{"line":247,"column":23}},"loc":{"start":{"line":247,"column":29},"end":{"line":247,"column":null}}},"10":{"name":"(anonymous_11)","decl":{"start":{"line":252,"column":31},"end":{"line":252,"column":37}},"loc":{"start":{"line":252,"column":37},"end":{"line":255,"column":null}}},"11":{"name":"(anonymous_12)","decl":{"start":{"line":267,"column":26},"end":{"line":267,"column":27}},"loc":{"start":{"line":267,"column":33},"end":{"line":267,"column":null}}},"12":{"name":"(anonymous_13)","decl":{"start":{"line":283,"column":22},"end":{"line":283,"column":23}},"loc":{"start":{"line":283,"column":29},"end":{"line":283,"column":null}}},"13":{"name":"TemplatePreview","decl":{"start":{"line":303,"column":9},"end":{"line":303,"column":25}},"loc":{"start":{"line":303,"column":92},"end":{"line":377,"column":1}}},"14":{"name":"(anonymous_15)","decl":{"start":{"line":307,"column":12},"end":{"line":307,"column":null}},"loc":{"start":{"line":307,"column":12},"end":{"line":309,"column":5}}},"15":{"name":"(anonymous_16)","decl":{"start":{"line":311,"column":24},"end":{"line":311,"column":null}},"loc":{"start":{"line":311,"column":24},"end":{"line":321,"column":null}}},"16":{"name":"(anonymous_17)","decl":{"start":{"line":358,"column":44},"end":{"line":358,"column":45}},"loc":{"start":{"line":359,"column":18},"end":{"line":359,"column":null}}}},"branchMap":{"0":{"loc":{"start":{"line":29,"column":15},"end":{"line":29,"column":null}},"type":"binary-expr","locations":[{"start":{"line":29,"column":15},"end":{"line":29,"column":29}},{"start":{"line":29,"column":29},"end":{"line":29,"column":null}}]},"1":{"loc":{"start":{"line":37,"column":4},"end":{"line":39,"column":null}},"type":"if","locations":[{"start":{"line":37,"column":4},"end":{"line":39,"column":null}},{"start":{},"end":{}}]},"2":{"loc":{"start":{"line":52,"column":4},"end":{"line":52,"column":null}},"type":"if","locations":[{"start":{"line":52,"column":4},"end":{"line":52,"column":null}},{"start":{},"end":{}}]},"3":{"loc":{"start":{"line":69,"column":4},"end":{"line":71,"column":null}},"type":"if","locations":[{"start":{"line":69,"column":4},"end":{"line":71,"column":null}},{"start":{},"end":{}}]},"4":{"loc":{"start":{"line":74,"column":4},"end":{"line":76,"column":null}},"type":"if","locations":[{"start":{"line":74,"column":4},"end":{"line":76,"column":null}},{"start":{},"end":{}}]},"5":{"loc":{"start":{"line":74,"column":8},"end":{"line":74,"column":68}},"type":"binary-expr","locations":[{"start":{"line":74,"column":8},"end":{"line":74,"column":25}},{"start":{"line":74,"column":25},"end":{"line":74,"column":47}},{"start":{"line":74,"column":47},"end":{"line":74,"column":68}}]},"6":{"loc":{"start":{"line":78,"column":4},"end":{"line":87,"column":null}},"type":"if","locations":[{"start":{"line":78,"column":4},"end":{"line":87,"column":null}},{"start":{"line":80,"column":11},"end":{"line":87,"column":null}}]},"7":{"loc":{"start":{"line":84,"column":6},"end":{"line":86,"column":null}},"type":"if","locations":[{"start":{"line":84,"column":6},"end":{"line":86,"column":null}},{"start":{},"end":{}}]},"8":{"loc":{"start":{"line":96,"column":4},"end":{"line":98,"column":null}},"type":"if","locations":[{"start":{"line":96,"column":4},"end":{"line":98,"column":null}},{"start":{},"end":{}}]},"9":{"loc":{"start":{"line":103,"column":26},"end":{"line":105,"column":null}},"type":"cond-expr","locations":[{"start":{"line":104,"column":8},"end":{"line":104,"column":null}},{"start":{"line":105,"column":8},"end":{"line":105,"column":null}}]},"10":{"loc":{"start":{"line":133,"column":6},"end":{"line":168,"column":null}},"type":"if","locations":[{"start":{"line":133,"column":6},"end":{"line":168,"column":null}},{"start":{"line":137,"column":13},"end":{"line":168,"column":null}}]},"11":{"loc":{"start":{"line":157,"column":10},"end":{"line":163,"column":null}},"type":"if","locations":[{"start":{"line":157,"column":10},"end":{"line":163,"column":null}},{"start":{"line":160,"column":17},"end":{"line":163,"column":null}}]},"12":{"loc":{"start":{"line":174,"column":6},"end":{"line":184,"column":null}},"type":"if","locations":[{"start":{"line":174,"column":6},"end":{"line":184,"column":null}},{"start":{"line":180,"column":13},"end":{"line":184,"column":null}}]},"13":{"loc":{"start":{"line":175,"column":24},"end":{"line":178,"column":null}},"type":"binary-expr","locations":[{"start":{"line":175,"column":24},"end":{"line":175,"column":null}},{"start":{"line":176,"column":23},"end":{"line":176,"column":null}},{"start":{"line":177,"column":23},"end":{"line":177,"column":null}},{"start":{"line":178,"column":23},"end":{"line":178,"column":null}}]},"14":{"loc":{"start":{"line":180,"column":13},"end":{"line":184,"column":null}},"type":"if","locations":[{"start":{"line":180,"column":13},"end":{"line":184,"column":null}},{"start":{"line":182,"column":13},"end":{"line":184,"column":null}}]},"15":{"loc":{"start":{"line":190,"column":2},"end":{"line":196,"column":null}},"type":"if","locations":[{"start":{"line":190,"column":2},"end":{"line":196,"column":null}},{"start":{},"end":{}}]},"16":{"loc":{"start":{"line":212,"column":13},"end":{"line":212,"column":null}},"type":"cond-expr","locations":[{"start":{"line":212,"column":22},"end":{"line":212,"column":31}},{"start":{"line":212,"column":31},"end":{"line":212,"column":null}}]},"17":{"loc":{"start":{"line":218,"column":12},"end":{"line":223,"column":null}},"type":"cond-expr","locations":[{"start":{"line":218,"column":12},"end":{"line":223,"column":null}}]},"18":{"loc":{"start":{"line":238,"column":19},"end":{"line":238,"column":null}},"type":"binary-expr","locations":[{"start":{"line":238,"column":19},"end":{"line":238,"column":33}},{"start":{"line":238,"column":37},"end":{"line":238,"column":null}}]},"19":{"loc":{"start":{"line":246,"column":19},"end":{"line":246,"column":null}},"type":"binary-expr","locations":[{"start":{"line":246,"column":19},"end":{"line":246,"column":53}},{"start":{"line":246,"column":53},"end":{"line":246,"column":null}}]},"20":{"loc":{"start":{"line":266,"column":23},"end":{"line":266,"column":null}},"type":"binary-expr","locations":[{"start":{"line":266,"column":23},"end":{"line":266,"column":43}},{"start":{"line":266,"column":47},"end":{"line":266,"column":null}}]},"21":{"loc":{"start":{"line":269,"column":18},"end":{"line":269,"column":null}},"type":"cond-expr","locations":[{"start":{"line":269,"column":39},"end":{"line":269,"column":58}},{"start":{"line":269,"column":58},"end":{"line":269,"column":null}}]},"22":{"loc":{"start":{"line":275,"column":13},"end":{"line":275,"column":31}},"type":"binary-expr","locations":[{"start":{"line":275,"column":13},"end":{"line":275,"column":31}}]},"23":{"loc":{"start":{"line":282,"column":19},"end":{"line":282,"column":null}},"type":"binary-expr","locations":[{"start":{"line":282,"column":19},"end":{"line":282,"column":34}},{"start":{"line":282,"column":38},"end":{"line":282,"column":null}}]},"24":{"loc":{"start":{"line":295,"column":7},"end":{"line":295,"column":25}},"type":"binary-expr","locations":[{"start":{"line":295,"column":7},"end":{"line":295,"column":25}},{"start":{"line":295,"column":29},"end":{"line":295,"column":null}}]},"25":{"loc":{"start":{"line":323,"column":2},"end":{"line":331,"column":null}},"type":"if","locations":[{"start":{"line":323,"column":2},"end":{"line":331,"column":null}},{"start":{},"end":{}}]},"26":{"loc":{"start":{"line":333,"column":2},"end":{"line":333,"column":null}},"type":"if","locations":[{"start":{"line":333,"column":2},"end":{"line":333,"column":null}},{"start":{},"end":{}}]},"27":{"loc":{"start":{"line":341,"column":7},"end":{"line":341,"column":29}},"type":"binary-expr","locations":[{"start":{"line":341,"column":7},"end":{"line":341,"column":29}},{"start":{"line":341,"column":33},"end":{"line":341,"column":null}}]},"28":{"loc":{"start":{"line":363,"column":23},"end":{"line":363,"column":null}},"type":"cond-expr","locations":[{"start":{"line":363,"column":47},"end":{"line":363,"column":57}},{"start":{"line":363,"column":57},"end":{"line":363,"column":null}}]},"29":{"loc":{"start":{"line":366,"column":23},"end":{"line":366,"column":55}},"type":"cond-expr","locations":[{"start":{"line":366,"column":45},"end":{"line":366,"column":51}},{"start":{"line":366,"column":51},"end":{"line":366,"column":55}}]},"30":{"loc":{"start":{"line":359,"column":27},"end":{"line":359,"column":46}},"type":"binary-expr","locations":[{"start":{"line":359,"column":27},"end":{"line":359,"column":34}},{"start":{"line":359,"column":38},"end":{"line":359,"column":46}}]}},"s":{"0":0,"1":0,"2":0,"3":0,"4":0,"5":0,"6":0,"7":0,"8":0,"9":0,"10":0,"11":0,"12":0,"13":0,"14":0,"15":0,"16":0,"17":0,"18":0,"19":0,"20":0,"21":0,"22":0,"23":0,"24":0,"25":0,"26":0,"27":0,"28":0,"29":0,"30":0,"31":0,"32":0,"33":0,"34":0,"35":0,"36":0,"37":0,"38":0,"39":0,"40":0,"41":0,"42":0,"43":0,"44":0,"45":0,"46":0,"47":0,"48":0,"49":0,"50":0,"51":0,"52":0,"53":0,"54":0,"55":0,"56":0,"57":0,"58":0,"59":0,"60":0,"61":0,"62":0,"63":0,"64":0,"65":0,"66":0,"67":0,"68":0,"69":0,"70":0,"71":0,"72":0,"73":0,"74":0,"75":0,"76":0,"77":0,"78":0,"79":0,"80":0,"81":0,"82":0,"83":0,"84":0,"85":0,"86":0,"87":0,"88":0,"89":0,"90":0,"91":0,"92":0,"93":0,"94":0,"95":0,"96":0,"97":0,"98":0,"99":0,"100":0,"101":0,"102":0,"103":0,"104":0,"105":0,"106":0,"107":0,"108":0,"109":0,"110":0,"111":0,"112":0,"113":0,"114":0,"115":0,"116":0},"f":{"0":0,"1":0,"2":0,"3":0,"4":0,"5":0,"6":0,"7":0,"8":0,"9":0,"10":0,"11":0,"12":0,"13":0,"14":0,"15":0,"16":0},"b":{"0":[0,0],"1":[0,0],"2":[0,0],"3":[0,0],"4":[0,0],"5":[0,0,0],"6":[0,0],"7":[0,0],"8":[0,0],"9":[0,0],"10":[0,0],"11":[0,0],"12":[0,0],"13":[0,0,0,0],"14":[0,0],"15":[0,0],"16":[0,0],"17":[0],"18":[0,0],"19":[0,0],"20":[0,0],"21":[0,0],"22":[0],"23":[0,0],"24":[0,0],"25":[0,0],"26":[0,0],"27":[0,0],"28":[0,0],"29":[0,0],"30":[0,0]}}
,"/mnt/c/work/git2/process-todo/web/app/components/cases/replan-dialog.tsx": {"path":"/mnt/c/work/git2/process-todo/web/app/components/cases/replan-dialog.tsx","statementMap":{"0":{"start":{"line":16,"column":16},"end":{"line":16,"column":29}},"1":{"start":{"line":3,"column":25},"end":{"line":3,"column":null}},"2":{"start":{"line":5,"column":20},"end":{"line":5,"column":null}},"3":{"start":{"line":6,"column":23},"end":{"line":6,"column":null}},"4":{"start":{"line":7,"column":52},"end":{"line":7,"column":null}},"5":{"start":{"line":17,"column":40},"end":{"line":17,"column":null}},"6":{"start":{"line":18,"column":44},"end":{"line":19,"column":null}},"7":{"start":{"line":19,"column":22},"end":{"line":19,"column":30}},"8":{"start":{"line":19,"column":41},"end":{"line":19,"column":45}},"9":{"start":{"line":21,"column":32},"end":{"line":21,"column":null}},"10":{"start":{"line":22,"column":32},"end":{"line":22,"column":null}},"11":{"start":{"line":23,"column":34},"end":{"line":23,"column":null}},"12":{"start":{"line":25,"column":24},"end":{"line":41,"column":null}},"13":{"start":{"line":26,"column":4},"end":{"line":26,"column":null}},"14":{"start":{"line":26,"column":22},"end":{"line":26,"column":null}},"15":{"start":{"line":28,"column":4},"end":{"line":28,"column":null}},"16":{"start":{"line":29,"column":4},"end":{"line":40,"column":null}},"17":{"start":{"line":30,"column":23},"end":{"line":33,"column":null}},"18":{"start":{"line":34,"column":6},"end":{"line":34,"column":null}},"19":{"start":{"line":36,"column":6},"end":{"line":36,"column":null}},"20":{"start":{"line":37,"column":6},"end":{"line":37,"column":null}},"21":{"start":{"line":39,"column":6},"end":{"line":39,"column":null}},"22":{"start":{"line":43,"column":22},"end":{"line":61,"column":null}},"23":{"start":{"line":44,"column":4},"end":{"line":44,"column":null}},"24":{"start":{"line":44,"column":18},"end":{"line":44,"column":null}},"25":{"start":{"line":46,"column":4},"end":{"line":46,"column":null}},"26":{"start":{"line":47,"column":4},"end":{"line":60,"column":null}},"27":{"start":{"line":48,"column":6},"end":{"line":51,"column":null}},"28":{"start":{"line":52,"column":6},"end":{"line":52,"column":null}},"29":{"start":{"line":53,"column":6},"end":{"line":53,"column":null}},"30":{"start":{"line":54,"column":6},"end":{"line":54,"column":null}},"31":{"start":{"line":56,"column":6},"end":{"line":56,"column":null}},"32":{"start":{"line":57,"column":6},"end":{"line":57,"column":null}},"33":{"start":{"line":59,"column":6},"end":{"line":59,"column":null}},"34":{"start":{"line":63,"column":21},"end":{"line":66,"column":null}},"35":{"start":{"line":64,"column":4},"end":{"line":64,"column":null}},"36":{"start":{"line":64,"column":21},"end":{"line":64,"column":null}},"37":{"start":{"line":65,"column":4},"end":{"line":65,"column":null}},"38":{"start":{"line":68,"column":22},"end":{"line":72,"column":null}},"39":{"start":{"line":69,"column":4},"end":{"line":69,"column":null}},"40":{"start":{"line":69,"column":30},"end":{"line":69,"column":null}},"41":{"start":{"line":70,"column":17},"end":{"line":70,"column":null}},"42":{"start":{"line":71,"column":4},"end":{"line":71,"column":null}},"43":{"start":{"line":97,"column":35},"end":{"line":97,"column":null}},"44":{"start":{"line":123,"column":18},"end":{"line":123,"column":39}},"45":{"start":{"line":128,"column":24},"end":{"line":132,"column":null}},"46":{"start":{"line":129,"column":26},"end":{"line":129,"column":null}},"47":{"start":{"line":131,"column":26},"end":{"line":131,"column":null}},"48":{"start":{"line":131,"column":70},"end":{"line":131,"column":84}},"49":{"start":{"line":155,"column":59},"end":{"line":155,"column":70}},"50":{"start":{"line":156,"column":59},"end":{"line":156,"column":69}},"51":{"start":{"line":172,"column":35},"end":{"line":172,"column":null}},"52":{"start":{"line":172,"column":59},"end":{"line":172,"column":null}},"53":{"start":{"line":173,"column":22},"end":{"line":174,"column":null}},"54":{"start":{"line":210,"column":41},"end":{"line":210,"column":null}},"55":{"start":{"line":211,"column":24},"end":{"line":212,"column":48}}},"fnMap":{"0":{"name":"ReplanDialog","decl":{"start":{"line":16,"column":16},"end":{"line":16,"column":29}},"loc":{"start":{"line":16,"column":86},"end":{"line":270,"column":null}}},"1":{"name":"(anonymous_2)","decl":{"start":{"line":19,"column":17},"end":{"line":19,"column":22}},"loc":{"start":{"line":19,"column":22},"end":{"line":19,"column":30}}},"2":{"name":"(anonymous_3)","decl":{"start":{"line":19,"column":36},"end":{"line":19,"column":41}},"loc":{"start":{"line":19,"column":41},"end":{"line":19,"column":45}}},"3":{"name":"(anonymous_4)","decl":{"start":{"line":25,"column":24},"end":{"line":25,"column":null}},"loc":{"start":{"line":25,"column":24},"end":{"line":41,"column":null}}},"4":{"name":"(anonymous_5)","decl":{"start":{"line":43,"column":22},"end":{"line":43,"column":null}},"loc":{"start":{"line":43,"column":22},"end":{"line":61,"column":null}}},"5":{"name":"(anonymous_6)","decl":{"start":{"line":63,"column":21},"end":{"line":63,"column":22}},"loc":{"start":{"line":63,"column":22},"end":{"line":66,"column":null}}},"6":{"name":"(anonymous_7)","decl":{"start":{"line":68,"column":22},"end":{"line":68,"column":23}},"loc":{"start":{"line":68,"column":47},"end":{"line":72,"column":null}}},"7":{"name":"(anonymous_8)","decl":{"start":{"line":97,"column":28},"end":{"line":97,"column":29}},"loc":{"start":{"line":97,"column":35},"end":{"line":97,"column":null}}},"8":{"name":"(anonymous_9)","decl":{"start":{"line":122,"column":27},"end":{"line":122,"column":28}},"loc":{"start":{"line":123,"column":18},"end":{"line":123,"column":39}}},"9":{"name":"(anonymous_10)","decl":{"start":{"line":127,"column":32},"end":{"line":127,"column":33}},"loc":{"start":{"line":127,"column":33},"end":{"line":133,"column":null}}},"10":{"name":"(anonymous_11)","decl":{"start":{"line":131,"column":64},"end":{"line":131,"column":70}},"loc":{"start":{"line":131,"column":70},"end":{"line":131,"column":84}}},"11":{"name":"(anonymous_12)","decl":{"start":{"line":155,"column":54},"end":{"line":155,"column":59}},"loc":{"start":{"line":155,"column":59},"end":{"line":155,"column":70}}},"12":{"name":"(anonymous_13)","decl":{"start":{"line":156,"column":54},"end":{"line":156,"column":59}},"loc":{"start":{"line":156,"column":59},"end":{"line":156,"column":69}}},"13":{"name":"(anonymous_14)","decl":{"start":{"line":171,"column":46},"end":{"line":171,"column":47}},"loc":{"start":{"line":171,"column":55},"end":{"line":179,"column":null}}},"14":{"name":"(anonymous_15)","decl":{"start":{"line":172,"column":54},"end":{"line":172,"column":59}},"loc":{"start":{"line":172,"column":59},"end":{"line":172,"column":null}}},"15":{"name":"(anonymous_16)","decl":{"start":{"line":209,"column":41},"end":{"line":209,"column":42}},"loc":{"start":{"line":209,"column":42},"end":{"line":240,"column":null}}}},"branchMap":{"0":{"loc":{"start":{"line":26,"column":4},"end":{"line":26,"column":null}},"type":"if","locations":[{"start":{"line":26,"column":4},"end":{"line":26,"column":null}},{"start":{},"end":{}}]},"1":{"loc":{"start":{"line":44,"column":4},"end":{"line":44,"column":null}},"type":"if","locations":[{"start":{"line":44,"column":4},"end":{"line":44,"column":null}},{"start":{},"end":{}}]},"2":{"loc":{"start":{"line":64,"column":4},"end":{"line":64,"column":null}},"type":"if","locations":[{"start":{"line":64,"column":4},"end":{"line":64,"column":null}},{"start":{},"end":{}}]},"3":{"loc":{"start":{"line":69,"column":4},"end":{"line":69,"column":null}},"type":"if","locations":[{"start":{"line":69,"column":4},"end":{"line":69,"column":null}},{"start":{},"end":{}}]},"4":{"loc":{"start":{"line":69,"column":8},"end":{"line":69,"column":30}},"type":"binary-expr","locations":[{"start":{"line":69,"column":8},"end":{"line":69,"column":20}},{"start":{"line":69,"column":20},"end":{"line":69,"column":30}}]},"5":{"loc":{"start":{"line":102,"column":20},"end":{"line":104,"column":null}},"type":"cond-expr","locations":[{"start":{"line":102,"column":20},"end":{"line":104,"column":null}}]},"6":{"loc":{"start":{"line":128,"column":24},"end":{"line":132,"column":null}},"type":"if","locations":[{"start":{"line":128,"column":24},"end":{"line":132,"column":null}},{"start":{"line":130,"column":31},"end":{"line":132,"column":null}}]},"7":{"loc":{"start":{"line":149,"column":11},"end":{"line":149,"column":null}},"type":"binary-expr","locations":[{"start":{"line":149,"column":11},"end":{"line":149,"column":null}}]},"8":{"loc":{"start":{"line":161,"column":15},"end":{"line":161,"column":null}},"type":"binary-expr","locations":[{"start":{"line":161,"column":15},"end":{"line":161,"column":null}}]},"9":{"loc":{"start":{"line":176,"column":27},"end":{"line":176,"column":null}},"type":"binary-expr","locations":[{"start":{"line":176,"column":27},"end":{"line":176,"column":70}},{"start":{"line":176,"column":70},"end":{"line":176,"column":null}}]},"10":{"loc":{"start":{"line":212,"column":59},"end":{"line":212,"column":null}},"type":"cond-expr","locations":[{"start":{"line":212,"column":75},"end":{"line":212,"column":92}},{"start":{"line":212,"column":92},"end":{"line":212,"column":null}}]},"11":{"loc":{"start":{"line":223,"column":31},"end":{"line":223,"column":null}},"type":"binary-expr","locations":[{"start":{"line":223,"column":31},"end":{"line":223,"column":null}}]},"12":{"loc":{"start":{"line":225,"column":34},"end":{"line":225,"column":null}},"type":"cond-expr","locations":[{"start":{"line":225,"column":49},"end":{"line":225,"column":68}},{"start":{"line":225,"column":68},"end":{"line":225,"column":null}}]},"13":{"loc":{"start":{"line":227,"column":35},"end":{"line":227,"column":60}},"type":"cond-expr","locations":[{"start":{"line":227,"column":50},"end":{"line":227,"column":56}},{"start":{"line":227,"column":56},"end":{"line":227,"column":60}}]},"14":{"loc":{"start":{"line":232,"column":31},"end":{"line":232,"column":44}},"type":"binary-expr","locations":[{"start":{"line":232,"column":31},"end":{"line":232,"column":44}}]},"15":{"loc":{"start":{"line":254,"column":11},"end":{"line":254,"column":null}},"type":"binary-expr","locations":[{"start":{"line":254,"column":11},"end":{"line":254,"column":null}}]},"16":{"loc":{"start":{"line":256,"column":15},"end":{"line":262,"column":null}},"type":"cond-expr","locations":[{"start":{"line":257,"column":16},"end":{"line":262,"column":null}},{"start":{"line":262,"column":16},"end":{"line":262,"column":null}}]}},"s":{"0":0,"1":0,"2":0,"3":0,"4":0,"5":0,"6":0,"7":0,"8":0,"9":0,"10":0,"11":0,"12":0,"13":0,"14":0,"15":0,"16":0,"17":0,"18":0,"19":0,"20":0,"21":0,"22":0,"23":0,"24":0,"25":0,"26":0,"27":0,"28":0,"29":0,"30":0,"31":0,"32":0,"33":0,"34":0,"35":0,"36":0,"37":0,"38":0,"39":0,"40":0,"41":0,"42":0,"43":0,"44":0,"45":0,"46":0,"47":0,"48":0,"49":0,"50":0,"51":0,"52":0,"53":0,"54":0,"55":0},"f":{"0":0,"1":0,"2":0,"3":0,"4":0,"5":0,"6":0,"7":0,"8":0,"9":0,"10":0,"11":0,"12":0,"13":0,"14":0,"15":0},"b":{"0":[0,0],"1":[0,0],"2":[0,0],"3":[0,0],"4":[0,0],"5":[0],"6":[0,0],"7":[0],"8":[0],"9":[0,0],"10":[0,0],"11":[0],"12":[0,0],"13":[0,0],"14":[0],"15":[0],"16":[0,0]}}
,"/mnt/c/work/git2/process-todo/web/app/components/cases/step-comments.tsx": {"path":"/mnt/c/work/git2/process-todo/web/app/components/cases/step-comments.tsx","statementMap":{"0":{"start":{"line":26,"column":16},"end":{"line":26,"column":29}},"1":{"start":{"line":3,"column":36},"end":{"line":3,"column":null}},"2":{"start":{"line":4,"column":20},"end":{"line":4,"column":null}},"3":{"start":{"line":5,"column":23},"end":{"line":5,"column":null}},"4":{"start":{"line":6,"column":25},"end":{"line":6,"column":null}},"5":{"start":{"line":7,"column":88},"end":{"line":7,"column":null}},"6":{"start":{"line":27,"column":34},"end":{"line":27,"column":null}},"7":{"start":{"line":28,"column":38},"end":{"line":28,"column":null}},"8":{"start":{"line":29,"column":32},"end":{"line":29,"column":null}},"9":{"start":{"line":30,"column":42},"end":{"line":30,"column":null}},"10":{"start":{"line":31,"column":32},"end":{"line":31,"column":null}},"11":{"start":{"line":32,"column":38},"end":{"line":32,"column":null}},"12":{"start":{"line":33,"column":34},"end":{"line":33,"column":null}},"13":{"start":{"line":34,"column":28},"end":{"line":34,"column":null}},"14":{"start":{"line":36,"column":2},"end":{"line":41,"column":null}},"15":{"start":{"line":37,"column":4},"end":{"line":40,"column":null}},"16":{"start":{"line":38,"column":6},"end":{"line":38,"column":null}},"17":{"start":{"line":39,"column":6},"end":{"line":39,"column":null}},"18":{"start":{"line":43,"column":21},"end":{"line":50,"column":null}},"19":{"start":{"line":44,"column":4},"end":{"line":49,"column":null}},"20":{"start":{"line":45,"column":23},"end":{"line":45,"column":null}},"21":{"start":{"line":46,"column":6},"end":{"line":46,"column":null}},"22":{"start":{"line":48,"column":6},"end":{"line":48,"column":null}},"23":{"start":{"line":52,"column":24},"end":{"line":89,"column":null}},"24":{"start":{"line":53,"column":4},"end":{"line":53,"column":null}},"25":{"start":{"line":54,"column":4},"end":{"line":88,"column":null}},"26":{"start":{"line":55,"column":23},"end":{"line":55,"column":null}},"27":{"start":{"line":56,"column":27},"end":{"line":56,"column":46}},"28":{"start":{"line":59,"column":25},"end":{"line":59,"column":null}},"29":{"start":{"line":60,"column":38},"end":{"line":60,"column":40}},"30":{"start":{"line":63,"column":6},"end":{"line":65,"column":null}},"31":{"start":{"line":64,"column":8},"end":{"line":64,"column":null}},"32":{"start":{"line":68,"column":6},"end":{"line":76,"column":null}},"33":{"start":{"line":69,"column":30},"end":{"line":69,"column":null}},"34":{"start":{"line":70,"column":8},"end":{"line":75,"column":null}},"35":{"start":{"line":71,"column":25},"end":{"line":71,"column":null}},"36":{"start":{"line":72,"column":10},"end":{"line":72,"column":null}},"37":{"start":{"line":73,"column":15},"end":{"line":75,"column":null}},"38":{"start":{"line":74,"column":10},"end":{"line":74,"column":null}},"39":{"start":{"line":79,"column":6},"end":{"line":81,"column":null}},"40":{"start":{"line":80,"column":8},"end":{"line":80,"column":null}},"41":{"start":{"line":83,"column":6},"end":{"line":83,"column":null}},"42":{"start":{"line":85,"column":6},"end":{"line":85,"column":null}},"43":{"start":{"line":87,"column":6},"end":{"line":87,"column":null}},"44":{"start":{"line":91,"column":23},"end":{"line":97,"column":null}},"45":{"start":{"line":92,"column":17},"end":{"line":92,"column":null}},"46":{"start":{"line":92,"column":33},"end":{"line":92,"column":56}},"47":{"start":{"line":93,"column":4},"end":{"line":93,"column":null}},"48":{"start":{"line":94,"column":4},"end":{"line":96,"column":null}},"49":{"start":{"line":95,"column":6},"end":{"line":95,"column":null}},"50":{"start":{"line":95,"column":39},"end":{"line":95,"column":null}},"51":{"start":{"line":99,"column":30},"end":{"line":118,"column":null}},"52":{"start":{"line":100,"column":4},"end":{"line":100,"column":null}},"53":{"start":{"line":100,"column":28},"end":{"line":100,"column":null}},"54":{"start":{"line":102,"column":4},"end":{"line":102,"column":null}},"55":{"start":{"line":103,"column":4},"end":{"line":117,"column":null}},"56":{"start":{"line":104,"column":6},"end":{"line":108,"column":null}},"57":{"start":{"line":109,"column":6},"end":{"line":109,"column":null}},"58":{"start":{"line":110,"column":6},"end":{"line":110,"column":null}},"59":{"start":{"line":111,"column":6},"end":{"line":111,"column":null}},"60":{"start":{"line":111,"column":26},"end":{"line":111,"column":null}},"61":{"start":{"line":113,"column":6},"end":{"line":113,"column":null}},"62":{"start":{"line":114,"column":6},"end":{"line":114,"column":null}},"63":{"start":{"line":116,"column":6},"end":{"line":116,"column":null}},"64":{"start":{"line":120,"column":28},"end":{"line":140,"column":null}},"65":{"start":{"line":121,"column":4},"end":{"line":121,"column":null}},"66":{"start":{"line":121,"column":30},"end":{"line":121,"column":null}},"67":{"start":{"line":123,"column":4},"end":{"line":123,"column":null}},"68":{"start":{"line":124,"column":4},"end":{"line":139,"column":null}},"69":{"start":{"line":125,"column":6},"end":{"line":129,"column":null}},"70":{"start":{"line":130,"column":6},"end":{"line":130,"column":null}},"71":{"start":{"line":131,"column":6},"end":{"line":131,"column":null}},"72":{"start":{"line":132,"column":6},"end":{"line":132,"column":null}},"73":{"start":{"line":133,"column":6},"end":{"line":133,"column":null}},"74":{"start":{"line":133,"column":26},"end":{"line":133,"column":null}},"75":{"start":{"line":135,"column":6},"end":{"line":135,"column":null}},"76":{"start":{"line":136,"column":6},"end":{"line":136,"column":null}},"77":{"start":{"line":138,"column":6},"end":{"line":138,"column":null}},"78":{"start":{"line":142,"column":30},"end":{"line":152,"column":null}},"79":{"start":{"line":143,"column":4},"end":{"line":143,"column":null}},"80":{"start":{"line":143,"column":42},"end":{"line":143,"column":null}},"81":{"start":{"line":145,"column":4},"end":{"line":151,"column":null}},"82":{"start":{"line":146,"column":6},"end":{"line":146,"column":null}},"83":{"start":{"line":147,"column":6},"end":{"line":147,"column":null}},"84":{"start":{"line":149,"column":6},"end":{"line":149,"column":null}},"85":{"start":{"line":150,"column":6},"end":{"line":150,"column":null}},"86":{"start":{"line":154,"column":21},"end":{"line":172,"column":null}},"87":{"start":{"line":155,"column":17},"end":{"line":155,"column":null}},"88":{"start":{"line":156,"column":16},"end":{"line":156,"column":null}},"89":{"start":{"line":157,"column":19},"end":{"line":157,"column":null}},"90":{"start":{"line":158,"column":21},"end":{"line":158,"column":null}},"91":{"start":{"line":159,"column":22},"end":{"line":159,"column":null}},"92":{"start":{"line":160,"column":21},"end":{"line":160,"column":null}},"93":{"start":{"line":162,"column":4},"end":{"line":162,"column":null}},"94":{"start":{"line":162,"column":22},"end":{"line":162,"column":null}},"95":{"start":{"line":163,"column":4},"end":{"line":163,"column":null}},"96":{"start":{"line":163,"column":23},"end":{"line":163,"column":null}},"97":{"start":{"line":164,"column":4},"end":{"line":164,"column":null}},"98":{"start":{"line":164,"column":24},"end":{"line":164,"column":null}},"99":{"start":{"line":165,"column":4},"end":{"line":165,"column":null}},"100":{"start":{"line":165,"column":22},"end":{"line":165,"column":null}},"101":{"start":{"line":167,"column":4},"end":{"line":171,"column":null}},"102":{"start":{"line":196,"column":20},"end":{"line":196,"column":null}},"103":{"start":{"line":197,"column":20},"end":{"line":197,"column":null}},"104":{"start":{"line":207,"column":31},"end":{"line":207,"column":null}},"105":{"start":{"line":217,"column":35},"end":{"line":217,"column":null}},"106":{"start":{"line":225,"column":35},"end":{"line":225,"column":null}},"107":{"start":{"line":233,"column":35},"end":{"line":233,"column":null}},"108":{"start":{"line":244,"column":18},"end":{"line":244,"column":46}},"109":{"start":{"line":254,"column":24},"end":{"line":256,"column":null}},"110":{"start":{"line":255,"column":4},"end":{"line":255,"column":null}},"111":{"start":{"line":261,"column":23},"end":{"line":261,"column":null}},"112":{"start":{"line":278,"column":16},"end":{"line":278,"column":46}},"113":{"start":{"line":290,"column":35},"end":{"line":290,"column":null}}},"fnMap":{"0":{"name":"StepComments","decl":{"start":{"line":26,"column":16},"end":{"line":26,"column":29}},"loc":{"start":{"line":26,"column":74},"end":{"line":309,"column":null}}},"1":{"name":"(anonymous_2)","decl":{"start":{"line":36,"column":12},"end":{"line":36,"column":null}},"loc":{"start":{"line":36,"column":12},"end":{"line":41,"column":5}}},"2":{"name":"(anonymous_3)","decl":{"start":{"line":43,"column":21},"end":{"line":43,"column":null}},"loc":{"start":{"line":43,"column":21},"end":{"line":50,"column":null}}},"3":{"name":"(anonymous_4)","decl":{"start":{"line":52,"column":24},"end":{"line":52,"column":null}},"loc":{"start":{"line":52,"column":24},"end":{"line":89,"column":null}}},"4":{"name":"(anonymous_5)","decl":{"start":{"line":63,"column":27},"end":{"line":63,"column":28}},"loc":{"start":{"line":63,"column":28},"end":{"line":65,"column":null}}},"5":{"name":"(anonymous_6)","decl":{"start":{"line":68,"column":27},"end":{"line":68,"column":28}},"loc":{"start":{"line":68,"column":28},"end":{"line":76,"column":null}}},"6":{"name":"(anonymous_7)","decl":{"start":{"line":79,"column":27},"end":{"line":79,"column":null}},"loc":{"start":{"line":79,"column":27},"end":{"line":81,"column":null}}},"7":{"name":"(anonymous_8)","decl":{"start":{"line":91,"column":23},"end":{"line":91,"column":24}},"loc":{"start":{"line":91,"column":24},"end":{"line":97,"column":null}}},"8":{"name":"(anonymous_9)","decl":{"start":{"line":92,"column":28},"end":{"line":92,"column":33}},"loc":{"start":{"line":92,"column":33},"end":{"line":92,"column":56}}},"9":{"name":"(anonymous_10)","decl":{"start":{"line":95,"column":30},"end":{"line":95,"column":39}},"loc":{"start":{"line":95,"column":39},"end":{"line":95,"column":null}}},"10":{"name":"(anonymous_11)","decl":{"start":{"line":99,"column":30},"end":{"line":99,"column":null}},"loc":{"start":{"line":99,"column":30},"end":{"line":118,"column":null}}},"11":{"name":"(anonymous_12)","decl":{"start":{"line":120,"column":28},"end":{"line":120,"column":35}},"loc":{"start":{"line":120,"column":35},"end":{"line":140,"column":null}}},"12":{"name":"(anonymous_13)","decl":{"start":{"line":142,"column":30},"end":{"line":142,"column":37}},"loc":{"start":{"line":142,"column":37},"end":{"line":152,"column":null}}},"13":{"name":"(anonymous_14)","decl":{"start":{"line":154,"column":21},"end":{"line":154,"column":22}},"loc":{"start":{"line":154,"column":22},"end":{"line":172,"column":null}}},"14":{"name":"(anonymous_16)","decl":{"start":{"line":195,"column":27},"end":{"line":195,"column":null}},"loc":{"start":{"line":195,"column":27},"end":{"line":198,"column":null}}},"15":{"name":"(anonymous_17)","decl":{"start":{"line":207,"column":25},"end":{"line":207,"column":31}},"loc":{"start":{"line":207,"column":31},"end":{"line":207,"column":null}}},"16":{"name":"(anonymous_18)","decl":{"start":{"line":217,"column":28},"end":{"line":217,"column":29}},"loc":{"start":{"line":217,"column":35},"end":{"line":217,"column":null}}},"17":{"name":"(anonymous_19)","decl":{"start":{"line":225,"column":29},"end":{"line":225,"column":35}},"loc":{"start":{"line":225,"column":35},"end":{"line":225,"column":null}}},"18":{"name":"(anonymous_20)","decl":{"start":{"line":233,"column":29},"end":{"line":233,"column":35}},"loc":{"start":{"line":233,"column":35},"end":{"line":233,"column":null}}},"19":{"name":"(anonymous_21)","decl":{"start":{"line":243,"column":37},"end":{"line":243,"column":38}},"loc":{"start":{"line":244,"column":18},"end":{"line":244,"column":46}}},"20":{"name":"(anonymous_22)","decl":{"start":{"line":254,"column":40},"end":{"line":254,"column":41}},"loc":{"start":{"line":254,"column":48},"end":{"line":256,"column":5}}},"21":{"name":"(anonymous_23)","decl":{"start":{"line":261,"column":17},"end":{"line":261,"column":23}},"loc":{"start":{"line":261,"column":23},"end":{"line":261,"column":null}}},"22":{"name":"(anonymous_24)","decl":{"start":{"line":277,"column":28},"end":{"line":277,"column":29}},"loc":{"start":{"line":278,"column":16},"end":{"line":278,"column":46}}},"23":{"name":"(anonymous_25)","decl":{"start":{"line":290,"column":28},"end":{"line":290,"column":29}},"loc":{"start":{"line":290,"column":35},"end":{"line":290,"column":null}}}},"branchMap":{"0":{"loc":{"start":{"line":37,"column":4},"end":{"line":40,"column":null}},"type":"if","locations":[{"start":{"line":37,"column":4},"end":{"line":40,"column":null}},{"start":{},"end":{}}]},"1":{"loc":{"start":{"line":56,"column":27},"end":{"line":56,"column":46}},"type":"binary-expr","locations":[{"start":{"line":56,"column":27},"end":{"line":56,"column":40}},{"start":{"line":56,"column":44},"end":{"line":56,"column":46}}]},"2":{"loc":{"start":{"line":70,"column":8},"end":{"line":75,"column":null}},"type":"if","locations":[{"start":{"line":70,"column":8},"end":{"line":75,"column":null}},{"start":{"line":73,"column":15},"end":{"line":75,"column":null}}]},"3":{"loc":{"start":{"line":70,"column":12},"end":{"line":70,"column":66}},"type":"binary-expr","locations":[{"start":{"line":70,"column":12},"end":{"line":70,"column":28}},{"start":{"line":70,"column":32},"end":{"line":70,"column":66}}]},"4":{"loc":{"start":{"line":73,"column":15},"end":{"line":75,"column":null}},"type":"if","locations":[{"start":{"line":73,"column":15},"end":{"line":75,"column":null}},{"start":{},"end":{}}]},"5":{"loc":{"start":{"line":93,"column":23},"end":{"line":93,"column":60}},"type":"binary-expr","locations":[{"start":{"line":93,"column":23},"end":{"line":93,"column":37}},{"start":{"line":93,"column":37},"end":{"line":93,"column":60}}]},"6":{"loc":{"start":{"line":94,"column":4},"end":{"line":96,"column":null}},"type":"if","locations":[{"start":{"line":94,"column":4},"end":{"line":96,"column":null}},{"start":{},"end":{}}]},"7":{"loc":{"start":{"line":100,"column":4},"end":{"line":100,"column":null}},"type":"if","locations":[{"start":{"line":100,"column":4},"end":{"line":100,"column":null}},{"start":{},"end":{}}]},"8":{"loc":{"start":{"line":111,"column":6},"end":{"line":111,"column":null}},"type":"if","locations":[{"start":{"line":111,"column":6},"end":{"line":111,"column":null}},{"start":{},"end":{}}]},"9":{"loc":{"start":{"line":121,"column":4},"end":{"line":121,"column":null}},"type":"if","locations":[{"start":{"line":121,"column":4},"end":{"line":121,"column":null}},{"start":{},"end":{}}]},"10":{"loc":{"start":{"line":133,"column":6},"end":{"line":133,"column":null}},"type":"if","locations":[{"start":{"line":133,"column":6},"end":{"line":133,"column":null}},{"start":{},"end":{}}]},"11":{"loc":{"start":{"line":143,"column":4},"end":{"line":143,"column":null}},"type":"if","locations":[{"start":{"line":143,"column":4},"end":{"line":143,"column":null}},{"start":{},"end":{}}]},"12":{"loc":{"start":{"line":162,"column":4},"end":{"line":162,"column":null}},"type":"if","locations":[{"start":{"line":162,"column":4},"end":{"line":162,"column":null}},{"start":{},"end":{}}]},"13":{"loc":{"start":{"line":163,"column":4},"end":{"line":163,"column":null}},"type":"if","locations":[{"start":{"line":163,"column":4},"end":{"line":163,"column":null}},{"start":{},"end":{}}]},"14":{"loc":{"start":{"line":164,"column":4},"end":{"line":164,"column":null}},"type":"if","locations":[{"start":{"line":164,"column":4},"end":{"line":164,"column":null}},{"start":{},"end":{}}]},"15":{"loc":{"start":{"line":165,"column":4},"end":{"line":165,"column":null}},"type":"if","locations":[{"start":{"line":165,"column":4},"end":{"line":165,"column":null}},{"start":{},"end":{}}]},"16":{"loc":{"start":{"line":174,"column":34},"end":{"line":174,"column":49}},"type":"default-arg","locations":[{"start":{"line":174,"column":44},"end":{"line":174,"column":49}}]},"17":{"loc":{"start":{"line":175,"column":23},"end":{"line":175,"column":54}},"type":"cond-expr","locations":[{"start":{"line":175,"column":33},"end":{"line":175,"column":47}},{"start":{"line":175,"column":47},"end":{"line":175,"column":54}}]},"18":{"loc":{"start":{"line":176,"column":25},"end":{"line":176,"column":74}},"type":"cond-expr","locations":[{"start":{"line":176,"column":35},"end":{"line":176,"column":71}},{"start":{"line":176,"column":71},"end":{"line":176,"column":74}}]},"19":{"loc":{"start":{"line":191,"column":15},"end":{"line":191,"column":null}},"type":"binary-expr","locations":[{"start":{"line":191,"column":15},"end":{"line":191,"column":null}}]},"20":{"loc":{"start":{"line":213,"column":13},"end":{"line":213,"column":35}},"type":"binary-expr","locations":[{"start":{"line":213,"column":13},"end":{"line":213,"column":35}}]},"21":{"loc":{"start":{"line":226,"column":30},"end":{"line":226,"column":null}},"type":"binary-expr","locations":[{"start":{"line":226,"column":30},"end":{"line":226,"column":44}},{"start":{"line":226,"column":44},"end":{"line":226,"column":null}}]},"22":{"loc":{"start":{"line":241,"column":13},"end":{"line":241,"column":28}},"type":"binary-expr","locations":[{"start":{"line":241,"column":13},"end":{"line":241,"column":28}},{"start":{"line":241,"column":32},"end":{"line":241,"column":null}}]},"23":{"loc":{"start":{"line":255,"column":24},"end":{"line":255,"column":null}},"type":"binary-expr","locations":[{"start":{"line":255,"column":24},"end":{"line":255,"column":51}},{"start":{"line":255,"column":51},"end":{"line":255,"column":null}}]},"24":{"loc":{"start":{"line":266,"column":20},"end":{"line":266,"column":57}},"type":"cond-expr","locations":[{"start":{"line":266,"column":20},"end":{"line":266,"column":57}}]},"25":{"loc":{"start":{"line":269,"column":7},"end":{"line":269,"column":null}},"type":"binary-expr","locations":[{"start":{"line":269,"column":7},"end":{"line":269,"column":null}}]},"26":{"loc":{"start":{"line":272,"column":12},"end":{"line":276,"column":null}},"type":"cond-expr","locations":[{"start":{"line":272,"column":12},"end":{"line":276,"column":null}}]},"27":{"loc":{"start":{"line":281,"column":15},"end":{"line":281,"column":null}},"type":"binary-expr","locations":[{"start":{"line":281,"column":15},"end":{"line":281,"column":null}}]},"28":{"loc":{"start":{"line":297,"column":28},"end":{"line":297,"column":null}},"type":"binary-expr","locations":[{"start":{"line":297,"column":28},"end":{"line":297,"column":42}},{"start":{"line":297,"column":42},"end":{"line":297,"column":null}}]}},"s":{"0":0,"1":0,"2":0,"3":0,"4":0,"5":0,"6":0,"7":0,"8":0,"9":0,"10":0,"11":0,"12":0,"13":0,"14":0,"15":0,"16":0,"17":0,"18":0,"19":0,"20":0,"21":0,"22":0,"23":0,"24":0,"25":0,"26":0,"27":0,"28":0,"29":0,"30":0,"31":0,"32":0,"33":0,"34":0,"35":0,"36":0,"37":0,"38":0,"39":0,"40":0,"41":0,"42":0,"43":0,"44":0,"45":0,"46":0,"47":0,"48":0,"49":0,"50":0,"51":0,"52":0,"53":0,"54":0,"55":0,"56":0,"57":0,"58":0,"59":0,"60":0,"61":0,"62":0,"63":0,"64":0,"65":0,"66":0,"67":0,"68":0,"69":0,"70":0,"71":0,"72":0,"73":0,"74":0,"75":0,"76":0,"77":0,"78":0,"79":0,"80":0,"81":0,"82":0,"83":0,"84":0,"85":0,"86":0,"87":0,"88":0,"89":0,"90":0,"91":0,"92":0,"93":0,"94":0,"95":0,"96":0,"97":0,"98":0,"99":0,"100":0,"101":0,"102":0,"103":0,"104":0,"105":0,"106":0,"107":0,"108":0,"109":0,"110":0,"111":0,"112":0,"113":0},"f":{"0":0,"1":0,"2":0,"3":0,"4":0,"5":0,"6":0,"7":0,"8":0,"9":0,"10":0,"11":0,"12":0,"13":0,"14":0,"15":0,"16":0,"17":0,"18":0,"19":0,"20":0,"21":0,"22":0,"23":0},"b":{"0":[0,0],"1":[0,0],"2":[0,0],"3":[0,0],"4":[0,0],"5":[0,0],"6":[0,0],"7":[0,0],"8":[0,0],"9":[0,0],"10":[0,0],"11":[0,0],"12":[0,0],"13":[0,0],"14":[0,0],"15":[0,0],"16":[0],"17":[0,0],"18":[0,0],"19":[0],"20":[0],"21":[0,0],"22":[0,0],"23":[0,0],"24":[0],"25":[0],"26":[0],"27":[0],"28":[0,0]}}
,"/mnt/c/work/git2/process-todo/web/app/components/cases/step-instance-list.tsx": {"path":"/mnt/c/work/git2/process-todo/web/app/components/cases/step-instance-list.tsx","statementMap":{"0":{"start":{"line":15,"column":16},"end":{"line":15,"column":33}},"1":{"start":{"line":3,"column":25},"end":{"line":3,"column":null}},"2":{"start":{"line":5,"column":20},"end":{"line":5,"column":null}},"3":{"start":{"line":6,"column":23},"end":{"line":6,"column":null}},"4":{"start":{"line":7,"column":29},"end":{"line":7,"column":null}},"5":{"start":{"line":8,"column":91},"end":{"line":8,"column":null}},"6":{"start":{"line":16,"column":34},"end":{"line":16,"column":null}},"7":{"start":{"line":18,"column":24},"end":{"line":31,"column":null}},"8":{"start":{"line":19,"column":4},"end":{"line":30,"column":null}},"9":{"start":{"line":33,"column":25},"end":{"line":46,"column":null}},"10":{"start":{"line":34,"column":4},"end":{"line":45,"column":null}},"11":{"start":{"line":36,"column":8},"end":{"line":36,"column":null}},"12":{"start":{"line":38,"column":8},"end":{"line":38,"column":null}},"13":{"start":{"line":40,"column":8},"end":{"line":40,"column":null}},"14":{"start":{"line":42,"column":8},"end":{"line":42,"column":null}},"15":{"start":{"line":44,"column":8},"end":{"line":44,"column":null}},"16":{"start":{"line":48,"column":25},"end":{"line":61,"column":null}},"17":{"start":{"line":49,"column":4},"end":{"line":60,"column":null}},"18":{"start":{"line":51,"column":8},"end":{"line":51,"column":null}},"19":{"start":{"line":53,"column":8},"end":{"line":53,"column":null}},"20":{"start":{"line":55,"column":8},"end":{"line":55,"column":null}},"21":{"start":{"line":57,"column":8},"end":{"line":57,"column":null}},"22":{"start":{"line":59,"column":8},"end":{"line":59,"column":null}},"23":{"start":{"line":63,"column":29},"end":{"line":74,"column":null}},"24":{"start":{"line":64,"column":4},"end":{"line":64,"column":null}},"25":{"start":{"line":65,"column":4},"end":{"line":73,"column":null}},"26":{"start":{"line":66,"column":6},"end":{"line":66,"column":null}},"27":{"start":{"line":67,"column":6},"end":{"line":67,"column":null}},"28":{"start":{"line":69,"column":6},"end":{"line":69,"column":null}},"29":{"start":{"line":70,"column":6},"end":{"line":70,"column":null}},"30":{"start":{"line":72,"column":6},"end":{"line":72,"column":null}},"31":{"start":{"line":76,"column":27},"end":{"line":91,"column":null}},"32":{"start":{"line":77,"column":4},"end":{"line":77,"column":null}},"33":{"start":{"line":78,"column":4},"end":{"line":90,"column":null}},"34":{"start":{"line":79,"column":6},"end":{"line":83,"column":null}},"35":{"start":{"line":80,"column":8},"end":{"line":80,"column":null}},"36":{"start":{"line":82,"column":8},"end":{"line":82,"column":null}},"37":{"start":{"line":84,"column":6},"end":{"line":84,"column":null}},"38":{"start":{"line":86,"column":6},"end":{"line":86,"column":null}},"39":{"start":{"line":87,"column":6},"end":{"line":87,"column":null}},"40":{"start":{"line":89,"column":6},"end":{"line":89,"column":null}},"41":{"start":{"line":93,"column":21},"end":{"line":119,"column":null}},"42":{"start":{"line":94,"column":4},"end":{"line":94,"column":null}},"43":{"start":{"line":94,"column":21},"end":{"line":94,"column":null}},"44":{"start":{"line":95,"column":17},"end":{"line":95,"column":null}},"45":{"start":{"line":96,"column":18},"end":{"line":96,"column":null}},"46":{"start":{"line":97,"column":4},"end":{"line":97,"column":null}},"47":{"start":{"line":99,"column":21},"end":{"line":99,"column":null}},"48":{"start":{"line":100,"column":21},"end":{"line":100,"column":null}},"49":{"start":{"line":102,"column":22},"end":{"line":106,"column":null}},"50":{"start":{"line":108,"column":4},"end":{"line":118,"column":null}},"51":{"start":{"line":109,"column":6},"end":{"line":109,"column":null}},"52":{"start":{"line":110,"column":11},"end":{"line":118,"column":null}},"53":{"start":{"line":111,"column":6},"end":{"line":111,"column":null}},"54":{"start":{"line":112,"column":11},"end":{"line":118,"column":null}},"55":{"start":{"line":113,"column":6},"end":{"line":113,"column":null}},"56":{"start":{"line":114,"column":11},"end":{"line":118,"column":null}},"57":{"start":{"line":115,"column":6},"end":{"line":115,"column":null}},"58":{"start":{"line":117,"column":6},"end":{"line":117,"column":null}},"59":{"start":{"line":121,"column":22},"end":{"line":127,"column":null}},"60":{"start":{"line":123,"column":4},"end":{"line":123,"column":null}},"61":{"start":{"line":123,"column":40},"end":{"line":123,"column":null}},"62":{"start":{"line":124,"column":4},"end":{"line":124,"column":null}},"63":{"start":{"line":124,"column":23},"end":{"line":124,"column":null}},"64":{"start":{"line":125,"column":4},"end":{"line":125,"column":null}},"65":{"start":{"line":125,"column":23},"end":{"line":125,"column":null}},"66":{"start":{"line":126,"column":4},"end":{"line":126,"column":null}},"67":{"start":{"line":132,"column":8},"end":{"line":133,"column":null}},"68":{"start":{"line":182,"column":39},"end":{"line":182,"column":null}},"69":{"start":{"line":192,"column":39},"end":{"line":192,"column":null}},"70":{"start":{"line":202,"column":39},"end":{"line":202,"column":null}},"71":{"start":{"line":214,"column":35},"end":{"line":214,"column":null}}},"fnMap":{"0":{"name":"StepInstanceList","decl":{"start":{"line":15,"column":16},"end":{"line":15,"column":33}},"loc":{"start":{"line":15,"column":75},"end":{"line":236,"column":null}}},"1":{"name":"(anonymous_2)","decl":{"start":{"line":18,"column":24},"end":{"line":18,"column":25}},"loc":{"start":{"line":18,"column":25},"end":{"line":31,"column":null}}},"2":{"name":"(anonymous_3)","decl":{"start":{"line":33,"column":25},"end":{"line":33,"column":26}},"loc":{"start":{"line":33,"column":26},"end":{"line":46,"column":null}}},"3":{"name":"(anonymous_4)","decl":{"start":{"line":48,"column":25},"end":{"line":48,"column":26}},"loc":{"start":{"line":48,"column":26},"end":{"line":61,"column":null}}},"4":{"name":"(anonymous_5)","decl":{"start":{"line":63,"column":29},"end":{"line":63,"column":36}},"loc":{"start":{"line":63,"column":52},"end":{"line":74,"column":null}}},"5":{"name":"(anonymous_6)","decl":{"start":{"line":76,"column":27},"end":{"line":76,"column":34}},"loc":{"start":{"line":76,"column":50},"end":{"line":91,"column":null}}},"6":{"name":"(anonymous_7)","decl":{"start":{"line":93,"column":21},"end":{"line":93,"column":22}},"loc":{"start":{"line":93,"column":22},"end":{"line":119,"column":null}}},"7":{"name":"(anonymous_8)","decl":{"start":{"line":121,"column":38},"end":{"line":121,"column":39}},"loc":{"start":{"line":121,"column":42},"end":{"line":127,"column":null}}},"8":{"name":"(anonymous_9)","decl":{"start":{"line":131,"column":23},"end":{"line":131,"column":24}},"loc":{"start":{"line":132,"column":8},"end":{"line":133,"column":null}}},"9":{"name":"(anonymous_10)","decl":{"start":{"line":182,"column":33},"end":{"line":182,"column":39}},"loc":{"start":{"line":182,"column":39},"end":{"line":182,"column":null}}},"10":{"name":"(anonymous_11)","decl":{"start":{"line":192,"column":33},"end":{"line":192,"column":39}},"loc":{"start":{"line":192,"column":39},"end":{"line":192,"column":null}}},"11":{"name":"(anonymous_12)","decl":{"start":{"line":202,"column":33},"end":{"line":202,"column":39}},"loc":{"start":{"line":202,"column":39},"end":{"line":202,"column":null}}},"12":{"name":"(anonymous_13)","decl":{"start":{"line":214,"column":29},"end":{"line":214,"column":35}},"loc":{"start":{"line":214,"column":35},"end":{"line":214,"column":null}}}},"branchMap":{"0":{"loc":{"start":{"line":34,"column":4},"end":{"line":45,"column":null}},"type":"switch","locations":[{"start":{"line":35,"column":6},"end":{"line":36,"column":null}},{"start":{"line":37,"column":6},"end":{"line":38,"column":null}},{"start":{"line":39,"column":6},"end":{"line":40,"column":null}},{"start":{"line":41,"column":6},"end":{"line":42,"column":null}},{"start":{"line":43,"column":6},"end":{"line":44,"column":null}}]},"1":{"loc":{"start":{"line":49,"column":4},"end":{"line":60,"column":null}},"type":"switch","locations":[{"start":{"line":50,"column":6},"end":{"line":51,"column":null}},{"start":{"line":52,"column":6},"end":{"line":53,"column":null}},{"start":{"line":54,"column":6},"end":{"line":55,"column":null}},{"start":{"line":56,"column":6},"end":{"line":57,"column":null}},{"start":{"line":58,"column":6},"end":{"line":59,"column":null}}]},"2":{"loc":{"start":{"line":79,"column":6},"end":{"line":83,"column":null}},"type":"if","locations":[{"start":{"line":79,"column":6},"end":{"line":83,"column":null}},{"start":{"line":81,"column":13},"end":{"line":83,"column":null}}]},"3":{"loc":{"start":{"line":94,"column":4},"end":{"line":94,"column":null}},"type":"if","locations":[{"start":{"line":94,"column":4},"end":{"line":94,"column":null}},{"start":{},"end":{}}]},"4":{"loc":{"start":{"line":108,"column":4},"end":{"line":118,"column":null}},"type":"if","locations":[{"start":{"line":108,"column":4},"end":{"line":118,"column":null}},{"start":{"line":110,"column":11},"end":{"line":118,"column":null}}]},"5":{"loc":{"start":{"line":110,"column":11},"end":{"line":118,"column":null}},"type":"if","locations":[{"start":{"line":110,"column":11},"end":{"line":118,"column":null}},{"start":{"line":112,"column":11},"end":{"line":118,"column":null}}]},"6":{"loc":{"start":{"line":112,"column":11},"end":{"line":118,"column":null}},"type":"if","locations":[{"start":{"line":112,"column":11},"end":{"line":118,"column":null}},{"start":{"line":114,"column":11},"end":{"line":118,"column":null}}]},"7":{"loc":{"start":{"line":114,"column":11},"end":{"line":118,"column":null}},"type":"if","locations":[{"start":{"line":114,"column":11},"end":{"line":118,"column":null}},{"start":{"line":116,"column":11},"end":{"line":118,"column":null}}]},"8":{"loc":{"start":{"line":123,"column":4},"end":{"line":123,"column":null}},"type":"if","locations":[{"start":{"line":123,"column":4},"end":{"line":123,"column":null}},{"start":{},"end":{}}]},"9":{"loc":{"start":{"line":123,"column":8},"end":{"line":123,"column":38}},"type":"binary-expr","locations":[{"start":{"line":123,"column":8},"end":{"line":123,"column":21}},{"start":{"line":123,"column":25},"end":{"line":123,"column":38}}]},"10":{"loc":{"start":{"line":124,"column":4},"end":{"line":124,"column":null}},"type":"if","locations":[{"start":{"line":124,"column":4},"end":{"line":124,"column":null}},{"start":{},"end":{}}]},"11":{"loc":{"start":{"line":125,"column":4},"end":{"line":125,"column":null}},"type":"if","locations":[{"start":{"line":125,"column":4},"end":{"line":125,"column":null}},{"start":{},"end":{}}]},"12":{"loc":{"start":{"line":135,"column":12},"end":{"line":135,"column":null}},"type":"cond-expr","locations":[{"start":{"line":135,"column":26},"end":{"line":135,"column":61}},{"start":{"line":135,"column":61},"end":{"line":135,"column":null}}]},"13":{"loc":{"start":{"line":146,"column":17},"end":{"line":146,"column":28}},"type":"binary-expr","locations":[{"start":{"line":146,"column":17},"end":{"line":146,"column":28}}]},"14":{"loc":{"start":{"line":162,"column":29},"end":{"line":162,"column":null}},"type":"cond-expr","locations":[{"start":{"line":162,"column":47},"end":{"line":162,"column":71}},{"start":{"line":162,"column":74},"end":{"line":162,"column":null}}]},"15":{"loc":{"start":{"line":166,"column":23},"end":{"line":166,"column":null}},"type":"cond-expr","locations":[{"start":{"line":166,"column":40},"end":{"line":166,"column":91}},{"start":{"line":166,"column":91},"end":{"line":166,"column":null}}]},"16":{"loc":{"start":{"line":173,"column":16},"end":{"line":175,"column":null}},"type":"cond-expr","locations":[{"start":{"line":173,"column":16},"end":{"line":175,"column":null}}]},"17":{"loc":{"start":{"line":178,"column":21},"end":{"line":178,"column":null}},"type":"binary-expr","locations":[{"start":{"line":178,"column":21},"end":{"line":178,"column":null}}]},"18":{"loc":{"start":{"line":188,"column":21},"end":{"line":188,"column":null}},"type":"binary-expr","locations":[{"start":{"line":188,"column":21},"end":{"line":188,"column":null}}]},"19":{"loc":{"start":{"line":198,"column":21},"end":{"line":198,"column":47}},"type":"binary-expr","locations":[{"start":{"line":198,"column":21},"end":{"line":198,"column":47}},{"start":{"line":198,"column":47},"end":{"line":198,"column":78}},{"start":{"line":198,"column":78},"end":{"line":198,"column":null}}]},"20":{"loc":{"start":{"line":213,"column":29},"end":{"line":213,"column":null}},"type":"cond-expr","locations":[{"start":{"line":213,"column":43},"end":{"line":213,"column":55}},{"start":{"line":213,"column":55},"end":{"line":213,"column":null}}]},"21":{"loc":{"start":{"line":215,"column":27},"end":{"line":215,"column":null}},"type":"cond-expr","locations":[{"start":{"line":215,"column":41},"end":{"line":215,"column":51}},{"start":{"line":215,"column":51},"end":{"line":215,"column":null}}]},"22":{"loc":{"start":{"line":217,"column":35},"end":{"line":217,"column":67}},"type":"cond-expr","locations":[{"start":{"line":217,"column":35},"end":{"line":217,"column":67}}]},"23":{"loc":{"start":{"line":225,"column":11},"end":{"line":225,"column":18}},"type":"binary-expr","locations":[{"start":{"line":225,"column":11},"end":{"line":225,"column":18}}]},"24":{"loc":{"start":{"line":229,"column":7},"end":{"line":229,"column":null}},"type":"binary-expr","locations":[{"start":{"line":229,"column":7},"end":{"line":229,"column":null}}]}},"s":{"0":0,"1":0,"2":0,"3":0,"4":0,"5":0,"6":0,"7":0,"8":0,"9":0,"10":0,"11":0,"12":0,"13":0,"14":0,"15":0,"16":0,"17":0,"18":0,"19":0,"20":0,"21":0,"22":0,"23":0,"24":0,"25":0,"26":0,"27":0,"28":0,"29":0,"30":0,"31":0,"32":0,"33":0,"34":0,"35":0,"36":0,"37":0,"38":0,"39":0,"40":0,"41":0,"42":0,"43":0,"44":0,"45":0,"46":0,"47":0,"48":0,"49":0,"50":0,"51":0,"52":0,"53":0,"54":0,"55":0,"56":0,"57":0,"58":0,"59":0,"60":0,"61":0,"62":0,"63":0,"64":0,"65":0,"66":0,"67":0,"68":0,"69":0,"70":0,"71":0},"f":{"0":0,"1":0,"2":0,"3":0,"4":0,"5":0,"6":0,"7":0,"8":0,"9":0,"10":0,"11":0,"12":0},"b":{"0":[0,0,0,0,0],"1":[0,0,0,0,0],"2":[0,0],"3":[0,0],"4":[0,0],"5":[0,0],"6":[0,0],"7":[0,0],"8":[0,0],"9":[0,0],"10":[0,0],"11":[0,0],"12":[0,0],"13":[0],"14":[0,0],"15":[0,0],"16":[0],"17":[0],"18":[0],"19":[0,0,0],"20":[0,0],"21":[0,0],"22":[0],"23":[0],"24":[0]}}
,"/mnt/c/work/git2/process-todo/web/app/components/layout/header.tsx": {"path":"/mnt/c/work/git2/process-todo/web/app/components/layout/header.tsx","statementMap":{"0":{"start":{"line":9,"column":16},"end":{"line":9,"column":null}},"1":{"start":{"line":3,"column":17},"end":{"line":3,"column":null}},"2":{"start":{"line":4,"column":26},"end":{"line":4,"column":null}},"3":{"start":{"line":5,"column":33},"end":{"line":5,"column":null}},"4":{"start":{"line":7,"column":67},"end":{"line":7,"column":null}},"5":{"start":{"line":10,"column":17},"end":{"line":10,"column":null}},"6":{"start":{"line":13,"column":17},"end":{"line":13,"column":null}},"7":{"start":{"line":14,"column":19},"end":{"line":14,"column":null}}},"fnMap":{"0":{"name":"Header","decl":{"start":{"line":9,"column":16},"end":{"line":9,"column":null}},"loc":{"start":{"line":9,"column":16},"end":{"line":78,"column":null}}}},"branchMap":{},"s":{"0":0,"1":0,"2":0,"3":0,"4":0,"5":0,"6":0,"7":0},"f":{"0":0},"b":{}}
,"/mnt/c/work/git2/process-todo/web/app/components/notifications/notification-bell.tsx": {"path":"/mnt/c/work/git2/process-todo/web/app/components/notifications/notification-bell.tsx","statementMap":{"0":{"start":{"line":24,"column":16},"end":{"line":24,"column":33}},"1":{"start":{"line":3,"column":36},"end":{"line":3,"column":null}},"2":{"start":{"line":4,"column":20},"end":{"line":4,"column":null}},"3":{"start":{"line":5,"column":23},"end":{"line":5,"column":null}},"4":{"start":{"line":6,"column":70},"end":{"line":6,"column":null}},"5":{"start":{"line":25,"column":44},"end":{"line":25,"column":null}},"6":{"start":{"line":26,"column":42},"end":{"line":26,"column":null}},"7":{"start":{"line":27,"column":32},"end":{"line":27,"column":null}},"8":{"start":{"line":28,"column":40},"end":{"line":28,"column":null}},"9":{"start":{"line":30,"column":2},"end":{"line":35,"column":null}},"10":{"start":{"line":31,"column":4},"end":{"line":31,"column":null}},"11":{"start":{"line":33,"column":21},"end":{"line":33,"column":null}},"12":{"start":{"line":34,"column":4},"end":{"line":34,"column":null}},"13":{"start":{"line":34,"column":17},"end":{"line":34,"column":null}},"14":{"start":{"line":37,"column":29},"end":{"line":46,"column":null}},"15":{"start":{"line":38,"column":4},"end":{"line":45,"column":null}},"16":{"start":{"line":39,"column":23},"end":{"line":39,"column":69}},"17":{"start":{"line":40,"column":19},"end":{"line":40,"column":38}},"18":{"start":{"line":41,"column":6},"end":{"line":41,"column":null}},"19":{"start":{"line":42,"column":6},"end":{"line":42,"column":null}},"20":{"start":{"line":44,"column":6},"end":{"line":44,"column":null}},"21":{"start":{"line":48,"column":21},"end":{"line":58,"column":null}},"22":{"start":{"line":49,"column":4},"end":{"line":57,"column":null}},"23":{"start":{"line":50,"column":6},"end":{"line":50,"column":null}},"24":{"start":{"line":51,"column":6},"end":{"line":52,"column":null}},"25":{"start":{"line":52,"column":8},"end":{"line":52,"column":null}},"26":{"start":{"line":54,"column":6},"end":{"line":54,"column":null}},"27":{"start":{"line":56,"column":6},"end":{"line":56,"column":null}},"28":{"start":{"line":60,"column":24},"end":{"line":69,"column":null}},"29":{"start":{"line":61,"column":4},"end":{"line":68,"column":null}},"30":{"start":{"line":62,"column":6},"end":{"line":62,"column":null}},"31":{"start":{"line":63,"column":6},"end":{"line":63,"column":null}},"32":{"start":{"line":63,"column":47},"end":{"line":63,"column":null}},"33":{"start":{"line":64,"column":6},"end":{"line":64,"column":null}},"34":{"start":{"line":65,"column":6},"end":{"line":65,"column":null}},"35":{"start":{"line":65,"column":23},"end":{"line":65,"column":47}},"36":{"start":{"line":67,"column":6},"end":{"line":67,"column":null}},"37":{"start":{"line":71,"column":29},"end":{"line":81,"column":null}},"38":{"start":{"line":72,"column":4},"end":{"line":80,"column":null}},"39":{"start":{"line":73,"column":6},"end":{"line":73,"column":null}},"40":{"start":{"line":74,"column":6},"end":{"line":74,"column":null}},"41":{"start":{"line":74,"column":49},"end":{"line":74,"column":null}},"42":{"start":{"line":75,"column":6},"end":{"line":77,"column":null}},"43":{"start":{"line":75,"column":35},"end":{"line":75,"column":61}},"44":{"start":{"line":76,"column":8},"end":{"line":76,"column":null}},"45":{"start":{"line":79,"column":6},"end":{"line":79,"column":null}},"46":{"start":{"line":83,"column":30},"end":{"line":96,"column":null}},"47":{"start":{"line":84,"column":4},"end":{"line":95,"column":null}},"48":{"start":{"line":98,"column":21},"end":{"line":112,"column":null}},"49":{"start":{"line":99,"column":17},"end":{"line":99,"column":null}},"50":{"start":{"line":100,"column":16},"end":{"line":100,"column":null}},"51":{"start":{"line":101,"column":19},"end":{"line":101,"column":null}},"52":{"start":{"line":102,"column":21},"end":{"line":102,"column":null}},"53":{"start":{"line":103,"column":22},"end":{"line":103,"column":null}},"54":{"start":{"line":104,"column":21},"end":{"line":104,"column":null}},"55":{"start":{"line":106,"column":4},"end":{"line":106,"column":null}},"56":{"start":{"line":106,"column":22},"end":{"line":106,"column":null}},"57":{"start":{"line":107,"column":4},"end":{"line":107,"column":null}},"58":{"start":{"line":107,"column":23},"end":{"line":107,"column":null}},"59":{"start":{"line":108,"column":4},"end":{"line":108,"column":null}},"60":{"start":{"line":108,"column":24},"end":{"line":108,"column":null}},"61":{"start":{"line":109,"column":4},"end":{"line":109,"column":null}},"62":{"start":{"line":109,"column":22},"end":{"line":109,"column":null}},"63":{"start":{"line":111,"column":4},"end":{"line":111,"column":null}},"64":{"start":{"line":119,"column":23},"end":{"line":119,"column":null}},"65":{"start":{"line":134,"column":27},"end":{"line":134,"column":null}},"66":{"start":{"line":153,"column":33},"end":{"line":153,"column":null}},"67":{"start":{"line":163,"column":18},"end":{"line":164,"column":null}},"68":{"start":{"line":188,"column":47},"end":{"line":188,"column":null}},"69":{"start":{"line":197,"column":45},"end":{"line":197,"column":null}},"70":{"start":{"line":221,"column":18},"end":{"line":221,"column":null}},"71":{"start":{"line":222,"column":18},"end":{"line":222,"column":null}}},"fnMap":{"0":{"name":"NotificationBell","decl":{"start":{"line":24,"column":16},"end":{"line":24,"column":33}},"loc":{"start":{"line":24,"column":66},"end":{"line":233,"column":null}}},"1":{"name":"(anonymous_2)","decl":{"start":{"line":30,"column":12},"end":{"line":30,"column":null}},"loc":{"start":{"line":30,"column":12},"end":{"line":35,"column":5}}},"2":{"name":"(anonymous_3)","decl":{"start":{"line":34,"column":11},"end":{"line":34,"column":17}},"loc":{"start":{"line":34,"column":17},"end":{"line":34,"column":null}}},"3":{"name":"(anonymous_4)","decl":{"start":{"line":37,"column":29},"end":{"line":37,"column":null}},"loc":{"start":{"line":37,"column":29},"end":{"line":46,"column":null}}},"4":{"name":"(anonymous_5)","decl":{"start":{"line":48,"column":21},"end":{"line":48,"column":28}},"loc":{"start":{"line":48,"column":28},"end":{"line":58,"column":null}}},"5":{"name":"(anonymous_6)","decl":{"start":{"line":51,"column":41},"end":{"line":51,"column":null}},"loc":{"start":{"line":52,"column":8},"end":{"line":52,"column":null}}},"6":{"name":"(anonymous_7)","decl":{"start":{"line":60,"column":24},"end":{"line":60,"column":null}},"loc":{"start":{"line":60,"column":24},"end":{"line":69,"column":null}}},"7":{"name":"(anonymous_8)","decl":{"start":{"line":63,"column":41},"end":{"line":63,"column":47}},"loc":{"start":{"line":63,"column":47},"end":{"line":63,"column":null}}},"8":{"name":"(anonymous_9)","decl":{"start":{"line":65,"column":17},"end":{"line":65,"column":23}},"loc":{"start":{"line":65,"column":23},"end":{"line":65,"column":47}}},"9":{"name":"(anonymous_10)","decl":{"start":{"line":71,"column":29},"end":{"line":71,"column":36}},"loc":{"start":{"line":71,"column":36},"end":{"line":81,"column":null}}},"10":{"name":"(anonymous_11)","decl":{"start":{"line":74,"column":44},"end":{"line":74,"column":49}},"loc":{"start":{"line":74,"column":49},"end":{"line":74,"column":null}}},"11":{"name":"(anonymous_12)","decl":{"start":{"line":75,"column":30},"end":{"line":75,"column":35}},"loc":{"start":{"line":75,"column":35},"end":{"line":75,"column":61}}},"12":{"name":"(anonymous_13)","decl":{"start":{"line":83,"column":30},"end":{"line":83,"column":31}},"loc":{"start":{"line":83,"column":31},"end":{"line":96,"column":null}}},"13":{"name":"(anonymous_14)","decl":{"start":{"line":98,"column":21},"end":{"line":98,"column":22}},"loc":{"start":{"line":98,"column":22},"end":{"line":112,"column":null}}},"14":{"name":"(anonymous_15)","decl":{"start":{"line":119,"column":17},"end":{"line":119,"column":23}},"loc":{"start":{"line":119,"column":23},"end":{"line":119,"column":null}}},"15":{"name":"(anonymous_16)","decl":{"start":{"line":134,"column":21},"end":{"line":134,"column":27}},"loc":{"start":{"line":134,"column":27},"end":{"line":134,"column":null}}},"16":{"name":"(anonymous_17)","decl":{"start":{"line":153,"column":27},"end":{"line":153,"column":33}},"loc":{"start":{"line":153,"column":33},"end":{"line":153,"column":null}}},"17":{"name":"(anonymous_18)","decl":{"start":{"line":162,"column":34},"end":{"line":162,"column":35}},"loc":{"start":{"line":163,"column":18},"end":{"line":164,"column":null}}},"18":{"name":"(anonymous_19)","decl":{"start":{"line":188,"column":41},"end":{"line":188,"column":47}},"loc":{"start":{"line":188,"column":47},"end":{"line":188,"column":null}}},"19":{"name":"(anonymous_20)","decl":{"start":{"line":197,"column":39},"end":{"line":197,"column":45}},"loc":{"start":{"line":197,"column":45},"end":{"line":197,"column":null}}},"20":{"name":"(anonymous_21)","decl":{"start":{"line":220,"column":25},"end":{"line":220,"column":null}},"loc":{"start":{"line":220,"column":25},"end":{"line":223,"column":null}}}},"branchMap":{"0":{"loc":{"start":{"line":40,"column":19},"end":{"line":40,"column":38}},"type":"binary-expr","locations":[{"start":{"line":40,"column":19},"end":{"line":40,"column":32}},{"start":{"line":40,"column":36},"end":{"line":40,"column":38}}]},"1":{"loc":{"start":{"line":52,"column":8},"end":{"line":52,"column":null}},"type":"cond-expr","locations":[{"start":{"line":52,"column":34},"end":{"line":52,"column":59}},{"start":{"line":52,"column":59},"end":{"line":52,"column":null}}]},"2":{"loc":{"start":{"line":75,"column":6},"end":{"line":77,"column":null}},"type":"if","locations":[{"start":{"line":75,"column":6},"end":{"line":77,"column":null}},{"start":{},"end":{}}]},"3":{"loc":{"start":{"line":106,"column":4},"end":{"line":106,"column":null}},"type":"if","locations":[{"start":{"line":106,"column":4},"end":{"line":106,"column":null}},{"start":{},"end":{}}]},"4":{"loc":{"start":{"line":107,"column":4},"end":{"line":107,"column":null}},"type":"if","locations":[{"start":{"line":107,"column":4},"end":{"line":107,"column":null}},{"start":{},"end":{}}]},"5":{"loc":{"start":{"line":108,"column":4},"end":{"line":108,"column":null}},"type":"if","locations":[{"start":{"line":108,"column":4},"end":{"line":108,"column":null}},{"start":{},"end":{}}]},"6":{"loc":{"start":{"line":109,"column":4},"end":{"line":109,"column":null}},"type":"if","locations":[{"start":{"line":109,"column":4},"end":{"line":109,"column":null}},{"start":{},"end":{}}]},"7":{"loc":{"start":{"line":123,"column":9},"end":{"line":123,"column":null}},"type":"binary-expr","locations":[{"start":{"line":123,"column":9},"end":{"line":123,"column":null}}]},"8":{"loc":{"start":{"line":125,"column":13},"end":{"line":125,"column":null}},"type":"cond-expr","locations":[{"start":{"line":125,"column":31},"end":{"line":125,"column":38}},{"start":{"line":125,"column":38},"end":{"line":125,"column":null}}]},"9":{"loc":{"start":{"line":130,"column":7},"end":{"line":130,"column":null}},"type":"binary-expr","locations":[{"start":{"line":130,"column":7},"end":{"line":130,"column":null}}]},"10":{"loc":{"start":{"line":140,"column":17},"end":{"line":140,"column":null}},"type":"binary-expr","locations":[{"start":{"line":140,"column":17},"end":{"line":140,"column":null}}]},"11":{"loc":{"start":{"line":162,"column":16},"end":{"line":164,"column":null}},"type":"cond-expr","locations":[{"start":{"line":162,"column":16},"end":{"line":164,"column":null}}]},"12":{"loc":{"start":{"line":166,"column":22},"end":{"line":166,"column":null}},"type":"cond-expr","locations":[{"start":{"line":166,"column":45},"end":{"line":166,"column":60}},{"start":{"line":166,"column":60},"end":{"line":166,"column":null}}]},"13":{"loc":{"start":{"line":184,"column":29},"end":{"line":184,"column":49}},"type":"binary-expr","locations":[{"start":{"line":184,"column":29},"end":{"line":184,"column":49}}]}},"s":{"0":0,"1":0,"2":0,"3":0,"4":0,"5":0,"6":0,"7":0,"8":0,"9":0,"10":0,"11":0,"12":0,"13":0,"14":0,"15":0,"16":0,"17":0,"18":0,"19":0,"20":0,"21":0,"22":0,"23":0,"24":0,"25":0,"26":0,"27":0,"28":0,"29":0,"30":0,"31":0,"32":0,"33":0,"34":0,"35":0,"36":0,"37":0,"38":0,"39":0,"40":0,"41":0,"42":0,"43":0,"44":0,"45":0,"46":0,"47":0,"48":0,"49":0,"50":0,"51":0,"52":0,"53":0,"54":0,"55":0,"56":0,"57":0,"58":0,"59":0,"60":0,"61":0,"62":0,"63":0,"64":0,"65":0,"66":0,"67":0,"68":0,"69":0,"70":0,"71":0},"f":{"0":0,"1":0,"2":0,"3":0,"4":0,"5":0,"6":0,"7":0,"8":0,"9":0,"10":0,"11":0,"12":0,"13":0,"14":0,"15":0,"16":0,"17":0,"18":0,"19":0,"20":0},"b":{"0":[0,0],"1":[0,0],"2":[0,0],"3":[0,0],"4":[0,0],"5":[0,0],"6":[0,0],"7":[0],"8":[0,0],"9":[0],"10":[0],"11":[0],"12":[0,0],"13":[0]}}
[...]
,"/mnt/c/work/git2/process-todo/web/app/components/ui/button.tsx": {"path":"/mnt/c/work/git2/process-todo/web/app/components/ui/button.tsx","statementMap":{"0":{"start":{"line":9,"column":13},"end":{"line":9,"column":22}},"1":{"start":{"line":1,"column":49},"end":{"line":1,"column":null}},"2":{"start":{"line":2,"column":21},"end":{"line":2,"column":null}},"3":{"start":{"line":9,"column":22},"end":{"line":35,"column":null}},"4":{"start":{"line":11,"column":23},"end":{"line":11,"column":null}},"5":{"start":{"line":13,"column":21},"end":{"line":19,"column":null}},"6":{"start":{"line":21,"column":18},"end":{"line":26,"column":null}},"7":{"start":{"line":38,"column":0},"end":{"line":38,"column":null}}},"fnMap":{"0":{"name":"(anonymous_1)","decl":{"start":{"line":10,"column":2},"end":{"line":10,"column":3}},"loc":{"start":{"line":10,"column":62},"end":{"line":35,"column":null}}}},"branchMap":{"0":{"loc":{"start":{"line":10,"column":16},"end":{"line":10,"column":35}},"type":"default-arg","locations":[{"start":{"line":10,"column":26},"end":{"line":10,"column":35}}]},"1":{"loc":{"start":{"line":10,"column":37},"end":{"line":10,"column":48}},"type":"default-arg","locations":[{"start":{"line":10,"column":44},"end":{"line":10,"column":48}}]}},"s":{"0":15,"1":1,"2":1,"3":1,"4":15,"5":15,"6":15,"7":1},"f":{"0":15},"b":{"0":[11],"1":[11]}}
,"/mnt/c/work/git2/process-todo/web/app/components/ui/input.tsx": {"path":"/mnt/c/work/git2/process-todo/web/app/components/ui/input.tsx","statementMap":{"0":{"start":{"line":9,"column":13},"end":{"line":9,"column":21}},"1":{"start":{"line":1,"column":48},"end":{"line":1,"column":null}},"2":{"start":{"line":2,"column":21},"end":{"line":2,"column":null}},"3":{"start":{"line":9,"column":21},"end":{"line":32,"column":null}},"4":{"start":{"line":35,"column":0},"end":{"line":35,"column":null}}},"fnMap":{"0":{"name":"(anonymous_1)","decl":{"start":{"line":10,"column":2},"end":{"line":10,"column":3}},"loc":{"start":{"line":10,"column":42},"end":{"line":32,"column":null}}}},"branchMap":{"0":{"loc":{"start":{"line":13,"column":9},"end":{"line":13,"column":null}},"type":"binary-expr","locations":[{"start":{"line":13,"column":9},"end":{"line":13,"column":null}}]},"1":{"loc":{"start":{"line":22,"column":12},"end":{"line":22,"column":null}},"type":"binary-expr","locations":[{"start":{"line":22,"column":12},"end":{"line":22,"column":21}},{"start":{"line":22,"column":21},"end":{"line":22,"column":null}}]},"2":{"loc":{"start":{"line":27,"column":9},"end":{"line":27,"column":null}},"type":"binary-expr","locations":[{"start":{"line":27,"column":9},"end":{"line":27,"column":null}}]}},"s":{"0":16,"1":1,"2":1,"3":1,"4":1},"f":{"0":16},"b":{"0":[16],"1":[16,3],"2":[16]}}
,"/mnt/c/work/git2/process-todo/web/app/components/ui/select.tsx": {"path":"/mnt/c/work/git2/process-todo/web/app/components/ui/select.tsx","statementMap":{"0":{"start":{"line":10,"column":13},"end":{"line":10,"column":22}},"1":{"start":{"line":1,"column":49},"end":{"line":1,"column":null}},"2":{"start":{"line":2,"column":21},"end":{"line":2,"column":null}},"3":{"start":{"line":10,"column":22},"end":{"line":39,"column":null}},"4":{"start":{"line":29,"column":12},"end":{"line":29,"column":39}},"5":{"start":{"line":42,"column":0},"end":{"line":42,"column":null}}},"fnMap":{"0":{"name":"(anonymous_1)","decl":{"start":{"line":11,"column":2},"end":{"line":11,"column":3}},"loc":{"start":{"line":11,"column":61},"end":{"line":39,"column":null}}},"1":{"name":"(anonymous_2)","decl":{"start":{"line":28,"column":33},"end":{"line":28,"column":34}},"loc":{"start":{"line":29,"column":12},"end":{"line":29,"column":39}}}},"branchMap":{"0":{"loc":{"start":{"line":14,"column":9},"end":{"line":14,"column":null}},"type":"binary-expr","locations":[{"start":{"line":14,"column":9},"end":{"line":14,"column":null}}]},"1":{"loc":{"start":{"line":23,"column":12},"end":{"line":23,"column":null}},"type":"binary-expr","locations":[{"start":{"line":23,"column":12},"end":{"line":23,"column":21}},{"start":{"line":23,"column":21},"end":{"line":23,"column":null}}]},"2":{"loc":{"start":{"line":28,"column":11},"end":{"line":32,"column":null}},"type":"cond-expr","locations":[{"start":{"line":28,"column":21},"end":{"line":29,"column":39}},{"start":{"line":32,"column":15},"end":{"line":32,"column":null}}]},"3":{"loc":{"start":{"line":34,"column":9},"end":{"line":34,"column":null}},"type":"binary-expr","locations":[{"start":{"line":34,"column":9},"end":{"line":34,"column":null}}]}},"s":{"0":0,"1":0,"2":0,"3":0,"4":0,"5":0},"f":{"0":0,"1":0},"b":{"0":[0],"1":[0,0],"2":[0,0],"3":[0]}}
,"/mnt/c/work/git2/process-todo/web/app/components/ui/textarea.tsx": {"path":"/mnt/c/work/git2/process-todo/web/app/components/ui/textarea.tsx","statementMap":{"0":{"start":{"line":5,"column":13},"end":{"line":5,"column":24}},"1":{"start":{"line":1,"column":27},"end":{"line":1,"column":null}},"2":{"start":{"line":5,"column":24},"end":{"line":19,"column":null}},"3":{"start":{"line":22,"column":0},"end":{"line":22,"column":null}}},"fnMap":{"0":{"name":"(anonymous_1)","decl":{"start":{"line":6,"column":2},"end":{"line":6,"column":3}},"loc":{"start":{"line":6,"column":33},"end":{"line":19,"column":null}}}},"branchMap":{"0":{"loc":{"start":{"line":6,"column":5},"end":{"line":6,"column":19}},"type":"default-arg","locations":[{"start":{"line":6,"column":17},"end":{"line":6,"column":19}}]}},"s":{"0":0,"1":0,"2":0,"3":0},"f":{"0":0},"b":{"0":[0]}}
,"/mnt/c/work/git2/process-todo/web/app/lib/api-client.ts": {"path":"/mnt/c/work/git2/process-todo/web/app/lib/api-client.ts","statementMap":{"0":{"start":{"line":65,"column":13},"end":{"line":65,"column":16}},"1":{"start":{"line":5,"column":13},"end":{"line":5,"column":22}},"2":{"start":{"line":1,"column":18},"end":{"line":1,"column":null}},"3":{"start":{"line":3,"column":16},"end":{"line":3,"column":null}},"4":{"start":{"line":5,"column":25},"end":{"line":10,"column":null}},"5":{"start":{"line":13,"column":0},"end":{"line":34,"column":null}},"6":{"start":{"line":16,"column":18},"end":{"line":16,"column":null}},"7":{"start":{"line":17,"column":4},"end":{"line":19,"column":null}},"8":{"start":{"line":18,"column":6},"end":{"line":18,"column":null}},"9":{"start":{"line":22,"column":4},"end":{"line":27,"column":null}},"10":{"start":{"line":29,"column":4},"end":{"line":29,"column":null}},"11":{"start":{"line":32,"column":4},"end":{"line":32,"column":null}},"12":{"start":{"line":33,"column":4},"end":{"line":33,"column":null}},"13":{"start":{"line":38,"column":0},"end":{"line":61,"column":null}},"14":{"start":{"line":40,"column":4},"end":{"line":44,"column":null}},"15":{"start":{"line":45,"column":4},"end":{"line":45,"column":null}},"16":{"start":{"line":48,"column":4},"end":{"line":53,"column":null}},"17":{"start":{"line":55,"column":4},"end":{"line":59,"column":null}},"18":{"start":{"line":57,"column":6},"end":{"line":57,"column":null}},"19":{"start":{"line":58,"column":6},"end":{"line":58,"column":null}},"20":{"start":{"line":60,"column":4},"end":{"line":60,"column":null}},"21":{"start":{"line":65,"column":19},"end":{"line":130,"column":null}},"22":{"start":{"line":67,"column":29},"end":{"line":67,"column":null}},"23":{"start":{"line":68,"column":38},"end":{"line":68,"column":null}},"24":{"start":{"line":69,"column":40},"end":{"line":69,"column":null}},"25":{"start":{"line":70,"column":52},"end":{"line":70,"column":null}},"26":{"start":{"line":71,"column":41},"end":{"line":71,"column":null}},"27":{"start":{"line":74,"column":18},"end":{"line":74,"column":null}},"28":{"start":{"line":75,"column":27},"end":{"line":75,"column":null}},"29":{"start":{"line":76,"column":29},"end":{"line":76,"column":null}},"30":{"start":{"line":77,"column":41},"end":{"line":77,"column":null}},"31":{"start":{"line":78,"column":30},"end":{"line":78,"column":null}},"32":{"start":{"line":81,"column":48},"end":{"line":81,"column":null}},"33":{"start":{"line":82,"column":46},"end":{"line":82,"column":null}},"34":{"start":{"line":85,"column":27},"end":{"line":85,"column":null}},"35":{"start":{"line":86,"column":52},"end":{"line":86,"column":null}},"36":{"start":{"line":87,"column":58},"end":{"line":87,"column":null}},"37":{"start":{"line":88,"column":28},"end":{"line":88,"column":null}},"38":{"start":{"line":89,"column":30},"end":{"line":89,"column":null}},"39":{"start":{"line":92,"column":18},"end":{"line":92,"column":null}},"40":{"start":{"line":93,"column":29},"end":{"line":93,"column":null}},"41":{"start":{"line":94,"column":41},"end":{"line":94,"column":null}},"42":{"start":{"line":95,"column":30},"end":{"line":95,"column":null}},"43":{"start":{"line":99,"column":21},"end":{"line":99,"column":null}},"44":{"start":{"line":100,"column":4},"end":{"line":100,"column":null}},"45":{"start":{"line":101,"column":4},"end":{"line":103,"column":null}},"46":{"start":{"line":105,"column":40},"end":{"line":105,"column":null}},"47":{"start":{"line":106,"column":34},"end":{"line":106,"column":null}},"48":{"start":{"line":109,"column":32},"end":{"line":109,"column":null}},"49":{"start":{"line":110,"column":39},"end":{"line":110,"column":null}},"50":{"start":{"line":111,"column":44},"end":{"line":111,"column":null}},"51":{"start":{"line":112,"column":33},"end":{"line":112,"column":null}},"52":{"start":{"line":113,"column":45},"end":{"line":113,"column":null}},"53":{"start":{"line":116,"column":37},"end":{"line":116,"column":null}},"54":{"start":{"line":118,"column":4},"end":{"line":118,"column":null}},"55":{"start":{"line":119,"column":30},"end":{"line":119,"column":null}},"56":{"start":{"line":120,"column":37},"end":{"line":120,"column":null}},"57":{"start":{"line":121,"column":38},"end":{"line":121,"column":null}},"58":{"start":{"line":125,"column":4},"end":{"line":125,"column":null}},"59":{"start":{"line":128,"column":32},"end":{"line":128,"column":null}},"60":{"start":{"line":129,"column":32},"end":{"line":129,"column":null}}},"fnMap":{"0":{"name":"(anonymous_4)","decl":{"start":{"line":14,"column":2},"end":{"line":14,"column":3}},"loc":{"start":{"line":14,"column":3},"end":{"line":30,"column":null}}},"1":{"name":"(anonymous_5)","decl":{"start":{"line":31,"column":2},"end":{"line":31,"column":3}},"loc":{"start":{"line":31,"column":3},"end":{"line":34,"column":null}}},"2":{"name":"(anonymous_6)","decl":{"start":{"line":39,"column":2},"end":{"line":39,"column":3}},"loc":{"start":{"line":39,"column":3},"end":{"line":46,"column":null}}},"3":{"name":"(anonymous_7)","decl":{"start":{"line":47,"column":2},"end":{"line":47,"column":3}},"loc":{"start":{"line":47,"column":3},"end":{"line":61,"column":null}}},"4":{"name":"(anonymous_8)","decl":{"start":{"line":67,"column":23},"end":{"line":67,"column":29}},"loc":{"start":{"line":67,"column":29},"end":{"line":67,"column":null}}},"5":{"name":"(anonymous_9)","decl":{"start":{"line":68,"column":22},"end":{"line":68,"column":23}},"loc":{"start":{"line":68,"column":38},"end":{"line":68,"column":null}}},"6":{"name":"(anonymous_10)","decl":{"start":{"line":69,"column":25},"end":{"line":69,"column":26}},"loc":{"start":{"line":69,"column":40},"end":{"line":69,"column":null}}},"7":{"name":"(anonymous_11)","decl":{"start":{"line":70,"column":25},"end":{"line":70,"column":26}},"loc":{"start":{"line":70,"column":52},"end":{"line":70,"column":null}}},"8":{"name":"(anonymous_12)","decl":{"start":{"line":71,"column":25},"end":{"line":71,"column":26}},"loc":{"start":{"line":71,"column":41},"end":{"line":71,"column":null}}},"9":{"name":"(anonymous_13)","decl":{"start":{"line":74,"column":12},"end":{"line":74,"column":18}},"loc":{"start":{"line":74,"column":18},"end":{"line":74,"column":null}}},"10":{"name":"(anonymous_14)","decl":{"start":{"line":75,"column":11},"end":{"line":75,"column":12}},"loc":{"start":{"line":75,"column":27},"end":{"line":75,"column":null}}},"11":{"name":"(anonymous_15)","decl":{"start":{"line":76,"column":14},"end":{"line":76,"column":15}},"loc":{"start":{"line":76,"column":29},"end":{"line":76,"column":null}}},"12":{"name":"(anonymous_16)","decl":{"start":{"line":77,"column":14},"end":{"line":77,"column":15}},"loc":{"start":{"line":77,"column":41},"end":{"line":77,"column":null}}},"13":{"name":"(anonymous_17)","decl":{"start":{"line":78,"column":14},"end":{"line":78,"column":15}},"loc":{"start":{"line":78,"column":30},"end":{"line":78,"column":null}}},"14":{"name":"(anonymous_18)","decl":{"start":{"line":81,"column":17},"end":{"line":81,"column":18}},"loc":{"start":{"line":81,"column":48},"end":{"line":81,"column":null}}},"15":{"name":"(anonymous_19)","decl":{"start":{"line":82,"column":15},"end":{"line":82,"column":16}},"loc":{"start":{"line":82,"column":46},"end":{"line":82,"column":null}}},"16":{"name":"(anonymous_20)","decl":{"start":{"line":85,"column":11},"end":{"line":85,"column":12}},"loc":{"start":{"line":85,"column":27},"end":{"line":85,"column":null}}},"17":{"name":"(anonymous_21)","decl":{"start":{"line":86,"column":20},"end":{"line":86,"column":21}},"loc":{"start":{"line":86,"column":52},"end":{"line":86,"column":null}}},"18":{"name":"(anonymous_22)","decl":{"start":{"line":87,"column":22},"end":{"line":87,"column":23}},"loc":{"start":{"line":87,"column":58},"end":{"line":87,"column":null}}},"19":{"name":"(anonymous_23)","decl":{"start":{"line":88,"column":12},"end":{"line":88,"column":13}},"loc":{"start":{"line":88,"column":28},"end":{"line":88,"column":null}}},"20":{"name":"(anonymous_24)","decl":{"start":{"line":89,"column":14},"end":{"line":89,"column":15}},"loc":{"start":{"line":89,"column":30},"end":{"line":89,"column":null}}},"21":{"name":"(anonymous_25)","decl":{"start":{"line":92,"column":12},"end":{"line":92,"column":18}},"loc":{"start":{"line":92,"column":18},"end":{"line":92,"column":null}}},"22":{"name":"(anonymous_26)","decl":{"start":{"line":93,"column":14},"end":{"line":93,"column":15}},"loc":{"start":{"line":93,"column":29},"end":{"line":93,"column":null}}},"23":{"name":"(anonymous_27)","decl":{"start":{"line":94,"column":14},"end":{"line":94,"column":15}},"loc":{"start":{"line":94,"column":41},"end":{"line":94,"column":null}}},"24":{"name":"(anonymous_28)","decl":{"start":{"line":95,"column":14},"end":{"line":95,"column":15}},"loc":{"start":{"line":95,"column":30},"end":{"line":95,"column":null}}},"25":{"name":"(anonymous_29)","decl":{"start":{"line":98,"column":18},"end":{"line":98,"column":19}},"loc":{"start":{"line":98,"column":35},"end":{"line":104,"column":null}}},"26":{"name":"(anonymous_30)","decl":{"start":{"line":105,"column":20},"end":{"line":105,"column":21}},"loc":{"start":{"line":105,"column":40},"end":{"line":105,"column":null}}},"27":{"name":"(anonymous_31)","decl":{"start":{"line":106,"column":18},"end":{"line":106,"column":19}},"loc":{"start":{"line":106,"column":34},"end":{"line":106,"column":null}}},"28":{"name":"(anonymous_32)","decl":{"start":{"line":109,"column":17},"end":{"line":109,"column":18}},"loc":{"start":{"line":109,"column":32},"end":{"line":109,"column":null}}},"29":{"name":"(anonymous_33)","decl":{"start":{"line":110,"column":19},"end":{"line":110,"column":20}},"loc":{"start":{"line":110,"column":39},"end":{"line":110,"column":null}}},"30":{"name":"(anonymous_34)","decl":{"start":{"line":111,"column":17},"end":{"line":111,"column":18}},"loc":{"start":{"line":111,"column":44},"end":{"line":111,"column":null}}},"31":{"name":"(anonymous_35)","decl":{"start":{"line":112,"column":17},"end":{"line":112,"column":18}},"loc":{"start":{"line":112,"column":33},"end":{"line":112,"column":null}}},"32":{"name":"(anonymous_36)","decl":{"start":{"line":113,"column":18},"end":{"line":113,"column":19}},"loc":{"start":{"line":113,"column":45},"end":{"line":113,"column":null}}},"33":{"name":"(anonymous_37)","decl":{"start":{"line":116,"column":22},"end":{"line":116,"column":23}},"loc":{"start":{"line":116,"column":37},"end":{"line":116,"column":null}}},"34":{"name":"(anonymous_38)","decl":{"start":{"line":117,"column":24},"end":{"line":117,"column":25}},"loc":{"start":{"line":118,"column":4},"end":{"line":118,"column":null}}},"35":{"name":"(anonymous_39)","decl":{"start":{"line":119,"column":14},"end":{"line":119,"column":15}},"loc":{"start":{"line":119,"column":30},"end":{"line":119,"column":null}}},"36":{"name":"(anonymous_40)","decl":{"start":{"line":120,"column":17},"end":{"line":120,"column":18}},"loc":{"start":{"line":120,"column":37},"end":{"line":120,"column":null}}},"37":{"name":"(anonymous_41)","decl":{"start":{"line":121,"column":22},"end":{"line":121,"column":23}},"loc":{"start":{"line":121,"column":38},"end":{"line":121,"column":null}}},"38":{"name":"(anonymous_42)","decl":{"start":{"line":124,"column":16},"end":{"line":124,"column":17}},"loc":{"start":{"line":125,"column":4},"end":{"line":125,"column":null}}},"39":{"name":"(anonymous_43)","decl":{"start":{"line":128,"column":15},"end":{"line":128,"column":16}},"loc":{"start":{"line":128,"column":32},"end":{"line":128,"column":null}}},"40":{"name":"(anonymous_44)","decl":{"start":{"line":129,"column":15},"end":{"line":129,"column":16}},"loc":{"start":{"line":129,"column":32},"end":{"line":129,"column":null}}}},"branchMap":{"0":{"loc":{"start":{"line":3,"column":16},"end":{"line":3,"column":null}},"type":"binary-expr","locations":[{"start":{"line":3,"column":16},"end":{"line":3,"column":47}},{"start":{"line":3,"column":51},"end":{"line":3,"column":null}}]},"1":{"loc":{"start":{"line":17,"column":4},"end":{"line":19,"column":null}},"type":"if","locations":[{"start":{"line":17,"column":4},"end":{"line":19,"column":null}},{"start":{},"end":{}}]},"2":{"loc":{"start":{"line":55,"column":4},"end":{"line":59,"column":null}},"type":"if","locations":[{"start":{"line":55,"column":4},"end":{"line":59,"column":null}},{"start":{},"end":{}}]}},"s":{"0":21,"1":4,"2":1,"3":1,"4":1,"5":1,"6":0,"7":0,"8":0,"9":0,"10":0,"11":0,"12":0,"13":1,"14":0,"15":0,"16":0,"17":0,"18":0,"19":0,"20":0,"21":1,"22":1,"23":1,"24":1,"25":1,"26":1,"27":1,"28":1,"29":1,"30":1,"31":1,"32":1,"33":1,"34":1,"35":1,"36":1,"37":1,"38":1,"39":1,"40":1,"41":1,"42":1,"43":0,"44":0,"45":0,"46":0,"47":0,"48":0,"49":0,"50":0,"51":0,"52":0,"53":0,"54":0,"55":0,"56":0,"57":0,"58":0,"59":0,"60":0},"f":{"0":0,"1":0,"2":0,"3":0,"4":1,"5":1,"6":1,"7":1,"8":1,"9":1,"10":1,"11":1,"12":1,"13":1,"14":1,"15":1,"16":1,"17":1,"18":1,"19":1,"20":1,"21":1,"22":1,"23":1,"24":1,"25":0,"26":0,"27":0,"28":0,"29":0,"30":0,"31":0,"32":0,"33":0,"34":0,"35":0,"36":0,"37":0,"38":0,"39":0,"40":0},"b":{"0":[1,0],"1":[0,0],"2":[0,0]}}
}
