TN:
SF:app/components/cases/case-form.tsx
FN:17,CaseForm
FN:35,(anonymous_2)
FN:42,(anonymous_3)
FN:45,(anonymous_4)
FN:51,(anonymous_5)
FN:66,(anonymous_6)
FN:93,(anonymous_7)
FN:206,(anonymous_8)
FN:239,(anonymous_9)
FN:247,(anonymous_10)
FN:252,(anonymous_11)
FN:267,(anonymous_12)
FN:283,(anonymous_13)
FN:303,TemplatePreview
FN:307,(anonymous_15)
FN:311,(anonymous_16)
FN:358,(anonymous_17)
FNF:17
FNH:0
FNDA:0,CaseForm
FNDA:0,(anonymous_2)
FNDA:0,(anonymous_3)
FNDA:0,(anonymous_4)
FNDA:0,(anonymous_5)
FNDA:0,(anonymous_6)
FNDA:0,(anonymous_7)
FNDA:0,(anonymous_8)
FNDA:0,(anonymous_9)
FNDA:0,(anonymous_10)
FNDA:0,(anonymous_11)
FNDA:0,(anonymous_12)
FNDA:0,(anonymous_13)
FNDA:0,TemplatePreview
FNDA:0,(anonymous_15)
FNDA:0,(anonymous_16)
FNDA:0,(anonymous_17)
DA:3,0
DA:4,0
DA:6,0
DA:7,0
DA:8,0
DA:9,0
DA:10,0
DA:17,0
DA:18,0
DA:19,0
DA:20,0
DA:21,0
DA:23,0
DA:27,0
DA:33,0
DA:35,0
DA:36,0
DA:37,0
DA:38,0
DA:42,0
DA:43,0
DA:44,0
DA:45,0
DA:47,0
DA:51,0
DA:52,0
DA:54,0
DA:55,0
DA:56,0
DA:57,0
DA:59,0
DA:60,0
DA:62,0
DA:66,0
DA:67,0
DA:69,0
DA:70,0
DA:73,0
DA:74,0
DA:75,0
DA:78,0
DA:79,0
DA:81,0
DA:82,0
DA:83,0
DA:84,0
DA:85,0
DA:89,0
DA:90,0
DA:93,0
DA:94,0
DA:96,0
DA:97,0
DA:100,0
DA:101,0
DA:103,0
DA:108,0
DA:111,0
DA:112,0
DA:113,0
DA:114,0
DA:121,0
DA:128,0
DA:133,0
DA:134,0
DA:135,0
DA:136,0
DA:138,0
DA:139,0
DA:140,0
DA:141,0
DA:144,0
DA:145,0
DA:153,0
DA:154,0
DA:155,0
DA:157,0
DA:158,0
DA:159,0
DA:161,0
DA:162,0
DA:165,0
DA:166,0
DA:170,0
DA:171,0
DA:172,0
DA:174,0
DA:175,0
DA:179,0
DA:180,0
DA:181,0
DA:183,0
DA:186,0
DA:190,0
DA:206,0
DA:239,0
DA:247,0
DA:252,0
DA:267,0
DA:283,0
DA:304,0
DA:305,0
DA:307,0
DA:308,0
DA:311,0
DA:312,0
DA:313,0
DA:314,0
DA:315,0
DA:317,0
DA:319,0
DA:323,0
DA:333,0
DA:359,0
LF:114
LH:0
BRDA:29,0,0,0
BRDA:29,0,1,0
BRDA:37,1,0,0
BRDA:37,1,1,0
BRDA:52,2,0,0
BRDA:52,2,1,0
BRDA:69,3,0,0
BRDA:69,3,1,0
BRDA:74,4,0,0
BRDA:74,4,1,0
BRDA:74,5,0,0
BRDA:74,5,1,0
BRDA:74,5,2,0
BRDA:78,6,0,0
BRDA:78,6,1,0
BRDA:84,7,0,0
BRDA:84,7,1,0
BRDA:96,8,0,0
BRDA:96,8,1,0
BRDA:103,9,0,0
BRDA:103,9,1,0
BRDA:133,10,0,0
BRDA:133,10,1,0
BRDA:157,11,0,0
BRDA:157,11,1,0
BRDA:174,12,0,0
BRDA:174,12,1,0
BRDA:175,13,0,0
BRDA:175,13,1,0
BRDA:175,13,2,0
BRDA:175,13,3,0
BRDA:180,14,0,0
BRDA:180,14,1,0
BRDA:190,15,0,0
BRDA:190,15,1,0
BRDA:212,16,0,0
BRDA:212,16,1,0
BRDA:218,17,0,0
BRDA:238,18,0,0
BRDA:238,18,1,0
BRDA:246,19,0,0
BRDA:246,19,1,0
BRDA:266,20,0,0
BRDA:266,20,1,0
BRDA:269,21,0,0
BRDA:269,21,1,0
BRDA:275,22,0,0
BRDA:282,23,0,0
BRDA:282,23,1,0
BRDA:295,24,0,0
BRDA:295,24,1,0
BRDA:323,25,0,0
BRDA:323,25,1,0
BRDA:333,26,0,0
BRDA:333,26,1,0
BRDA:341,27,0,0
BRDA:341,27,1,0
BRDA:363,28,0,0
BRDA:363,28,1,0
BRDA:366,29,0,0
BRDA:366,29,1,0
BRDA:359,30,0,0
BRDA:359,30,1,0
BRF:63
BRH:0
end_of_record
TN:
SF:app/components/cases/replan-dialog.tsx
FN:16,ReplanDialog
FN:19,(anonymous_2)
FN:19,(anonymous_3)
FN:25,(anonymous_4)
FN:43,(anonymous_5)
FN:63,(anonymous_6)
FN:68,(anonymous_7)
FN:97,(anonymous_8)
FN:122,(anonymous_9)
FN:127,(anonymous_10)
FN:131,(anonymous_11)
FN:155,(anonymous_12)
FN:156,(anonymous_13)
FN:171,(anonymous_14)
FN:172,(anonymous_15)
FN:209,(anonymous_16)
FNF:16
FNH:0
FNDA:0,ReplanDialog
FNDA:0,(anonymous_2)
FNDA:0,(anonymous_3)
FNDA:0,(anonymous_4)
FNDA:0,(anonymous_5)
FNDA:0,(anonymous_6)
FNDA:0,(anonymous_7)
FNDA:0,(anonymous_8)
FNDA:0,(anonymous_9)
FNDA:0,(anonymous_10)
FNDA:0,(anonymous_11)
FNDA:0,(anonymous_12)
FNDA:0,(anonymous_13)
FNDA:0,(anonymous_14)
FNDA:0,(anonymous_15)
FNDA:0,(anonymous_16)
DA:3,0
DA:5,0
DA:6,0
DA:7,0
DA:16,0
DA:17,0
DA:18,0
DA:19,0
DA:21,0
DA:22,0
DA:23,0
DA:25,0
DA:26,0
DA:28,0
DA:29,0
DA:30,0
DA:34,0
DA:36,0
DA:37,0
DA:39,0
DA:43,0
DA:44,0
DA:46,0
DA:47,0
DA:48,0
DA:52,0
DA:53,0
DA:54,0
DA:56,0
DA:57,0
DA:59,0
DA:63,0
DA:64,0
DA:65,0
DA:68,0
DA:69,0
DA:70,0
DA:71,0
DA:97,0
DA:123,0
DA:128,0
DA:129,0
DA:131,0
DA:155,0
DA:156,0
DA:172,0
DA:173,0
DA:210,0
DA:211,0
LF:49
LH:0
BRDA:26,0,0,0
BRDA:26,0,1,0
BRDA:44,1,0,0
BRDA:44,1,1,0
BRDA:64,2,0,0
BRDA:64,2,1,0
BRDA:69,3,0,0
BRDA:69,3,1,0
BRDA:69,4,0,0
BRDA:69,4,1,0
BRDA:102,5,0,0
BRDA:128,6,0,0
BRDA:128,6,1,0
BRDA:149,7,0,0
BRDA:161,8,0,0
BRDA:176,9,0,0
BRDA:176,9,1,0
BRDA:212,10,0,0
BRDA:212,10,1,0
BRDA:223,11,0,0
BRDA:225,12,0,0
BRDA:225,12,1,0
BRDA:227,13,0,0
BRDA:227,13,1,0
BRDA:232,14,0,0
BRDA:254,15,0,0
BRDA:256,16,0,0
BRDA:256,16,1,0
BRF:28
BRH:0
end_of_record
TN:
SF:app/components/cases/step-comments.tsx
FN:26,StepComments
FN:36,(anonymous_2)
FN:43,(anonymous_3)
FN:52,(anonymous_4)
FN:63,(anonymous_5)
FN:68,(anonymous_6)
FN:79,(anonymous_7)
FN:91,(anonymous_8)
FN:92,(anonymous_9)
FN:95,(anonymous_10)
FN:99,(anonymous_11)
FN:120,(anonymous_12)
FN:142,(anonymous_13)
FN:154,(anonymous_14)
FN:195,(anonymous_16)
FN:207,(anonymous_17)
FN:217,(anonymous_18)
FN:225,(anonymous_19)
FN:233,(anonymous_20)
FN:243,(anonymous_21)
FN:254,(anonymous_22)
FN:261,(anonymous_23)
FN:277,(anonymous_24)
FN:290,(anonymous_25)
FNF:24
FNH:0
FNDA:0,StepComments
FNDA:0,(anonymous_2)
FNDA:0,(anonymous_3)
FNDA:0,(anonymous_4)
FNDA:0,(anonymous_5)
FNDA:0,(anonymous_6)
FNDA:0,(anonymous_7)
FNDA:0,(anonymous_8)
FNDA:0,(anonymous_9)
FNDA:0,(anonymous_10)
FNDA:0,(anonymous_11)
FNDA:0,(anonymous_12)
FNDA:0,(anonymous_13)
FNDA:0,(anonymous_14)
FNDA:0,(anonymous_16)
FNDA:0,(anonymous_17)
FNDA:0,(anonymous_18)
FNDA:0,(anonymous_19)
FNDA:0,(anonymous_20)
FNDA:0,(anonymous_21)
FNDA:0,(anonymous_22)
FNDA:0,(anonymous_23)
FNDA:0,(anonymous_24)
FNDA:0,(anonymous_25)
DA:3,0
DA:4,0
DA:5,0
DA:6,0
DA:7,0
DA:26,0
DA:27,0
DA:28,0
DA:29,0
DA:30,0
DA:31,0
DA:32,0
DA:33,0
DA:34,0
DA:36,0
DA:37,0
DA:38,0
DA:39,0
DA:43,0
DA:44,0
DA:45,0
DA:46,0
DA:48,0
DA:52,0
DA:53,0
DA:54,0
DA:55,0
DA:56,0
DA:59,0
DA:60,0
DA:63,0
DA:64,0
DA:68,0
DA:69,0
DA:70,0
DA:71,0
DA:72,0
DA:73,0
DA:74,0
DA:79,0
DA:80,0
DA:83,0
DA:85,0
DA:87,0
DA:91,0
DA:92,0
DA:93,0
DA:94,0
DA:95,0
DA:99,0
DA:100,0
DA:102,0
DA:103,0
DA:104,0
DA:109,0
DA:110,0
DA:111,0
DA:113,0
DA:114,0
DA:116,0
DA:120,0
DA:121,0
DA:123,0
DA:124,0
DA:125,0
DA:130,0
DA:131,0
DA:132,0
DA:133,0
DA:135,0
DA:136,0
DA:138,0
DA:142,0
DA:143,0
DA:145,0
DA:146,0
DA:147,0
DA:149,0
DA:150,0
DA:154,0
DA:155,0
DA:156,0
DA:157,0
DA:158,0
DA:159,0
DA:160,0
DA:162,0
DA:163,0
DA:164,0
DA:165,0
DA:167,0
DA:196,0
DA:197,0
DA:207,0
DA:217,0
DA:225,0
DA:233,0
DA:244,0
DA:254,0
DA:255,0
DA:261,0
DA:278,0
DA:290,0
LF:103
LH:0
BRDA:37,0,0,0
BRDA:37,0,1,0
BRDA:56,1,0,0
BRDA:56,1,1,0
BRDA:70,2,0,0
BRDA:70,2,1,0
BRDA:70,3,0,0
BRDA:70,3,1,0
BRDA:73,4,0,0
BRDA:73,4,1,0
BRDA:93,5,0,0
BRDA:93,5,1,0
BRDA:94,6,0,0
BRDA:94,6,1,0
BRDA:100,7,0,0
BRDA:100,7,1,0
BRDA:111,8,0,0
BRDA:111,8,1,0
BRDA:121,9,0,0
BRDA:121,9,1,0
BRDA:133,10,0,0
BRDA:133,10,1,0
BRDA:143,11,0,0
BRDA:143,11,1,0
BRDA:162,12,0,0
BRDA:162,12,1,0
BRDA:163,13,0,0
BRDA:163,13,1,0
BRDA:164,14,0,0
BRDA:164,14,1,0
BRDA:165,15,0,0
BRDA:165,15,1,0
BRDA:174,16,0,0
BRDA:175,17,0,0
BRDA:175,17,1,0
BRDA:176,18,0,0
BRDA:176,18,1,0
BRDA:191,19,0,0
BRDA:213,20,0,0
BRDA:226,21,0,0
BRDA:226,21,1,0
BRDA:241,22,0,0
BRDA:241,22,1,0
BRDA:255,23,0,0
BRDA:255,23,1,0
BRDA:266,24,0,0
BRDA:269,25,0,0
BRDA:272,26,0,0
BRDA:281,27,0,0
BRDA:297,28,0,0
BRDA:297,28,1,0
BRF:51
BRH:0
end_of_record
TN:
SF:app/components/cases/step-instance-list.tsx
FN:15,StepInstanceList
FN:18,(anonymous_2)
FN:33,(anonymous_3)
FN:48,(anonymous_4)
FN:63,(anonymous_5)
FN:76,(anonymous_6)
FN:93,(anonymous_7)
FN:121,(anonymous_8)
FN:131,(anonymous_9)
FN:182,(anonymous_10)
FN:192,(anonymous_11)
FN:202,(anonymous_12)
FN:214,(anonymous_13)
FNF:13
FNH:0
FNDA:0,StepInstanceList
FNDA:0,(anonymous_2)
FNDA:0,(anonymous_3)
FNDA:0,(anonymous_4)
FNDA:0,(anonymous_5)
FNDA:0,(anonymous_6)
FNDA:0,(anonymous_7)
FNDA:0,(anonymous_8)
FNDA:0,(anonymous_9)
FNDA:0,(anonymous_10)
FNDA:0,(anonymous_11)
FNDA:0,(anonymous_12)
FNDA:0,(anonymous_13)
DA:3,0
DA:5,0
DA:6,0
DA:7,0
DA:8,0
DA:15,0
DA:16,0
DA:18,0
DA:19,0
DA:33,0
DA:34,0
DA:36,0
DA:38,0
DA:40,0
DA:42,0
DA:44,0
DA:48,0
DA:49,0
DA:51,0
DA:53,0
DA:55,0
DA:57,0
DA:59,0
DA:63,0
DA:64,0
DA:65,0
DA:66,0
DA:67,0
DA:69,0
DA:70,0
DA:72,0
DA:76,0
DA:77,0
DA:78,0
DA:79,0
DA:80,0
DA:82,0
DA:84,0
DA:86,0
DA:87,0
DA:89,0
DA:93,0
DA:94,0
DA:95,0
DA:96,0
DA:97,0
DA:99,0
DA:100,0
DA:102,0
DA:108,0
DA:109,0
DA:110,0
DA:111,0
DA:112,0
DA:113,0
DA:114,0
DA:115,0
DA:117,0
DA:121,0
DA:123,0
DA:124,0
DA:125,0
DA:126,0
DA:132,0
DA:182,0
DA:192,0
DA:202,0
DA:214,0
LF:68
LH:0
BRDA:34,0,0,0
BRDA:34,0,1,0
BRDA:34,0,2,0
BRDA:34,0,3,0
BRDA:34,0,4,0
BRDA:49,1,0,0
BRDA:49,1,1,0
BRDA:49,1,2,0
BRDA:49,1,3,0
BRDA:49,1,4,0
BRDA:79,2,0,0
BRDA:79,2,1,0
BRDA:94,3,0,0
BRDA:94,3,1,0
BRDA:108,4,0,0
BRDA:108,4,1,0
BRDA:110,5,0,0
BRDA:110,5,1,0
BRDA:112,6,0,0
BRDA:112,6,1,0
BRDA:114,7,0,0
BRDA:114,7,1,0
BRDA:123,8,0,0
BRDA:123,8,1,0
BRDA:123,9,0,0
BRDA:123,9,1,0
BRDA:124,10,0,0
BRDA:124,10,1,0
BRDA:125,11,0,0
BRDA:125,11,1,0
BRDA:135,12,0,0
BRDA:135,12,1,0
BRDA:146,13,0,0
BRDA:162,14,0,0
BRDA:162,14,1,0
BRDA:166,15,0,0
BRDA:166,15,1,0
BRDA:173,16,0,0
BRDA:178,17,0,0
BRDA:188,18,0,0
BRDA:198,19,0,0
BRDA:198,19,1,0
BRDA:198,19,2,0
BRDA:213,20,0,0
BRDA:213,20,1,0
BRDA:215,21,0,0
BRDA:215,21,1,0
BRDA:217,22,0,0
BRDA:225,23,0,0
BRDA:229,24,0,0
BRF:50
BRH:0
end_of_record
TN:
SF:app/components/layout/header.tsx
FN:9,Header
FNF:1
FNH:0
FNDA:0,Header
DA:3,0
DA:4,0
DA:5,0
DA:7,0
DA:9,0
DA:10,0
DA:13,0
DA:14,0
LF:8
LH:0
BRF:0
BRH:0
end_of_record
TN:
SF:app/components/notifications/notification-bell.tsx
FN:24,NotificationBell
FN:30,(anonymous_2)
FN:34,(anonymous_3)
FN:37,(anonymous_4)
FN:48,(anonymous_5)
FN:51,(anonymous_6)
FN:60,(anonymous_7)
FN:63,(anonymous_8)
FN:65,(anonymous_9)
FN:71,(anonymous_10)
FN:74,(anonymous_11)
FN:75,(anonymous_12)
FN:83,(anonymous_13)
FN:98,(anonymous_14)
FN:119,(anonymous_15)
FN:134,(anonymous_16)
FN:153,(anonymous_17)
FN:162,(anonymous_18)
FN:188,(anonymous_19)
FN:197,(anonymous_20)
FN:220,(anonymous_21)
FNF:21
FNH:0
FNDA:0,NotificationBell
FNDA:0,(anonymous_2)
FNDA:0,(anonymous_3)
FNDA:0,(anonymous_4)
FNDA:0,(anonymous_5)
FNDA:0,(anonymous_6)
FNDA:0,(anonymous_7)
FNDA:0,(anonymous_8)
FNDA:0,(anonymous_9)
FNDA:0,(anonymous_10)
FNDA:0,(anonymous_11)
FNDA:0,(anonymous_12)
FNDA:0,(anonymous_13)
FNDA:0,(anonymous_14)
FNDA:0,(anonymous_15)
FNDA:0,(anonymous_16)
FNDA:0,(anonymous_17)
FNDA:0,(anonymous_18)
FNDA:0,(anonymous_19)
FNDA:0,(anonymous_20)
FNDA:0,(anonymous_21)
DA:3,0
DA:4,0
DA:5,0
DA:6,0
DA:24,0
DA:25,0
DA:26,0
DA:27,0
DA:28,0
DA:30,0
DA:31,0
DA:33,0
DA:34,0
DA:37,0
DA:38,0
DA:39,0
DA:40,0
DA:41,0
DA:42,0
DA:44,0
DA:48,0
DA:49,0
DA:50,0
DA:51,0
DA:52,0
DA:54,0
DA:56,0
DA:60,0
DA:61,0
DA:62,0
DA:63,0
DA:64,0
DA:65,0
DA:67,0
DA:71,0
DA:72,0
DA:73,0
DA:74,0
DA:75,0
DA:76,0
DA:79,0
DA:83,0
DA:84,0
DA:98,0
DA:99,0
DA:100,0
DA:101,0
DA:102,0
DA:103,0
DA:104,0
DA:106,0
DA:107,0
DA:108,0
DA:109,0
DA:111,0
DA:119,0
DA:134,0
DA:153,0
DA:163,0
DA:188,0
DA:197,0
DA:221,0
DA:222,0
LF:63
LH:0
BRDA:40,0,0,0
BRDA:40,0,1,0
BRDA:52,1,0,0
BRDA:52,1,1,0
BRDA:75,2,0,0
BRDA:75,2,1,0
BRDA:106,3,0,0
BRDA:106,3,1,0
BRDA:107,4,0,0
BRDA:107,4,1,0
BRDA:108,5,0,0
BRDA:108,5,1,0
BRDA:109,6,0,0
BRDA:109,6,1,0
BRDA:123,7,0,0
BRDA:125,8,0,0
BRDA:125,8,1,0
BRDA:130,9,0,0
BRDA:140,10,0,0
BRDA:162,11,0,0
BRDA:166,12,0,0
BRDA:166,12,1,0
BRDA:184,13,0,0
BRF:23
BRH:0
end_of_record
TN:
SF:app/components/templates/process-template-form.tsx
FN:16,ProcessTemplateForm
FN:28,(anonymous_2)
FN:34,(anonymous_3)
FN:49,(anonymous_4)
FN:61,(anonymous_5)
FN:76,(anonymous_6)
FN:88,(anonymous_7)
FN:93,(anonymous_8)
FN:131,(anonymous_9)
FN:135,(anonymous_10)
FN:159,(anonymous_11)
FN:192,(anonymous_12)
FN:201,(anonymous_13)
FN:211,(anonymous_14)
FN:244,ProcessFlowPreview
FN:256,(anonymous_16)
FNF:16
FNH:0
FNDA:0,ProcessTemplateForm
FNDA:0,(anonymous_2)
FNDA:0,(anonymous_3)
FNDA:0,(anonymous_4)
FNDA:0,(anonymous_5)
FNDA:0,(anonymous_6)
FNDA:0,(anonymous_7)
FNDA:0,(anonymous_8)
FNDA:0,(anonymous_9)
FNDA:0,(anonymous_10)
FNDA:0,(anonymous_11)
FNDA:0,(anonymous_12)
FNDA:0,(anonymous_13)
FNDA:0,(anonymous_14)
FNDA:0,ProcessFlowPreview
FNDA:0,(anonymous_16)
DA:3,0
DA:4,0
DA:6,0
DA:7,0
DA:8,0
DA:9,0
DA:10,0
DA:16,0
DA:17,0
DA:18,0
DA:19,0
DA:20,0
DA:26,0
DA:28,0
DA:29,0
DA:30,0
DA:34,0
DA:35,0
DA:37,0
DA:38,0
DA:39,0
DA:40,0
DA:42,0
DA:43,0
DA:45,0
DA:49,0
DA:50,0
DA:52,0
DA:53,0
DA:56,0
DA:57,0
DA:61,0
DA:62,0
DA:63,0
DA:67,0
DA:68,0
DA:72,0
DA:73,0
DA:76,0
DA:77,0
DA:79,0
DA:80,0
DA:83,0
DA:84,0
DA:86,0
DA:88,0
DA:93,0
DA:102,0
DA:108,0
DA:110,0
DA:111,0
DA:112,0
DA:114,0
DA:115,0
DA:116,0
DA:119,0
DA:120,0
DA:121,0
DA:122,0
DA:124,0
DA:127,0
DA:131,0
DA:132,0
DA:134,0
DA:135,0
DA:136,0
DA:137,0
DA:140,0
DA:143,0
DA:159,0
DA:192,0
DA:201,0
DA:211,0
DA:245,0
DA:257,0
LF:75
LH:0
BRDA:29,0,0,0
BRDA:29,0,1,0
BRDA:35,1,0,0
BRDA:35,1,1,0
BRDA:52,2,0,0
BRDA:52,2,1,0
BRDA:56,3,0,0
BRDA:56,3,1,0
BRDA:56,4,0,0
BRDA:56,4,1,0
BRDA:62,5,0,0
BRDA:62,5,1,0
BRDA:67,6,0,0
BRDA:67,6,1,0
BRDA:67,7,0,0
BRDA:67,7,1,0
BRDA:79,8,0,0
BRDA:79,8,1,0
BRDA:88,9,0,0
BRDA:88,9,1,0
BRDA:93,10,0,0
BRDA:93,10,1,0
BRDA:97,11,0,0
BRDA:97,11,1,0
BRDA:108,12,0,0
BRDA:108,12,1,0
BRDA:110,13,0,0
BRDA:110,13,1,0
BRDA:120,14,0,0
BRDA:120,14,1,0
BRDA:121,15,0,0
BRDA:121,15,1,0
BRDA:136,16,0,0
BRDA:136,16,1,0
BRDA:136,17,0,0
BRDA:136,17,1,0
BRDA:143,18,0,0
BRDA:143,18,1,0
BRDA:165,19,0,0
BRDA:165,19,1,0
BRDA:171,20,0,0
BRDA:222,21,0,0
BRDA:229,22,0,0
BRDA:229,22,1,0
BRDA:237,23,0,0
BRDA:237,23,1,0
BRDA:245,24,0,0
BRDA:245,24,1,0
BRDA:260,25,0,0
BRDA:260,25,1,0
BRDA:264,26,0,0
BRDA:264,26,1,0
BRDA:266,27,0,0
BRDA:266,27,1,0
BRDA:272,28,0,0
BRF:55
BRH:0
end_of_record
TN:
SF:app/components/templates/step-template-editor.tsx
FN:15,StepTemplateEditor
FN:19,(anonymous_2)
FN:23,(anonymous_3)
FN:37,(anonymous_4)
FN:43,(anonymous_5)
FN:44,(anonymous_6)
FN:53,(anonymous_7)
FN:54,(anonymous_8)
FN:56,(anonymous_9)
FN:63,(anonymous_10)
FN:74,(anonymous_11)
FN:81,(anonymous_12)
FN:85,(anonymous_13)
FN:89,(anonymous_14)
FN:103,(anonymous_15)
FN:123,(anonymous_16)
FN:128,(anonymous_17)
FN:130,(anonymous_18)
FN:142,(anonymous_19)
FN:148,(anonymous_20)
FN:159,(anonymous_21)
FN:170,(anonymous_22)
FN:176,(anonymous_23)
FN:189,(anonymous_24)
FNF:24
FNH:0
FNDA:0,StepTemplateEditor
FNDA:0,(anonymous_2)
FNDA:0,(anonymous_3)
FNDA:0,(anonymous_4)
FNDA:0,(anonymous_5)
FNDA:0,(anonymous_6)
FNDA:0,(anonymous_7)
FNDA:0,(anonymous_8)
FNDA:0,(anonymous_9)
FNDA:0,(anonymous_10)
FNDA:0,(anonymous_11)
FNDA:0,(anonymous_12)
FNDA:0,(anonymous_13)
FNDA:0,(anonymous_14)
FNDA:0,(anonymous_15)
FNDA:0,(anonymous_16)
FNDA:0,(anonymous_17)
FNDA:0,(anonymous_18)
FNDA:0,(anonymous_19)
FNDA:0,(anonymous_20)
FNDA:0,(anonymous_21)
FNDA:0,(anonymous_22)
FNDA:0,(anonymous_23)
FNDA:0,(anonymous_24)
DA:3,0
DA:5,0
DA:6,0
DA:7,0
DA:8,0
DA:15,0
DA:16,0
DA:17,0
DA:19,0
DA:20,0
DA:23,0
DA:24,0
DA:32,0
DA:33,0
DA:34,0
DA:37,0
DA:38,0
DA:39,0
DA:42,0
DA:43,0
DA:44,0
DA:45,0
DA:49,0
DA:50,0
DA:53,0
DA:54,0
DA:56,0
DA:57,0
DA:59,0
DA:60,0
DA:63,0
DA:64,0
DA:65,0
DA:67,0
DA:68,0
DA:71,0
DA:72,0
DA:74,0
DA:77,0
DA:78,0
DA:81,0
DA:82,0
DA:85,0
DA:86,0
DA:89,0
DA:90,0
DA:91,0
DA:93,0
DA:94,0
DA:97,0
DA:100,0
DA:103,0
DA:104,0
DA:107,0
DA:108,0
DA:109,0
DA:124,0
DA:128,0
DA:130,0
DA:142,0
DA:148,0
DA:159,0
DA:171,0
DA:176,0
DA:189,0
LF:65
LH:0
BRDA:42,0,0,0
BRDA:42,0,1,0
BRDA:67,1,0,0
BRDA:67,1,1,0
BRDA:71,2,0,0
BRDA:71,2,1,0
BRDA:91,3,0,0
BRDA:91,3,1,0
BRDA:164,4,0,0
BRDA:175,5,0,0
BRDA:175,5,1,0
BRDA:198,6,0,0
BRF:12
BRH:0
end_of_record
TN:
SF:app/components/ui/button.tsx
FN:10,(anonymous_1)
FNF:1
FNH:1
FNDA:15,(anonymous_1)
DA:1,1
DA:2,1
DA:9,15
DA:11,15
DA:13,15
DA:21,15
DA:38,1
LF:7
LH:7
BRDA:10,0,0,11
BRDA:10,1,0,11
BRF:2
BRH:2
end_of_record
TN:
SF:app/components/ui/input.tsx
FN:10,(anonymous_1)
FNF:1
FNH:1
FNDA:16,(anonymous_1)
DA:1,1
DA:2,1
DA:9,16
DA:35,1
LF:4
LH:4
BRDA:13,0,0,16
BRDA:22,1,0,16
BRDA:22,1,1,3
BRDA:27,2,0,16
BRF:4
BRH:4
end_of_record
TN:
SF:app/components/ui/select.tsx
FN:11,(anonymous_1)
FN:28,(anonymous_2)
FNF:2
FNH:0
FNDA:0,(anonymous_1)
FNDA:0,(anonymous_2)
DA:1,0
DA:2,0
DA:10,0
DA:29,0
DA:42,0
LF:5
LH:0
BRDA:14,0,0,0
BRDA:23,1,0,0
BRDA:23,1,1,0
BRDA:28,2,0,0
BRDA:28,2,1,0
BRDA:34,3,0,0
BRF:6
BRH:0
end_of_record
TN:
SF:app/components/ui/textarea.tsx
FN:6,(anonymous_1)
FNF:1
FNH:0
FNDA:0,(anonymous_1)
DA:1,0
DA:5,0
DA:22,0
LF:3
LH:0
BRDA:6,0,0,0
BRF:1
BRH:0
end_of_record
TN:
SF:app/lib/api-client.ts
FN:14,(anonymous_4)
FN:31,(anonymous_5)
FN:39,(anonymous_6)
FN:47,(anonymous_7)
FN:67,(anonymous_8)
FN:68,(anonymous_9)
FN:69,(anonymous_10)
FN:70,(anonymous_11)
FN:71,(anonymous_12)
FN:74,(anonymous_13)
FN:75,(anonymous_14)
FN:76,(anonymous_15)
FN:77,(anonymous_16)
FN:78,(anonymous_17)
FN:81,(anonymous_18)
FN:82,(anonymous_19)
FN:85,(anonymous_20)
FN:86,(anonymous_21)
FN:87,(anonymous_22)
FN:88,(anonymous_23)
FN:89,(anonymous_24)
FN:92,(anonymous_25)
FN:93,(anonymous_26)
FN:94,(anonymous_27)
FN:95,(anonymous_28)
FN:98,(anonymous_29)
FN:105,(anonymous_30)
FN:106,(anonymous_31)
FN:109,(anonymous_32)
FN:110,(anonymous_33)
FN:111,(anonymous_34)
FN:112,(anonymous_35)
FN:113,(anonymous_36)
FN:116,(anonymous_37)
FN:117,(anonymous_38)
FN:119,(anonymous_39)
FN:120,(anonymous_40)
FN:121,(anonymous_41)
FN:124,(anonymous_42)
FN:128,(anonymous_43)
FN:129,(anonymous_44)
FNF:41
FNH:21
FNDA:0,(anonymous_4)
FNDA:0,(anonymous_5)
FNDA:0,(anonymous_6)
FNDA:0,(anonymous_7)
FNDA:1,(anonymous_8)
FNDA:1,(anonymous_9)
FNDA:1,(anonymous_10)
FNDA:1,(anonymous_11)
FNDA:1,(anonymous_12)
FNDA:1,(anonymous_13)
FNDA:1,(anonymous_14)
FNDA:1,(anonymous_15)
FNDA:1,(anonymous_16)
FNDA:1,(anonymous_17)
FNDA:1,(anonymous_18)
FNDA:1,(anonymous_19)
FNDA:1,(anonymous_20)
FNDA:1,(anonymous_21)
FNDA:1,(anonymous_22)
FNDA:1,(anonymous_23)
FNDA:1,(anonymous_24)
FNDA:1,(anonymous_25)
FNDA:1,(anonymous_26)
FNDA:1,(anonymous_27)
FNDA:1,(anonymous_28)
FNDA:0,(anonymous_29)
FNDA:0,(anonymous_30)
FNDA:0,(anonymous_31)
FNDA:0,(anonymous_32)
FNDA:0,(anonymous_33)
FNDA:0,(anonymous_34)
FNDA:0,(anonymous_35)
FNDA:0,(anonymous_36)
FNDA:0,(anonymous_37)
FNDA:0,(anonymous_38)
FNDA:0,(anonymous_39)
FNDA:0,(anonymous_40)
FNDA:0,(anonymous_41)
FNDA:0,(anonymous_42)
FNDA:0,(anonymous_43)
FNDA:0,(anonymous_44)
DA:1,1
DA:3,1
DA:5,4
DA:13,1
DA:16,0
DA:17,0
DA:18,0
DA:22,0
DA:29,0
DA:32,0
DA:33,0
DA:38,1
DA:40,0
DA:45,0
DA:48,0
DA:55,0
DA:57,0
DA:58,0
DA:60,0
DA:65,21
DA:67,1
DA:68,1
DA:69,1
DA:70,1
DA:71,1
DA:74,1
DA:75,1
DA:76,1
DA:77,1
DA:78,1
DA:81,1
DA:82,1
DA:85,1
DA:86,1
DA:87,1
DA:88,1
DA:89,1
DA:92,1
DA:93,1
DA:94,1
DA:95,1
DA:99,0
DA:100,0
DA:101,0
DA:105,0
DA:106,0
DA:109,0
DA:110,0
DA:111,0
DA:112,0
DA:113,0
DA:116,0
DA:118,0
DA:119,0
DA:120,0
DA:121,0
DA:125,0
DA:128,0
DA:129,0
LF:59
LH:27
BRDA:3,0,0,1
BRDA:3,0,1,0
BRDA:17,1,0,0
BRDA:17,1,1,0
BRDA:55,2,0,0
BRDA:55,2,1,0
BRF:6
BRH:1
end_of_record
