TN:
SF:app/components/calendar/calendar-view.tsx
FN:38,CalendarView
FN:49,(anonymous_3)
FN:51,(anonymous_4)
FN:62,(anonymous_5)
FN:77,(anonymous_6)
FN:88,(anonymous_7)
FN:101,(anonymous_8)
FN:108,(anonymous_9)
FN:265,(anonymous_10)
FN:278,(anonymous_11)
FNF:10
FNH:6
FNDA:22,CalendarView
FNDA:11,(anonymous_3)
FNDA:22,(anonymous_4)
FNDA:22,(anonymous_5)
FNDA:1,(anonymous_6)
FNDA:0,(anonymous_7)
FNDA:1,(anonymous_8)
FNDA:0,(anonymous_9)
FNDA:0,(anonymous_10)
FNDA:0,(anonymous_11)
DA:3,1
DA:4,1
DA:5,1
DA:6,1
DA:7,1
DA:8,1
DA:9,1
DA:38,11
DA:46,22
DA:47,22
DA:49,22
DA:51,11
DA:52,22
DA:53,22
DA:59,11
DA:62,22
DA:63,22
DA:65,1
DA:67,10
DA:69,10
DA:71,1
DA:73,0
DA:77,22
DA:78,1
DA:85,1
DA:88,22
DA:89,0
DA:96,0
DA:97,0
DA:98,0
DA:101,22
DA:102,1
DA:105,22
DA:266,0
DA:279,0
LF:35
LH:28
BRDA:39,0,0,0
BRDA:43,1,0,20
BRDA:44,2,0,20
BRDA:56,3,0,22
BRDA:56,3,1,0
BRDA:63,4,0,1
BRDA:63,4,1,10
BRDA:63,4,2,10
BRDA:63,4,3,1
BRDA:63,4,4,0
BRDA:81,5,0,1
BRDA:81,5,1,0
BRDA:82,6,0,1
BRDA:82,6,1,1
BRDA:92,7,0,0
BRDA:92,7,1,0
BRDA:93,8,0,0
BRDA:93,8,1,0
BRDA:96,9,0,0
BRDA:96,9,1,0
BRDA:97,10,0,0
BRDA:97,10,1,0
BRDA:270,11,0,0
BRF:23
BRH:10
end_of_record
TN:
SF:app/components/calendar/draggable-calendar.tsx
FN:54,DraggableEventCard
FN:76,(anonymous_5)
FN:119,DraggableCalendar
FN:142,(anonymous_7)
FN:146,(anonymous_8)
FN:161,(anonymous_9)
FN:187,(anonymous_10)
FN:189,(anonymous_11)
FN:225,(anonymous_12)
FN:263,(anonymous_13)
FN:271,(anonymous_14)
FN:279,(anonymous_15)
FN:291,(anonymous_16)
FNF:13
FNH:0
FNDA:0,DraggableEventCard
FNDA:0,(anonymous_5)
FNDA:0,DraggableCalendar
FNDA:0,(anonymous_7)
FNDA:0,(anonymous_8)
FNDA:0,(anonymous_9)
FNDA:0,(anonymous_10)
FNDA:0,(anonymous_11)
FNDA:0,(anonymous_12)
FNDA:0,(anonymous_13)
FNDA:0,(anonymous_14)
FNDA:0,(anonymous_15)
FNDA:0,(anonymous_16)
DA:3,0
DA:14,0
DA:20,0
DA:22,0
DA:23,0
DA:24,0
DA:25,0
DA:26,0
DA:27,0
DA:68,0
DA:70,0
DA:76,0
DA:77,0
DA:79,0
DA:81,0
DA:83,0
DA:85,0
DA:87,0
DA:119,0
DA:127,0
DA:128,0
DA:129,0
DA:131,0
DA:142,0
DA:143,0
DA:146,0
DA:147,0
DA:148,0
DA:150,0
DA:151,0
DA:155,0
DA:156,0
DA:157,0
DA:160,0
DA:161,0
DA:163,0
DA:164,0
DA:168,0
DA:172,0
DA:174,0
DA:175,0
DA:178,0
DA:180,0
DA:181,0
DA:183,0
DA:187,0
DA:189,0
DA:190,0
DA:192,0
DA:225,0
DA:263,0
DA:271,0
DA:279,0
DA:291,0
LF:54
LH:0
BRDA:73,0,0,0
BRDA:73,0,1,0
BRDA:73,1,0,0
BRDA:73,1,1,0
BRDA:77,2,0,0
BRDA:77,2,1,0
BRDA:77,2,2,0
BRDA:77,2,3,0
BRDA:77,2,4,0
BRDA:109,3,0,0
BRDA:109,3,1,0
BRDA:112,4,0,0
BRDA:121,5,0,0
BRDA:125,6,0,0
BRDA:150,7,0,0
BRDA:150,7,1,0
BRDA:150,8,0,0
BRDA:150,8,1,0
BRDA:150,8,2,0
BRDA:156,9,0,0
BRDA:156,9,1,0
BRDA:163,10,0,0
BRDA:163,10,1,0
BRDA:163,11,0,0
BRDA:163,11,1,0
BRDA:168,12,0,0
BRDA:168,12,1,0
BRDA:174,13,0,0
BRDA:174,13,1,0
BRDA:187,14,0,0
BRDA:187,14,1,0
BRDA:190,15,0,0
BRDA:190,15,1,0
BRDA:192,16,0,0
BRDA:229,17,0,0
BRDA:247,18,0,0
BRDA:247,18,1,0
BRDA:261,19,0,0
BRDA:261,19,1,0
BRDA:269,20,0,0
BRDA:269,20,1,0
BRDA:277,21,0,0
BRDA:277,21,1,0
BRDA:300,22,0,0
BRF:44
BRH:0
end_of_record
TN:
SF:app/components/calendar/month-view.tsx
FN:32,MonthView
FN:43,(anonymous_2)
FN:57,(anonymous_3)
FN:60,(anonymous_4)
FN:74,(anonymous_5)
FN:90,(anonymous_6)
FN:95,(anonymous_7)
FN:100,(anonymous_8)
FN:105,(anonymous_9)
FN:156,(anonymous_10)
FN:170,(anonymous_11)
FN:175,(anonymous_12)
FN:193,(anonymous_13)
FN:207,(anonymous_14)
FN:216,(anonymous_15)
FN:220,(anonymous_16)
FN:221,(anonymous_17)
FN:233,(anonymous_18)
FN:258,(anonymous_19)
FNF:19
FNH:18
FNDA:22,MonthView
FNDA:20,(anonymous_2)
FNDA:14,(anonymous_3)
FNDA:41,(anonymous_4)
FNDA:51,(anonymous_5)
FNDA:2,(anonymous_6)
FNDA:3,(anonymous_7)
FNDA:1,(anonymous_8)
FNDA:680,(anonymous_9)
FNDA:154,(anonymous_10)
FNDA:97,(anonymous_11)
FNDA:680,(anonymous_12)
FNDA:1,(anonymous_13)
FNDA:51,(anonymous_14)
FNDA:1,(anonymous_15)
FNDA:1,(anonymous_16)
FNDA:1,(anonymous_17)
FNDA:0,(anonymous_18)
FNDA:1,(anonymous_19)
DA:3,1
DA:4,1
DA:5,1
DA:6,1
DA:7,1
DA:32,14
DA:39,22
DA:40,22
DA:43,22
DA:44,20
DA:45,20
DA:46,20
DA:50,22
DA:53,22
DA:54,22
DA:57,22
DA:58,14
DA:60,14
DA:61,41
DA:62,41
DA:64,41
DA:65,26
DA:67,41
DA:70,14
DA:74,22
DA:75,51
DA:77,17
DA:79,17
DA:81,17
DA:83,0
DA:85,0
DA:90,22
DA:91,2
DA:95,22
DA:96,3
DA:100,22
DA:101,1
DA:105,22
DA:106,680
DA:107,679
DA:109,1
DA:157,154
DA:171,97
DA:176,680
DA:177,680
DA:178,680
DA:179,680
DA:180,680
DA:181,680
DA:183,680
DA:193,1
DA:208,51
DA:217,1
DA:218,1
DA:220,1
DA:221,1
DA:234,0
DA:236,0
DA:258,1
LF:59
LH:55
BRDA:33,0,0,0
BRDA:36,1,0,21
BRDA:37,2,0,22
BRDA:64,3,0,26
BRDA:64,3,1,15
BRDA:75,4,0,17
BRDA:75,4,1,17
BRDA:75,4,2,17
BRDA:75,4,3,0
BRDA:75,4,4,0
BRDA:105,5,0,680
BRDA:106,6,0,679
BRDA:106,6,1,1
BRDA:161,7,0,22
BRDA:161,7,1,132
BRDA:162,8,0,22
BRDA:162,8,1,132
BRDA:177,9,0,680
BRDA:177,9,1,646
BRDA:180,10,0,680
BRDA:180,10,1,680
BRDA:189,11,0,18
BRDA:189,11,1,662
BRDA:190,12,0,18
BRDA:190,12,1,662
BRDA:198,13,0,106
BRDA:198,13,1,574
BRDA:199,14,0,106
BRDA:199,14,1,574
BRDA:200,15,0,18
BRDA:200,15,1,662
BRDA:214,16,0,1
BRDA:214,16,1,50
BRDA:222,17,0,17
BRDA:222,17,1,34
BRDA:225,18,0,17
BRDA:225,18,1,34
BRDA:230,19,0,680
BRDA:250,20,0,22
BRF:39
BRH:36
end_of_record
TN:
SF:app/components/calendar/week-day-view.tsx
FN:55,WeekDayView
FN:68,(anonymous_5)
FN:77,(anonymous_6)
FN:87,(anonymous_7)
FN:90,(anonymous_8)
FN:106,(anonymous_9)
FN:122,(anonymous_10)
FN:130,(anonymous_11)
FN:138,(anonymous_12)
FN:143,(anonymous_13)
FN:213,(anonymous_14)
FN:231,(anonymous_15)
FN:242,(anonymous_16)
FN:259,(anonymous_17)
FN:267,(anonymous_18)
FN:284,(anonymous_19)
FN:288,(anonymous_20)
FN:289,(anonymous_21)
FN:312,(anonymous_22)
FN:335,(anonymous_23)
FNF:20
FNH:20
FNDA:28,WeekDayView
FNDA:19,(anonymous_5)
FNDA:26,(anonymous_6)
FNDA:19,(anonymous_7)
FNDA:46,(anonymous_8)
FNDA:49,(anonymous_9)
FNDA:2,(anonymous_10)
FNDA:4,(anonymous_11)
FNDA:1,(anonymous_12)
FNDA:49,(anonymous_13)
FNDA:166,(anonymous_14)
FNDA:420,(anonymous_15)
FNDA:2490,(anonymous_16)
FNDA:1,(anonymous_17)
FNDA:49,(anonymous_18)
FNDA:1,(anonymous_19)
FNDA:1,(anonymous_20)
FNDA:1,(anonymous_21)
FNDA:126,(anonymous_22)
FNDA:1,(anonymous_23)
DA:3,1
DA:22,1
DA:23,1
DA:24,1
DA:25,1
DA:55,19
DA:64,28
DA:65,28
DA:68,28
DA:69,19
DA:70,19
DA:71,285
DA:73,19
DA:77,28
DA:78,26
DA:79,5
DA:81,21
DA:82,21
DA:83,21
DA:87,28
DA:88,19
DA:90,19
DA:91,46
DA:92,46
DA:93,46
DA:94,46
DA:96,46
DA:97,46
DA:99,46
DA:102,19
DA:106,28
DA:107,49
DA:109,16
DA:111,16
DA:113,16
DA:115,1
DA:117,0
DA:122,28
DA:123,2
DA:124,1
DA:126,1
DA:130,28
DA:131,4
DA:132,3
DA:134,1
DA:138,28
DA:139,1
DA:143,28
DA:144,49
DA:145,49
DA:146,49
DA:149,49
DA:150,49
DA:151,16
DA:152,16
DA:154,49
DA:156,49
DA:214,166
DA:232,420
DA:243,2490
DA:244,2490
DA:245,2490
DA:246,2490
DA:247,2490
DA:249,2490
DA:260,1
DA:261,1
DA:262,1
DA:268,49
DA:269,49
DA:285,1
DA:286,1
DA:288,1
DA:289,1
DA:312,126
DA:335,1
LF:76
LH:75
BRDA:56,0,0,0
BRDA:57,1,0,0
BRDA:60,2,0,28
BRDA:61,3,0,26
BRDA:62,4,0,28
BRDA:78,5,0,5
BRDA:78,5,1,21
BRDA:91,6,0,0
BRDA:91,6,1,46
BRDA:96,7,0,46
BRDA:96,7,1,0
BRDA:107,8,0,16
BRDA:107,8,1,16
BRDA:107,8,2,16
BRDA:107,8,3,1
BRDA:107,8,4,0
BRDA:123,9,0,1
BRDA:123,9,1,1
BRDA:131,10,0,3
BRDA:131,10,1,1
BRDA:144,11,0,0
BRDA:144,11,1,49
BRDA:150,12,0,16
BRDA:150,12,1,33
BRDA:151,13,0,0
BRDA:151,13,1,16
BRDA:156,14,0,49
BRDA:156,14,1,0
BRDA:168,15,0,23
BRDA:168,15,1,5
BRDA:176,16,0,23
BRDA:176,16,1,5
BRDA:191,17,0,23
BRDA:207,18,0,23
BRDA:207,18,1,5
BRDA:218,19,0,24
BRDA:218,19,1,142
BRDA:222,20,0,161
BRDA:222,20,1,5
BRDA:224,21,0,23
BRDA:224,21,1,143
BRDA:224,22,0,23
BRDA:224,22,1,120
BRDA:245,23,0,2490
BRDA:245,23,1,2441
BRDA:246,24,0,2490
BRDA:246,24,1,2151
BRDA:247,25,0,2490
BRDA:247,25,1,360
BRDA:254,26,0,1480
BRDA:254,26,1,1010
BRDA:255,27,0,24
BRDA:255,27,1,2466
BRDA:275,28,0,1
BRDA:275,28,1,48
BRDA:282,29,0,1
BRDA:282,29,1,48
BRDA:290,30,0,16
BRDA:290,30,1,33
BRDA:294,31,0,0
BRDA:294,31,1,49
BRDA:296,32,0,49
BRDA:312,33,0,28
BRDA:327,34,0,28
BRF:64
BRH:55
end_of_record
TN:
SF:app/components/cases/case-form.tsx
FN:17,CaseForm
FN:35,(anonymous_2)
FN:42,(anonymous_3)
FN:45,(anonymous_4)
FN:51,(anonymous_5)
FN:66,(anonymous_6)
FN:93,(anonymous_7)
FN:206,(anonymous_8)
FN:240,(anonymous_9)
FN:249,(anonymous_10)
FN:254,(anonymous_11)
FN:269,(anonymous_12)
FN:285,(anonymous_13)
FN:305,TemplatePreview
FN:309,(anonymous_15)
FN:313,(anonymous_16)
FN:360,(anonymous_17)
FNF:17
FNH:14
FNDA:83,CaseForm
FNDA:12,(anonymous_2)
FNDA:12,(anonymous_3)
FNDA:22,(anonymous_4)
FNDA:2,(anonymous_5)
FNDA:3,(anonymous_6)
FNDA:3,(anonymous_7)
FNDA:1,(anonymous_8)
FNDA:49,(anonymous_9)
FNDA:4,(anonymous_10)
FNDA:138,(anonymous_11)
FNDA:0,(anonymous_12)
FNDA:0,(anonymous_13)
FNDA:33,TemplatePreview
FNDA:7,(anonymous_15)
FNDA:7,(anonymous_16)
FNDA:0,(anonymous_17)
DA:3,1
DA:4,1
DA:6,1
DA:7,1
DA:8,1
DA:9,1
DA:10,1
DA:17,12
DA:18,83
DA:19,83
DA:20,83
DA:21,83
DA:23,83
DA:27,83
DA:33,83
DA:35,83
DA:36,12
DA:37,12
DA:38,2
DA:42,83
DA:43,12
DA:44,12
DA:45,22
DA:47,1
DA:51,83
DA:52,2
DA:54,2
DA:55,2
DA:56,2
DA:57,2
DA:59,0
DA:60,0
DA:62,2
DA:66,83
DA:67,3
DA:69,3
DA:70,0
DA:73,3
DA:74,3
DA:75,0
DA:78,3
DA:79,0
DA:81,3
DA:82,3
DA:83,3
DA:84,3
DA:85,1
DA:89,3
DA:90,3
DA:93,83
DA:94,3
DA:96,3
DA:97,1
DA:100,2
DA:101,2
DA:103,2
DA:108,2
DA:111,2
DA:112,2
DA:113,2
DA:114,2
DA:121,2
DA:128,2
DA:133,2
DA:134,0
DA:135,0
DA:136,0
DA:138,2
DA:139,2
DA:140,2
DA:141,2
DA:144,2
DA:145,2
DA:153,2
DA:154,0
DA:155,0
DA:157,0
DA:158,0
DA:159,0
DA:161,0
DA:162,0
DA:165,2
DA:166,2
DA:170,2
DA:171,2
DA:172,2
DA:174,2
DA:175,0
DA:179,0
DA:180,2
DA:181,0
DA:183,2
DA:186,2
DA:190,83
DA:206,1
DA:240,49
DA:249,4
DA:254,138
DA:269,0
DA:285,0
DA:306,33
DA:307,33
DA:309,33
DA:310,7
DA:313,33
DA:314,7
DA:315,7
DA:316,7
DA:317,0
DA:319,7
DA:321,7
DA:325,33
DA:335,26
DA:361,0
LF:114
LH:92
BRDA:29,0,0,83
BRDA:29,0,1,81
BRDA:37,1,0,2
BRDA:37,1,1,10
BRDA:52,2,0,0
BRDA:52,2,1,2
BRDA:69,3,0,0
BRDA:69,3,1,3
BRDA:74,4,0,0
BRDA:74,4,1,3
BRDA:74,5,0,3
BRDA:74,5,1,3
BRDA:74,5,2,3
BRDA:78,6,0,0
BRDA:78,6,1,3
BRDA:84,7,0,1
BRDA:84,7,1,2
BRDA:96,8,0,1
BRDA:96,8,1,2
BRDA:103,9,0,2
BRDA:103,9,1,0
BRDA:133,10,0,0
BRDA:133,10,1,2
BRDA:157,11,0,0
BRDA:157,11,1,0
BRDA:174,12,0,0
BRDA:174,12,1,2
BRDA:175,13,0,0
BRDA:175,13,1,0
BRDA:175,13,2,0
BRDA:175,13,3,0
BRDA:180,14,0,0
BRDA:180,14,1,2
BRDA:190,15,0,2
BRDA:190,15,1,81
BRDA:212,16,0,18
BRDA:212,16,1,63
BRDA:218,17,0,2
BRDA:239,18,0,81
BRDA:239,18,1,22
BRDA:248,19,0,81
BRDA:248,19,1,0
BRDA:268,20,0,81
BRDA:268,20,1,0
BRDA:271,21,0,1
BRDA:271,21,1,80
BRDA:277,22,0,81
BRDA:284,23,0,81
BRDA:284,23,1,0
BRDA:297,24,0,81
BRDA:297,24,1,26
BRDA:325,25,0,7
BRDA:325,25,1,26
BRDA:335,26,0,26
BRDA:335,26,1,0
BRDA:343,27,0,0
BRDA:343,27,1,0
BRDA:365,28,0,0
BRDA:365,28,1,0
BRDA:368,29,0,0
BRDA:368,29,1,0
BRDA:361,30,0,0
BRDA:361,30,1,0
BRF:63
BRH:37
end_of_record
TN:
SF:app/components/cases/replan-dialog.tsx
FN:16,ReplanDialog
FN:19,(anonymous_2)
FN:19,(anonymous_3)
FN:25,(anonymous_4)
FN:43,(anonymous_5)
FN:63,(anonymous_6)
FN:68,(anonymous_7)
FN:97,(anonymous_8)
FN:122,(anonymous_9)
FN:127,(anonymous_10)
FN:131,(anonymous_11)
FN:155,(anonymous_12)
FN:156,(anonymous_13)
FN:171,(anonymous_14)
FN:172,(anonymous_15)
FN:209,(anonymous_16)
FNF:16
FNH:0
FNDA:0,ReplanDialog
FNDA:0,(anonymous_2)
FNDA:0,(anonymous_3)
FNDA:0,(anonymous_4)
FNDA:0,(anonymous_5)
FNDA:0,(anonymous_6)
FNDA:0,(anonymous_7)
FNDA:0,(anonymous_8)
FNDA:0,(anonymous_9)
FNDA:0,(anonymous_10)
FNDA:0,(anonymous_11)
FNDA:0,(anonymous_12)
FNDA:0,(anonymous_13)
FNDA:0,(anonymous_14)
FNDA:0,(anonymous_15)
FNDA:0,(anonymous_16)
DA:3,0
DA:5,0
DA:6,0
DA:7,0
DA:16,0
DA:17,0
DA:18,0
DA:19,0
DA:21,0
DA:22,0
DA:23,0
DA:25,0
DA:26,0
DA:28,0
DA:29,0
DA:30,0
DA:34,0
DA:36,0
DA:37,0
DA:39,0
DA:43,0
DA:44,0
DA:46,0
DA:47,0
DA:48,0
DA:52,0
DA:53,0
DA:54,0
DA:56,0
DA:57,0
DA:59,0
DA:63,0
DA:64,0
DA:65,0
DA:68,0
DA:69,0
DA:70,0
DA:71,0
DA:97,0
DA:123,0
DA:128,0
DA:129,0
DA:131,0
DA:155,0
DA:156,0
DA:172,0
DA:173,0
DA:210,0
DA:211,0
LF:49
LH:0
BRDA:26,0,0,0
BRDA:26,0,1,0
BRDA:44,1,0,0
BRDA:44,1,1,0
BRDA:64,2,0,0
BRDA:64,2,1,0
BRDA:69,3,0,0
BRDA:69,3,1,0
BRDA:69,4,0,0
BRDA:69,4,1,0
BRDA:102,5,0,0
BRDA:128,6,0,0
BRDA:128,6,1,0
BRDA:149,7,0,0
BRDA:161,8,0,0
BRDA:176,9,0,0
BRDA:176,9,1,0
BRDA:212,10,0,0
BRDA:212,10,1,0
BRDA:223,11,0,0
BRDA:225,12,0,0
BRDA:225,12,1,0
BRDA:227,13,0,0
BRDA:227,13,1,0
BRDA:232,14,0,0
BRDA:254,15,0,0
BRDA:256,16,0,0
BRDA:256,16,1,0
BRF:28
BRH:0
end_of_record
TN:
SF:app/components/cases/sortable-step-instance.tsx
FN:58,SortableStepInstance
FN:142,(anonymous_2)
FN:165,(anonymous_3)
FNF:3
FNH:0
FNDA:0,SortableStepInstance
FNDA:0,(anonymous_2)
FNDA:0,(anonymous_3)
DA:3,0
DA:4,0
DA:5,0
DA:6,0
DA:7,0
DA:8,0
DA:31,0
DA:58,0
DA:72,0
DA:74,0
DA:80,0
DA:81,0
DA:142,0
DA:166,0
DA:167,0
LF:15
LH:0
BRDA:77,0,0,0
BRDA:77,0,1,0
BRDA:89,1,0,0
BRDA:89,1,1,0
BRDA:90,2,0,0
BRDA:90,2,1,0
BRDA:126,3,0,0
BRDA:139,4,0,0
BRDA:151,5,0,0
BRDA:161,6,0,0
BRDA:166,7,0,0
BRDA:166,7,1,0
BRDA:171,8,0,0
BRDA:171,8,1,0
BRF:14
BRH:0
end_of_record
TN:
SF:app/components/cases/sortable-step-instances-list.tsx
FN:46,SortableStepInstancesList
FN:57,(anonymous_2)
FN:72,(anonymous_3)
FN:76,(anonymous_4)
FN:80,(anonymous_5)
FN:81,(anonymous_6)
FN:86,(anonymous_7)
FN:99,(anonymous_8)
FN:103,(anonymous_9)
FN:111,(anonymous_10)
FN:112,(anonymous_11)
FN:113,(anonymous_12)
FN:114,(anonymous_13)
FN:139,(anonymous_14)
FN:198,(anonymous_15)
FN:202,(anonymous_16)
FN:221,(anonymous_17)
FN:222,(anonymous_18)
FNF:18
FNH:0
FNDA:0,SortableStepInstancesList
FNDA:0,(anonymous_2)
FNDA:0,(anonymous_3)
FNDA:0,(anonymous_4)
FNDA:0,(anonymous_5)
FNDA:0,(anonymous_6)
FNDA:0,(anonymous_7)
FNDA:0,(anonymous_8)
FNDA:0,(anonymous_9)
FNDA:0,(anonymous_10)
FNDA:0,(anonymous_11)
FNDA:0,(anonymous_12)
FNDA:0,(anonymous_13)
FNDA:0,(anonymous_14)
FNDA:0,(anonymous_15)
FNDA:0,(anonymous_16)
FNDA:0,(anonymous_17)
FNDA:0,(anonymous_18)
DA:3,0
DA:14,0
DA:20,0
DA:21,0
DA:22,0
DA:24,0
DA:46,0
DA:52,0
DA:53,0
DA:54,0
DA:57,0
DA:58,0
DA:61,0
DA:72,0
DA:73,0
DA:76,0
DA:77,0
DA:79,0
DA:80,0
DA:81,0
DA:83,0
DA:86,0
DA:91,0
DA:92,0
DA:95,0
DA:98,0
DA:99,0
DA:103,0
DA:104,0
DA:105,0
DA:109,0
DA:111,0
DA:112,0
DA:113,0
DA:114,0
DA:117,0
DA:139,0
DA:198,0
DA:203,0
LF:39
LH:0
BRDA:79,0,0,0
BRDA:79,0,1,0
BRDA:79,1,0,0
BRDA:79,1,1,0
BRDA:98,2,0,0
BRDA:98,2,1,0
BRDA:104,3,0,0
BRDA:104,3,1,0
BRDA:117,4,0,0
BRDA:117,4,1,0
BRDA:183,5,0,0
BRDA:185,6,0,0
BRDA:185,6,1,0
BRDA:216,7,0,0
BRDA:216,7,1,0
BRDA:230,8,0,0
BRDA:230,8,1,0
BRF:17
BRH:0
end_of_record
TN:
SF:app/components/cases/step-comments.tsx
FN:26,StepComments
FN:36,(anonymous_2)
FN:43,(anonymous_3)
FN:52,(anonymous_4)
FN:63,(anonymous_5)
FN:68,(anonymous_6)
FN:79,(anonymous_7)
FN:91,(anonymous_8)
FN:92,(anonymous_9)
FN:95,(anonymous_10)
FN:99,(anonymous_11)
FN:120,(anonymous_12)
FN:142,(anonymous_13)
FN:154,(anonymous_14)
FN:195,(anonymous_16)
FN:207,(anonymous_17)
FN:217,(anonymous_18)
FN:225,(anonymous_19)
FN:233,(anonymous_20)
FN:243,(anonymous_21)
FN:254,(anonymous_22)
FN:261,(anonymous_23)
FN:277,(anonymous_24)
FN:290,(anonymous_25)
FNF:24
FNH:0
FNDA:0,StepComments
FNDA:0,(anonymous_2)
FNDA:0,(anonymous_3)
FNDA:0,(anonymous_4)
FNDA:0,(anonymous_5)
FNDA:0,(anonymous_6)
FNDA:0,(anonymous_7)
FNDA:0,(anonymous_8)
FNDA:0,(anonymous_9)
FNDA:0,(anonymous_10)
FNDA:0,(anonymous_11)
FNDA:0,(anonymous_12)
FNDA:0,(anonymous_13)
FNDA:0,(anonymous_14)
FNDA:0,(anonymous_16)
FNDA:0,(anonymous_17)
FNDA:0,(anonymous_18)
FNDA:0,(anonymous_19)
FNDA:0,(anonymous_20)
FNDA:0,(anonymous_21)
FNDA:0,(anonymous_22)
FNDA:0,(anonymous_23)
FNDA:0,(anonymous_24)
FNDA:0,(anonymous_25)
DA:3,0
DA:4,0
DA:5,0
DA:6,0
DA:7,0
DA:26,0
DA:27,0
DA:28,0
DA:29,0
DA:30,0
DA:31,0
DA:32,0
DA:33,0
DA:34,0
DA:36,0
DA:37,0
DA:38,0
DA:39,0
DA:43,0
DA:44,0
DA:45,0
DA:46,0
DA:48,0
DA:52,0
DA:53,0
DA:54,0
DA:55,0
DA:56,0
DA:59,0
DA:60,0
DA:63,0
DA:64,0
DA:68,0
DA:69,0
DA:70,0
DA:71,0
DA:72,0
DA:73,0
DA:74,0
DA:79,0
DA:80,0
DA:83,0
DA:85,0
DA:87,0
DA:91,0
DA:92,0
DA:93,0
DA:94,0
DA:95,0
DA:99,0
DA:100,0
DA:102,0
DA:103,0
DA:104,0
DA:109,0
DA:110,0
DA:111,0
DA:113,0
DA:114,0
DA:116,0
DA:120,0
DA:121,0
DA:123,0
DA:124,0
DA:125,0
DA:130,0
DA:131,0
DA:132,0
DA:133,0
DA:135,0
DA:136,0
DA:138,0
DA:142,0
DA:143,0
DA:145,0
DA:146,0
DA:147,0
DA:149,0
DA:150,0
DA:154,0
DA:155,0
DA:156,0
DA:157,0
DA:158,0
DA:159,0
DA:160,0
DA:162,0
DA:163,0
DA:164,0
DA:165,0
DA:167,0
DA:196,0
DA:197,0
DA:207,0
DA:217,0
DA:225,0
DA:233,0
DA:244,0
DA:254,0
DA:255,0
DA:261,0
DA:278,0
DA:290,0
LF:103
LH:0
BRDA:37,0,0,0
BRDA:37,0,1,0
BRDA:56,1,0,0
BRDA:56,1,1,0
BRDA:70,2,0,0
BRDA:70,2,1,0
BRDA:70,3,0,0
BRDA:70,3,1,0
BRDA:73,4,0,0
BRDA:73,4,1,0
BRDA:93,5,0,0
BRDA:93,5,1,0
BRDA:94,6,0,0
BRDA:94,6,1,0
BRDA:100,7,0,0
BRDA:100,7,1,0
BRDA:111,8,0,0
BRDA:111,8,1,0
BRDA:121,9,0,0
BRDA:121,9,1,0
BRDA:133,10,0,0
BRDA:133,10,1,0
BRDA:143,11,0,0
BRDA:143,11,1,0
BRDA:162,12,0,0
BRDA:162,12,1,0
BRDA:163,13,0,0
BRDA:163,13,1,0
BRDA:164,14,0,0
BRDA:164,14,1,0
BRDA:165,15,0,0
BRDA:165,15,1,0
BRDA:174,16,0,0
BRDA:175,17,0,0
BRDA:175,17,1,0
BRDA:176,18,0,0
BRDA:176,18,1,0
BRDA:191,19,0,0
BRDA:213,20,0,0
BRDA:226,21,0,0
BRDA:226,21,1,0
BRDA:241,22,0,0
BRDA:241,22,1,0
BRDA:255,23,0,0
BRDA:255,23,1,0
BRDA:266,24,0,0
BRDA:269,25,0,0
BRDA:272,26,0,0
BRDA:281,27,0,0
BRDA:297,28,0,0
BRDA:297,28,1,0
BRF:51
BRH:0
end_of_record
TN:
SF:app/components/cases/step-instance-list.tsx
FN:15,StepInstanceList
FN:18,(anonymous_2)
FN:33,(anonymous_3)
FN:48,(anonymous_4)
FN:63,(anonymous_5)
FN:76,(anonymous_6)
FN:93,(anonymous_7)
FN:121,(anonymous_8)
FN:131,(anonymous_9)
FN:182,(anonymous_10)
FN:192,(anonymous_11)
FN:202,(anonymous_12)
FN:214,(anonymous_13)
FNF:13
FNH:0
FNDA:0,StepInstanceList
FNDA:0,(anonymous_2)
FNDA:0,(anonymous_3)
FNDA:0,(anonymous_4)
FNDA:0,(anonymous_5)
FNDA:0,(anonymous_6)
FNDA:0,(anonymous_7)
FNDA:0,(anonymous_8)
FNDA:0,(anonymous_9)
FNDA:0,(anonymous_10)
FNDA:0,(anonymous_11)
FNDA:0,(anonymous_12)
FNDA:0,(anonymous_13)
DA:3,0
DA:5,0
DA:6,0
DA:7,0
DA:8,0
DA:15,0
DA:16,0
DA:18,0
DA:19,0
DA:33,0
DA:34,0
DA:36,0
DA:38,0
DA:40,0
DA:42,0
DA:44,0
DA:48,0
DA:49,0
DA:51,0
DA:53,0
DA:55,0
DA:57,0
DA:59,0
DA:63,0
DA:64,0
DA:65,0
DA:66,0
DA:67,0
DA:69,0
DA:70,0
DA:72,0
DA:76,0
DA:77,0
DA:78,0
DA:79,0
DA:80,0
DA:82,0
DA:84,0
DA:86,0
DA:87,0
DA:89,0
DA:93,0
DA:94,0
DA:95,0
DA:96,0
DA:97,0
DA:99,0
DA:100,0
DA:102,0
DA:108,0
DA:109,0
DA:110,0
DA:111,0
DA:112,0
DA:113,0
DA:114,0
DA:115,0
DA:117,0
DA:121,0
DA:123,0
DA:124,0
DA:125,0
DA:126,0
DA:132,0
DA:182,0
DA:192,0
DA:202,0
DA:214,0
LF:68
LH:0
BRDA:34,0,0,0
BRDA:34,0,1,0
BRDA:34,0,2,0
BRDA:34,0,3,0
BRDA:34,0,4,0
BRDA:49,1,0,0
BRDA:49,1,1,0
BRDA:49,1,2,0
BRDA:49,1,3,0
BRDA:49,1,4,0
BRDA:79,2,0,0
BRDA:79,2,1,0
BRDA:94,3,0,0
BRDA:94,3,1,0
BRDA:108,4,0,0
BRDA:108,4,1,0
BRDA:110,5,0,0
BRDA:110,5,1,0
BRDA:112,6,0,0
BRDA:112,6,1,0
BRDA:114,7,0,0
BRDA:114,7,1,0
BRDA:123,8,0,0
BRDA:123,8,1,0
BRDA:123,9,0,0
BRDA:123,9,1,0
BRDA:124,10,0,0
BRDA:124,10,1,0
BRDA:125,11,0,0
BRDA:125,11,1,0
BRDA:135,12,0,0
BRDA:135,12,1,0
BRDA:146,13,0,0
BRDA:162,14,0,0
BRDA:162,14,1,0
BRDA:166,15,0,0
BRDA:166,15,1,0
BRDA:173,16,0,0
BRDA:178,17,0,0
BRDA:188,18,0,0
BRDA:198,19,0,0
BRDA:198,19,1,0
BRDA:198,19,2,0
BRDA:213,20,0,0
BRDA:213,20,1,0
BRDA:215,21,0,0
BRDA:215,21,1,0
BRDA:217,22,0,0
BRDA:225,23,0,0
BRDA:229,24,0,0
BRF:50
BRH:0
end_of_record
TN:
SF:app/components/dashboard/charts/resource-bar-chart.tsx
FN:19,(anonymous_2)
FN:38,(anonymous_3)
FN:43,(anonymous_4)
FN:48,(anonymous_5)
FN:57,(anonymous_6)
FN:85,(anonymous_7)
FNF:6
FNH:0
FNDA:0,(anonymous_2)
FNDA:0,(anonymous_3)
FNDA:0,(anonymous_4)
FNDA:0,(anonymous_5)
FNDA:0,(anonymous_6)
FNDA:0,(anonymous_7)
DA:3,0
DA:19,0
DA:25,0
DA:33,0
DA:34,0
DA:35,0
DA:38,0
DA:39,0
DA:40,0
DA:43,0
DA:44,0
DA:45,0
DA:48,0
DA:49,0
DA:58,0
DA:59,0
DA:60,0
DA:86,0
DA:87,0
DA:88,0
DA:89,0
DA:93,0
LF:22
LH:0
BRDA:21,0,0,0
BRDA:22,1,0,0
BRDA:23,2,0,0
BRDA:25,3,0,0
BRDA:25,3,1,0
BRDA:44,4,0,0
BRDA:44,4,1,0
BRDA:89,5,0,0
BRDA:89,5,1,0
BRDA:149,6,0,0
BRDA:149,6,1,0
BRDA:150,7,0,0
BRDA:150,7,1,0
BRF:13
BRH:0
end_of_record
TN:
SF:app/components/dashboard/charts/status-pie-chart.tsx
FN:18,(anonymous_2)
FN:24,(anonymous_3)
FN:31,(anonymous_4)
FN:46,(anonymous_5)
FN:55,(anonymous_6)
FN:77,(anonymous_7)
FN:141,(anonymous_8)
FNF:7
FNH:0
FNDA:0,(anonymous_2)
FNDA:0,(anonymous_3)
FNDA:0,(anonymous_4)
FNDA:0,(anonymous_5)
FNDA:0,(anonymous_6)
FNDA:0,(anonymous_7)
FNDA:0,(anonymous_8)
DA:3,0
DA:18,0
DA:24,0
DA:25,0
DA:26,0
DA:27,0
DA:30,0
DA:31,0
DA:32,0
DA:33,0
DA:34,0
DA:35,0
DA:37,0
DA:46,0
DA:47,0
DA:48,0
DA:55,0
DA:56,0
DA:57,0
DA:58,0
DA:60,0
DA:62,0
DA:67,0
DA:78,0
DA:142,0
LF:25
LH:0
BRDA:20,0,0,0
BRDA:21,1,0,0
BRDA:22,2,0,0
BRDA:32,3,0,0
BRDA:32,3,1,0
BRDA:46,4,0,0
BRDA:58,5,0,0
BRDA:58,5,1,0
BRDA:60,6,0,0
BRDA:60,6,1,0
BRDA:90,7,0,0
BRF:11
BRH:0
end_of_record
TN:
SF:app/components/dashboard/charts/trend-line-chart.tsx
FN:21,(anonymous_2)
FN:43,(anonymous_3)
FN:50,(anonymous_4)
FN:51,(anonymous_5)
FN:56,(anonymous_6)
FN:68,(anonymous_7)
FN:82,(anonymous_8)
FN:109,(anonymous_9)
FN:159,(anonymous_10)
FNF:9
FNH:0
FNDA:0,(anonymous_2)
FNDA:0,(anonymous_3)
FNDA:0,(anonymous_4)
FNDA:0,(anonymous_5)
FNDA:0,(anonymous_6)
FNDA:0,(anonymous_7)
FNDA:0,(anonymous_8)
FNDA:0,(anonymous_9)
FNDA:0,(anonymous_10)
DA:3,0
DA:21,0
DA:30,0
DA:38,0
DA:39,0
DA:40,0
DA:43,0
DA:44,0
DA:45,0
DA:46,0
DA:47,0
DA:50,0
DA:51,0
DA:52,0
DA:55,0
DA:57,0
DA:58,0
DA:59,0
DA:64,0
DA:67,0
DA:68,0
DA:69,0
DA:70,0
DA:83,0
DA:84,0
DA:110,0
DA:111,0
DA:124,0
DA:160,0
LF:29
LH:0
BRDA:23,0,0,0
BRDA:24,1,0,0
BRDA:25,2,0,0
BRDA:26,3,0,0
BRDA:27,4,0,0
BRDA:28,5,0,0
BRDA:30,6,0,0
BRDA:30,6,1,0
BRDA:46,7,0,0
BRDA:46,7,1,0
BRDA:50,8,0,0
BRDA:50,8,1,0
BRDA:59,9,0,0
BRDA:59,9,1,0
BRDA:75,10,0,0
BRDA:110,11,0,0
BRDA:110,11,1,0
BRDA:110,12,0,0
BRDA:110,12,1,0
BRDA:120,13,0,0
BRDA:120,13,1,0
BRDA:128,14,0,0
BRDA:170,15,0,0
BRDA:170,15,1,0
BRF:24
BRH:0
end_of_record
TN:
SF:app/components/kanban/draggable-kanban-board.tsx
FN:44,(anonymous_4)
FN:70,(anonymous_5)
FN:72,(anonymous_6)
FN:76,(anonymous_7)
FN:86,(anonymous_8)
FN:88,(anonymous_9)
FN:93,(anonymous_10)
FN:93,(anonymous_11)
FN:97,(anonymous_12)
FN:102,(anonymous_13)
FN:107,(anonymous_14)
FN:111,(anonymous_15)
FN:118,(anonymous_16)
FN:125,(anonymous_17)
FN:129,(anonymous_18)
FN:136,(anonymous_19)
FN:148,(anonymous_20)
FN:150,(anonymous_21)
FN:155,(anonymous_22)
FN:156,(anonymous_23)
FN:176,(anonymous_24)
FN:187,(anonymous_25)
FN:199,(anonymous_26)
FN:212,(anonymous_27)
FN:230,(anonymous_28)
FN:234,(anonymous_29)
FNF:26
FNH:16
FNDA:14,(anonymous_4)
FNDA:12,(anonymous_5)
FNDA:49,(anonymous_6)
FNDA:37,(anonymous_7)
FNDA:44,(anonymous_8)
FNDA:43,(anonymous_9)
FNDA:10,(anonymous_10)
FNDA:31,(anonymous_11)
FNDA:0,(anonymous_12)
FNDA:0,(anonymous_13)
FNDA:0,(anonymous_14)
FNDA:0,(anonymous_15)
FNDA:0,(anonymous_16)
FNDA:0,(anonymous_17)
FNDA:0,(anonymous_18)
FNDA:1,(anonymous_19)
FNDA:0,(anonymous_20)
FNDA:0,(anonymous_21)
FNDA:1,(anonymous_22)
FNDA:4,(anonymous_23)
FNDA:2,(anonymous_24)
FNDA:57,(anonymous_25)
FNDA:1,(anonymous_26)
FNDA:0,(anonymous_27)
FNDA:44,(anonymous_28)
FNDA:44,(anonymous_29)
DA:3,1
DA:15,1
DA:19,1
DA:20,1
DA:37,1
DA:44,10
DA:50,14
DA:51,14
DA:52,14
DA:55,14
DA:70,14
DA:71,12
DA:72,12
DA:73,49
DA:76,12
DA:77,37
DA:78,37
DA:82,12
DA:86,14
DA:87,44
DA:88,43
DA:92,14
DA:93,31
DA:97,14
DA:98,0
DA:99,0
DA:102,14
DA:103,0
DA:105,0
DA:107,0
DA:108,0
DA:111,0
DA:112,0
DA:114,0
DA:118,14
DA:119,0
DA:121,0
DA:123,0
DA:125,0
DA:126,0
DA:129,0
DA:130,0
DA:132,0
DA:136,14
DA:137,1
DA:143,1
DA:144,1
DA:145,1
DA:148,14
DA:149,0
DA:150,0
DA:151,0
DA:152,0
DA:155,14
DA:156,1
DA:157,4
DA:159,1
DA:160,1
DA:176,2
DA:188,57
DA:199,1
DA:212,0
DA:230,44
DA:235,44
LF:64
LH:42
BRDA:46,0,0,0
BRDA:77,1,0,37
BRDA:77,1,1,0
BRDA:87,2,0,15
BRDA:87,2,1,29
BRDA:105,3,0,0
BRDA:105,3,1,0
BRDA:108,4,0,0
BRDA:108,4,1,0
BRDA:112,5,0,0
BRDA:112,5,1,0
BRDA:112,6,0,0
BRDA:112,6,1,0
BRDA:123,7,0,0
BRDA:123,7,1,0
BRDA:126,8,0,0
BRDA:126,8,1,0
BRDA:130,9,0,0
BRDA:130,9,1,0
BRDA:130,10,0,0
BRDA:130,10,1,0
BRDA:149,11,0,0
BRDA:149,11,1,0
BRDA:157,12,0,1
BRDA:157,12,1,3
BRDA:180,13,0,4
BRDA:180,13,1,10
BRDA:196,14,0,17
BRDA:208,15,0,57
BRDA:208,15,1,15
BRDA:210,16,0,57
BRDA:210,16,1,17
BRDA:230,17,0,57
BRDA:230,17,1,0
BRDA:248,18,0,14
BRDA:263,19,0,0
BRDA:263,19,1,14
BRF:37
BRH:15
end_of_record
TN:
SF:app/components/kanban/kanban-board-complete.tsx
FN:48,(anonymous_4)
FN:88,(anonymous_5)
FN:93,(anonymous_6)
FN:103,(anonymous_7)
FN:126,(anonymous_8)
FN:160,(anonymous_9)
FN:162,(anonymous_10)
FN:166,(anonymous_11)
FN:175,(anonymous_12)
FN:177,(anonymous_13)
FN:181,(anonymous_14)
FN:181,(anonymous_15)
FN:185,(anonymous_16)
FN:190,(anonymous_17)
FN:195,(anonymous_18)
FN:198,(anonymous_19)
FN:207,(anonymous_20)
FN:214,(anonymous_21)
FN:217,(anonymous_22)
FN:231,(anonymous_23)
FN:235,(anonymous_24)
FN:247,(anonymous_25)
FN:249,(anonymous_26)
FN:254,(anonymous_27)
FN:255,(anonymous_28)
FN:296,(anonymous_29)
FN:306,(anonymous_30)
FN:327,(anonymous_31)
FN:346,(anonymous_32)
FN:364,(anonymous_33)
FN:382,(anonymous_34)
FN:421,(anonymous_35)
FN:425,(anonymous_36)
FNF:33
FNH:0
FNDA:0,(anonymous_4)
FNDA:0,(anonymous_5)
FNDA:0,(anonymous_6)
FNDA:0,(anonymous_7)
FNDA:0,(anonymous_8)
FNDA:0,(anonymous_9)
FNDA:0,(anonymous_10)
FNDA:0,(anonymous_11)
FNDA:0,(anonymous_12)
FNDA:0,(anonymous_13)
FNDA:0,(anonymous_14)
FNDA:0,(anonymous_15)
FNDA:0,(anonymous_16)
FNDA:0,(anonymous_17)
FNDA:0,(anonymous_18)
FNDA:0,(anonymous_19)
FNDA:0,(anonymous_20)
FNDA:0,(anonymous_21)
FNDA:0,(anonymous_22)
FNDA:0,(anonymous_23)
FNDA:0,(anonymous_24)
FNDA:0,(anonymous_25)
FNDA:0,(anonymous_26)
FNDA:0,(anonymous_27)
FNDA:0,(anonymous_28)
FNDA:0,(anonymous_29)
FNDA:0,(anonymous_30)
FNDA:0,(anonymous_31)
FNDA:0,(anonymous_32)
FNDA:0,(anonymous_33)
FNDA:0,(anonymous_34)
FNDA:0,(anonymous_35)
FNDA:0,(anonymous_36)
DA:3,0
DA:15,0
DA:19,0
DA:20,0
DA:21,0
DA:23,0
DA:24,0
DA:25,0
DA:41,0
DA:48,0
DA:54,0
DA:55,0
DA:56,0
DA:57,0
DA:58,0
DA:71,0
DA:73,0
DA:88,0
DA:89,0
DA:92,0
DA:93,0
DA:94,0
DA:95,0
DA:97,0
DA:102,0
DA:103,0
DA:104,0
DA:105,0
DA:108,0
DA:109,0
DA:110,0
DA:112,0
DA:113,0
DA:114,0
DA:115,0
DA:117,0
DA:122,0
DA:123,0
DA:124,0
DA:126,0
DA:127,0
DA:128,0
DA:131,0
DA:132,0
DA:134,0
DA:136,0
DA:138,0
DA:140,0
DA:141,0
DA:142,0
DA:145,0
DA:146,0
DA:147,0
DA:150,0
DA:152,0
DA:157,0
DA:160,0
DA:161,0
DA:162,0
DA:163,0
DA:166,0
DA:167,0
DA:168,0
DA:172,0
DA:175,0
DA:176,0
DA:177,0
DA:180,0
DA:181,0
DA:185,0
DA:186,0
DA:187,0
DA:190,0
DA:191,0
DA:193,0
DA:195,0
DA:196,0
DA:198,0
DA:199,0
DA:200,0
DA:201,0
DA:202,0
DA:207,0
DA:208,0
DA:210,0
DA:212,0
DA:214,0
DA:215,0
DA:217,0
DA:218,0
DA:219,0
DA:221,0
DA:222,0
DA:223,0
DA:226,0
DA:227,0
DA:231,0
DA:232,0
DA:235,0
DA:236,0
DA:242,0
DA:243,0
DA:244,0
DA:247,0
DA:248,0
DA:249,0
DA:250,0
DA:251,0
DA:254,0
DA:255,0
DA:256,0
DA:258,0
DA:259,0
DA:296,0
DA:306,0
DA:328,0
DA:329,0
DA:330,0
DA:332,0
DA:346,0
DA:364,0
DA:382,0
DA:421,0
DA:426,0
LF:124
LH:0
BRDA:50,0,0,0
BRDA:92,1,0,0
BRDA:92,1,1,0
BRDA:94,2,0,0
BRDA:94,2,1,0
BRDA:94,3,0,0
BRDA:94,3,1,0
BRDA:97,4,0,0
BRDA:97,4,1,0
BRDA:102,5,0,0
BRDA:102,5,1,0
BRDA:104,6,0,0
BRDA:104,6,1,0
BRDA:113,7,0,0
BRDA:113,7,1,0
BRDA:114,8,0,0
BRDA:114,8,1,0
BRDA:115,9,0,0
BRDA:115,9,1,0
BRDA:122,10,0,0
BRDA:122,10,1,0
BRDA:127,11,0,0
BRDA:127,11,1,0
BRDA:134,12,0,0
BRDA:134,12,1,0
BRDA:134,12,2,0
BRDA:134,12,3,0
BRDA:134,12,4,0
BRDA:134,12,5,0
BRDA:142,13,0,0
BRDA:142,13,1,0
BRDA:147,14,0,0
BRDA:147,14,1,0
BRDA:167,15,0,0
BRDA:167,15,1,0
BRDA:176,16,0,0
BRDA:176,16,1,0
BRDA:193,17,0,0
BRDA:193,17,1,0
BRDA:196,18,0,0
BRDA:196,18,1,0
BRDA:199,19,0,0
BRDA:199,19,1,0
BRDA:199,20,0,0
BRDA:199,20,1,0
BRDA:201,21,0,0
BRDA:201,21,1,0
BRDA:212,22,0,0
BRDA:212,22,1,0
BRDA:215,23,0,0
BRDA:215,23,1,0
BRDA:218,24,0,0
BRDA:218,24,1,0
BRDA:218,25,0,0
BRDA:218,25,1,0
BRDA:221,26,0,0
BRDA:221,26,1,0
BRDA:222,27,0,0
BRDA:222,27,1,0
BRDA:248,28,0,0
BRDA:248,28,1,0
BRDA:256,29,0,0
BRDA:256,29,1,0
BRDA:285,30,0,0
BRDA:285,30,1,0
BRDA:290,31,0,0
BRDA:290,31,1,0
BRDA:294,32,0,0
BRDA:310,33,0,0
BRDA:310,33,1,0
BRDA:316,34,0,0
BRDA:316,34,1,0
BRDA:316,34,2,0
BRDA:328,35,0,0
BRDA:328,35,1,0
BRDA:336,36,0,0
BRDA:336,36,1,0
BRDA:343,37,0,0
BRDA:356,38,0,0
BRDA:356,38,1,0
BRDA:362,39,0,0
BRDA:362,39,1,0
BRDA:375,40,0,0
BRDA:375,40,1,0
BRDA:381,41,0,0
BRDA:381,41,1,0
BRDA:382,42,0,0
BRDA:382,42,1,0
BRDA:390,43,0,0
BRDA:390,43,1,0
BRDA:392,44,0,0
BRDA:392,44,1,0
BRDA:400,45,0,0
BRDA:400,45,1,0
BRDA:404,46,0,0
BRDA:404,46,1,0
BRDA:405,47,0,0
BRDA:405,47,1,0
BRDA:432,48,0,0
BRDA:445,49,0,0
BRDA:460,50,0,0
BRDA:460,50,1,0
BRF:102
BRH:0
end_of_record
TN:
SF:app/components/kanban/kanban-board-with-wip.tsx
FN:47,(anonymous_4)
FN:81,(anonymous_5)
FN:83,(anonymous_6)
FN:87,(anonymous_7)
FN:96,(anonymous_8)
FN:98,(anonymous_9)
FN:102,(anonymous_10)
FN:102,(anonymous_11)
FN:106,(anonymous_12)
FN:111,(anonymous_13)
FN:116,(anonymous_14)
FN:119,(anonymous_15)
FN:130,(anonymous_16)
FN:137,(anonymous_17)
FN:140,(anonymous_18)
FN:155,(anonymous_19)
FN:167,(anonymous_20)
FN:169,(anonymous_21)
FN:174,(anonymous_22)
FN:175,(anonymous_23)
FN:210,(anonymous_24)
FN:221,(anonymous_25)
FN:233,(anonymous_26)
FN:252,(anonymous_27)
FN:270,(anonymous_28)
FN:288,(anonymous_29)
FN:327,(anonymous_30)
FN:331,(anonymous_31)
FNF:28
FNH:0
FNDA:0,(anonymous_4)
FNDA:0,(anonymous_5)
FNDA:0,(anonymous_6)
FNDA:0,(anonymous_7)
FNDA:0,(anonymous_8)
FNDA:0,(anonymous_9)
FNDA:0,(anonymous_10)
FNDA:0,(anonymous_11)
FNDA:0,(anonymous_12)
FNDA:0,(anonymous_13)
FNDA:0,(anonymous_14)
FNDA:0,(anonymous_15)
FNDA:0,(anonymous_16)
FNDA:0,(anonymous_17)
FNDA:0,(anonymous_18)
FNDA:0,(anonymous_19)
FNDA:0,(anonymous_20)
FNDA:0,(anonymous_21)
FNDA:0,(anonymous_22)
FNDA:0,(anonymous_23)
FNDA:0,(anonymous_24)
FNDA:0,(anonymous_25)
FNDA:0,(anonymous_26)
FNDA:0,(anonymous_27)
FNDA:0,(anonymous_28)
FNDA:0,(anonymous_29)
FNDA:0,(anonymous_30)
FNDA:0,(anonymous_31)
DA:3,0
DA:15,0
DA:19,0
DA:20,0
DA:22,0
DA:23,0
DA:24,0
DA:40,0
DA:47,0
DA:53,0
DA:54,0
DA:55,0
DA:56,0
DA:65,0
DA:67,0
DA:81,0
DA:82,0
DA:83,0
DA:84,0
DA:87,0
DA:88,0
DA:89,0
DA:93,0
DA:96,0
DA:97,0
DA:98,0
DA:101,0
DA:102,0
DA:106,0
DA:107,0
DA:108,0
DA:111,0
DA:112,0
DA:114,0
DA:116,0
DA:117,0
DA:119,0
DA:120,0
DA:122,0
DA:123,0
DA:125,0
DA:130,0
DA:131,0
DA:133,0
DA:135,0
DA:137,0
DA:138,0
DA:140,0
DA:141,0
DA:143,0
DA:145,0
DA:146,0
DA:147,0
DA:150,0
DA:151,0
DA:155,0
DA:156,0
DA:162,0
DA:163,0
DA:164,0
DA:167,0
DA:168,0
DA:169,0
DA:170,0
DA:171,0
DA:174,0
DA:175,0
DA:176,0
DA:178,0
DA:179,0
DA:210,0
DA:221,0
DA:234,0
DA:235,0
DA:236,0
DA:238,0
DA:252,0
DA:270,0
DA:288,0
DA:327,0
DA:332,0
LF:81
LH:0
BRDA:49,0,0,0
BRDA:88,1,0,0
BRDA:88,1,1,0
BRDA:97,2,0,0
BRDA:97,2,1,0
BRDA:114,3,0,0
BRDA:114,3,1,0
BRDA:117,4,0,0
BRDA:117,4,1,0
BRDA:120,5,0,0
BRDA:120,5,1,0
BRDA:120,6,0,0
BRDA:120,6,1,0
BRDA:123,7,0,0
BRDA:123,7,1,0
BRDA:135,8,0,0
BRDA:135,8,1,0
BRDA:138,9,0,0
BRDA:138,9,1,0
BRDA:141,10,0,0
BRDA:141,10,1,0
BRDA:141,11,0,0
BRDA:141,11,1,0
BRDA:145,12,0,0
BRDA:145,12,1,0
BRDA:146,13,0,0
BRDA:146,13,1,0
BRDA:168,14,0,0
BRDA:168,14,1,0
BRDA:176,15,0,0
BRDA:176,15,1,0
BRDA:199,16,0,0
BRDA:199,16,1,0
BRDA:204,17,0,0
BRDA:204,17,1,0
BRDA:208,18,0,0
BRDA:225,19,0,0
BRDA:225,19,1,0
BRDA:234,20,0,0
BRDA:234,20,1,0
BRDA:242,21,0,0
BRDA:242,21,1,0
BRDA:249,22,0,0
BRDA:262,23,0,0
BRDA:262,23,1,0
BRDA:268,24,0,0
BRDA:268,24,1,0
BRDA:281,25,0,0
BRDA:281,25,1,0
BRDA:287,26,0,0
BRDA:287,26,1,0
BRDA:288,27,0,0
BRDA:288,27,1,0
BRDA:296,28,0,0
BRDA:296,28,1,0
BRDA:298,29,0,0
BRDA:298,29,1,0
BRDA:306,30,0,0
BRDA:306,30,1,0
BRDA:310,31,0,0
BRDA:310,31,1,0
BRDA:311,32,0,0
BRDA:311,32,1,0
BRDA:346,33,0,0
BRDA:361,34,0,0
BRDA:361,34,1,0
BRF:66
BRH:0
end_of_record
TN:
SF:app/components/kanban/kanban-board.tsx
FN:26,(anonymous_4)
FN:35,(anonymous_5)
FN:37,(anonymous_6)
FN:41,(anonymous_7)
FN:50,(anonymous_8)
FN:62,(anonymous_9)
FN:64,(anonymous_10)
FN:69,(anonymous_11)
FN:70,(anonymous_12)
FN:83,(anonymous_13)
FN:94,(anonymous_14)
FN:106,(anonymous_15)
FN:119,(anonymous_16)
FN:133,(anonymous_17)
FNF:14
FNH:14
FNDA:30,(anonymous_4)
FNDA:21,(anonymous_5)
FNDA:78,(anonymous_6)
FNDA:84,(anonymous_7)
FNDA:1,(anonymous_8)
FNDA:4,(anonymous_9)
FNDA:13,(anonymous_10)
FNDA:1,(anonymous_11)
FNDA:4,(anonymous_12)
FNDA:9,(anonymous_13)
FNDA:114,(anonymous_14)
FNDA:1,(anonymous_15)
FNDA:4,(anonymous_16)
FNDA:114,(anonymous_17)
DA:3,1
DA:19,1
DA:26,15
DA:31,30
DA:32,30
DA:35,30
DA:36,21
DA:37,21
DA:38,78
DA:41,21
DA:42,84
DA:43,77
DA:47,21
DA:50,30
DA:51,1
DA:57,1
DA:58,1
DA:59,1
DA:62,30
DA:63,4
DA:64,13
DA:65,4
DA:66,4
DA:69,30
DA:70,1
DA:71,4
DA:73,1
DA:74,1
DA:83,9
DA:95,114
DA:106,1
DA:119,4
DA:134,114
LF:33
LH:33
BRDA:42,0,0,77
BRDA:42,0,1,7
BRDA:63,1,0,0
BRDA:63,1,1,4
BRDA:71,2,0,1
BRDA:71,2,1,3
BRDA:87,3,0,14
BRDA:87,3,1,16
BRDA:103,4,0,50
BRDA:115,5,0,114
BRDA:115,5,1,0
BRDA:117,6,0,114
BRDA:117,6,1,50
BRDA:140,7,0,114
BRDA:153,8,0,30
BRF:15
BRH:13
end_of_record
TN:
SF:app/components/kanban/kanban-card.tsx
FN:15,(anonymous_2)
FN:42,(anonymous_3)
FNF:2
FNH:2
FNDA:59,(anonymous_2)
FNDA:59,(anonymous_3)
DA:3,2
DA:4,2
DA:5,2
DA:7,2
DA:15,59
DA:27,59
DA:35,59
DA:42,59
DA:43,59
DA:45,58
DA:46,58
DA:47,58
DA:49,58
DA:50,3
DA:51,2
DA:52,1
DA:55,59
DA:56,59
DA:64,59
LF:19
LH:19
BRDA:18,0,0,58
BRDA:38,1,0,0
BRDA:38,1,1,59
BRDA:43,2,0,1
BRDA:43,2,1,58
BRDA:49,3,0,55
BRDA:49,3,1,3
BRDA:50,4,0,1
BRDA:50,4,1,2
BRDA:51,5,0,1
BRDA:51,5,1,1
BRDA:80,6,0,0
BRDA:80,6,1,59
BRDA:90,7,0,59
BRDA:98,8,0,59
BRDA:102,9,0,58
BRDA:102,9,1,58
BRDA:105,10,0,55
BRDA:105,10,1,2
BRDA:106,11,0,1
BRDA:106,11,1,56
BRDA:107,12,0,1
BRDA:107,12,1,56
BRDA:116,13,0,59
BRDA:132,14,0,59
BRF:25
BRH:23
end_of_record
TN:
SF:app/components/kanban/kanban-filter.tsx
FN:20,(anonymous_4)
FN:35,(anonymous_5)
FN:41,(anonymous_6)
FN:51,(anonymous_7)
FN:68,(anonymous_8)
FN:70,(anonymous_9)
FN:79,(anonymous_10)
FN:81,(anonymous_11)
FN:90,(anonymous_12)
FN:97,(anonymous_13)
FN:132,(anonymous_14)
FN:165,(anonymous_15)
FN:181,(anonymous_16)
FN:189,(anonymous_17)
FN:199,(anonymous_18)
FN:214,(anonymous_19)
FN:217,(anonymous_20)
FN:240,(anonymous_21)
FN:244,(anonymous_22)
FN:257,(anonymous_23)
FN:260,(anonymous_24)
FN:269,(anonymous_25)
FN:277,(anonymous_26)
FN:278,(anonymous_27)
FN:287,(anonymous_28)
FN:298,(anonymous_29)
FN:300,(anonymous_30)
FNF:27
FNH:23
FNDA:59,(anonymous_4)
FNDA:13,(anonymous_5)
FNDA:2,(anonymous_6)
FNDA:20,(anonymous_7)
FNDA:11,(anonymous_8)
FNDA:1,(anonymous_9)
FNDA:5,(anonymous_10)
FNDA:0,(anonymous_11)
FNDA:2,(anonymous_12)
FNDA:2,(anonymous_13)
FNDA:12,(anonymous_14)
FNDA:1,(anonymous_15)
FNDA:96,(anonymous_16)
FNDA:10,(anonymous_17)
FNDA:1,(anonymous_18)
FNDA:128,(anonymous_19)
FNDA:5,(anonymous_20)
FNDA:2,(anonymous_21)
FNDA:160,(anonymous_22)
FNDA:18,(anonymous_23)
FNDA:20,(anonymous_24)
FNDA:0,(anonymous_25)
FNDA:11,(anonymous_26)
FNDA:24,(anonymous_27)
FNDA:0,(anonymous_28)
FNDA:4,(anonymous_29)
FNDA:0,(anonymous_30)
DA:3,1
DA:5,1
DA:6,1
DA:20,13
DA:25,59
DA:26,59
DA:27,59
DA:28,59
DA:35,59
DA:36,13
DA:37,13
DA:38,13
DA:40,13
DA:41,2
DA:46,13
DA:47,13
DA:51,59
DA:52,20
DA:54,20
DA:55,15
DA:57,20
DA:58,8
DA:60,20
DA:61,2
DA:64,20
DA:65,20
DA:68,59
DA:69,11
DA:70,1
DA:73,11
DA:74,11
DA:75,11
DA:76,11
DA:79,59
DA:80,5
DA:81,0
DA:84,5
DA:85,5
DA:86,5
DA:87,5
DA:90,59
DA:91,2
DA:92,2
DA:93,2
DA:94,2
DA:97,59
DA:98,2
DA:103,2
DA:104,2
DA:105,2
DA:109,59
DA:113,59
DA:120,59
DA:132,12
DA:165,1
DA:182,96
DA:189,10
DA:199,1
DA:215,128
DA:217,5
DA:240,2
DA:245,160
DA:258,18
DA:260,20
DA:261,18
DA:269,0
DA:278,24
DA:279,11
DA:287,0
DA:298,4
DA:300,0
LF:71
LH:67
BRDA:23,0,0,59
BRDA:41,1,0,1
BRDA:41,1,1,12
BRDA:42,2,0,2
BRDA:42,2,1,11
BRDA:43,3,0,13
BRDA:43,3,1,12
BRDA:54,4,0,15
BRDA:54,4,1,5
BRDA:57,5,0,8
BRDA:57,5,1,12
BRDA:60,6,0,2
BRDA:60,6,1,18
BRDA:65,7,0,18
BRDA:65,7,1,2
BRDA:69,8,0,1
BRDA:69,8,1,10
BRDA:80,9,0,0
BRDA:80,9,1,5
BRDA:109,10,0,59
BRDA:109,10,1,43
BRDA:109,10,2,39
BRDA:135,11,0,21
BRDA:135,11,1,38
BRDA:141,12,0,59
BRDA:143,13,0,3
BRDA:143,13,1,18
BRDA:149,14,0,59
BRDA:156,15,0,32
BRDA:220,16,0,11
BRDA:220,16,1,117
BRDA:239,17,0,32
BRDA:239,17,1,30
BRDA:240,18,0,2
BRDA:240,18,1,0
BRDA:254,19,0,32
BRDA:258,20,0,1
BRDA:258,20,1,17
BRDA:261,21,0,18
BRDA:261,21,1,0
BRDA:279,22,0,11
BRDA:279,22,1,0
BRDA:295,23,0,19
BRF:43
BRH:39
end_of_record
TN:
SF:app/components/layout/header.tsx
FN:9,Header
FNF:1
FNH:0
FNDA:0,Header
DA:3,0
DA:4,0
DA:5,0
DA:7,0
DA:9,0
DA:10,0
DA:13,0
DA:14,0
LF:8
LH:0
BRF:0
BRH:0
end_of_record
TN:
SF:app/components/notifications/notification-bell.tsx
FN:28,NotificationBell
FN:34,(anonymous_2)
FN:38,(anonymous_3)
FN:41,(anonymous_4)
FN:52,(anonymous_5)
FN:55,(anonymous_6)
FN:64,(anonymous_7)
FN:67,(anonymous_8)
FN:69,(anonymous_9)
FN:75,(anonymous_10)
FN:78,(anonymous_11)
FN:79,(anonymous_12)
FN:87,(anonymous_13)
FN:102,(anonymous_14)
FN:123,(anonymous_15)
FN:138,(anonymous_16)
FN:157,(anonymous_17)
FN:166,(anonymous_18)
FN:192,(anonymous_19)
FN:201,(anonymous_20)
FN:224,(anonymous_21)
FNF:21
FNH:0
FNDA:0,NotificationBell
FNDA:0,(anonymous_2)
FNDA:0,(anonymous_3)
FNDA:0,(anonymous_4)
FNDA:0,(anonymous_5)
FNDA:0,(anonymous_6)
FNDA:0,(anonymous_7)
FNDA:0,(anonymous_8)
FNDA:0,(anonymous_9)
FNDA:0,(anonymous_10)
FNDA:0,(anonymous_11)
FNDA:0,(anonymous_12)
FNDA:0,(anonymous_13)
FNDA:0,(anonymous_14)
FNDA:0,(anonymous_15)
FNDA:0,(anonymous_16)
FNDA:0,(anonymous_17)
FNDA:0,(anonymous_18)
FNDA:0,(anonymous_19)
FNDA:0,(anonymous_20)
FNDA:0,(anonymous_21)
DA:3,0
DA:4,0
DA:5,0
DA:6,0
DA:28,0
DA:29,0
DA:30,0
DA:31,0
DA:32,0
DA:34,0
DA:35,0
DA:37,0
DA:38,0
DA:41,0
DA:42,0
DA:43,0
DA:44,0
DA:45,0
DA:46,0
DA:48,0
DA:52,0
DA:53,0
DA:54,0
DA:55,0
DA:56,0
DA:58,0
DA:60,0
DA:64,0
DA:65,0
DA:66,0
DA:67,0
DA:68,0
DA:69,0
DA:71,0
DA:75,0
DA:76,0
DA:77,0
DA:78,0
DA:79,0
DA:80,0
DA:83,0
DA:87,0
DA:88,0
DA:102,0
DA:103,0
DA:104,0
DA:105,0
DA:106,0
DA:107,0
DA:108,0
DA:110,0
DA:111,0
DA:112,0
DA:113,0
DA:115,0
DA:123,0
DA:138,0
DA:157,0
DA:167,0
DA:192,0
DA:201,0
DA:225,0
DA:226,0
LF:63
LH:0
BRDA:44,0,0,0
BRDA:44,0,1,0
BRDA:46,1,0,0
BRDA:46,1,1,0
BRDA:56,2,0,0
BRDA:56,2,1,0
BRDA:79,3,0,0
BRDA:79,3,1,0
BRDA:110,4,0,0
BRDA:110,4,1,0
BRDA:111,5,0,0
BRDA:111,5,1,0
BRDA:112,6,0,0
BRDA:112,6,1,0
BRDA:113,7,0,0
BRDA:113,7,1,0
BRDA:127,8,0,0
BRDA:129,9,0,0
BRDA:129,9,1,0
BRDA:134,10,0,0
BRDA:144,11,0,0
BRDA:166,12,0,0
BRDA:170,13,0,0
BRDA:170,13,1,0
BRDA:188,14,0,0
BRF:25
BRH:0
end_of_record
TN:
SF:app/components/optimized/LazyComponents.tsx
FN:13,(anonymous_22)
FN:13,(anonymous_23)
FN:13,(anonymous_24)
FN:15,(anonymous_26)
FN:22,(anonymous_27)
FN:22,(anonymous_28)
FN:22,(anonymous_29)
FN:24,(anonymous_31)
FN:31,(anonymous_32)
FN:31,(anonymous_33)
FN:31,(anonymous_34)
FN:33,(anonymous_36)
FN:39,(anonymous_37)
FN:39,(anonymous_38)
FN:39,(anonymous_39)
FN:41,(anonymous_41)
FN:48,(anonymous_42)
FN:48,(anonymous_43)
FN:48,(anonymous_44)
FN:50,(anonymous_46)
FN:56,(anonymous_47)
FN:56,(anonymous_48)
FN:56,(anonymous_49)
FN:58,(anonymous_51)
FN:65,(anonymous_52)
FN:65,(anonymous_53)
FN:65,(anonymous_54)
FN:67,(anonymous_56)
FN:72,(anonymous_57)
FN:72,(anonymous_58)
FN:72,(anonymous_59)
FN:74,(anonymous_61)
FN:80,(anonymous_62)
FN:80,(anonymous_63)
FN:80,(anonymous_64)
FN:82,(anonymous_66)
FN:88,(anonymous_67)
FN:88,(anonymous_68)
FN:88,(anonymous_69)
FN:90,(anonymous_71)
FN:96,(anonymous_72)
FN:96,(anonymous_73)
FN:96,(anonymous_74)
FN:98,(anonymous_76)
FN:105,(anonymous_77)
FN:105,(anonymous_78)
FN:105,(anonymous_79)
FN:107,(anonymous_81)
FN:114,(anonymous_82)
FN:114,(anonymous_83)
FN:114,(anonymous_84)
FN:116,(anonymous_86)
FN:122,(anonymous_87)
FN:122,(anonymous_88)
FN:122,(anonymous_89)
FN:124,(anonymous_91)
FN:130,(anonymous_92)
FN:130,(anonymous_93)
FN:130,(anonymous_94)
FN:132,(anonymous_96)
FN:137,createLazyComponent
FN:146,(anonymous_98)
FN:154,(anonymous_99)
FNF:63
FNH:0
FNDA:0,(anonymous_22)
FNDA:0,(anonymous_23)
FNDA:0,(anonymous_24)
FNDA:0,(anonymous_26)
FNDA:0,(anonymous_27)
FNDA:0,(anonymous_28)
FNDA:0,(anonymous_29)
FNDA:0,(anonymous_31)
FNDA:0,(anonymous_32)
FNDA:0,(anonymous_33)
FNDA:0,(anonymous_34)
FNDA:0,(anonymous_36)
FNDA:0,(anonymous_37)
FNDA:0,(anonymous_38)
FNDA:0,(anonymous_39)
FNDA:0,(anonymous_41)
FNDA:0,(anonymous_42)
FNDA:0,(anonymous_43)
FNDA:0,(anonymous_44)
FNDA:0,(anonymous_46)
FNDA:0,(anonymous_47)
FNDA:0,(anonymous_48)
FNDA:0,(anonymous_49)
FNDA:0,(anonymous_51)
FNDA:0,(anonymous_52)
FNDA:0,(anonymous_53)
FNDA:0,(anonymous_54)
FNDA:0,(anonymous_56)
FNDA:0,(anonymous_57)
FNDA:0,(anonymous_58)
FNDA:0,(anonymous_59)
FNDA:0,(anonymous_61)
FNDA:0,(anonymous_62)
FNDA:0,(anonymous_63)
FNDA:0,(anonymous_64)
FNDA:0,(anonymous_66)
FNDA:0,(anonymous_67)
FNDA:0,(anonymous_68)
FNDA:0,(anonymous_69)
FNDA:0,(anonymous_71)
FNDA:0,(anonymous_72)
FNDA:0,(anonymous_73)
FNDA:0,(anonymous_74)
FNDA:0,(anonymous_76)
FNDA:0,(anonymous_77)
FNDA:0,(anonymous_78)
FNDA:0,(anonymous_79)
FNDA:0,(anonymous_81)
FNDA:0,(anonymous_82)
FNDA:0,(anonymous_83)
FNDA:0,(anonymous_84)
FNDA:0,(anonymous_86)
FNDA:0,(anonymous_87)
FNDA:0,(anonymous_88)
FNDA:0,(anonymous_89)
FNDA:0,(anonymous_91)
FNDA:0,(anonymous_92)
FNDA:0,(anonymous_93)
FNDA:0,(anonymous_94)
FNDA:0,(anonymous_96)
FNDA:0,createLazyComponent
FNDA:0,(anonymous_98)
FNDA:0,(anonymous_99)
DA:1,0
DA:12,0
DA:13,0
DA:15,0
DA:21,0
DA:22,0
DA:24,0
DA:30,0
DA:31,0
DA:33,0
DA:38,0
DA:39,0
DA:41,0
DA:47,0
DA:48,0
DA:50,0
DA:55,0
DA:56,0
DA:58,0
DA:64,0
DA:65,0
DA:67,0
DA:71,0
DA:72,0
DA:74,0
DA:79,0
DA:80,0
DA:82,0
DA:87,0
DA:88,0
DA:90,0
DA:95,0
DA:96,0
DA:98,0
DA:104,0
DA:105,0
DA:107,0
DA:113,0
DA:114,0
DA:116,0
DA:121,0
DA:122,0
DA:124,0
DA:129,0
DA:130,0
DA:132,0
DA:137,0
DA:145,0
DA:147,0
DA:148,0
DA:149,0
DA:151,0
DA:154,0
LF:53
LH:0
BRDA:148,0,0,0
BRDA:148,0,1,0
BRDA:148,1,0,0
BRDA:148,1,1,0
BRDA:154,2,0,0
BRDA:154,2,1,0
BRF:6
BRH:0
end_of_record
TN:
SF:app/components/optimized/OptimizedImage.tsx
FN:22,OptimizedImage
FN:42,(anonymous_8)
FN:46,(anonymous_9)
FN:47,(anonymous_10)
FN:62,(anonymous_11)
FN:67,(anonymous_12)
FN:72,(anonymous_13)
FN:77,(anonymous_14)
FN:131,ResponsiveImage
FN:157,OptimizedAvatar
FN:184,(anonymous_17)
FN:191,ThumbnailGallery
FN:202,(anonymous_19)
FN:205,(anonymous_20)
FN:228,ProgressiveImage
FN:238,(anonymous_22)
FN:243,(anonymous_23)
FNF:17
FNH:0
FNDA:0,OptimizedImage
FNDA:0,(anonymous_8)
FNDA:0,(anonymous_9)
FNDA:0,(anonymous_10)
FNDA:0,(anonymous_11)
FNDA:0,(anonymous_12)
FNDA:0,(anonymous_13)
FNDA:0,(anonymous_14)
FNDA:0,ResponsiveImage
FNDA:0,OptimizedAvatar
FNDA:0,(anonymous_17)
FNDA:0,ThumbnailGallery
FNDA:0,(anonymous_19)
FNDA:0,(anonymous_20)
FNDA:0,ProgressiveImage
FNDA:0,(anonymous_22)
FNDA:0,(anonymous_23)
DA:3,0
DA:4,0
DA:5,0
DA:22,0
DA:36,0
DA:37,0
DA:38,0
DA:39,0
DA:42,0
DA:43,0
DA:45,0
DA:47,0
DA:48,0
DA:49,0
DA:50,0
DA:60,0
DA:62,0
DA:63,0
DA:67,0
DA:68,0
DA:69,0
DA:72,0
DA:73,0
DA:77,0
DA:78,0
DA:80,0
DA:83,0
DA:131,0
DA:157,0
DA:168,0
DA:184,0
DA:191,0
DA:203,0
DA:205,0
DA:228,0
DA:235,0
DA:236,0
DA:238,0
DA:239,0
DA:241,0
DA:242,0
DA:243,0
DA:244,0
DA:245,0
LF:44
LH:0
BRDA:28,0,0,0
BRDA:29,1,0,0
BRDA:30,2,0,0
BRDA:33,3,0,0
BRDA:34,4,0,0
BRDA:43,5,0,0
BRDA:43,5,1,0
BRDA:43,6,0,0
BRDA:43,6,1,0
BRDA:48,7,0,0
BRDA:48,7,1,0
BRDA:78,8,0,0
BRDA:78,8,1,0
BRDA:83,9,0,0
BRDA:83,9,1,0
BRDA:89,10,0,0
BRDA:89,10,1,0
BRDA:90,11,0,0
BRDA:90,11,1,0
BRDA:101,12,0,0
BRDA:101,12,1,0
BRDA:106,13,0,0
BRDA:110,14,0,0
BRDA:110,14,1,0
BRDA:111,15,0,0
BRDA:111,15,1,0
BRDA:115,16,0,0
BRDA:115,16,1,0
BRDA:120,17,0,0
BRDA:120,17,1,0
BRDA:123,18,0,0
BRDA:123,18,1,0
BRDA:135,19,0,0
BRDA:136,20,0,0
BRDA:160,21,0,0
BRDA:179,22,0,0
BRDA:179,22,1,0
BRDA:194,23,0,0
BRDA:208,24,0,0
BRDA:208,24,1,0
BRDA:235,25,0,0
BRDA:235,25,1,0
BRDA:239,26,0,0
BRDA:239,26,1,0
BRDA:256,27,0,0
BRDA:256,27,1,0
BRDA:256,27,2,0
BRF:47
BRH:0
end_of_record
TN:
SF:app/components/shortcuts/global-shortcuts-provider.tsx
FN:7,GlobalShortcutsProvider
FN:24,(anonymous_2)
FN:30,(anonymous_3)
FN:38,(anonymous_4)
FN:44,(anonymous_5)
FN:53,(anonymous_6)
FN:64,(anonymous_7)
FNF:7
FNH:0
FNDA:0,GlobalShortcutsProvider
FNDA:0,(anonymous_2)
FNDA:0,(anonymous_3)
FNDA:0,(anonymous_4)
FNDA:0,(anonymous_5)
FNDA:0,(anonymous_6)
FNDA:0,(anonymous_7)
DA:3,0
DA:4,0
DA:5,0
DA:7,0
DA:16,0
DA:24,0
DA:30,0
DA:38,0
DA:45,0
DA:46,0
DA:54,0
DA:55,0
DA:64,0
LF:13
LH:0
BRDA:34,0,0,0
BRF:1
BRH:0
end_of_record
TN:
SF:app/components/shortcuts/quick-search-modal.tsx
FN:21,QuickSearchModal
FN:28,(anonymous_2)
FN:34,(anonymous_3)
FN:47,(anonymous_4)
FN:72,(anonymous_5)
FN:83,(anonymous_6)
FN:86,(anonymous_7)
FN:89,(anonymous_8)
FN:103,(anonymous_9)
FN:136,(anonymous_10)
FN:151,(anonymous_11)
FN:157,(anonymous_12)
FN:162,(anonymous_13)
FNF:13
FNH:0
FNDA:0,QuickSearchModal
FNDA:0,(anonymous_2)
FNDA:0,(anonymous_3)
FNDA:0,(anonymous_4)
FNDA:0,(anonymous_5)
FNDA:0,(anonymous_6)
FNDA:0,(anonymous_7)
FNDA:0,(anonymous_8)
FNDA:0,(anonymous_9)
FNDA:0,(anonymous_10)
FNDA:0,(anonymous_11)
FNDA:0,(anonymous_12)
FNDA:0,(anonymous_13)
DA:3,0
DA:4,0
DA:5,0
DA:6,0
DA:21,0
DA:22,0
DA:23,0
DA:24,0
DA:25,0
DA:26,0
DA:28,0
DA:29,0
DA:30,0
DA:34,0
DA:35,0
DA:37,0
DA:47,0
DA:49,0
DA:51,0
DA:52,0
DA:58,0
DA:59,0
DA:66,0
DA:72,0
DA:73,0
DA:76,0
DA:79,0
DA:83,0
DA:84,0
DA:85,0
DA:86,0
DA:87,0
DA:88,0
DA:89,0
DA:90,0
DA:91,0
DA:92,0
DA:93,0
DA:94,0
DA:95,0
DA:97,0
DA:98,0
DA:99,0
DA:103,0
DA:104,0
DA:116,0
DA:136,0
DA:152,0
DA:158,0
DA:159,0
DA:160,0
DA:162,0
LF:52
LH:0
BRDA:29,0,0,0
BRDA:29,0,1,0
BRDA:29,1,0,0
BRDA:29,1,1,0
BRDA:35,2,0,0
BRDA:35,2,1,0
BRDA:51,3,0,0
BRDA:51,3,1,0
BRDA:58,4,0,0
BRDA:58,4,1,0
BRDA:84,5,0,0
BRDA:84,5,1,0
BRDA:87,6,0,0
BRDA:87,6,1,0
BRDA:90,7,0,0
BRDA:90,7,1,0
BRDA:92,8,0,0
BRDA:92,8,1,0
BRDA:97,9,0,0
BRDA:97,9,1,0
BRDA:116,10,0,0
BRDA:116,10,1,0
BRDA:149,11,0,0
BRDA:155,12,0,0
BRDA:155,12,1,0
BRDA:169,13,0,0
BRDA:174,14,0,0
BRDA:174,14,1,0
BRDA:175,15,0,0
BRDA:175,15,1,0
BRDA:153,16,0,0
BRDA:153,16,1,0
BRDA:183,17,0,0
BRDA:183,17,1,0
BRF:34
BRH:0
end_of_record
TN:
SF:app/components/shortcuts/shortcut-help-modal.tsx
FN:18,ShortcutHelpModal
FN:22,(anonymous_2)
FN:23,(anonymous_3)
FN:24,(anonymous_4)
FN:27,(anonymous_5)
FN:35,(anonymous_6)
FN:81,(anonymous_7)
FN:96,(anonymous_8)
FN:111,(anonymous_9)
FNF:9
FNH:0
FNDA:0,ShortcutHelpModal
FNDA:0,(anonymous_2)
FNDA:0,(anonymous_3)
FNDA:0,(anonymous_4)
FNDA:0,(anonymous_5)
FNDA:0,(anonymous_6)
FNDA:0,(anonymous_7)
FNDA:0,(anonymous_8)
FNDA:0,(anonymous_9)
DA:3,0
DA:4,0
DA:18,0
DA:19,0
DA:21,0
DA:22,0
DA:23,0
DA:24,0
DA:27,0
DA:29,0
DA:30,0
DA:31,0
DA:33,0
DA:36,0
DA:37,0
DA:38,0
DA:39,0
DA:40,0
DA:41,0
DA:82,0
DA:97,0
DA:112,0
LF:22
LH:0
BRDA:19,0,0,0
BRDA:19,0,1,0
BRDA:30,1,0,0
BRDA:30,1,1,0
BRDA:31,2,0,0
BRDA:31,2,1,0
BRDA:31,3,0,0
BRDA:31,3,1,0
BRDA:37,4,0,0
BRDA:37,4,1,0
BRDA:38,5,0,0
BRDA:38,5,1,0
BRDA:39,6,0,0
BRDA:39,6,1,0
BRDA:40,7,0,0
BRDA:40,7,1,0
BRF:16
BRH:0
end_of_record
TN:
SF:app/components/templates/process-template-form.tsx
FN:16,ProcessTemplateForm
FN:28,(anonymous_2)
FN:34,(anonymous_3)
FN:49,(anonymous_4)
FN:61,(anonymous_5)
FN:76,(anonymous_6)
FN:88,(anonymous_7)
FN:93,(anonymous_8)
FN:131,(anonymous_9)
FN:135,(anonymous_10)
FN:159,(anonymous_11)
FN:193,(anonymous_12)
FN:203,(anonymous_13)
FN:213,(anonymous_14)
FN:246,ProcessFlowPreview
FN:258,(anonymous_16)
FNF:16
FNH:0
FNDA:0,ProcessTemplateForm
FNDA:0,(anonymous_2)
FNDA:0,(anonymous_3)
FNDA:0,(anonymous_4)
FNDA:0,(anonymous_5)
FNDA:0,(anonymous_6)
FNDA:0,(anonymous_7)
FNDA:0,(anonymous_8)
FNDA:0,(anonymous_9)
FNDA:0,(anonymous_10)
FNDA:0,(anonymous_11)
FNDA:0,(anonymous_12)
FNDA:0,(anonymous_13)
FNDA:0,(anonymous_14)
FNDA:0,ProcessFlowPreview
FNDA:0,(anonymous_16)
DA:3,0
DA:4,0
DA:6,0
DA:7,0
DA:8,0
DA:9,0
DA:10,0
DA:16,0
DA:17,0
DA:18,0
DA:19,0
DA:20,0
DA:26,0
DA:28,0
DA:29,0
DA:30,0
DA:34,0
DA:35,0
DA:37,0
DA:38,0
DA:39,0
DA:40,0
DA:42,0
DA:43,0
DA:45,0
DA:49,0
DA:50,0
DA:52,0
DA:53,0
DA:56,0
DA:57,0
DA:61,0
DA:62,0
DA:63,0
DA:67,0
DA:68,0
DA:72,0
DA:73,0
DA:76,0
DA:77,0
DA:79,0
DA:80,0
DA:83,0
DA:84,0
DA:86,0
DA:88,0
DA:93,0
DA:102,0
DA:108,0
DA:110,0
DA:111,0
DA:112,0
DA:114,0
DA:115,0
DA:116,0
DA:119,0
DA:120,0
DA:121,0
DA:122,0
DA:124,0
DA:127,0
DA:131,0
DA:132,0
DA:134,0
DA:135,0
DA:136,0
DA:137,0
DA:140,0
DA:143,0
DA:159,0
DA:193,0
DA:203,0
DA:213,0
DA:247,0
DA:259,0
LF:75
LH:0
BRDA:29,0,0,0
BRDA:29,0,1,0
BRDA:35,1,0,0
BRDA:35,1,1,0
BRDA:52,2,0,0
BRDA:52,2,1,0
BRDA:56,3,0,0
BRDA:56,3,1,0
BRDA:56,4,0,0
BRDA:56,4,1,0
BRDA:62,5,0,0
BRDA:62,5,1,0
BRDA:67,6,0,0
BRDA:67,6,1,0
BRDA:67,7,0,0
BRDA:67,7,1,0
BRDA:79,8,0,0
BRDA:79,8,1,0
BRDA:88,9,0,0
BRDA:88,9,1,0
BRDA:93,10,0,0
BRDA:93,10,1,0
BRDA:97,11,0,0
BRDA:97,11,1,0
BRDA:108,12,0,0
BRDA:108,12,1,0
BRDA:110,13,0,0
BRDA:110,13,1,0
BRDA:120,14,0,0
BRDA:120,14,1,0
BRDA:121,15,0,0
BRDA:121,15,1,0
BRDA:136,16,0,0
BRDA:136,16,1,0
BRDA:136,17,0,0
BRDA:136,17,1,0
BRDA:143,18,0,0
BRDA:143,18,1,0
BRDA:165,19,0,0
BRDA:165,19,1,0
BRDA:171,20,0,0
BRDA:224,21,0,0
BRDA:231,22,0,0
BRDA:231,22,1,0
BRDA:239,23,0,0
BRDA:239,23,1,0
BRDA:247,24,0,0
BRDA:247,24,1,0
BRDA:262,25,0,0
BRDA:262,25,1,0
BRDA:266,26,0,0
BRDA:266,26,1,0
BRDA:268,27,0,0
BRDA:268,27,1,0
BRDA:274,28,0,0
BRF:55
BRH:0
end_of_record
TN:
SF:app/components/templates/sortable-step-item.tsx
FN:23,SortableStepItem
FN:95,(anonymous_2)
FN:104,(anonymous_3)
FNF:3
FNH:3
FNDA:12,SortableStepItem
FNDA:1,(anonymous_2)
FNDA:1,(anonymous_3)
DA:3,1
DA:4,1
DA:5,1
DA:6,1
DA:23,12
DA:37,12
DA:39,12
DA:95,1
DA:104,1
LF:9
LH:9
BRDA:42,0,0,0
BRDA:42,0,1,12
BRDA:51,1,0,0
BRDA:51,1,1,12
BRDA:52,2,0,0
BRDA:52,2,1,12
BRDA:76,3,0,12
BRF:7
BRH:4
end_of_record
TN:
SF:app/components/templates/sortable-steps-list.tsx
FN:42,SortableStepsList
FN:53,(anonymous_2)
FN:68,(anonymous_3)
FN:72,(anonymous_4)
FN:76,(anonymous_5)
FN:77,(anonymous_6)
FN:82,(anonymous_7)
FN:95,(anonymous_8)
FN:124,(anonymous_9)
FN:128,(anonymous_10)
FN:147,(anonymous_11)
FN:148,(anonymous_12)
FNF:12
FNH:4
FNDA:7,SortableStepsList
FNDA:7,(anonymous_2)
FNDA:0,(anonymous_3)
FNDA:0,(anonymous_4)
FNDA:0,(anonymous_5)
FNDA:0,(anonymous_6)
FNDA:0,(anonymous_7)
FNDA:0,(anonymous_8)
FNDA:12,(anonymous_9)
FNDA:12,(anonymous_10)
FNDA:0,(anonymous_11)
FNDA:0,(anonymous_12)
DA:3,1
DA:14,1
DA:20,1
DA:21,1
DA:22,1
DA:23,1
DA:42,7
DA:49,7
DA:50,7
DA:53,7
DA:54,7
DA:57,7
DA:68,7
DA:69,0
DA:72,7
DA:73,0
DA:75,0
DA:76,0
DA:77,0
DA:79,0
DA:82,0
DA:87,0
DA:88,0
DA:91,0
DA:94,7
DA:95,0
DA:124,12
DA:129,12
LF:28
LH:17
BRDA:75,0,0,0
BRDA:75,0,1,0
BRDA:75,1,0,0
BRDA:75,1,1,0
BRDA:94,2,0,0
BRDA:94,2,1,7
BRDA:109,3,0,1
BRDA:142,4,0,0
BRDA:142,4,1,6
BRDA:156,5,0,7
BRF:10
BRH:4
end_of_record
TN:
SF:app/components/templates/step-template-editor-v2.tsx
FN:26,StepTemplateEditorV2
FN:32,(anonymous_2)
FN:33,(anonymous_3)
FN:48,(anonymous_4)
FN:52,(anonymous_5)
FN:65,(anonymous_6)
FN:78,(anonymous_7)
FN:92,(anonymous_8)
FN:93,(anonymous_9)
FN:96,(anonymous_10)
FN:105,(anonymous_11)
FN:112,(anonymous_12)
FN:129,(anonymous_13)
FN:166,(anonymous_14)
FN:181,(anonymous_15)
FN:190,(anonymous_16)
FN:207,(anonymous_17)
FN:220,(anonymous_18)
FN:233,(anonymous_19)
FN:249,(anonymous_20)
FN:250,(anonymous_21)
FN:256,(anonymous_22)
FN:266,(anonymous_23)
FN:282,(anonymous_24)
FNF:24
FNH:0
FNDA:0,StepTemplateEditorV2
FNDA:0,(anonymous_2)
FNDA:0,(anonymous_3)
FNDA:0,(anonymous_4)
FNDA:0,(anonymous_5)
FNDA:0,(anonymous_6)
FNDA:0,(anonymous_7)
FNDA:0,(anonymous_8)
FNDA:0,(anonymous_9)
FNDA:0,(anonymous_10)
FNDA:0,(anonymous_11)
FNDA:0,(anonymous_12)
FNDA:0,(anonymous_13)
FNDA:0,(anonymous_14)
FNDA:0,(anonymous_15)
FNDA:0,(anonymous_16)
FNDA:0,(anonymous_17)
FNDA:0,(anonymous_18)
FNDA:0,(anonymous_19)
FNDA:0,(anonymous_20)
FNDA:0,(anonymous_21)
FNDA:0,(anonymous_22)
FNDA:0,(anonymous_23)
FNDA:0,(anonymous_24)
DA:3,0
DA:5,0
DA:6,0
DA:7,0
DA:8,0
DA:9,0
DA:26,0
DA:27,0
DA:28,0
DA:29,0
DA:32,0
DA:33,0
DA:44,0
DA:48,0
DA:49,0
DA:52,0
DA:61,0
DA:65,0
DA:66,0
DA:74,0
DA:78,0
DA:79,0
DA:88,0
DA:92,0
DA:93,0
DA:96,0
DA:101,0
DA:105,0
DA:106,0
DA:110,0
DA:112,0
DA:113,0
DA:128,0
DA:129,0
DA:139,0
DA:142,0
DA:143,0
DA:144,0
DA:167,0
DA:168,0
DA:182,0
DA:191,0
DA:208,0
DA:221,0
DA:234,0
DA:249,0
DA:251,0
DA:257,0
DA:258,0
DA:259,0
DA:264,0
DA:266,0
DA:283,0
DA:284,0
LF:54
LH:0
BRDA:34,0,0,0
BRDA:34,0,1,0
BRDA:36,1,0,0
BRDA:36,1,1,0
BRDA:37,2,0,0
BRDA:37,2,1,0
BRDA:39,3,0,0
BRDA:39,3,1,0
BRDA:42,4,0,0
BRDA:42,4,1,0
BRDA:55,5,0,0
BRDA:55,5,1,0
BRDA:56,6,0,0
BRDA:56,6,1,0
BRDA:56,6,2,0
BRDA:58,7,0,0
BRDA:58,7,1,0
BRDA:82,8,0,0
BRDA:82,8,1,0
BRDA:83,9,0,0
BRDA:83,9,1,0
BRDA:83,9,2,0
BRDA:84,10,0,0
BRDA:84,10,1,0
BRDA:85,11,0,0
BRDA:85,11,1,0
BRDA:86,12,0,0
BRDA:86,12,1,0
BRDA:106,13,0,0
BRDA:106,13,1,0
BRDA:110,14,0,0
BRDA:110,14,1,0
BRDA:113,15,0,0
BRDA:113,15,1,0
BRDA:122,16,0,0
BRDA:122,16,1,0
BRDA:129,17,0,0
BRDA:129,17,1,0
BRDA:137,18,0,0
BRDA:137,18,1,0
BRDA:158,19,0,0
BRDA:158,19,1,0
BRDA:163,20,0,0
BRDA:163,20,1,0
BRDA:210,21,0,0
BRDA:210,21,1,0
BRDA:223,22,0,0
BRDA:223,22,1,0
BRDA:236,23,0,0
BRDA:236,23,1,0
BRDA:242,24,0,0
BRDA:242,24,1,0
BRDA:255,25,0,0
BRDA:255,25,1,0
BRDA:257,26,0,0
BRDA:257,26,1,0
BRDA:258,27,0,0
BRDA:258,27,1,0
BRF:58
BRH:0
end_of_record
TN:
SF:app/components/templates/step-template-editor.tsx
FN:15,StepTemplateEditor
FN:19,(anonymous_2)
FN:23,(anonymous_3)
FN:37,(anonymous_4)
FN:43,(anonymous_5)
FN:44,(anonymous_6)
FN:53,(anonymous_7)
FN:54,(anonymous_8)
FN:56,(anonymous_9)
FN:63,(anonymous_10)
FN:74,(anonymous_11)
FN:81,(anonymous_12)
FN:85,(anonymous_13)
FN:89,(anonymous_14)
FN:103,(anonymous_15)
FN:123,(anonymous_16)
FN:128,(anonymous_17)
FN:130,(anonymous_18)
FN:143,(anonymous_19)
FN:150,(anonymous_20)
FN:162,(anonymous_21)
FN:173,(anonymous_22)
FN:179,(anonymous_23)
FN:192,(anonymous_24)
FNF:24
FNH:0
FNDA:0,StepTemplateEditor
FNDA:0,(anonymous_2)
FNDA:0,(anonymous_3)
FNDA:0,(anonymous_4)
FNDA:0,(anonymous_5)
FNDA:0,(anonymous_6)
FNDA:0,(anonymous_7)
FNDA:0,(anonymous_8)
FNDA:0,(anonymous_9)
FNDA:0,(anonymous_10)
FNDA:0,(anonymous_11)
FNDA:0,(anonymous_12)
FNDA:0,(anonymous_13)
FNDA:0,(anonymous_14)
FNDA:0,(anonymous_15)
FNDA:0,(anonymous_16)
FNDA:0,(anonymous_17)
FNDA:0,(anonymous_18)
FNDA:0,(anonymous_19)
FNDA:0,(anonymous_20)
FNDA:0,(anonymous_21)
FNDA:0,(anonymous_22)
FNDA:0,(anonymous_23)
FNDA:0,(anonymous_24)
DA:3,0
DA:5,0
DA:6,0
DA:7,0
DA:8,0
DA:15,0
DA:16,0
DA:17,0
DA:19,0
DA:20,0
DA:23,0
DA:24,0
DA:32,0
DA:33,0
DA:34,0
DA:37,0
DA:38,0
DA:39,0
DA:42,0
DA:43,0
DA:44,0
DA:45,0
DA:49,0
DA:50,0
DA:53,0
DA:54,0
DA:56,0
DA:57,0
DA:59,0
DA:60,0
DA:63,0
DA:64,0
DA:65,0
DA:67,0
DA:68,0
DA:71,0
DA:72,0
DA:74,0
DA:77,0
DA:78,0
DA:81,0
DA:82,0
DA:85,0
DA:86,0
DA:89,0
DA:90,0
DA:91,0
DA:93,0
DA:94,0
DA:97,0
DA:100,0
DA:103,0
DA:104,0
DA:107,0
DA:108,0
DA:109,0
DA:124,0
DA:128,0
DA:130,0
DA:143,0
DA:150,0
DA:162,0
DA:174,0
DA:179,0
DA:192,0
LF:65
LH:0
BRDA:42,0,0,0
BRDA:42,0,1,0
BRDA:67,1,0,0
BRDA:67,1,1,0
BRDA:71,2,0,0
BRDA:71,2,1,0
BRDA:91,3,0,0
BRDA:91,3,1,0
BRDA:167,4,0,0
BRDA:178,5,0,0
BRDA:178,5,1,0
BRDA:201,6,0,0
BRF:12
BRH:0
end_of_record
TN:
SF:app/components/templates/template-editor-with-undo.tsx
FN:29,TemplateEditorWithUndo
FN:58,(anonymous_2)
FN:59,(anonymous_3)
FN:65,(anonymous_4)
FN:66,(anonymous_5)
FN:72,(anonymous_6)
FN:81,(anonymous_7)
FN:87,(anonymous_8)
FN:88,(anonymous_9)
FN:89,(anonymous_10)
FN:93,(anonymous_11)
FN:101,(anonymous_12)
FN:102,(anonymous_13)
FN:103,(anonymous_14)
FN:111,(anonymous_15)
FN:112,(anonymous_16)
FN:113,(anonymous_17)
FN:124,(anonymous_18)
FN:131,(anonymous_19)
FN:186,(anonymous_20)
FN:198,(anonymous_21)
FN:225,(anonymous_22)
FN:236,(anonymous_23)
FN:259,(anonymous_24)
FN:270,(anonymous_25)
FN:275,(anonymous_26)
FN:283,(anonymous_27)
FN:290,(anonymous_28)
FN:315,(anonymous_29)
FN:323,(anonymous_30)
FN:331,(anonymous_31)
FN:338,(anonymous_32)
FN:355,(anonymous_33)
FNF:33
FNH:0
FNDA:0,TemplateEditorWithUndo
FNDA:0,(anonymous_2)
FNDA:0,(anonymous_3)
FNDA:0,(anonymous_4)
FNDA:0,(anonymous_5)
FNDA:0,(anonymous_6)
FNDA:0,(anonymous_7)
FNDA:0,(anonymous_8)
FNDA:0,(anonymous_9)
FNDA:0,(anonymous_10)
FNDA:0,(anonymous_11)
FNDA:0,(anonymous_12)
FNDA:0,(anonymous_13)
FNDA:0,(anonymous_14)
FNDA:0,(anonymous_15)
FNDA:0,(anonymous_16)
FNDA:0,(anonymous_17)
FNDA:0,(anonymous_18)
FNDA:0,(anonymous_19)
FNDA:0,(anonymous_20)
FNDA:0,(anonymous_21)
FNDA:0,(anonymous_22)
FNDA:0,(anonymous_23)
FNDA:0,(anonymous_24)
FNDA:0,(anonymous_25)
FNDA:0,(anonymous_26)
FNDA:0,(anonymous_27)
FNDA:0,(anonymous_28)
FNDA:0,(anonymous_29)
FNDA:0,(anonymous_30)
FNDA:0,(anonymous_31)
FNDA:0,(anonymous_32)
FNDA:0,(anonymous_33)
DA:3,0
DA:4,0
DA:5,0
DA:6,0
DA:7,0
DA:8,0
DA:29,0
DA:33,0
DA:49,0
DA:54,0
DA:55,0
DA:58,0
DA:59,0
DA:60,0
DA:65,0
DA:66,0
DA:67,0
DA:72,0
DA:73,0
DA:81,0
DA:82,0
DA:87,0
DA:88,0
DA:89,0
DA:90,0
DA:91,0
DA:93,0
DA:94,0
DA:101,0
DA:102,0
DA:103,0
DA:104,0
DA:105,0
DA:111,0
DA:112,0
DA:113,0
DA:114,0
DA:116,0
DA:117,0
DA:120,0
DA:124,0
DA:125,0
DA:131,0
DA:132,0
DA:134,0
DA:135,0
DA:138,0
DA:139,0
DA:141,0
DA:142,0
DA:144,0
DA:145,0
DA:147,0
DA:148,0
DA:151,0
DA:186,0
DA:199,0
DA:225,0
DA:236,0
DA:260,0
DA:270,0
DA:275,0
DA:283,0
DA:290,0
DA:315,0
DA:323,0
DA:331,0
DA:338,0
DA:355,0
LF:69
LH:0
BRDA:33,0,0,0
BRDA:33,0,1,0
BRDA:90,1,0,0
BRDA:90,1,1,0
BRDA:104,2,0,0
BRDA:104,2,1,0
BRDA:114,3,0,0
BRDA:114,3,1,0
BRDA:116,4,0,0
BRDA:116,4,1,0
BRDA:117,5,0,0
BRDA:117,5,1,0
BRDA:117,6,0,0
BRDA:117,6,1,0
BRDA:132,7,0,0
BRDA:132,7,1,0
BRDA:135,8,0,0
BRDA:135,8,1,0
BRDA:138,9,0,0
BRDA:138,9,1,0
BRDA:141,10,0,0
BRDA:141,10,1,0
BRDA:144,11,0,0
BRDA:144,11,1,0
BRDA:147,12,0,0
BRDA:147,12,1,0
BRDA:194,13,0,0
BRDA:202,14,0,0
BRDA:202,14,1,0
BRDA:254,15,0,0
BRDA:267,16,0,0
BRDA:283,17,0,0
BRDA:283,17,1,0
BRDA:303,18,0,0
BRDA:353,19,0,0
BRF:35
BRH:0
end_of_record
TN:
SF:app/components/ui/bulk-select-table.tsx
FN:39,BulkSelectTable
FN:60,(anonymous_2)
FN:73,(anonymous_3)
FN:77,(anonymous_4)
FN:82,(anonymous_5)
FN:115,(anonymous_6)
FN:130,(anonymous_7)
FN:131,(anonymous_8)
FN:133,(anonymous_9)
FN:145,(anonymous_10)
FN:146,(anonymous_11)
FN:160,(anonymous_12)
FN:176,(anonymous_13)
FN:183,(anonymous_14)
FN:190,(anonymous_15)
FN:224,(anonymous_16)
FN:231,(anonymous_17)
FN:247,(anonymous_18)
FN:258,(anonymous_19)
FN:267,(anonymous_20)
FN:282,(anonymous_21)
FN:286,(anonymous_22)
FNF:22
FNH:19
FNDA:28,BulkSelectTable
FNDA:56,(anonymous_2)
FNDA:2,(anonymous_3)
FNDA:6,(anonymous_4)
FNDA:9,(anonymous_5)
FNDA:1,(anonymous_6)
FNDA:3,(anonymous_7)
FNDA:3,(anonymous_8)
FNDA:3,(anonymous_9)
FNDA:25,(anonymous_10)
FNDA:5,(anonymous_11)
FNDA:25,(anonymous_12)
FNDA:0,(anonymous_13)
FNDA:22,(anonymous_14)
FNDA:1,(anonymous_15)
FNDA:84,(anonymous_16)
FNDA:3,(anonymous_17)
FNDA:84,(anonymous_18)
FNDA:0,(anonymous_19)
FNDA:9,(anonymous_20)
FNDA:252,(anonymous_21)
FNDA:0,(anonymous_22)
DA:3,1
DA:15,1
DA:16,1
DA:39,12
DA:48,28
DA:49,28
DA:50,28
DA:56,28
DA:57,28
DA:60,28
DA:61,56
DA:63,6
DA:64,6
DA:66,6
DA:68,6
DA:69,6
DA:73,28
DA:74,2
DA:75,0
DA:77,6
DA:82,28
DA:83,9
DA:85,9
DA:87,1
DA:88,1
DA:90,1
DA:91,3
DA:93,8
DA:95,2
DA:96,0
DA:98,2
DA:102,6
DA:103,0
DA:105,6
DA:106,6
DA:110,9
DA:111,9
DA:115,28
DA:116,1
DA:117,0
DA:118,0
DA:121,1
DA:122,0
DA:125,1
DA:126,1
DA:130,28
DA:131,3
DA:133,3
DA:134,3
DA:135,1
DA:140,2
DA:145,28
DA:146,25
DA:148,5
DA:149,1
DA:150,1
DA:154,5
DA:155,1
DA:159,25
DA:160,25
DA:176,0
DA:184,22
DA:185,22
DA:190,1
DA:225,84
DA:231,3
DA:248,84
DA:250,84
DA:259,0
DA:260,0
DA:268,9
DA:269,9
DA:283,252
DA:287,0
DA:288,0
DA:289,0
DA:290,0
DA:291,0
LF:78
LH:64
BRDA:44,0,0,6
BRDA:46,1,0,28
BRDA:56,2,0,28
BRDA:56,2,1,28
BRDA:57,3,0,28
BRDA:57,3,1,11
BRDA:61,4,0,50
BRDA:61,4,1,6
BRDA:66,5,0,0
BRDA:66,5,1,6
BRDA:68,6,0,0
BRDA:68,6,1,6
BRDA:69,7,0,4
BRDA:69,7,1,2
BRDA:74,8,0,0
BRDA:74,8,1,2
BRDA:85,9,0,1
BRDA:85,9,1,8
BRDA:85,10,0,9
BRDA:85,10,1,1
BRDA:93,11,0,2
BRDA:93,11,1,6
BRDA:93,12,0,8
BRDA:93,12,1,6
BRDA:95,13,0,0
BRDA:95,13,1,2
BRDA:102,14,0,0
BRDA:102,14,1,6
BRDA:116,15,0,0
BRDA:116,15,1,1
BRDA:121,16,0,0
BRDA:121,16,1,1
BRDA:121,17,0,1
BRDA:121,17,1,0
BRDA:131,18,0,0
BRDA:131,18,1,3
BRDA:134,19,0,1
BRDA:134,19,1,2
BRDA:137,20,0,1
BRDA:137,20,1,0
BRDA:148,21,0,1
BRDA:148,21,1,4
BRDA:148,22,0,5
BRDA:148,22,1,2
BRDA:148,22,2,3
BRDA:148,22,3,1
BRDA:154,23,0,1
BRDA:154,23,1,4
BRDA:154,24,0,5
BRDA:154,24,1,1
BRDA:166,25,0,28
BRDA:166,25,1,28
BRDA:188,26,0,22
BRDA:188,26,1,11
BRDA:192,27,0,22
BRDA:207,28,0,28
BRDA:212,29,0,3
BRDA:212,29,1,25
BRDA:215,30,0,3
BRDA:217,31,0,8
BRDA:229,32,0,56
BRDA:229,32,1,28
BRDA:235,33,0,84
BRDA:235,33,1,56
BRDA:237,34,0,2
BRDA:237,34,1,1
BRDA:255,35,0,18
BRDA:255,35,1,66
BRDA:256,36,0,0
BRDA:256,36,1,84
BRDA:259,37,0,0
BRDA:259,37,1,0
BRDA:259,38,0,0
BRDA:259,38,1,0
BRDA:264,39,0,84
BRDA:272,40,0,18
BRDA:272,40,1,66
BRDA:275,41,0,18
BRDA:287,42,0,0
BRDA:287,42,1,0
BRDA:290,43,0,0
BRDA:290,43,1,0
BRDA:295,44,0,0
BRDA:295,44,1,252
BRDA:304,45,0,28
BRDA:314,46,0,28
BRF:86
BRH:66
end_of_record
TN:
SF:app/components/ui/button.tsx
FN:10,(anonymous_1)
FNF:1
FNH:1
FNDA:452,(anonymous_1)
DA:1,7
DA:2,7
DA:9,452
DA:11,452
DA:13,452
DA:21,452
DA:38,7
LF:7
LH:7
BRDA:10,0,0,99
BRDA:10,1,0,234
BRF:2
BRH:2
end_of_record
TN:
SF:app/components/ui/error-boundary.tsx
FN:20,(anonymous_4)
FN:82,(anonymous_5)
FN:91,(anonymous_6)
FN:95,(anonymous_7)
FN:30,(anonymous_8)
FN:43,(anonymous_9)
FN:60,(anonymous_10)
FN:77,(anonymous_11)
FN:99,(anonymous_12)
FNF:9
FNH:5
FNDA:20,(anonymous_4)
FNDA:0,(anonymous_5)
FNDA:0,(anonymous_6)
FNDA:0,(anonymous_7)
FNDA:18,(anonymous_8)
FNDA:9,(anonymous_9)
FNDA:6,(anonymous_10)
FNDA:0,(anonymous_11)
FNDA:41,(anonymous_12)
DA:3,1
DA:4,1
DA:5,1
DA:19,10
DA:21,20
DA:22,19
DA:31,18
DA:34,18
DA:36,18
DA:45,9
DA:52,9
DA:54,6
DA:57,4
DA:62,6
DA:73,6
DA:78,0
DA:82,19
DA:83,0
DA:91,19
DA:92,0
DA:95,19
DA:96,0
DA:100,41
DA:102,22
DA:195,19
LF:25
LH:21
BRDA:52,0,0,6
BRDA:52,0,1,3
BRDA:100,1,0,22
BRDA:100,1,1,19
BRDA:102,2,0,2
BRDA:102,2,1,20
BRDA:118,3,0,20
BRDA:126,4,0,20
BRDA:126,4,1,3
BRDA:134,5,0,3
BRDA:144,6,0,3
BRF:11
BRH:11
end_of_record
TN:
SF:app/components/ui/input-enhanced.tsx
FN:11,(anonymous_1)
FNF:1
FNH:0
FNDA:0,(anonymous_1)
DA:1,0
DA:2,0
DA:10,0
DA:13,0
DA:46,0
LF:5
LH:0
BRDA:13,0,0,0
BRDA:13,0,1,0
BRDA:13,1,0,0
BRDA:13,1,1,0
BRDA:17,2,0,0
BRDA:29,3,0,0
BRDA:29,3,1,0
BRDA:33,4,0,0
BRDA:33,4,1,0
BRDA:38,5,0,0
BRF:10
BRH:0
end_of_record
TN:
SF:app/components/ui/input.tsx
FN:11,(anonymous_1)
FNF:1
FNH:1
FNDA:97,(anonymous_1)
DA:1,2
DA:2,2
DA:10,97
DA:13,97
DA:46,2
LF:5
LH:5
BRDA:13,0,0,97
BRDA:13,0,1,15
BRDA:13,1,0,2
BRDA:13,1,1,13
BRDA:17,2,0,97
BRDA:29,3,0,97
BRDA:29,3,1,97
BRDA:33,4,0,97
BRDA:33,4,1,3
BRDA:38,5,0,97
BRF:10
BRH:10
end_of_record
TN:
SF:app/components/ui/select.tsx
FN:12,(anonymous_1)
FN:39,(anonymous_2)
FNF:2
FNH:2
FNDA:162,(anonymous_1)
FNDA:543,(anonymous_2)
DA:1,1
DA:2,1
DA:11,162
DA:14,162
DA:40,543
DA:53,1
LF:6
LH:6
BRDA:14,0,0,162
BRDA:14,0,1,81
BRDA:14,1,0,81
BRDA:14,1,1,0
BRDA:18,2,0,162
BRDA:30,3,0,162
BRDA:30,3,1,162
BRDA:34,4,0,162
BRDA:34,4,1,0
BRDA:39,5,0,162
BRDA:39,5,1,0
BRDA:45,6,0,162
BRF:12
BRH:9
end_of_record
TN:
SF:app/components/ui/textarea.tsx
FN:6,(anonymous_1)
FNF:1
FNH:0
FNDA:0,(anonymous_1)
DA:1,0
DA:5,0
DA:22,0
LF:3
LH:0
BRDA:6,0,0,0
BRF:1
BRH:0
end_of_record
TN:
SF:app/components/ui/toast.tsx
FN:30,(anonymous_7)
FN:38,(anonymous_8)
FN:41,(anonymous_9)
FN:49,(anonymous_10)
FN:53,(anonymous_11)
FN:59,(anonymous_12)
FN:60,(anonymous_13)
FN:60,(anonymous_14)
FN:63,(anonymous_15)
FN:78,(anonymous_16)
FN:81,(anonymous_17)
FN:82,(anonymous_18)
FN:91,(anonymous_19)
FN:94,(anonymous_20)
FN:96,(anonymous_21)
FN:98,(anonymous_22)
FN:101,(anonymous_23)
FN:114,(anonymous_24)
FN:169,(anonymous_25)
FN:173,(anonymous_26)
FN:177,(anonymous_27)
FN:181,(anonymous_28)
FNF:22
FNH:18
FNDA:46,(anonymous_7)
FNDA:46,(anonymous_8)
FNDA:23,(anonymous_9)
FNDA:23,(anonymous_10)
FNDA:17,(anonymous_11)
FNDA:18,(anonymous_12)
FNDA:2,(anonymous_13)
FNDA:2,(anonymous_14)
FNDA:1,(anonymous_15)
FNDA:46,(anonymous_16)
FNDA:29,(anonymous_17)
FNDA:1,(anonymous_18)
FNDA:30,(anonymous_19)
FNDA:23,(anonymous_20)
FNDA:23,(anonymous_21)
FNDA:23,(anonymous_22)
FNDA:30,(anonymous_23)
FNDA:30,(anonymous_24)
FNDA:0,(anonymous_25)
FNDA:0,(anonymous_26)
FNDA:0,(anonymous_27)
FNDA:0,(anonymous_28)
DA:3,1
DA:4,1
DA:5,1
DA:28,1
DA:30,46
DA:31,46
DA:32,46
DA:33,1
DA:35,45
DA:38,20
DA:39,46
DA:41,46
DA:42,23
DA:43,23
DA:49,23
DA:52,23
DA:53,17
DA:54,17
DA:59,46
DA:60,18
DA:63,46
DA:64,1
DA:78,1
DA:82,29
DA:91,1
DA:92,30
DA:94,30
DA:96,23
DA:98,23
DA:101,30
DA:102,30
DA:114,30
DA:115,30
DA:117,30
DA:124,30
DA:128,30
DA:168,1
DA:170,0
DA:171,0
DA:174,0
DA:175,0
DA:178,0
DA:179,0
DA:182,0
DA:183,0
LF:45
LH:37
BRDA:32,0,0,1
BRDA:32,0,1,45
BRDA:46,1,0,23
BRDA:46,1,1,17
BRDA:52,2,0,17
BRDA:52,2,1,6
BRDA:52,3,0,23
BRDA:52,3,1,17
BRDA:124,4,0,1
BRDA:124,4,1,29
BRDA:141,5,0,30
BRDA:146,6,0,30
BRF:12
BRH:12
end_of_record
TN:
SF:app/contexts/websocket-context.tsx
FN:20,(anonymous_6)
FN:21,(anonymous_7)
FN:22,(anonymous_8)
FN:23,(anonymous_9)
FN:26,(anonymous_10)
FN:41,(anonymous_11)
FN:48,(anonymous_12)
FN:74,(anonymous_13)
FN:82,(anonymous_14)
FN:98,(anonymous_15)
FN:105,(anonymous_16)
FN:116,(anonymous_17)
FN:125,(anonymous_18)
FN:134,(anonymous_19)
FN:145,(anonymous_20)
FN:150,(anonymous_21)
FN:157,(anonymous_22)
FN:162,(anonymous_23)
FN:169,(anonymous_24)
FN:176,(anonymous_25)
FN:183,(anonymous_26)
FN:184,(anonymous_27)
FN:191,(anonymous_28)
FN:199,(anonymous_29)
FN:206,(anonymous_30)
FN:207,(anonymous_31)
FN:216,(anonymous_32)
FNF:27
FNH:17
FNDA:0,(anonymous_6)
FNDA:0,(anonymous_7)
FNDA:0,(anonymous_8)
FNDA:0,(anonymous_9)
FNDA:25,(anonymous_10)
FNDA:34,(anonymous_11)
FNDA:15,(anonymous_12)
FNDA:6,(anonymous_13)
FNDA:5,(anonymous_14)
FNDA:4,(anonymous_15)
FNDA:1,(anonymous_16)
FNDA:0,(anonymous_17)
FNDA:11,(anonymous_18)
FNDA:11,(anonymous_19)
FNDA:3,(anonymous_20)
FNDA:0,(anonymous_21)
FNDA:1,(anonymous_22)
FNDA:0,(anonymous_23)
FNDA:1,(anonymous_24)
FNDA:1,(anonymous_25)
FNDA:29,(anonymous_26)
FNDA:0,(anonymous_27)
FNDA:0,(anonymous_28)
FNDA:29,(anonymous_29)
FNDA:29,(anonymous_30)
FNDA:0,(anonymous_31)
FNDA:29,(anonymous_32)
DA:3,1
DA:16,1
DA:26,25
DA:27,25
DA:28,25
DA:29,0
DA:31,25
DA:38,1
DA:39,1
DA:41,11
DA:42,34
DA:43,34
DA:44,34
DA:45,34
DA:46,34
DA:48,34
DA:50,15
DA:51,0
DA:55,15
DA:58,15
DA:59,0
DA:63,15
DA:64,15
DA:65,15
DA:74,15
DA:75,6
DA:76,6
DA:77,6
DA:78,6
DA:82,15
DA:83,5
DA:84,5
DA:85,5
DA:88,5
DA:89,5
DA:90,5
DA:92,5
DA:94,5
DA:95,2
DA:98,5
DA:99,4
DA:105,15
DA:106,1
DA:107,1
DA:110,1
DA:111,0
DA:116,15
DA:117,0
DA:120,15
DA:121,15
DA:125,34
DA:127,11
DA:128,0
DA:131,11
DA:134,11
DA:135,11
DA:136,3
DA:138,11
DA:139,11
DA:145,34
DA:146,3
DA:147,1
DA:150,1
DA:151,0
DA:157,34
DA:158,1
DA:159,1
DA:162,1
DA:163,0
DA:169,34
DA:170,1
DA:171,1
DA:176,34
DA:177,1
DA:178,1
DA:183,34
DA:184,29
DA:185,0
DA:186,0
DA:187,0
DA:191,29
DA:192,0
DA:193,0
DA:196,29
DA:197,29
DA:199,29
DA:200,29
DA:201,29
DA:206,34
DA:207,29
DA:208,0
DA:209,0
DA:210,0
DA:214,29
DA:216,29
DA:217,29
DA:221,34
LF:97
LH:81
BRDA:28,0,0,0
BRDA:28,0,1,25
BRDA:50,1,0,0
BRDA:50,1,1,15
BRDA:58,2,0,0
BRDA:58,2,1,15
BRDA:63,3,0,15
BRDA:63,3,1,0
BRDA:88,4,0,5
BRDA:88,4,1,0
BRDA:94,5,0,2
BRDA:94,5,1,3
BRDA:110,6,0,0
BRDA:110,6,1,1
BRDA:110,7,0,1
BRDA:110,7,1,1
BRDA:127,8,0,0
BRDA:127,8,1,11
BRDA:135,9,0,3
BRDA:135,9,1,8
BRDA:138,10,0,11
BRDA:138,10,1,0
BRDA:146,11,0,1
BRDA:146,11,1,2
BRDA:146,12,0,3
BRDA:146,12,1,2
BRDA:158,13,0,1
BRDA:158,13,1,0
BRDA:158,14,0,1
BRDA:158,14,1,1
BRDA:170,15,0,1
BRDA:170,15,1,0
BRDA:170,16,0,1
BRDA:170,16,1,1
BRDA:177,17,0,1
BRDA:177,17,1,0
BRDA:177,18,0,1
BRDA:177,18,1,1
BRDA:186,19,0,0
BRDA:186,19,1,0
BRDA:208,20,0,0
BRDA:208,20,1,0
BRDA:208,21,0,0
BRDA:208,21,1,0
BRF:44
BRH:27
end_of_record
TN:
SF:app/hooks/use-keyboard-shortcuts.ts
FN:14,useKeyboardShortcuts
FN:44,(anonymous_2)
FN:49,(anonymous_3)
FN:54,(anonymous_4)
FN:59,(anonymous_5)
FN:65,(anonymous_6)
FN:72,(anonymous_7)
FN:79,(anonymous_8)
FN:87,(anonymous_9)
FN:94,(anonymous_10)
FN:107,(anonymous_11)
FNF:11
FNH:0
FNDA:0,useKeyboardShortcuts
FNDA:0,(anonymous_2)
FNDA:0,(anonymous_3)
FNDA:0,(anonymous_4)
FNDA:0,(anonymous_5)
FNDA:0,(anonymous_6)
FNDA:0,(anonymous_7)
FNDA:0,(anonymous_8)
FNDA:0,(anonymous_9)
FNDA:0,(anonymous_10)
FNDA:0,(anonymous_11)
DA:3,0
DA:4,0
DA:5,0
DA:14,0
DA:15,0
DA:16,0
DA:17,0
DA:18,0
DA:21,0
DA:44,0
DA:49,0
DA:54,0
DA:59,0
DA:65,0
DA:66,0
DA:67,0
DA:72,0
DA:73,0
DA:74,0
DA:79,0
DA:80,0
DA:81,0
DA:82,0
DA:87,0
DA:88,0
DA:94,0
DA:96,0
DA:98,0
DA:100,0
DA:101,0
DA:102,0
DA:107,0
DA:108,0
DA:109,0
DA:114,0
LF:35
LH:0
BRDA:98,0,0,0
BRDA:98,0,1,0
BRDA:98,1,0,0
BRDA:98,1,1,0
BRDA:101,2,0,0
BRDA:101,2,1,0
BRF:6
BRH:0
end_of_record
TN:
SF:app/hooks/use-realtime-updates.ts
FN:32,(anonymous_1)
FN:46,(anonymous_2)
FN:60,(anonymous_3)
FN:83,(anonymous_4)
FN:97,(anonymous_5)
FN:103,(anonymous_6)
FN:106,(anonymous_7)
FN:132,(anonymous_8)
FN:145,(anonymous_9)
FN:154,(anonymous_10)
FN:164,(anonymous_11)
FN:173,(anonymous_12)
FN:181,(anonymous_13)
FN:190,(anonymous_14)
FN:197,(anonymous_15)
FN:203,(anonymous_16)
FN:208,(anonymous_17)
FN:215,(anonymous_18)
FN:220,(anonymous_19)
FN:226,(anonymous_20)
FN:229,(anonymous_21)
FNF:21
FNH:0
FNDA:0,(anonymous_1)
FNDA:0,(anonymous_2)
FNDA:0,(anonymous_3)
FNDA:0,(anonymous_4)
FNDA:0,(anonymous_5)
FNDA:0,(anonymous_6)
FNDA:0,(anonymous_7)
FNDA:0,(anonymous_8)
FNDA:0,(anonymous_9)
FNDA:0,(anonymous_10)
FNDA:0,(anonymous_11)
FNDA:0,(anonymous_12)
FNDA:0,(anonymous_13)
FNDA:0,(anonymous_14)
FNDA:0,(anonymous_15)
FNDA:0,(anonymous_16)
FNDA:0,(anonymous_17)
FNDA:0,(anonymous_18)
FNDA:0,(anonymous_19)
FNDA:0,(anonymous_20)
FNDA:0,(anonymous_21)
DA:3,0
DA:4,0
DA:5,0
DA:6,0
DA:32,0
DA:40,0
DA:41,0
DA:42,0
DA:43,0
DA:46,0
DA:47,0
DA:50,0
DA:51,0
DA:53,0
DA:55,0
DA:56,0
DA:60,0
DA:61,0
DA:62,0
DA:66,0
DA:69,0
DA:70,0
DA:74,0
DA:75,0
DA:79,0
DA:83,0
DA:84,0
DA:87,0
DA:88,0
DA:90,0
DA:92,0
DA:93,0
DA:97,0
DA:98,0
DA:99,0
DA:103,0
DA:104,0
DA:106,0
DA:107,0
DA:110,0
DA:114,0
DA:115,0
DA:118,0
DA:119,0
DA:123,0
DA:124,0
DA:128,0
DA:132,0
DA:133,0
DA:135,0
DA:136,0
DA:139,0
DA:140,0
DA:145,0
DA:146,0
DA:148,0
DA:149,0
DA:154,0
DA:155,0
DA:158,0
DA:159,0
DA:160,0
DA:161,0
DA:164,0
DA:165,0
DA:166,0
DA:167,0
DA:168,0
DA:173,0
DA:174,0
DA:177,0
DA:178,0
DA:181,0
DA:182,0
DA:183,0
DA:184,0
DA:190,0
DA:191,0
DA:197,0
DA:198,0
DA:203,0
DA:204,0
DA:205,0
DA:208,0
DA:209,0
DA:210,0
DA:215,0
DA:216,0
DA:217,0
DA:220,0
DA:221,0
DA:222,0
DA:226,0
DA:227,0
DA:229,0
DA:230,0
DA:233,0
DA:237,0
LF:98
LH:0
BRDA:32,0,0,0
BRDA:38,1,0,0
BRDA:53,2,0,0
BRDA:53,2,1,0
BRDA:53,3,0,0
BRDA:53,3,1,0
BRDA:61,4,0,0
BRDA:61,4,1,0
BRDA:69,5,0,0
BRDA:69,5,1,0
BRDA:74,6,0,0
BRDA:74,6,1,0
BRDA:74,7,0,0
BRDA:74,7,1,0
BRDA:74,7,2,0
BRDA:90,8,0,0
BRDA:90,8,1,0
BRDA:90,9,0,0
BRDA:90,9,1,0
BRDA:98,10,0,0
BRDA:98,10,1,0
BRDA:104,11,0,0
BRDA:104,11,1,0
BRDA:104,12,0,0
BRDA:104,12,1,0
BRDA:107,13,0,0
BRDA:107,13,1,0
BRDA:118,14,0,0
BRDA:118,14,1,0
BRDA:123,15,0,0
BRDA:123,15,1,0
BRDA:123,16,0,0
BRDA:123,16,1,0
BRDA:123,16,2,0
BRDA:135,17,0,0
BRDA:135,17,1,0
BRDA:139,18,0,0
BRDA:139,18,1,0
BRDA:148,19,0,0
BRDA:148,19,1,0
BRDA:155,20,0,0
BRDA:155,20,1,0
BRDA:174,21,0,0
BRDA:174,21,1,0
BRDA:174,22,0,0
BRDA:174,22,1,0
BRDA:182,23,0,0
BRDA:182,23,1,0
BRDA:209,24,0,0
BRDA:209,24,1,0
BRDA:221,25,0,0
BRDA:221,25,1,0
BRDA:227,26,0,0
BRDA:227,26,1,0
BRDA:227,27,0,0
BRDA:227,27,1,0
BRDA:230,28,0,0
BRDA:230,28,1,0
BRF:58
BRH:0
end_of_record
TN:
SF:app/hooks/use-undo-redo.ts
FN:11,useUndoRedo
FN:24,(anonymous_2)
FN:41,(anonymous_3)
FN:43,(anonymous_4)
FN:50,(anonymous_5)
FN:52,(anonymous_6)
FN:65,(anonymous_7)
FN:71,(anonymous_8)
FN:80,(anonymous_9)
FN:83,(anonymous_10)
FN:102,(anonymous_11)
FNF:11
FNH:10
FNDA:41,useUndoRedo
FNDA:19,(anonymous_2)
FNDA:11,(anonymous_3)
FNDA:11,(anonymous_4)
FNDA:2,(anonymous_5)
FNDA:2,(anonymous_6)
FNDA:1,(anonymous_7)
FNDA:1,(anonymous_8)
FNDA:40,(anonymous_9)
FNDA:0,(anonymous_10)
FNDA:40,(anonymous_11)
DA:3,1
DA:4,1
DA:11,41
DA:15,41
DA:17,41
DA:18,41
DA:21,41
DA:24,41
DA:25,19
DA:28,19
DA:31,19
DA:32,1
DA:35,18
DA:36,18
DA:41,41
DA:42,11
DA:43,11
DA:44,11
DA:46,0
DA:50,41
DA:51,2
DA:52,2
DA:53,2
DA:55,0
DA:59,41
DA:62,41
DA:65,41
DA:66,1
DA:67,1
DA:71,41
DA:72,1
DA:80,41
DA:81,40
DA:83,40
DA:85,0
DA:86,0
DA:87,0
DA:90,0
DA:91,0
DA:92,0
DA:95,0
DA:96,0
DA:97,0
DA:101,40
DA:102,40
DA:105,41
LF:46
LH:35
BRDA:13,0,0,35
BRDA:15,1,0,35
BRDA:15,2,0,41
BRDA:31,3,0,1
BRDA:31,3,1,18
BRDA:42,4,0,11
BRDA:42,4,1,0
BRDA:51,5,0,2
BRDA:51,5,1,0
BRDA:81,6,0,0
BRDA:81,6,1,40
BRDA:85,7,0,0
BRDA:85,7,1,0
BRDA:85,8,0,0
BRDA:85,8,1,0
BRDA:85,8,2,0
BRDA:85,8,3,0
BRDA:90,9,0,0
BRDA:90,9,1,0
BRDA:90,10,0,0
BRDA:90,10,1,0
BRDA:90,10,2,0
BRDA:90,10,3,0
BRDA:95,11,0,0
BRDA:95,11,1,0
BRDA:95,12,0,0
BRDA:95,12,1,0
BRDA:95,12,2,0
BRF:28
BRH:8
end_of_record
TN:
SF:app/hooks/use-wip-limit.ts
FN:22,useWipLimit
FN:29,(anonymous_2)
FN:45,(anonymous_3)
FN:46,(anonymous_4)
FN:54,(anonymous_5)
FN:66,(anonymous_6)
FN:71,(anonymous_7)
FN:81,(anonymous_8)
FN:95,(anonymous_9)
FN:113,(anonymous_10)
FN:140,(anonymous_11)
FNF:11
FNH:11
FNDA:27,useWipLimit
FNDA:19,(anonymous_2)
FNDA:7,(anonymous_3)
FNDA:7,(anonymous_4)
FNDA:4,(anonymous_5)
FNDA:4,(anonymous_6)
FNDA:4,(anonymous_7)
FNDA:6,(anonymous_8)
FNDA:4,(anonymous_9)
FNDA:4,(anonymous_10)
FNDA:5,(anonymous_11)
DA:1,1
DA:13,1
DA:20,1
DA:22,27
DA:23,27
DA:29,27
DA:30,19
DA:31,19
DA:32,1
DA:33,1
DA:34,1
DA:39,0
DA:45,27
DA:46,7
DA:47,7
DA:48,7
DA:49,7
DA:54,27
DA:55,4
DA:57,3
DA:66,27
DA:67,4
DA:71,27
DA:72,4
DA:74,3
DA:75,3
DA:77,3
DA:81,27
DA:86,6
DA:88,5
DA:89,5
DA:91,5
DA:95,27
DA:96,4
DA:98,3
DA:99,3
DA:101,3
DA:102,1
DA:105,2
DA:106,1
DA:109,1
DA:113,27
DA:118,4
DA:121,3
DA:122,1
DA:125,2
DA:126,2
DA:128,2
DA:129,1
DA:130,1
DA:136,1
DA:140,27
DA:145,5
DA:146,5
DA:147,1
DA:154,4
DA:156,4
DA:157,1
DA:164,3
DA:165,1
DA:172,2
DA:179,27
LF:62
LH:61
BRDA:31,0,0,1
BRDA:31,0,1,18
BRDA:36,1,0,1
BRDA:36,1,1,0
BRDA:55,2,0,1
BRDA:55,2,1,3
BRDA:72,3,0,1
BRDA:72,3,1,3
BRDA:75,4,0,0
BRDA:75,4,1,3
BRDA:84,5,0,2
BRDA:86,6,0,1
BRDA:86,6,1,5
BRDA:89,7,0,0
BRDA:89,7,1,5
BRDA:96,8,0,1
BRDA:96,8,1,3
BRDA:99,9,0,0
BRDA:99,9,1,3
BRDA:101,10,0,1
BRDA:101,10,1,2
BRDA:105,11,0,1
BRDA:105,11,1,1
BRDA:118,12,0,1
BRDA:118,12,1,3
BRDA:121,13,0,1
BRDA:121,13,1,2
BRDA:125,14,0,2
BRDA:125,14,1,0
BRDA:128,15,0,1
BRDA:128,15,1,1
BRDA:146,16,0,1
BRDA:146,16,1,4
BRDA:146,17,0,5
BRDA:146,17,1,5
BRDA:156,18,0,1
BRDA:156,18,1,3
BRDA:164,19,0,1
BRDA:164,19,1,2
BRF:39
BRH:34
end_of_record
TN:
SF:app/hooks/useCase.ts
FN:7,useCases
FN:10,(anonymous_12)
FN:20,useCase
FN:23,(anonymous_14)
FN:33,useCreateCase
FN:38,(anonymous_16)
FN:42,(anonymous_17)
FN:52,(anonymous_18)
FN:62,useUpdateCase
FN:67,(anonymous_20)
FN:71,(anonymous_21)
FN:76,(anonymous_22)
FN:83,(anonymous_23)
FN:94,(anonymous_24)
FN:105,useDeleteCase
FN:110,(anonymous_26)
FN:113,(anonymous_27)
FN:121,(anonymous_28)
FN:131,useCompleteStep
FN:136,(anonymous_30)
FN:140,(anonymous_31)
FN:145,(anonymous_32)
FN:147,(anonymous_33)
FN:154,(anonymous_34)
FN:165,(anonymous_35)
FN:175,useDashboard
FN:178,(anonymous_37)
FN:188,useGanttData
FN:191,(anonymous_39)
FN:203,useOverdueCases
FN:206,(anonymous_41)
FN:215,useUpcomingCases
FN:218,(anonymous_43)
FNF:33
FNH:0
FNDA:0,useCases
FNDA:0,(anonymous_12)
FNDA:0,useCase
FNDA:0,(anonymous_14)
FNDA:0,useCreateCase
FNDA:0,(anonymous_16)
FNDA:0,(anonymous_17)
FNDA:0,(anonymous_18)
FNDA:0,useUpdateCase
FNDA:0,(anonymous_20)
FNDA:0,(anonymous_21)
FNDA:0,(anonymous_22)
FNDA:0,(anonymous_23)
